#
# A fatal error has been detected by the Java Runtime Environment:
#
#  SIGSEGV (0xb) at pc=0x00007f4506774cfb, pid=4686, tid=0x00007f451e175700
#
# JRE version: OpenJDK Runtime Environment (8.0_111-b14) (build 1.8.0_111-8u111-b14-2ubuntu0.16.04.2-b14)
# Java VM: OpenJDK 64-Bit Server VM (25.111-b14 mixed mode linux-amd64 compressed oops)
# Problematic frame:
# C  [i965_dri.so+0x17ccfb]
#
# Failed to write core dump. Core dumps have been disabled. To enable core dumping, try "ulimit -c unlimited" before starting Java again
#
# If you would like to submit a bug report, please visit:
#   http://bugreport.java.com/bugreport/crash.jsp
# The crash happened outside the Java Virtual Machine in native code.
# See problematic frame for where to report the bug.
#

---------------  T H R E A D  ---------------

Current thread (0x00007f45683bf000):  JavaThread "AWT-EventQueue-0" [_thread_in_native, id=4713, stack(0x00007f451e075000,0x00007f451e176000)]

siginfo: si_signo: 11 (SIGSEGV), si_code: 1 (SEGV_MAPERR), si_addr: 0x0000000000000000

Registers:
RAX=0x00007f450d125ee4, RBX=0x00007f450c142278, RCX=0x0000000000000000, RDX=0x0000000000000d6e
RSP=0x00007f451e171b40, RBP=0x0000000000000000, RSI=0x0000000000000010, RDI=0x00007f450d124ce8
R8 =0x0000000000000000, R9 =0x00007f450d125ee4, R10=0x00007f4559017748, R11=0x00007f450c1842c0
R12=0x0000000000000fff, R13=0x00007f450d124370, R14=0x00007f451e171c98, R15=0x00007f45683bf000
RIP=0x00007f4506774cfb, EFLAGS=0x0000000000010206, CSGSFS=0x4108000000000033, ERR=0x0000000000000004
  TRAPNO=0x000000000000000e

Top of Stack: (sp=0x00007f451e171b40)
0x00007f451e171b40:   00007f45683bf000 00007f451e2d3540
0x00007f451e171b50:   00007f451e171bb0 0000000000000000
0x00007f451e171b60:   00007f451e2d3540 00007f451c125d6c
0x00007f451e171b70:   00007f451e171bb0 00000000598d1100
0x00007f451e171b80:   0000000000000000 0000040800001200
0x00007f451e171b90:   00007f451e171c98 00007f45683bf1e0
0x00007f451e171ba0:   00007f451cda1c60 0000000000000000
0x00007f451e171bb0:   00007f451e171c40 00007f4559017774
0x00007f451e171bc0:   00007f4500000000 00007f451cda1c60
0x00007f451e171bd0:   00007f451e2d3540 00007f451e171c98
0x00007f451e171be0:   00007f451e171c40 00007f45590174f9
0x00007f451e171bf0:   fffffffe00000000 00007f45590174c2
0x00007f451e171c00:   00007f451e171c00 00007f451e2d3540
0x00007f451e171c10:   00007f451e171c98 00007f451dc6e028
0x00007f451e171c20:   0000000000000000 00007f451e2d3540
0x00007f451e171c30:   0000000000000000 00007f451e171c60
0x00007f451e171c40:   00007f451e171ce0 00007f4559007ffd
0x00007f451e171c50:   0000000000000000 00007f4559011278
0x00007f451e171c60:   00007f451cda1c60 00007f451e2d3619
0x00007f451e171c70:   0000000000000000 0000000000000000
0x00007f451e171c80:   0000000000000000 0000000000001200
0x00007f451e171c90:   0000000000000408 00000000ee726a10
0x00007f451e171ca0:   00007f451e171ca0 00007f451e2d3647
0x00007f451e171cb0:   00007f451e171d20 00007f451dc6e028
0x00007f451e171cc0:   0000000000000000 00007f451e2d3660
0x00007f451e171cd0:   00007f451e171c60 00007f451e171d00
0x00007f451e171ce0:   00007f451e171d68 00007f4559008042
0x00007f451e171cf0:   00007f451cda1c60 0000000000000000
0x00007f451e171d00:   0000000000000000 0000000000000000
0x00007f451e171d10:   0000000000001200 0000000000000408
0x00007f451e171d20:   00000000ee726a10 00007f451e171d28
0x00007f451e171d30:   00007f456ca4e9fd 00007f451e171d98 

Instructions: (pc=0x00007f4506774cfb)
0x00007f4506774cdb:   00 04 0f 85 49 03 00 00 41 81 bd 74 27 00 00 06
0x00007f4506774ceb:   14 00 00 0f 85 38 03 00 00 49 8b 85 e0 28 00 00
0x00007f4506774cfb:   f3 0f 10 45 00 f3 0f 11 00 f3 0f 10 45 04 f3 0f
0x00007f4506774d0b:   11 40 04 f3 0f 10 45 08 f3 0f 11 40 08 f3 0f 10 

Register to memory mapping:

RAX=0x00007f450d125ee4 is an unknown value
RBX=0x00007f450c142278 is an unknown value
RCX=0x0000000000000000 is an unknown value
RDX=0x0000000000000d6e is an unknown value
RSP=0x00007f451e171b40 is pointing into the stack for thread: 0x00007f45683bf000
RBP=0x0000000000000000 is an unknown value
RSI=0x0000000000000010 is an unknown value
RDI=0x00007f450d124ce8 is an unknown value
R8 =0x0000000000000000 is an unknown value
R9 =0x00007f450d125ee4 is an unknown value
R10=0x00007f4559017748 is at code_begin+808 in an Interpreter codelet
method entry point (kind = native)  [0x00007f4559017420, 0x00007f4559017d20]  2304 bytes
R11=0x00007f450c1842c0 is an unknown value
R12=0x0000000000000fff is an unknown value
R13=0x00007f450d124370 is an unknown value
R14=0x00007f451e171c98 is pointing into the stack for thread: 0x00007f45683bf000
R15=0x00007f45683bf000 is a thread


Stack: [0x00007f451e075000,0x00007f451e176000],  sp=0x00007f451e171b40,  free space=1010k
Native frames: (J=compiled Java code, j=interpreted, Vv=VM code, C=native code)
C  [i965_dri.so+0x17ccfb]

Java frames: (J=compiled Java code, j=interpreted, Vv=VM code)
j  jogamp.opengl.gl4.GL4bcImpl.dispatch_glMaterialfv1(IILjava/lang/Object;IZJ)V+0
j  jogamp.opengl.gl4.GL4bcImpl.glMaterialfv(II[FI)V+111
j  robotrace.Robot.draw(Ljavax/media/opengl/GL2;Ljavax/media/opengl/glu/GLU;Lcom/jogamp/opengl/util/gl2/GLUT;F)V+21
j  robotrace.RobotRace.drawScene()V+133
j  robotrace.Base$GLEventDelegate.display(Ljavax/media/opengl/GLAutoDrawable;)V+96
j  jogamp.opengl.GLDrawableHelper.displayImpl(Ljavax/media/opengl/GLAutoDrawable;)V+81
j  jogamp.opengl.GLDrawableHelper.display(Ljavax/media/opengl/GLAutoDrawable;)V+2
j  javax.media.opengl.awt.GLJPanel$Updater.display(Ljavax/media/opengl/GLAutoDrawable;)V+200
j  javax.media.opengl.awt.GLJPanel$9.run()V+11
j  jogamp.opengl.GLDrawableHelper.invokeGLImpl(Ljavax/media/opengl/GLDrawable;Ljavax/media/opengl/GLContext;Ljava/lang/Runnable;Ljava/lang/Runnable;)V+203
j  jogamp.opengl.GLDrawableHelper.invokeGL(Ljavax/media/opengl/GLDrawable;Ljavax/media/opengl/GLContext;Ljava/lang/Runnable;Ljava/lang/Runnable;)V+72
j  javax.media.opengl.awt.GLJPanel$OffscreenBackend.doPaintComponent(Ljava/awt/Graphics;)V+29
j  javax.media.opengl.awt.GLJPanel.paintComponent(Ljava/awt/Graphics;)V+215
j  javax.swing.JComponent.paint(Ljava/awt/Graphics;)V+286
j  javax.swing.JComponent.paintChildren(Ljava/awt/Graphics;)V+501
j  javax.swing.JComponent.paint(Ljava/awt/Graphics;)V+318
j  javax.swing.JComponent.paintChildren(Ljava/awt/Graphics;)V+501
j  javax.swing.JComponent.paint(Ljava/awt/Graphics;)V+318
j  javax.swing.JLayeredPane.paint(Ljava/awt/Graphics;)V+73
j  javax.swing.JComponent.paintChildren(Ljava/awt/Graphics;)V+501
j  javax.swing.JComponent.paintToOffscreen(Ljava/awt/Graphics;IIIIII)V+72
j  javax.swing.BufferStrategyPaintManager.paint(Ljavax/swing/JComponent;Ljavax/swing/JComponent;Ljava/awt/Graphics;IIII)Z+164
j  javax.swing.RepaintManager.paint(Ljavax/swing/JComponent;Ljavax/swing/JComponent;Ljava/awt/Graphics;IIII)V+51
j  javax.swing.JComponent.paint(Ljava/awt/Graphics;)V+221
j  java.awt.GraphicsCallback$PaintCallback.run(Ljava/awt/Component;Ljava/awt/Graphics;)V+2
j  sun.awt.SunGraphicsCallback.runOneComponent(Ljava/awt/Component;Ljava/awt/Rectangle;Ljava/awt/Graphics;Ljava/awt/Shape;I)V+155
j  sun.awt.SunGraphicsCallback.runComponents([Ljava/awt/Component;Ljava/awt/Graphics;I)V+194
j  java.awt.Container.paint(Ljava/awt/Graphics;)V+58
j  java.awt.Window.paint(Ljava/awt/Graphics;)V+68
j  javax.swing.RepaintManager$4.run()Ljava/lang/Void;+142
j  javax.swing.RepaintManager$4.run()Ljava/lang/Object;+1
v  ~StubRoutines::call_stub
j  java.security.AccessController.doPrivileged(Ljava/security/PrivilegedAction;Ljava/security/AccessControlContext;)Ljava/lang/Object;+0
j  java.security.ProtectionDomain$JavaSecurityAccessImpl.doIntersectionPrivilege(Ljava/security/PrivilegedAction;Ljava/security/AccessControlContext;Ljava/security/AccessControlContext;)Ljava/lang/Object;+18
j  javax.swing.RepaintManager.paintDirtyRegions(Ljava/util/Map;)V+154
j  javax.swing.RepaintManager.paintDirtyRegions()V+46
j  javax.swing.RepaintManager.prePaintDirtyRegions()V+73
j  javax.swing.RepaintManager.access$1200(Ljavax/swing/RepaintManager;)V+1
j  javax.swing.RepaintManager$ProcessingRunnable.run()V+37
j  java.awt.event.InvocationEvent.dispatch()V+47
j  java.awt.EventQueue.dispatchEventImpl(Ljava/awt/AWTEvent;Ljava/lang/Object;)V+21
j  java.awt.EventQueue.access$500(Ljava/awt/EventQueue;Ljava/awt/AWTEvent;Ljava/lang/Object;)V+3
j  java.awt.EventQueue$3.run()Ljava/lang/Void;+32
j  java.awt.EventQueue$3.run()Ljava/lang/Object;+1
v  ~StubRoutines::call_stub
j  java.security.AccessController.doPrivileged(Ljava/security/PrivilegedAction;Ljava/security/AccessControlContext;)Ljava/lang/Object;+0
j  java.security.ProtectionDomain$JavaSecurityAccessImpl.doIntersectionPrivilege(Ljava/security/PrivilegedAction;Ljava/security/AccessControlContext;Ljava/security/AccessControlContext;)Ljava/lang/Object;+18
j  java.awt.EventQueue.dispatchEvent(Ljava/awt/AWTEvent;)V+46
j  java.awt.EventDispatchThread.pumpOneEventForFilters(I)V+245
j  java.awt.EventDispatchThread.pumpEventsForFilter(ILjava/awt/Conditional;Ljava/awt/EventFilter;)V+35
j  java.awt.EventDispatchThread.pumpEventsForHierarchy(ILjava/awt/Conditional;Ljava/awt/Component;)V+11
j  java.awt.EventDispatchThread.pumpEvents(ILjava/awt/Conditional;)V+4
j  java.awt.EventDispatchThread.pumpEvents(Ljava/awt/Conditional;)V+3
j  java.awt.EventDispatchThread.run()V+9
v  ~StubRoutines::call_stub

---------------  P R O C E S S  ---------------

Java Threads: ( => current thread )
  0x00007f456800a000 JavaThread "DestroyJavaVM" [_thread_blocked, id=4690, stack(0x00007f4571028000,0x00007f4571129000)]
  0x00007f45689d9800 JavaThread "main-FPSAWTAnimator#00-Timer0" [_thread_blocked, id=4715, stack(0x00007f450547d000,0x00007f450557e000)]
  0x00007f456847a800 JavaThread "main-SharedResourceRunner" daemon [_thread_blocked, id=4714, stack(0x00007f4507eff000,0x00007f4508000000)]
=>0x00007f45683bf000 JavaThread "AWT-EventQueue-0" [_thread_in_native, id=4713, stack(0x00007f451e075000,0x00007f451e176000)]
  0x00007f45683be000 JavaThread "AWT-Shutdown" [_thread_blocked, id=4712, stack(0x00007f451eb82000,0x00007f451ec83000)]
  0x00007f4568382000 JavaThread "process reaper" daemon [_thread_blocked, id=4708, stack(0x00007f451ec83000,0x00007f451ecbc000)]
  0x00007f45682f9800 JavaThread "AWT-XAWT" daemon [_thread_in_native, id=4705, stack(0x00007f451eebc000,0x00007f451efbd000)]
  0x00007f4568210000 JavaThread "Java2D Disposer" daemon [_thread_blocked, id=4704, stack(0x00007f4548119000,0x00007f454821a000)]
  0x00007f45680d2800 JavaThread "Service Thread" daemon [_thread_blocked, id=4702, stack(0x00007f4549c32000,0x00007f4549d33000)]
  0x00007f45680b3000 JavaThread "C1 CompilerThread2" daemon [_thread_in_native, id=4701, stack(0x00007f4549d33000,0x00007f4549e34000)]
  0x00007f45680b1000 JavaThread "C2 CompilerThread1" daemon [_thread_blocked, id=4700, stack(0x00007f4549e34000,0x00007f4549f35000)]
  0x00007f45680ae000 JavaThread "C2 CompilerThread0" daemon [_thread_blocked, id=4699, stack(0x00007f4549f35000,0x00007f454a036000)]
  0x00007f45680ac000 JavaThread "Signal Dispatcher" daemon [_thread_blocked, id=4698, stack(0x00007f454a036000,0x00007f454a137000)]
  0x00007f4568083800 JavaThread "Finalizer" daemon [_thread_blocked, id=4697, stack(0x00007f45580f1000,0x00007f45581f2000)]
  0x00007f456807f000 JavaThread "Reference Handler" daemon [_thread_blocked, id=4696, stack(0x00007f45581f2000,0x00007f45582f3000)]

Other Threads:
  0x00007f4568077800 VMThread [stack: 0x00007f45582f3000,0x00007f45583f4000] [id=4695]
  0x00007f45680d5000 WatcherThread [stack: 0x00007f4549b31000,0x00007f4549c32000] [id=4703]

VM state:not at safepoint (normal execution)

VM Mutex/Monitor currently owned by a thread: None

Heap:
 PSYoungGen      total 16896K, used 10855K [0x00000000ed600000, 0x00000000ef700000, 0x0000000100000000)
  eden space 14848K, 59% used [0x00000000ed600000,0x00000000ede9d4f8,0x00000000ee480000)
  from space 2048K, 99% used [0x00000000ee680000,0x00000000ee87c840,0x00000000ee880000)
  to   space 2048K, 0% used [0x00000000ee480000,0x00000000ee480000,0x00000000ee680000)
 ParOldGen       total 38400K, used 7631K [0x00000000c8200000, 0x00000000ca780000, 0x00000000ed600000)
  object space 38400K, 19% used [0x00000000c8200000,0x00000000c8973d40,0x00000000ca780000)
 Metaspace       used 20264K, capacity 20465K, committed 20864K, reserved 1067008K
  class space    used 2233K, capacity 2318K, committed 2432K, reserved 1048576K

Card table byte_map: [0x00007f456d531000,0x00007f456d6f1000] byte_map_base: 0x00007f456cef0000

Marking Bits: (ParMarkBitMap*) 0x00007f4570300220
 Begin Bits: [0x00007f454a410000, 0x00007f454b208000)
 End Bits:   [0x00007f454b208000, 0x00007f454c000000)

Polling page: 0x00007f4571152000

CodeCache: size=245760Kb used=4390Kb max_used=4390Kb free=241369Kb
 bounds [0x00007f4559000000, 0x00007f4559450000, 0x00007f4568000000]
 total_blobs=2136 nmethods=1134 adapters=916
 compilation: enabled

Compilation events (10 events):
Event: 2,299 Thread 0x00007f45680b3000 nmethod 1128 0x00007f4559448e90 code [0x00007f4559449000, 0x00007f4559449290]
Event: 2,299 Thread 0x00007f45680b3000 1129       3       jogamp.opengl.glu.GLUquadricImpl::sin (7 bytes)
Event: 2,299 Thread 0x00007f45680b3000 nmethod 1129 0x00007f45594487d0 code [0x00007f4559448940, 0x00007f4559448df0]
Event: 2,299 Thread 0x00007f45680b3000 1131       3       jogamp.opengl.gl4.GL4bcImpl::getGL2 (20 bytes)
Event: 2,300 Thread 0x00007f45680b3000 nmethod 1131 0x00007f4559447f50 code [0x00007f45594480e0, 0x00007f4559448628]
Event: 2,300 Thread 0x00007f45680b3000 1130       3       jogamp.opengl.gl4.GL4bcImpl::isGL2 (8 bytes)
Event: 2,300 Thread 0x00007f45680b3000 nmethod 1130 0x00007f4559447990 code [0x00007f4559447b00, 0x00007f4559447e70]
Event: 2,300 Thread 0x00007f45680b3000 1132       3       jogamp.opengl.glu.GLUquadricImpl::cos (7 bytes)
Event: 2,301 Thread 0x00007f45680b3000 nmethod 1132 0x00007f45594472d0 code [0x00007f4559447440, 0x00007f45594478f0]
Event: 2,301 Thread 0x00007f45680b3000 1133       3       jogamp.opengl.gl4.GL4bcImpl::glVertex3f (55 bytes)

GC Heap History (4 events):
Event: 1,164 GC heap before
{Heap before GC invocations=1 (full 0):
 PSYoungGen      total 16896K, used 14848K [0x00000000ed600000, 0x00000000ee880000, 0x0000000100000000)
  eden space 14848K, 100% used [0x00000000ed600000,0x00000000ee480000,0x00000000ee480000)
  from space 2048K, 0% used [0x00000000ee680000,0x00000000ee680000,0x00000000ee880000)
  to   space 2048K, 0% used [0x00000000ee480000,0x00000000ee480000,0x00000000ee680000)
 ParOldGen       total 38400K, used 0K [0x00000000c8200000, 0x00000000ca780000, 0x00000000ed600000)
  object space 38400K, 0% used [0x00000000c8200000,0x00000000c8200000,0x00000000ca780000)
 Metaspace       used 14019K, capacity 14239K, committed 14464K, reserved 1062912K
  class space    used 1544K, capacity 1633K, committed 1664K, reserved 1048576K
Event: 1,174 GC heap after
Heap after GC invocations=1 (full 0):
 PSYoungGen      total 16896K, used 2047K [0x00000000ed600000, 0x00000000ee880000, 0x0000000100000000)
  eden space 14848K, 0% used [0x00000000ed600000,0x00000000ed600000,0x00000000ee480000)
  from space 2048K, 99% used [0x00000000ee480000,0x00000000ee67fc10,0x00000000ee680000)
  to   space 2048K, 0% used [0x00000000ee680000,0x00000000ee680000,0x00000000ee880000)
 ParOldGen       total 38400K, used 1316K [0x00000000c8200000, 0x00000000ca780000, 0x00000000ed600000)
  object space 38400K, 3% used [0x00000000c8200000,0x00000000c83492d8,0x00000000ca780000)
 Metaspace       used 14019K, capacity 14239K, committed 14464K, reserved 1062912K
  class space    used 1544K, capacity 1633K, committed 1664K, reserved 1048576K
}
Event: 1,871 GC heap before
{Heap before GC invocations=2 (full 0):
 PSYoungGen      total 16896K, used 16895K [0x00000000ed600000, 0x00000000ee880000, 0x0000000100000000)
  eden space 14848K, 100% used [0x00000000ed600000,0x00000000ee480000,0x00000000ee480000)
  from space 2048K, 99% used [0x00000000ee480000,0x00000000ee67fc10,0x00000000ee680000)
  to   space 2048K, 0% used [0x00000000ee680000,0x00000000ee680000,0x00000000ee880000)
 ParOldGen       total 38400K, used 1316K [0x00000000c8200000, 0x00000000ca780000, 0x00000000ed600000)
  object space 38400K, 3% used [0x00000000c8200000,0x00000000c83492d8,0x00000000ca780000)
 Metaspace       used 19910K, capacity 20113K, committed 20480K, reserved 1067008K
  class space    used 2206K, capacity 2286K, committed 2304K, reserved 1048576K
Event: 1,887 GC heap after
Heap after GC invocations=2 (full 0):
 PSYoungGen      total 16896K, used 2034K [0x00000000ed600000, 0x00000000ef700000, 0x0000000100000000)
  eden space 14848K, 0% used [0x00000000ed600000,0x00000000ed600000,0x00000000ee480000)
  from space 2048K, 99% used [0x00000000ee680000,0x00000000ee87c840,0x00000000ee880000)
  to   space 2048K, 0% used [0x00000000ee480000,0x00000000ee480000,0x00000000ee680000)
 ParOldGen       total 38400K, used 7631K [0x00000000c8200000, 0x00000000ca780000, 0x00000000ed600000)
  object space 38400K, 19% used [0x00000000c8200000,0x00000000c8973d40,0x00000000ca780000)
 Metaspace       used 19910K, capacity 20113K, committed 20480K, reserved 1067008K
  class space    used 2206K, capacity 2286K, committed 2304K, reserved 1048576K
}

Deoptimization events (10 events):
Event: 0,760 Thread 0x00007f456800a000 Uncommon trap: reason=unstable_if action=reinterpret pc=0x00007f45591a553c method=java.lang.AbstractStringBuilder.append(Ljava/lang/String;)Ljava/lang/AbstractStringBuilder; @ 1
Event: 0,761 Thread 0x00007f456800a000 Uncommon trap: reason=unstable_if action=reinterpret pc=0x00007f45591a19c8 method=java.lang.AbstractStringBuilder.append(Ljava/lang/String;)Ljava/lang/AbstractStringBuilder; @ 1
Event: 1,470 Thread 0x00007f456800a000 Uncommon trap: reason=unstable_if action=reinterpret pc=0x00007f45592b0450 method=java.util.HashMap.getNode(ILjava/lang/Object;)Ljava/util/HashMap$Node; @ 84
Event: 1,474 Thread 0x00007f456800a000 Uncommon trap: reason=unstable_if action=reinterpret pc=0x00007f45592c07b0 method=java.lang.reflect.AccessibleObject.setAccessible0(Ljava/lang/reflect/AccessibleObject;Z)V @ 4
Event: 1,545 Thread 0x00007f456800a000 Uncommon trap: reason=unstable_if action=reinterpret pc=0x00007f45592bab64 method=java.util.HashMap.putVal(ILjava/lang/Object;Ljava/lang/Object;ZZ)Ljava/lang/Object; @ 109
Event: 1,575 Thread 0x00007f456800a000 Uncommon trap: reason=unstable_if action=reinterpret pc=0x00007f45592b9888 method=java.util.HashMap.putVal(ILjava/lang/Object;Ljava/lang/Object;ZZ)Ljava/lang/Object; @ 109
Event: 1,924 Thread 0x00007f45683bf000 Uncommon trap: reason=unstable_if action=reinterpret pc=0x00007f45593d4d68 method=java.io.BufferedInputStream.read()I @ 8
Event: 1,935 Thread 0x00007f45683bf000 Uncommon trap: reason=unstable_if action=reinterpret pc=0x00007f45593b97a8 method=java.io.BufferedInputStream.read()I @ 8
Event: 2,158 Thread 0x00007f45683bf000 Uncommon trap: reason=unstable_if action=reinterpret pc=0x00007f45593f58fc method=jogamp.opengl.util.jpeg.JPEGDecoder$Output.quantizeAndInverse([I[B[I[I)V @ 770
Event: 2,204 Thread 0x00007f45683bf000 Uncommon trap: reason=unstable_if action=reinterpret pc=0x00007f4559414e70 method=jogamp.opengl.util.jpeg.JPEGDecoder.getPixel(Ljogamp/opengl/util/jpeg/JPEGDecoder$ColorSink;II)V @ 465

Internal exceptions (10 events):
Event: 0,635 Thread 0x00007f456800a000 Exception <a 'java/lang/ClassNotFoundException': ToolTip> (0x00000000ed9f1e10) thrown at [/build/openjdk-8-8jAw7G/openjdk-8-8u111-b14/src/hotspot/src/share/vm/classfile/systemDictionary.cpp, line 210]
Event: 0,637 Thread 0x00007f456800a000 Exception <a 'java/lang/ClassNotFoundException': Tree> (0x00000000ed9f2a68) thrown at [/build/openjdk-8-8jAw7G/openjdk-8-8u111-b14/src/hotspot/src/share/vm/classfile/systemDictionary.cpp, line 210]
Event: 0,637 Thread 0x00007f456800a000 Exception <a 'java/lang/ClassNotFoundException': Tree> (0x00000000ed9f31a8) thrown at [/build/openjdk-8-8jAw7G/openjdk-8-8u111-b14/src/hotspot/src/share/vm/classfile/systemDictionary.cpp, line 210]
Event: 0,637 Thread 0x00007f456800a000 Exception <a 'java/lang/ClassNotFoundException': javax/swing/JTreeCell> (0x00000000ed9f3528) thrown at [/build/openjdk-8-8jAw7G/openjdk-8-8u111-b14/src/hotspot/src/share/vm/classfile/systemDictionary.cpp, line 210]
Event: 0,637 Thread 0x00007f456800a000 Exception <a 'java/lang/ClassNotFoundException': TreeCell> (0x00000000ed9f39b0) thrown at [/build/openjdk-8-8jAw7G/openjdk-8-8u111-b14/src/hotspot/src/share/vm/classfile/systemDictionary.cpp, line 210]
Event: 0,638 Thread 0x00007f456800a000 Exception <a 'java/lang/ClassNotFoundException': RootPane> (0x00000000ed9f4450) thrown at [/build/openjdk-8-8jAw7G/openjdk-8-8u111-b14/src/hotspot/src/share/vm/classfile/systemDictionary.cpp, line 210]
Event: 0,659 Thread 0x00007f456800a000 Exception <a 'java/lang/ClassNotFoundException': sun/dc/DuctusRenderingEngine> (0x00000000eda00a40) thrown at [/build/openjdk-8-8jAw7G/openjdk-8-8u111-b14/src/hotspot/src/share/vm/classfile/systemDictionary.cpp, line 210]
Event: 0,760 Thread 0x00007f456800a000 Implicit null exception at 0x00007f45591a5175 to 0x00007f45591a5529
Event: 0,760 Thread 0x00007f456800a000 Implicit null exception at 0x00007f45591a15f6 to 0x00007f45591a19b1
Event: 1,452 Thread 0x00007f456800a000 Exception <a 'java/lang/InterruptedException'> (0x00000000ed9bffe8) thrown at [/build/openjdk-8-8jAw7G/openjdk-8-8u111-b14/src/hotspot/src/share/vm/runtime/objectMonitor.cpp, line 1684]

Events (10 events):
Event: 2,264 loading class java/nio/channels/Channels
Event: 2,264 loading class java/nio/channels/Channels done
Event: 2,264 loading class sun/nio/ch/ChannelInputStream
Event: 2,264 loading class sun/nio/ch/ChannelInputStream done
Event: 2,264 loading class java/nio/channels/SelectableChannel
Event: 2,264 loading class java/nio/channels/SelectableChannel done
Event: 2,294 loading class com/jogamp/opengl/math/VectorUtil
Event: 2,294 loading class com/jogamp/opengl/math/VectorUtil done
Event: 2,296 loading class jogamp/opengl/glu/GLUquadricImpl
Event: 2,296 loading class jogamp/opengl/glu/GLUquadricImpl done


Dynamic libraries:
00400000-00401000 r-xp 00000000 08:04 403070                             /usr/lib/jvm/java-8-openjdk-amd64/jre/bin/java
00600000-00601000 r--p 00000000 08:04 403070                             /usr/lib/jvm/java-8-openjdk-amd64/jre/bin/java
00601000-00602000 rw-p 00001000 08:04 403070                             /usr/lib/jvm/java-8-openjdk-amd64/jre/bin/java
00977000-00998000 rw-p 00000000 00:00 0                                  [heap]
c8200000-ca780000 rw-p 00000000 00:00 0 
ca780000-ed600000 ---p 00000000 00:00 0 
ed600000-ef700000 rw-p 00000000 00:00 0 
ef700000-100000000 ---p 00000000 00:00 0 
100000000-100260000 rw-p 00000000 00:00 0 
100260000-140000000 ---p 00000000 00:00 0 
7f44f8000000-7f44f8021000 rw-p 00000000 00:00 0 
7f44f8021000-7f44fc000000 ---p 00000000 00:00 0 
7f4500000000-7f45029d1000 rw-p 00000000 00:00 0 
7f45029d1000-7f4504000000 ---p 00000000 00:00 0 
7f4504c7d000-7f4504e3d000 rw-s 1019b5000 00:06 2317                      /dev/dri/card0
7f4504e3d000-7f4504f7d000 rw-s 10183d000 00:06 2317                      /dev/dri/card0
7f4504f7d000-7f450547d000 rw-s 10133d000 00:06 2317                      /dev/dri/card0
7f450547d000-7f4505480000 ---p 00000000 00:00 0 
7f4505480000-7f450577e000 rw-p 00000000 00:00 0                          [stack:4715]
7f450577e000-7f450597e000 rw-p 00000000 00:00 0 
7f450597e000-7f4505980000 r-xp 00000000 08:04 926990                     /usr/lib/x86_64-linux-gnu/libXinerama.so.1.0.0
7f4505980000-7f4505b7f000 ---p 00002000 08:04 926990                     /usr/lib/x86_64-linux-gnu/libXinerama.so.1.0.0
7f4505b7f000-7f4505b80000 r--p 00001000 08:04 926990                     /usr/lib/x86_64-linux-gnu/libXinerama.so.1.0.0
7f4505b80000-7f4505b81000 rw-p 00002000 08:04 926990                     /usr/lib/x86_64-linux-gnu/libXinerama.so.1.0.0
7f4505b81000-7f4505bb8000 r-xp 00000000 08:04 927864                     /usr/lib/x86_64-linux-gnu/libtxc_dxtn_s2tc.so.0.0.0
7f4505bb8000-7f4505db7000 ---p 00037000 08:04 927864                     /usr/lib/x86_64-linux-gnu/libtxc_dxtn_s2tc.so.0.0.0
7f4505db7000-7f4505db8000 r--p 00036000 08:04 927864                     /usr/lib/x86_64-linux-gnu/libtxc_dxtn_s2tc.so.0.0.0
7f4505db8000-7f4505db9000 rw-p 00037000 08:04 927864                     /usr/lib/x86_64-linux-gnu/libtxc_dxtn_s2tc.so.0.0.0
7f4505db9000-7f4505dc1000 r-xp 00000000 08:04 938008                     /usr/lib/x86_64-linux-gnu/libpciaccess.so.0.11.1
7f4505dc1000-7f4505fc1000 ---p 00008000 08:04 938008                     /usr/lib/x86_64-linux-gnu/libpciaccess.so.0.11.1
7f4505fc1000-7f4505fc2000 r--p 00008000 08:04 938008                     /usr/lib/x86_64-linux-gnu/libpciaccess.so.0.11.1
7f4505fc2000-7f4505fc3000 rw-p 00009000 08:04 938008                     /usr/lib/x86_64-linux-gnu/libpciaccess.so.0.11.1
7f4505fc3000-7f4505fce000 r-xp 00000000 08:04 922885                     /usr/lib/x86_64-linux-gnu/libdrm_radeon.so.1.0.1
7f4505fce000-7f45061cd000 ---p 0000b000 08:04 922885                     /usr/lib/x86_64-linux-gnu/libdrm_radeon.so.1.0.1
7f45061cd000-7f45061ce000 r--p 0000a000 08:04 922885                     /usr/lib/x86_64-linux-gnu/libdrm_radeon.so.1.0.1
7f45061ce000-7f45061cf000 rw-p 0000b000 08:04 922885                     /usr/lib/x86_64-linux-gnu/libdrm_radeon.so.1.0.1
7f45061cf000-7f45061d6000 r-xp 00000000 08:04 922879                     /usr/lib/x86_64-linux-gnu/libdrm_nouveau.so.2.0.0
7f45061d6000-7f45063d5000 ---p 00007000 08:04 922879                     /usr/lib/x86_64-linux-gnu/libdrm_nouveau.so.2.0.0
7f45063d5000-7f45063d6000 r--p 00006000 08:04 922879                     /usr/lib/x86_64-linux-gnu/libdrm_nouveau.so.2.0.0
7f45063d6000-7f45063d7000 rw-p 00007000 08:04 922879                     /usr/lib/x86_64-linux-gnu/libdrm_nouveau.so.2.0.0
7f45063d7000-7f45063f7000 r-xp 00000000 08:04 920881                     /usr/lib/x86_64-linux-gnu/libdrm_intel.so.1.0.0
7f45063f7000-7f45065f6000 ---p 00020000 08:04 920881                     /usr/lib/x86_64-linux-gnu/libdrm_intel.so.1.0.0
7f45065f6000-7f45065f7000 r--p 0001f000 08:04 920881                     /usr/lib/x86_64-linux-gnu/libdrm_intel.so.1.0.0
7f45065f7000-7f45065f8000 rw-p 00020000 08:04 920881                     /usr/lib/x86_64-linux-gnu/libdrm_intel.so.1.0.0
7f45065f8000-7f4506bfd000 r-xp 00000000 08:04 1050765                    /usr/lib/x86_64-linux-gnu/dri/i965_dri.so
7f4506bfd000-7f4506dfd000 ---p 00605000 08:04 1050765                    /usr/lib/x86_64-linux-gnu/dri/i965_dri.so
7f4506dfd000-7f4506e33000 r--p 00605000 08:04 1050765                    /usr/lib/x86_64-linux-gnu/dri/i965_dri.so
7f4506e33000-7f4506e3a000 rw-p 0063b000 08:04 1050765                    /usr/lib/x86_64-linux-gnu/dri/i965_dri.so
7f4506e3a000-7f4506e42000 rw-p 00000000 00:00 0 
7f4506e42000-7f4506e48000 r-xp 00000000 08:04 1050034                    /usr/lib/x86_64-linux-gnu/mesa-egl/libGLESv2.so.2.0.0
7f4506e48000-7f4507048000 ---p 00006000 08:04 1050034                    /usr/lib/x86_64-linux-gnu/mesa-egl/libGLESv2.so.2.0.0
7f4507048000-7f4507049000 r--p 00006000 08:04 1050034                    /usr/lib/x86_64-linux-gnu/mesa-egl/libGLESv2.so.2.0.0
7f4507049000-7f450704a000 rw-p 00007000 08:04 1050034                    /usr/lib/x86_64-linux-gnu/mesa-egl/libGLESv2.so.2.0.0
7f450704a000-7f450708f000 r-xp 00000000 08:04 655712                     /tmp/jogamp_0000/file_cache/jln1450899396065043365/jln6497434089359378827/libjogl_mobile.so
7f450708f000-7f450728f000 ---p 00045000 08:04 655712                     /tmp/jogamp_0000/file_cache/jln1450899396065043365/jln6497434089359378827/libjogl_mobile.so
7f450728f000-7f4507290000 rw-p 00045000 08:04 655712                     /tmp/jogamp_0000/file_cache/jln1450899396065043365/jln6497434089359378827/libjogl_mobile.so
7f4507290000-7f4507297000 r-xp 00000000 08:04 920536                     /usr/lib/x86_64-linux-gnu/libffi.so.6.0.4
7f4507297000-7f4507496000 ---p 00007000 08:04 920536                     /usr/lib/x86_64-linux-gnu/libffi.so.6.0.4
7f4507496000-7f4507497000 r--p 00006000 08:04 920536                     /usr/lib/x86_64-linux-gnu/libffi.so.6.0.4
7f4507497000-7f4507498000 rw-p 00007000 08:04 920536                     /usr/lib/x86_64-linux-gnu/libffi.so.6.0.4
7f4507498000-7f45074a4000 r-xp 00000000 08:04 922893                     /usr/lib/x86_64-linux-gnu/libgbm.so.1.0.0
7f45074a4000-7f45076a4000 ---p 0000c000 08:04 922893                     /usr/lib/x86_64-linux-gnu/libgbm.so.1.0.0
7f45076a4000-7f45076a5000 r--p 0000c000 08:04 922893                     /usr/lib/x86_64-linux-gnu/libgbm.so.1.0.0
7f45076a5000-7f45076a6000 rw-p 0000d000 08:04 922893                     /usr/lib/x86_64-linux-gnu/libgbm.so.1.0.0
7f45076a6000-7f45076b5000 r-xp 00000000 08:04 926960                     /usr/lib/x86_64-linux-gnu/libwayland-server.so.0.1.0
7f45076b5000-7f45078b4000 ---p 0000f000 08:04 926960                     /usr/lib/x86_64-linux-gnu/libwayland-server.so.0.1.0
7f45078b4000-7f45078b6000 r--p 0000e000 08:04 926960                     /usr/lib/x86_64-linux-gnu/libwayland-server.so.0.1.0
7f45078b6000-7f45078b7000 rw-p 00010000 08:04 926960                     /usr/lib/x86_64-linux-gnu/libwayland-server.so.0.1.0
7f45078b7000-7f45078c3000 r-xp 00000000 08:04 927222                     /usr/lib/x86_64-linux-gnu/libwayland-client.so.0.3.0
7f45078c3000-7f4507ac2000 ---p 0000c000 08:04 927222                     /usr/lib/x86_64-linux-gnu/libwayland-client.so.0.3.0
7f4507ac2000-7f4507ac4000 r--p 0000b000 08:04 927222                     /usr/lib/x86_64-linux-gnu/libwayland-client.so.0.3.0
7f4507ac4000-7f4507ac5000 rw-p 0000d000 08:04 927222                     /usr/lib/x86_64-linux-gnu/libwayland-client.so.0.3.0
7f4507ac5000-7f4507acb000 r-xp 00000000 08:04 930523                     /usr/lib/x86_64-linux-gnu/libxcb-xfixes.so.0.0.0
7f4507acb000-7f4507ccb000 ---p 00006000 08:04 930523                     /usr/lib/x86_64-linux-gnu/libxcb-xfixes.so.0.0.0
7f4507ccb000-7f4507ccc000 r--p 00006000 08:04 930523                     /usr/lib/x86_64-linux-gnu/libxcb-xfixes.so.0.0.0
7f4507ccc000-7f4507ccd000 rw-p 00007000 08:04 930523                     /usr/lib/x86_64-linux-gnu/libxcb-xfixes.so.0.0.0
7f4507ccd000-7f4507cfd000 r-xp 00000000 08:04 1048652                    /usr/lib/x86_64-linux-gnu/mesa-egl/libEGL.so.1.0.0
7f4507cfd000-7f4507efd000 ---p 00030000 08:04 1048652                    /usr/lib/x86_64-linux-gnu/mesa-egl/libEGL.so.1.0.0
7f4507efd000-7f4507efe000 r--p 00030000 08:04 1048652                    /usr/lib/x86_64-linux-gnu/mesa-egl/libEGL.so.1.0.0
7f4507efe000-7f4507eff000 rw-p 00031000 08:04 1048652                    /usr/lib/x86_64-linux-gnu/mesa-egl/libEGL.so.1.0.0
7f4507eff000-7f4507f02000 ---p 00000000 00:00 0 
7f4507f02000-7f4508000000 rw-p 00000000 00:00 0                          [stack:4714]
7f4508000000-7f4508021000 rw-p 00000000 00:00 0 
7f4508021000-7f450c000000 ---p 00000000 00:00 0 
7f450c000000-7f450debc000 rw-p 00000000 00:00 0 
7f450debc000-7f4510000000 ---p 00000000 00:00 0 
7f4510000000-7f4510021000 rw-p 00000000 00:00 0 
7f4510021000-7f4514000000 ---p 00000000 00:00 0 
7f4514000000-7f4514021000 rw-p 00000000 00:00 0 
7f4514021000-7f4518000000 ---p 00000000 00:00 0 
7f4518000000-7f4518021000 rw-p 00000000 00:00 0 
7f4518021000-7f451c000000 ---p 00000000 00:00 0 
7f451c036000-7f451c046000 rw-s 00000000 00:05 92780                      /drm mm object (deleted)
7f451c046000-7f451c056000 rw-s 101b75000 00:06 2317                      /dev/dri/card0
7f451c056000-7f451c08e000 rw-s 10197d000 00:06 2317                      /dev/dri/card0
7f451c08e000-7f451c096000 rw-s 00000000 00:05 92775                      /drm mm object (deleted)
7f451c096000-7f451c09e000 rw-s 00000000 00:05 90830                      /drm mm object (deleted)
7f451c09e000-7f451c0bc000 r-xp 00000000 08:04 659990                     /lib/x86_64-linux-gnu/libudev.so.1.6.4
7f451c0bc000-7f451c0bd000 r--p 0001d000 08:04 659990                     /lib/x86_64-linux-gnu/libudev.so.1.6.4
7f451c0bd000-7f451c0be000 rw-p 0001e000 08:04 659990                     /lib/x86_64-linux-gnu/libudev.so.1.6.4
7f451c0be000-7f451c163000 r-xp 00000000 08:04 655709                     /tmp/jogamp_0000/file_cache/jln1450899396065043365/jln6497434089359378827/libjogl_desktop.so
7f451c163000-7f451c363000 ---p 000a5000 08:04 655709                     /tmp/jogamp_0000/file_cache/jln1450899396065043365/jln6497434089359378827/libjogl_desktop.so
7f451c363000-7f451c364000 rw-p 000a5000 08:04 655709                     /tmp/jogamp_0000/file_cache/jln1450899396065043365/jln6497434089359378827/libjogl_desktop.so
7f451c364000-7f451c372000 r-xp 00000000 08:04 921029                     /usr/lib/x86_64-linux-gnu/libdrm.so.2.4.0
7f451c372000-7f451c571000 ---p 0000e000 08:04 921029                     /usr/lib/x86_64-linux-gnu/libdrm.so.2.4.0
7f451c571000-7f451c572000 r--p 0000d000 08:04 921029                     /usr/lib/x86_64-linux-gnu/libdrm.so.2.4.0
7f451c572000-7f451c573000 rw-p 0000e000 08:04 921029                     /usr/lib/x86_64-linux-gnu/libdrm.so.2.4.0
7f451c573000-7f451c577000 r-xp 00000000 08:04 928384                     /usr/lib/x86_64-linux-gnu/libxcb-dri2.so.0.0.0
7f451c577000-7f451c776000 ---p 00004000 08:04 928384                     /usr/lib/x86_64-linux-gnu/libxcb-dri2.so.0.0.0
7f451c776000-7f451c777000 r--p 00003000 08:04 928384                     /usr/lib/x86_64-linux-gnu/libxcb-dri2.so.0.0.0
7f451c777000-7f451c778000 rw-p 00004000 08:04 928384                     /usr/lib/x86_64-linux-gnu/libxcb-dri2.so.0.0.0
7f451c778000-7f451c78f000 r-xp 00000000 08:04 921398                     /usr/lib/x86_64-linux-gnu/libxcb-glx.so.0.0.0
7f451c78f000-7f451c98e000 ---p 00017000 08:04 921398                     /usr/lib/x86_64-linux-gnu/libxcb-glx.so.0.0.0
7f451c98e000-7f451c990000 r--p 00016000 08:04 921398                     /usr/lib/x86_64-linux-gnu/libxcb-glx.so.0.0.0
7f451c990000-7f451c991000 rw-p 00018000 08:04 921398                     /usr/lib/x86_64-linux-gnu/libxcb-glx.so.0.0.0
7f451c991000-7f451c992000 r-xp 00000000 08:04 920982                     /usr/lib/x86_64-linux-gnu/libX11-xcb.so.1.0.0
7f451c992000-7f451cb91000 ---p 00001000 08:04 920982                     /usr/lib/x86_64-linux-gnu/libX11-xcb.so.1.0.0
7f451cb91000-7f451cb92000 r--p 00000000 08:04 920982                     /usr/lib/x86_64-linux-gnu/libX11-xcb.so.1.0.0
7f451cb92000-7f451cb93000 rw-p 00001000 08:04 920982                     /usr/lib/x86_64-linux-gnu/libX11-xcb.so.1.0.0
7f451cb93000-7f451cb95000 r-xp 00000000 08:04 926976                     /usr/lib/x86_64-linux-gnu/libXdamage.so.1.1.0
7f451cb95000-7f451cd94000 ---p 00002000 08:04 926976                     /usr/lib/x86_64-linux-gnu/libXdamage.so.1.1.0
7f451cd94000-7f451cd95000 r--p 00001000 08:04 926976                     /usr/lib/x86_64-linux-gnu/libXdamage.so.1.1.0
7f451cd95000-7f451cd96000 rw-p 00002000 08:04 926976                     /usr/lib/x86_64-linux-gnu/libXdamage.so.1.1.0
7f451cd96000-7f451cdbf000 r-xp 00000000 08:04 921441                     /usr/lib/x86_64-linux-gnu/libglapi.so.0.0.0
7f451cdbf000-7f451cfbe000 ---p 00029000 08:04 921441                     /usr/lib/x86_64-linux-gnu/libglapi.so.0.0.0
7f451cfbe000-7f451cfc2000 r--p 00028000 08:04 921441                     /usr/lib/x86_64-linux-gnu/libglapi.so.0.0.0
7f451cfc2000-7f451cfc3000 rw-p 0002c000 08:04 921441                     /usr/lib/x86_64-linux-gnu/libglapi.so.0.0.0
7f451cfc3000-7f451cfc4000 rw-p 00000000 00:00 0 
7f451cfc4000-7f451cfc5000 r-xp 00000000 08:04 927949                     /usr/lib/x86_64-linux-gnu/libxshmfence.so.1.0.0
7f451cfc5000-7f451d1c5000 ---p 00001000 08:04 927949                     /usr/lib/x86_64-linux-gnu/libxshmfence.so.1.0.0
7f451d1c5000-7f451d1c6000 r--p 00001000 08:04 927949                     /usr/lib/x86_64-linux-gnu/libxshmfence.so.1.0.0
7f451d1c6000-7f451d1c7000 rw-p 00002000 08:04 927949                     /usr/lib/x86_64-linux-gnu/libxshmfence.so.1.0.0
7f451d1c7000-7f451d1cc000 r-xp 00000000 08:04 921290                     /usr/lib/x86_64-linux-gnu/libxcb-sync.so.1.0.0
7f451d1cc000-7f451d3cc000 ---p 00005000 08:04 921290                     /usr/lib/x86_64-linux-gnu/libxcb-sync.so.1.0.0
7f451d3cc000-7f451d3cd000 r--p 00005000 08:04 921290                     /usr/lib/x86_64-linux-gnu/libxcb-sync.so.1.0.0
7f451d3cd000-7f451d3ce000 rw-p 00006000 08:04 921290                     /usr/lib/x86_64-linux-gnu/libxcb-sync.so.1.0.0
7f451d3ce000-7f451d3d0000 r-xp 00000000 08:04 921415                     /usr/lib/x86_64-linux-gnu/libxcb-present.so.0.0.0
7f451d3d0000-7f451d5cf000 ---p 00002000 08:04 921415                     /usr/lib/x86_64-linux-gnu/libxcb-present.so.0.0.0
7f451d5cf000-7f451d5d0000 r--p 00001000 08:04 921415                     /usr/lib/x86_64-linux-gnu/libxcb-present.so.0.0.0
7f451d5d0000-7f451d5d1000 rw-p 00002000 08:04 921415                     /usr/lib/x86_64-linux-gnu/libxcb-present.so.0.0.0
7f451d5d1000-7f451d5d3000 r-xp 00000000 08:04 921076                     /usr/lib/x86_64-linux-gnu/libxcb-dri3.so.0.0.0
7f451d5d3000-7f451d7d2000 ---p 00002000 08:04 921076                     /usr/lib/x86_64-linux-gnu/libxcb-dri3.so.0.0.0
7f451d7d2000-7f451d7d3000 r--p 00001000 08:04 921076                     /usr/lib/x86_64-linux-gnu/libxcb-dri3.so.0.0.0
7f451d7d3000-7f451d7d4000 rw-p 00002000 08:04 921076                     /usr/lib/x86_64-linux-gnu/libxcb-dri3.so.0.0.0
7f451d7d4000-7f451d7fa000 r-xp 00000000 08:04 655697                     /lib/x86_64-linux-gnu/libexpat.so.1.6.0
7f451d7fa000-7f451d9fa000 ---p 00026000 08:04 655697                     /lib/x86_64-linux-gnu/libexpat.so.1.6.0
7f451d9fa000-7f451d9fc000 r--p 00026000 08:04 655697                     /lib/x86_64-linux-gnu/libexpat.so.1.6.0
7f451d9fc000-7f451d9fd000 rw-p 00028000 08:04 655697                     /lib/x86_64-linux-gnu/libexpat.so.1.6.0
7f451d9fd000-7f451da6a000 r-xp 00000000 08:04 1048606                    /usr/lib/x86_64-linux-gnu/mesa/libGL.so.1.2.0
7f451da6a000-7f451dc69000 ---p 0006d000 08:04 1048606                    /usr/lib/x86_64-linux-gnu/mesa/libGL.so.1.2.0
7f451dc69000-7f451dc6c000 r--p 0006c000 08:04 1048606                    /usr/lib/x86_64-linux-gnu/mesa/libGL.so.1.2.0
7f451dc6c000-7f451dc6d000 rw-p 0006f000 08:04 1048606                    /usr/lib/x86_64-linux-gnu/mesa/libGL.so.1.2.0
7f451dc6d000-7f451de6e000 rw-p 00000000 00:00 0 
7f451de6e000-7f451de75000 r-xp 00000000 08:04 656286                     /tmp/jogamp_0000/file_cache/jln1450899396065043365/jln6497434089359378827/libnativewindow_x11.so
7f451de75000-7f451e074000 ---p 00007000 08:04 656286                     /tmp/jogamp_0000/file_cache/jln1450899396065043365/jln6497434089359378827/libnativewindow_x11.so
7f451e074000-7f451e075000 rw-p 00006000 08:04 656286                     /tmp/jogamp_0000/file_cache/jln1450899396065043365/jln6497434089359378827/libnativewindow_x11.so
7f451e075000-7f451e078000 ---p 00000000 00:00 0 
7f451e078000-7f451e376000 rw-p 00000000 00:00 0                          [stack:4713]
7f451e376000-7f451e37b000 r-xp 00000000 08:04 928266                     /usr/lib/x86_64-linux-gnu/libXxf86vm.so.1.0.0
7f451e37b000-7f451e57a000 ---p 00005000 08:04 928266                     /usr/lib/x86_64-linux-gnu/libXxf86vm.so.1.0.0
7f451e57a000-7f451e57b000 r--p 00004000 08:04 928266                     /usr/lib/x86_64-linux-gnu/libXxf86vm.so.1.0.0
7f451e57b000-7f451e57c000 rw-p 00005000 08:04 928266                     /usr/lib/x86_64-linux-gnu/libXxf86vm.so.1.0.0
7f451e57c000-7f451e57e000 r-xp 00000000 08:04 655713                     /tmp/jogamp_0000/file_cache/jln1450899396065043365/jln6497434089359378827/libnativewindow_awt.so
7f451e57e000-7f451e77d000 ---p 00002000 08:04 655713                     /tmp/jogamp_0000/file_cache/jln1450899396065043365/jln6497434089359378827/libnativewindow_awt.so
7f451e77d000-7f451e77e000 rw-p 00001000 08:04 655713                     /tmp/jogamp_0000/file_cache/jln1450899396065043365/jln6497434089359378827/libnativewindow_awt.so
7f451e77e000-7f451e77f000 r-xp 00000000 08:04 402107                     /usr/lib/jvm/java-8-openjdk-amd64/jre/lib/amd64/libjawt.so
7f451e77f000-7f451e97e000 ---p 00001000 08:04 402107                     /usr/lib/jvm/java-8-openjdk-amd64/jre/lib/amd64/libjawt.so
7f451e97e000-7f451e97f000 r--p 00000000 08:04 402107                     /usr/lib/jvm/java-8-openjdk-amd64/jre/lib/amd64/libjawt.so
7f451e97f000-7f451e980000 rw-p 00001000 08:04 402107                     /usr/lib/jvm/java-8-openjdk-amd64/jre/lib/amd64/libjawt.so
7f451e980000-7f451e982000 r-xp 00000000 08:04 655708                     /tmp/jogamp_0000/file_cache/jln1450899396065043365/jln6497434089359378827/libgluegen-rt.so
7f451e982000-7f451eb81000 ---p 00002000 08:04 655708                     /tmp/jogamp_0000/file_cache/jln1450899396065043365/jln6497434089359378827/libgluegen-rt.so
7f451eb81000-7f451eb82000 rw-p 00001000 08:04 655708                     /tmp/jogamp_0000/file_cache/jln1450899396065043365/jln6497434089359378827/libgluegen-rt.so
7f451eb82000-7f451eb85000 ---p 00000000 00:00 0 
7f451eb85000-7f451ec83000 rw-p 00000000 00:00 0                          [stack:4712]
7f451ec83000-7f451ec86000 ---p 00000000 00:00 0 
7f451ec86000-7f451eebc000 rw-p 00000000 00:00 0                          [stack:4708]
7f451eebc000-7f451eebf000 ---p 00000000 00:00 0 
7f451eebf000-7f451efbd000 rw-p 00000000 00:00 0                          [stack:4705]
7f451efbd000-7f451efc2000 r-xp 00000000 08:04 926982                     /usr/lib/x86_64-linux-gnu/libXfixes.so.3.1.0
7f451efc2000-7f451f1c1000 ---p 00005000 08:04 926982                     /usr/lib/x86_64-linux-gnu/libXfixes.so.3.1.0
7f451f1c1000-7f451f1c2000 r--p 00004000 08:04 926982                     /usr/lib/x86_64-linux-gnu/libXfixes.so.3.1.0
7f451f1c2000-7f451f1c3000 rw-p 00005000 08:04 926982                     /usr/lib/x86_64-linux-gnu/libXfixes.so.3.1.0
7f451f1c3000-7f451f1cc000 r-xp 00000000 08:04 926974                     /usr/lib/x86_64-linux-gnu/libXcursor.so.1.0.2
7f451f1cc000-7f451f3cb000 ---p 00009000 08:04 926974                     /usr/lib/x86_64-linux-gnu/libXcursor.so.1.0.2
7f451f3cb000-7f451f3cc000 r--p 00008000 08:04 926974                     /usr/lib/x86_64-linux-gnu/libXcursor.so.1.0.2
7f451f3cc000-7f451f3cd000 rw-p 00009000 08:04 926974                     /usr/lib/x86_64-linux-gnu/libXcursor.so.1.0.2
7f451f3ce000-7f451f3cf000 rw-s 102433000 00:06 2317                      /dev/dri/card0
7f451f3cf000-7f451f3d7000 rw-s 00000000 00:05 90806                      /drm mm object (deleted)
7f451f3d7000-7f451f3df000 rw-s 00000000 00:05 92756                      /drm mm object (deleted)
7f451f3df000-7f451f3e0000 rwxp 00000000 00:00 0 
7f451f3e0000-7f451f3e8000 rw-s 00000000 00:05 90794                      /drm mm object (deleted)
7f451f3e8000-7f451f3f0000 rw-s 00000000 00:05 91332                      /drm mm object (deleted)
7f451f3f0000-7f451f3f1000 rw-s 00000000 00:05 91328                      /drm mm object (deleted)
7f451f3f1000-7f451f3f2000 rw-s 102432000 00:06 2317                      /dev/dri/card0
7f451f3f2000-7f451f405000 r--s 00346000 08:04 402783                     /usr/lib/jvm/java-8-openjdk-amd64/jre/lib/resources.jar
7f451f405000-7f451f416000 r-xp 00000000 08:04 398692                     /usr/lib/jvm/java-8-openjdk-amd64/jre/lib/amd64/libnio.so
7f451f416000-7f451f616000 ---p 00011000 08:04 398692                     /usr/lib/jvm/java-8-openjdk-amd64/jre/lib/amd64/libnio.so
7f451f616000-7f451f617000 r--p 00011000 08:04 398692                     /usr/lib/jvm/java-8-openjdk-amd64/jre/lib/amd64/libnio.so
7f451f617000-7f451f618000 rw-p 00012000 08:04 398692                     /usr/lib/jvm/java-8-openjdk-amd64/jre/lib/amd64/libnio.so
7f451f618000-7f451f919000 rw-p 00000000 00:00 0 
7f451f919000-7f451f930000 r-xp 00000000 08:04 402099                     /usr/lib/jvm/java-8-openjdk-amd64/jre/lib/amd64/libnet.so
7f451f930000-7f451fb2f000 ---p 00017000 08:04 402099                     /usr/lib/jvm/java-8-openjdk-amd64/jre/lib/amd64/libnet.so
7f451fb2f000-7f451fb30000 r--p 00016000 08:04 402099                     /usr/lib/jvm/java-8-openjdk-amd64/jre/lib/amd64/libnet.so
7f451fb30000-7f451fb31000 rw-p 00017000 08:04 402099                     /usr/lib/jvm/java-8-openjdk-amd64/jre/lib/amd64/libnet.so
7f451fb31000-7f451fb55000 r-xp 00000000 08:04 664918                     /lib/x86_64-linux-gnu/libpng12.so.0.54.0
7f451fb55000-7f451fd54000 ---p 00024000 08:04 664918                     /lib/x86_64-linux-gnu/libpng12.so.0.54.0
7f451fd54000-7f451fd55000 r--p 00023000 08:04 664918                     /lib/x86_64-linux-gnu/libpng12.so.0.54.0
7f451fd55000-7f451fd56000 rw-p 00024000 08:04 664918                     /lib/x86_64-linux-gnu/libpng12.so.0.54.0
7f451fd56000-7f451fdfa000 r-xp 00000000 08:04 921332                     /usr/lib/x86_64-linux-gnu/libfreetype.so.6.12.1
7f451fdfa000-7f451fff9000 ---p 000a4000 08:04 921332                     /usr/lib/x86_64-linux-gnu/libfreetype.so.6.12.1
7f451fff9000-7f451ffff000 r--p 000a3000 08:04 921332                     /usr/lib/x86_64-linux-gnu/libfreetype.so.6.12.1
7f451ffff000-7f4520000000 rw-p 000a9000 08:04 921332                     /usr/lib/x86_64-linux-gnu/libfreetype.so.6.12.1
7f4520000000-7f4520021000 rw-p 00000000 00:00 0 
7f4520021000-7f4524000000 ---p 00000000 00:00 0 
7f4524000000-7f4524021000 rw-p 00000000 00:00 0 
7f4524021000-7f4528000000 ---p 00000000 00:00 0 
7f4528000000-7f452823d000 rw-p 00000000 00:00 0 
7f452823d000-7f452c000000 ---p 00000000 00:00 0 
7f452c000000-7f452c1fb000 rw-p 00000000 00:00 0 
7f452c1fb000-7f4530000000 ---p 00000000 00:00 0 
7f4530000000-7f4530021000 rw-p 00000000 00:00 0 
7f4530021000-7f4534000000 ---p 00000000 00:00 0 
7f4534000000-7f45341b2000 rw-p 00000000 00:00 0 
7f45341b2000-7f4538000000 ---p 00000000 00:00 0 
7f4538000000-7f4538021000 rw-p 00000000 00:00 0 
7f4538021000-7f453c000000 ---p 00000000 00:00 0 
7f453c000000-7f453c021000 rw-p 00000000 00:00 0 
7f453c021000-7f4540000000 ---p 00000000 00:00 0 
7f4540000000-7f4540021000 rw-p 00000000 00:00 0 
7f4540021000-7f4544000000 ---p 00000000 00:00 0 
7f4544000000-7f4544021000 rw-p 00000000 00:00 0 
7f4544021000-7f4548000000 ---p 00000000 00:00 0 
7f4548000000-7f4548008000 rw-s 00000000 00:05 91326                      /drm mm object (deleted)
7f4548008000-7f4548009000 r--s 0002f000 08:03 803808                     /home/mark/Documents/studie/2IV60 - Computer graphics/assignments/robotrace/RobotRace/lib/jogl-all-natives-linux-amd64.jar
7f4548009000-7f454800b000 r--s 00000000 08:03 803800                     /home/mark/Documents/studie/2IV60 - Computer graphics/assignments/robotrace/RobotRace/lib/gluegen-rt-natives-linux-amd64.jar
7f454800b000-7f454800c000 r--p 00000000 00:00 0 
7f454800c000-7f4548010000 r--s 00097000 08:04 402803                     /usr/lib/jvm/java-8-openjdk-amd64/jre/lib/jsse.jar
7f4548010000-7f4548017000 r--s 00000000 08:04 277021                     /var/cache/fontconfig/4be9850f182b35c1350b6bbf2e42601c-le64.cache-6
7f4548017000-7f4548019000 r--s 00000000 08:04 287161                     /var/cache/fontconfig/30a99c4256905863f7aa12b5e873c27c-le64.cache-6
7f4548019000-7f454801a000 r--s 00000000 08:04 264011                     /var/cache/fontconfig/087e1975ba9a574b140bb1df193bf770-le64.cache-6
7f454801a000-7f454801e000 r--s 00000000 08:04 286461                     /var/cache/fontconfig/6aa41aa22e18b8fa06a12da28ea9c28b-le64.cache-6
7f454801e000-7f4548029000 r--s 00000000 08:04 270437                     /var/cache/fontconfig/945677eb7aeaf62f1d50efc3fb3ec7d8-le64.cache-6
7f4548029000-7f454802b000 r--s 00000000 08:04 285734                     /var/cache/fontconfig/99e8ed0e538f840c565b6ed5dad60d56-le64.cache-6
7f454802b000-7f4548034000 r--s 00000000 08:04 282994                     /var/cache/fontconfig/a6d8cf8e4ec09cdbc8633c31745a07dd-le64.cache-6
7f4548034000-7f454803a000 r--s 00000000 08:04 282956                     /var/cache/fontconfig/2cd17615ca594fa2959ae173292e504c-le64.cache-6
7f454803a000-7f454803b000 r--s 00000000 08:04 280806                     /var/cache/fontconfig/0d8c3b2ac0904cb8a57a757ad11a4a08-le64.cache-6
7f454803b000-7f4548042000 r--s 00000000 08:04 280320                     /var/cache/fontconfig/a755afe4a08bf5b97852ceb7400b47bc-le64.cache-6
7f4548042000-7f4548057000 r--s 00000000 08:04 280318                     /var/cache/fontconfig/04aabc0a78ac019cf9454389977116d2-le64.cache-6
7f4548057000-7f4548058000 r--s 00000000 08:04 280285                     /var/cache/fontconfig/1ac9eb803944fde146138c791f5cc56a-le64.cache-6
7f4548058000-7f4548059000 r--s 00000000 08:04 280281                     /var/cache/fontconfig/b95bc8ffbebda2bbdae4265e45b8178d-le64.cache-6
7f4548059000-7f454805d000 r--s 00000000 08:04 278157                     /var/cache/fontconfig/385c0604a188198f04d133e54aba7fe7-le64.cache-6
7f454805d000-7f454805e000 r--s 00000000 08:04 278153                     /var/cache/fontconfig/9c956a7723ca69a44b382d9179c9802f-le64.cache-6
7f454805e000-7f454805f000 r--s 00000000 08:04 277155                     /var/cache/fontconfig/dc05db6664285cc2f12bf69c139ae4c3-le64.cache-6
7f454805f000-7f4548060000 r--s 00000000 08:04 277006                     /var/cache/fontconfig/5d1cca7074f29429a8d18692746c2426-le64.cache-6
7f4548060000-7f4548063000 r--s 00000000 08:04 277005                     /var/cache/fontconfig/767a8244fc0220cfb567a839d0392e0b-le64.cache-6
7f4548063000-7f4548064000 r--s 00000000 08:04 276728                     /var/cache/fontconfig/4794a0821666d79190d59a36cb4f44b5-le64.cache-6
7f4548064000-7f4548065000 r--s 00000000 08:04 276581                     /var/cache/fontconfig/9eae20f1ff8cc0a7d125749e875856bd-le64.cache-6
7f4548065000-7f454808c000 r--s 00000000 08:04 276440                     /var/cache/fontconfig/0bd3dc0958fa2205aaaa8ebb13e2872b-le64.cache-6
7f454808c000-7f454808f000 r--s 00000000 08:04 276362                     /var/cache/fontconfig/bf2c1853a9e9b00bb02fe2e9bcf1e201-le64.cache-6
7f454808f000-7f4548094000 r--s 00000000 08:04 276301                     /var/cache/fontconfig/8801497958630a81b71ace7c5f9b32a8-le64.cache-6
7f4548094000-7f45480cf000 r--s 00000000 08:04 276290                     /var/cache/fontconfig/365b55f210c0a22e9a19e35191240f32-le64.cache-6
7f45480cf000-7f45480d3000 r--s 00000000 08:04 276237                     /var/cache/fontconfig/c57959a16110560c8d0fcea73374aeeb-le64.cache-6
7f45480d3000-7f45480d4000 r--s 00000000 08:04 276049                     /var/cache/fontconfig/bab58bb527bb656aaa9f116d68a48d89-le64.cache-6
7f45480d4000-7f45480db000 r--s 00000000 08:04 275977                     /var/cache/fontconfig/3047814df9a2f067bd2d96a2b9c36e5a-le64.cache-6
7f45480db000-7f45480e3000 r--s 00000000 08:04 275905                     /var/cache/fontconfig/bf3b770c553c462765856025a94f1ce6-le64.cache-6
7f45480e3000-7f45480e4000 r--s 00000000 08:04 275866                     /var/cache/fontconfig/56cf4f4769d0f4abc89a4895d7bd3ae1-le64.cache-6
7f45480e4000-7f45480e5000 r--s 00000000 08:04 275856                     /var/cache/fontconfig/b9d506c9ac06c20b433354fa67a72993-le64.cache-6
7f45480e5000-7f45480eb000 r--s 00000000 08:04 275803                     /var/cache/fontconfig/b47c4e1ecd0709278f4910c18777a504-le64.cache-6
7f45480eb000-7f45480ee000 r--s 00000000 08:04 275785                     /var/cache/fontconfig/14d493b97896515cad3840ba4896e372-le64.cache-6
7f45480ee000-7f45480f6000 r--s 00000000 08:04 275548                     /var/cache/fontconfig/52f7bdb7ce746bfd7eaa1985bd9cfa93-le64.cache-6
7f45480f6000-7f45480f9000 r--s 00000000 08:04 275540                     /var/cache/fontconfig/e49e89034d371f0f9de17aab02136486-le64.cache-6
7f45480f9000-7f45480fb000 r--s 00000000 08:04 275349                     /var/cache/fontconfig/4b14b093aebc79c320de5e86ae1d3314-le64.cache-6
7f45480fb000-7f45480fc000 r--s 00000000 08:04 275344                     /var/cache/fontconfig/8aec10f4cc8391dcef22ca549f1e4354-le64.cache-6
7f45480fc000-7f454810f000 r--s 00000000 08:04 275343                     /var/cache/fontconfig/d52a8644073d54c13679302ca1180695-le64.cache-6
7f454810f000-7f4548119000 r--s 00000000 08:04 275203                     /var/cache/fontconfig/3f7329c5293ffd510edef78f73874cfd-le64.cache-6
7f4548119000-7f454811c000 ---p 00000000 00:00 0 
7f454811c000-7f454821a000 rw-p 00000000 00:00 0                          [stack:4704]
7f454821a000-7f454826c000 r-xp 00000000 08:04 398616                     /usr/lib/jvm/java-8-openjdk-amd64/jre/lib/amd64/libfontmanager.so
7f454826c000-7f454846c000 ---p 00052000 08:04 398616                     /usr/lib/jvm/java-8-openjdk-amd64/jre/lib/amd64/libfontmanager.so
7f454846c000-7f454846e000 r--p 00052000 08:04 398616                     /usr/lib/jvm/java-8-openjdk-amd64/jre/lib/amd64/libfontmanager.so
7f454846e000-7f454846f000 rw-p 00054000 08:04 398616                     /usr/lib/jvm/java-8-openjdk-amd64/jre/lib/amd64/libfontmanager.so
7f454846f000-7f4548474000 r-xp 00000000 08:04 930459                     /usr/lib/x86_64-linux-gnu/libXdmcp.so.6.0.0
7f4548474000-7f4548673000 ---p 00005000 08:04 930459                     /usr/lib/x86_64-linux-gnu/libXdmcp.so.6.0.0
7f4548673000-7f4548674000 r--p 00004000 08:04 930459                     /usr/lib/x86_64-linux-gnu/libXdmcp.so.6.0.0
7f4548674000-7f4548675000 rw-p 00005000 08:04 930459                     /usr/lib/x86_64-linux-gnu/libXdmcp.so.6.0.0
7f4548675000-7f4548677000 r-xp 00000000 08:04 926967                     /usr/lib/x86_64-linux-gnu/libXau.so.6.0.0
7f4548677000-7f4548877000 ---p 00002000 08:04 926967                     /usr/lib/x86_64-linux-gnu/libXau.so.6.0.0
7f4548877000-7f4548878000 r--p 00002000 08:04 926967                     /usr/lib/x86_64-linux-gnu/libXau.so.6.0.0
7f4548878000-7f4548879000 rw-p 00003000 08:04 926967                     /usr/lib/x86_64-linux-gnu/libXau.so.6.0.0
7f4548879000-7f454889a000 r-xp 00000000 08:04 928382                     /usr/lib/x86_64-linux-gnu/libxcb.so.1.1.0
7f454889a000-7f4548a99000 ---p 00021000 08:04 928382                     /usr/lib/x86_64-linux-gnu/libxcb.so.1.1.0
7f4548a99000-7f4548a9a000 r--p 00020000 08:04 928382                     /usr/lib/x86_64-linux-gnu/libxcb.so.1.1.0
7f4548a9a000-7f4548a9b000 rw-p 00021000 08:04 928382                     /usr/lib/x86_64-linux-gnu/libxcb.so.1.1.0
7f4548a9b000-7f4548aaa000 r-xp 00000000 08:04 923448                     /usr/lib/x86_64-linux-gnu/libXi.so.6.1.0
7f4548aaa000-7f4548ca9000 ---p 0000f000 08:04 923448                     /usr/lib/x86_64-linux-gnu/libXi.so.6.1.0
7f4548ca9000-7f4548caa000 r--p 0000e000 08:04 923448                     /usr/lib/x86_64-linux-gnu/libXi.so.6.1.0
7f4548caa000-7f4548cab000 rw-p 0000f000 08:04 923448                     /usr/lib/x86_64-linux-gnu/libXi.so.6.1.0
7f4548cab000-7f4548cb0000 r-xp 00000000 08:04 927008                     /usr/lib/x86_64-linux-gnu/libXtst.so.6.1.0
7f4548cb0000-7f4548eaf000 ---p 00005000 08:04 927008                     /usr/lib/x86_64-linux-gnu/libXtst.so.6.1.0
7f4548eaf000-7f4548eb0000 r--p 00004000 08:04 927008                     /usr/lib/x86_64-linux-gnu/libXtst.so.6.1.0
7f4548eb0000-7f4548eb1000 rw-p 00005000 08:04 927008                     /usr/lib/x86_64-linux-gnu/libXtst.so.6.1.0
7f4548eb1000-7f4548eba000 r-xp 00000000 08:04 927957                     /usr/lib/x86_64-linux-gnu/libXrender.so.1.3.0
7f4548eba000-7f45490b9000 ---p 00009000 08:04 927957                     /usr/lib/x86_64-linux-gnu/libXrender.so.1.3.0
7f45490b9000-7f45490ba000 r--p 00008000 08:04 927957                     /usr/lib/x86_64-linux-gnu/libXrender.so.1.3.0
7f45490ba000-7f45490bb000 rw-p 00009000 08:04 927957                     /usr/lib/x86_64-linux-gnu/libXrender.so.1.3.0
7f45490bb000-7f45491f0000 r-xp 00000000 08:04 927965                     /usr/lib/x86_64-linux-gnu/libX11.so.6.3.0
7f45491f0000-7f45493f0000 ---p 00135000 08:04 927965                     /usr/lib/x86_64-linux-gnu/libX11.so.6.3.0
7f45493f0000-7f45493f1000 r--p 00135000 08:04 927965                     /usr/lib/x86_64-linux-gnu/libX11.so.6.3.0
7f45493f1000-7f45493f5000 rw-p 00136000 08:04 927965                     /usr/lib/x86_64-linux-gnu/libX11.so.6.3.0
7f45493f5000-7f4549406000 r-xp 00000000 08:04 926980                     /usr/lib/x86_64-linux-gnu/libXext.so.6.4.0
7f4549406000-7f4549605000 ---p 00011000 08:04 926980                     /usr/lib/x86_64-linux-gnu/libXext.so.6.4.0
7f4549605000-7f4549606000 r--p 00010000 08:04 926980                     /usr/lib/x86_64-linux-gnu/libXext.so.6.4.0
7f4549606000-7f4549607000 rw-p 00011000 08:04 926980                     /usr/lib/x86_64-linux-gnu/libXext.so.6.4.0
7f4549607000-7f454965b000 r-xp 00000000 08:04 401127                     /usr/lib/jvm/java-8-openjdk-amd64/jre/lib/amd64/libawt_xawt.so
7f454965b000-7f454985b000 ---p 00054000 08:04 401127                     /usr/lib/jvm/java-8-openjdk-amd64/jre/lib/amd64/libawt_xawt.so
7f454985b000-7f454985c000 r--p 00054000 08:04 401127                     /usr/lib/jvm/java-8-openjdk-amd64/jre/lib/amd64/libawt_xawt.so
7f454985c000-7f454985f000 rw-p 00055000 08:04 401127                     /usr/lib/jvm/java-8-openjdk-amd64/jre/lib/amd64/libawt_xawt.so
7f454985f000-7f4549860000 rw-p 00000000 00:00 0 
7f4549860000-7f4549900000 r-xp 00000000 08:04 402103                     /usr/lib/jvm/java-8-openjdk-amd64/jre/lib/amd64/libawt.so
7f4549900000-7f4549b00000 ---p 000a0000 08:04 402103                     /usr/lib/jvm/java-8-openjdk-amd64/jre/lib/amd64/libawt.so
7f4549b00000-7f4549b01000 r--p 000a0000 08:04 402103                     /usr/lib/jvm/java-8-openjdk-amd64/jre/lib/amd64/libawt.so
7f4549b01000-7f4549b0c000 rw-p 000a1000 08:04 402103                     /usr/lib/jvm/java-8-openjdk-amd64/jre/lib/amd64/libawt.so
7f4549b0c000-7f4549b31000 rw-p 00000000 00:00 0 
7f4549b31000-7f4549b32000 ---p 00000000 00:00 0 
7f4549b32000-7f4549c32000 rw-p 00000000 00:00 0                          [stack:4703]
7f4549c32000-7f4549c35000 ---p 00000000 00:00 0 
7f4549c35000-7f4549d33000 rw-p 00000000 00:00 0                          [stack:4702]
7f4549d33000-7f4549d36000 ---p 00000000 00:00 0 
7f4549d36000-7f4549e34000 rw-p 00000000 00:00 0                          [stack:4701]
7f4549e34000-7f4549e37000 ---p 00000000 00:00 0 
7f4549e37000-7f4549f35000 rw-p 00000000 00:00 0                          [stack:4700]
7f4549f35000-7f4549f38000 ---p 00000000 00:00 0 
7f4549f38000-7f454a036000 rw-p 00000000 00:00 0                          [stack:4699]
7f454a036000-7f454a039000 ---p 00000000 00:00 0 
7f454a039000-7f454a137000 rw-p 00000000 00:00 0                          [stack:4698]
7f454a137000-7f454a410000 r--p 00000000 08:04 920483                     /usr/lib/locale/locale-archive
7f454a410000-7f454c000000 rw-p 00000000 00:00 0 
7f454c000000-7f454c021000 rw-p 00000000 00:00 0 
7f454c021000-7f4550000000 ---p 00000000 00:00 0 
7f4550000000-7f4550021000 rw-p 00000000 00:00 0 
7f4550021000-7f4554000000 ---p 00000000 00:00 0 
7f4554000000-7f4554021000 rw-p 00000000 00:00 0 
7f4554021000-7f4558000000 ---p 00000000 00:00 0 
7f4558000000-7f4558001000 r--s 00000000 08:04 275340                     /var/cache/fontconfig/551ecf3b0e8b0bca0f25c0944f561853-le64.cache-6
7f4558001000-7f4558002000 r--s 00000000 08:04 275236                     /var/cache/fontconfig/8a687c406b77f27d99abfeeba937fcce-le64.cache-6
7f4558002000-7f4558007000 r--s 00000000 08:04 275225                     /var/cache/fontconfig/75ad6aa2358a85f0de2c8ee4837e8227-le64.cache-6
7f4558007000-7f4558008000 r--s 00000000 08:04 275173                     /var/cache/fontconfig/ac2cf712d852da827a87a9baf682f5b9-le64.cache-6
7f4558008000-7f455800a000 r--s 00000000 08:04 275166                     /var/cache/fontconfig/65f976e5259cbe6dc7697b8648396239-le64.cache-6
7f455800a000-7f4558015000 r--s 00000000 08:04 275147                     /var/cache/fontconfig/d589a48862398ed80a3d6066f4f56f4c-le64.cache-6
7f4558015000-7f4558019000 r--s 00000000 08:04 275114                     /var/cache/fontconfig/246184dc75a16901ca37d96895904249-le64.cache-6
7f4558019000-7f455801a000 r--s 00000000 08:04 274977                     /var/cache/fontconfig/94f7fe9bd33aadfac165873bd010d595-le64.cache-6
7f455801a000-7f455801c000 r--s 00000000 08:04 274974                     /var/cache/fontconfig/423767150eb258c59035de29db6fca84-le64.cache-6
7f455801c000-7f455801d000 r--s 00000000 08:04 274939                     /var/cache/fontconfig/845c20fd2c4814bcec78e05d37a63ccc-le64.cache-6
7f455801d000-7f455801e000 r--s 00000000 08:04 274927                     /var/cache/fontconfig/e7de81b01590fb7e12b38e274e17d0db-le64.cache-6
7f455801e000-7f455801f000 r--s 00000000 08:04 274925                     /var/cache/fontconfig/406a1d2d2bf3ed7664fbadefac0b2f66-le64.cache-6
7f455801f000-7f4558021000 r--s 00000000 08:04 274883                     /var/cache/fontconfig/67709b7835c0f764c1135060c9575660-le64.cache-6
7f4558021000-7f4558022000 r--s 00000000 08:04 274861                     /var/cache/fontconfig/30829fa25452a46451e813d634d7f916-le64.cache-6
7f4558022000-7f4558030000 r--s 00000000 08:04 274853                     /var/cache/fontconfig/198d8fcf01c96d0cf813f74fd759bdb7-le64.cache-6
7f4558030000-7f4558031000 r--s 00000000 08:04 274746                     /var/cache/fontconfig/0c9eb80ebd1c36541ebe2852d3bb0c49-le64.cache-6
7f4558031000-7f4558034000 r--s 00000000 08:04 274740                     /var/cache/fontconfig/75114ca45c98e8a441da0ff356701271-le64.cache-6
7f4558034000-7f455803f000 r--s 00000000 08:04 274739                     /var/cache/fontconfig/83bf95040141907cd45bb53cf7c1c148-le64.cache-6
7f455803f000-7f4558051000 r--s 00000000 08:04 274735                     /var/cache/fontconfig/9b89f8e3dae116d678bbf48e5f21f69b-le64.cache-6
7f4558051000-7f4558053000 r--s 00000000 08:04 274725                     /var/cache/fontconfig/6e6b34ae150a7ad95e82fb4a522f0bda-le64.cache-6
7f4558053000-7f4558054000 r--s 00000000 08:04 274724                     /var/cache/fontconfig/3334a778d104e76d188e9df399bc24d2-le64.cache-6
7f4558054000-7f455805b000 r--s 00000000 08:04 274719                     /var/cache/fontconfig/53d14c92082a93e67d5078324eb314ca-le64.cache-6
7f455805b000-7f455805f000 r--s 00000000 08:04 274718                     /var/cache/fontconfig/6c08beecf0dac481ec92e759e0c2e6d7-le64.cache-6
7f455805f000-7f4558063000 r--s 00000000 08:04 274600                     /var/cache/fontconfig/4d6aee6d44eccb37054d3216e945f618-le64.cache-6
7f4558063000-7f4558067000 r--s 00000000 08:04 274591                     /var/cache/fontconfig/d6c6df98c3df5faf9bd0f8ef4d91efe5-le64.cache-6
7f4558067000-7f455806b000 r--s 00000000 08:04 274588                     /var/cache/fontconfig/9fb319ef52839f11ee26ab8b4cffa12b-le64.cache-6
7f455806b000-7f455806d000 r--s 00000000 08:04 274396                     /var/cache/fontconfig/43bfe21a9e1edebcf703d79ee2950b06-le64.cache-6
7f455806d000-7f4558080000 r--s 00000000 08:04 274391                     /var/cache/fontconfig/4ac51e5cfbc76fc3f983e470323a16d3-le64.cache-6
7f4558080000-7f4558083000 r--s 00000000 08:04 274116                     /var/cache/fontconfig/c19b55eb3b4c5b40ea175e31682068a5-le64.cache-6
7f4558083000-7f4558087000 r--s 00000000 08:04 274096                     /var/cache/fontconfig/3629f2adf904f9a612908891fae71ceb-le64.cache-6
7f4558087000-7f455808a000 r--s 00000000 08:04 263516                     /var/cache/fontconfig/de83a0a961185c8bd1f159015d56c039-le64.cache-6
7f455808a000-7f45580a0000 r--s 00000000 08:04 273713                     /var/cache/fontconfig/e13b20fdb08344e0e664864cc2ede53d-le64.cache-6
7f45580a0000-7f45580ad000 r--s 00000000 08:04 287488                     /var/cache/fontconfig/8f02d4cb045bd6ce15663e43f347c9f8-le64.cache-6
7f45580ad000-7f45580ce000 r--s 00000000 08:04 286805                     /var/cache/fontconfig/467c019e582ee353435ea5c21d137ef6-le64.cache-6
7f45580ce000-7f45580f1000 r--s 002ec000 08:03 803816                     /home/mark/Documents/studie/2IV60 - Computer graphics/assignments/robotrace/RobotRace/lib/jogl-all.jar
7f45580f1000-7f45580f4000 ---p 00000000 00:00 0 
7f45580f4000-7f45581f2000 rw-p 00000000 00:00 0                          [stack:4697]
7f45581f2000-7f45581f5000 ---p 00000000 00:00 0 
7f45581f5000-7f45582f3000 rw-p 00000000 00:00 0                          [stack:4696]
7f45582f3000-7f45582f4000 ---p 00000000 00:00 0 
7f45582f4000-7f4559000000 rw-p 00000000 00:00 0                          [stack:4695]
7f4559000000-7f4559450000 rwxp 00000000 00:00 0 
7f4559450000-7f4568000000 ---p 00000000 00:00 0 
7f4568000000-7f4568b88000 rw-p 00000000 00:00 0 
7f4568b88000-7f456c000000 ---p 00000000 00:00 0 
7f456c000000-7f456c001000 r--s 00000000 08:04 274114                     /var/cache/fontconfig/c277e94e32b20404286a1ddafa5a80f0-le64.cache-6
7f456c001000-7f456c006000 r--s 00000000 08:04 274741                     /var/cache/fontconfig/7ef2298fde41cc6eeb7af42e48b7d293-le64.cache-6
7f456c006000-7f456c008000 r--s 00000000 08:04 287527                     /var/cache/fontconfig/16326683038b281783a0ef8c680e3a10-le64.cache-6
7f456c008000-7f456c009000 r--s 00000000 08:04 287457                     /var/cache/fontconfig/e0aa53bcfa504e64f87823c16bc01eb6-le64.cache-6
7f456c009000-7f456c00b000 r--s 0001a000 08:03 803799                     /home/mark/Documents/studie/2IV60 - Computer graphics/assignments/robotrace/RobotRace/lib/RobotRaceLibrary.jar
7f456c00b000-7f456c011000 r--s 00041000 08:03 803807                     /home/mark/Documents/studie/2IV60 - Computer graphics/assignments/robotrace/RobotRace/lib/gluegen-rt.jar
7f456c011000-7f456c01b000 r--s 00116000 08:04 402153                     /usr/lib/jvm/java-8-openjdk-amd64/jre/lib/ext/localedata.jar
7f456c01b000-7f456c01c000 r--s 00010000 08:04 402157                     /usr/lib/jvm/java-8-openjdk-amd64/jre/lib/ext/zipfs.jar
7f456c01c000-7f456c020000 r--s 00037000 08:04 402135                     /usr/lib/jvm/java-8-openjdk-amd64/jre/lib/ext/sunpkcs11.jar
7f456c020000-7f456c022000 r--s 00001000 08:04 402165                     /usr/lib/jvm/java-8-openjdk-amd64/jre/lib/ext/dnsns.jar
7f456c022000-7f456c03d000 r--s 00394000 08:04 402119                     /usr/lib/jvm/java-8-openjdk-amd64/jre/lib/ext/cldrdata.jar
7f456c03d000-7f456c058000 r--s 001d5000 08:04 402123                     /usr/lib/jvm/java-8-openjdk-amd64/jre/lib/ext/nashorn.jar
7f456c058000-7f456c400000 rw-p 00000000 00:00 0 
7f456c400000-7f456c5ce000 r--s 03bf1000 08:04 402786                     /usr/lib/jvm/java-8-openjdk-amd64/jre/lib/rt.jar
7f456c5ce000-7f456d003000 rw-p 00000000 00:00 0 
7f456d003000-7f456d004000 ---p 00000000 00:00 0 
7f456d004000-7f456d104000 rw-p 00000000 00:00 0                          [stack:4694]
7f456d104000-7f456d105000 ---p 00000000 00:00 0 
7f456d105000-7f456d205000 rw-p 00000000 00:00 0                          [stack:4693]
7f456d205000-7f456d206000 ---p 00000000 00:00 0 
7f456d206000-7f456d306000 rw-p 00000000 00:00 0                          [stack:4692]
7f456d306000-7f456d307000 ---p 00000000 00:00 0 
7f456d307000-7f456d41a000 rw-p 00000000 00:00 0                          [stack:4691]
7f456d41a000-7f456d531000 ---p 00000000 00:00 0 
7f456d531000-7f456d544000 rw-p 00000000 00:00 0 
7f456d544000-7f456d65b000 ---p 00000000 00:00 0 
7f456d65b000-7f456d66c000 rw-p 00000000 00:00 0 
7f456d66c000-7f456d6f0000 ---p 00000000 00:00 0 
7f456d6f0000-7f456d703000 rw-p 00000000 00:00 0 
7f456d703000-7f456dab1000 ---p 00000000 00:00 0 
7f456dab1000-7f456dab9000 r-xp 00000000 08:04 400882                     /usr/lib/jvm/java-8-openjdk-amd64/jre/lib/amd64/libzip.so
7f456dab9000-7f456dcb8000 ---p 00008000 08:04 400882                     /usr/lib/jvm/java-8-openjdk-amd64/jre/lib/amd64/libzip.so
7f456dcb8000-7f456dcb9000 r--p 00007000 08:04 400882                     /usr/lib/jvm/java-8-openjdk-amd64/jre/lib/amd64/libzip.so
7f456dcb9000-7f456dcba000 rw-p 00008000 08:04 400882                     /usr/lib/jvm/java-8-openjdk-amd64/jre/lib/amd64/libzip.so
7f456dcba000-7f456dcc5000 r-xp 00000000 08:04 706069                     /lib/x86_64-linux-gnu/libnss_files-2.23.so
7f456dcc5000-7f456dec4000 ---p 0000b000 08:04 706069                     /lib/x86_64-linux-gnu/libnss_files-2.23.so
7f456dec4000-7f456dec5000 r--p 0000a000 08:04 706069                     /lib/x86_64-linux-gnu/libnss_files-2.23.so
7f456dec5000-7f456dec6000 rw-p 0000b000 08:04 706069                     /lib/x86_64-linux-gnu/libnss_files-2.23.so
7f456dec6000-7f456decc000 rw-p 00000000 00:00 0 
7f456decc000-7f456ded7000 r-xp 00000000 08:04 706049                     /lib/x86_64-linux-gnu/libnss_nis-2.23.so
7f456ded7000-7f456e0d6000 ---p 0000b000 08:04 706049                     /lib/x86_64-linux-gnu/libnss_nis-2.23.so
7f456e0d6000-7f456e0d7000 r--p 0000a000 08:04 706049                     /lib/x86_64-linux-gnu/libnss_nis-2.23.so
7f456e0d7000-7f456e0d8000 rw-p 0000b000 08:04 706049                     /lib/x86_64-linux-gnu/libnss_nis-2.23.so
7f456e0d8000-7f456e0ee000 r-xp 00000000 08:04 706064                     /lib/x86_64-linux-gnu/libnsl-2.23.so
7f456e0ee000-7f456e2ed000 ---p 00016000 08:04 706064                     /lib/x86_64-linux-gnu/libnsl-2.23.so
7f456e2ed000-7f456e2ee000 r--p 00015000 08:04 706064                     /lib/x86_64-linux-gnu/libnsl-2.23.so
7f456e2ee000-7f456e2ef000 rw-p 00016000 08:04 706064                     /lib/x86_64-linux-gnu/libnsl-2.23.so
7f456e2ef000-7f456e2f1000 rw-p 00000000 00:00 0 
7f456e2f1000-7f456e2f9000 r-xp 00000000 08:04 706065                     /lib/x86_64-linux-gnu/libnss_compat-2.23.so
7f456e2f9000-7f456e4f8000 ---p 00008000 08:04 706065                     /lib/x86_64-linux-gnu/libnss_compat-2.23.so
7f456e4f8000-7f456e4f9000 r--p 00007000 08:04 706065                     /lib/x86_64-linux-gnu/libnss_compat-2.23.so
7f456e4f9000-7f456e4fa000 rw-p 00008000 08:04 706065                     /lib/x86_64-linux-gnu/libnss_compat-2.23.so
7f456e4fa000-7f456e527000 r-xp 00000000 08:04 398688                     /usr/lib/jvm/java-8-openjdk-amd64/jre/lib/amd64/libjava.so
7f456e527000-7f456e726000 ---p 0002d000 08:04 398688                     /usr/lib/jvm/java-8-openjdk-amd64/jre/lib/amd64/libjava.so
7f456e726000-7f456e727000 r--p 0002c000 08:04 398688                     /usr/lib/jvm/java-8-openjdk-amd64/jre/lib/amd64/libjava.so
7f456e727000-7f456e729000 rw-p 0002d000 08:04 398688                     /usr/lib/jvm/java-8-openjdk-amd64/jre/lib/amd64/libjava.so
7f456e729000-7f456e738000 r-xp 00000000 08:04 400850                     /usr/lib/jvm/java-8-openjdk-amd64/jre/lib/amd64/libverify.so
7f456e738000-7f456e937000 ---p 0000f000 08:04 400850                     /usr/lib/jvm/java-8-openjdk-amd64/jre/lib/amd64/libverify.so
7f456e937000-7f456e939000 r--p 0000e000 08:04 400850                     /usr/lib/jvm/java-8-openjdk-amd64/jre/lib/amd64/libverify.so
7f456e939000-7f456e93a000 rw-p 00010000 08:04 400850                     /usr/lib/jvm/java-8-openjdk-amd64/jre/lib/amd64/libverify.so
7f456e93a000-7f456e941000 r-xp 00000000 08:04 706048                     /lib/x86_64-linux-gnu/librt-2.23.so
7f456e941000-7f456eb40000 ---p 00007000 08:04 706048                     /lib/x86_64-linux-gnu/librt-2.23.so
7f456eb40000-7f456eb41000 r--p 00006000 08:04 706048                     /lib/x86_64-linux-gnu/librt-2.23.so
7f456eb41000-7f456eb42000 rw-p 00007000 08:04 706048                     /lib/x86_64-linux-gnu/librt-2.23.so
7f456eb42000-7f456eb58000 r-xp 00000000 08:04 655428                     /lib/x86_64-linux-gnu/libgcc_s.so.1
7f456eb58000-7f456ed57000 ---p 00016000 08:04 655428                     /lib/x86_64-linux-gnu/libgcc_s.so.1
7f456ed57000-7f456ed58000 rw-p 00015000 08:04 655428                     /lib/x86_64-linux-gnu/libgcc_s.so.1
7f456ed58000-7f456ee60000 r-xp 00000000 08:04 706062                     /lib/x86_64-linux-gnu/libm-2.23.so
7f456ee60000-7f456f05f000 ---p 00108000 08:04 706062                     /lib/x86_64-linux-gnu/libm-2.23.so
7f456f05f000-7f456f060000 r--p 00107000 08:04 706062                     /lib/x86_64-linux-gnu/libm-2.23.so
7f456f060000-7f456f061000 rw-p 00108000 08:04 706062                     /lib/x86_64-linux-gnu/libm-2.23.so
7f456f061000-7f456f1d3000 r-xp 00000000 08:04 920489                     /usr/lib/x86_64-linux-gnu/libstdc++.so.6.0.21
7f456f1d3000-7f456f3d3000 ---p 00172000 08:04 920489                     /usr/lib/x86_64-linux-gnu/libstdc++.so.6.0.21
7f456f3d3000-7f456f3dd000 r--p 00172000 08:04 920489                     /usr/lib/x86_64-linux-gnu/libstdc++.so.6.0.21
7f456f3dd000-7f456f3df000 rw-p 0017c000 08:04 920489                     /usr/lib/x86_64-linux-gnu/libstdc++.so.6.0.21
7f456f3df000-7f456f3e3000 rw-p 00000000 00:00 0 
7f456f3e3000-7f4570032000 r-xp 00000000 08:04 400888                     /usr/lib/jvm/java-8-openjdk-amd64/jre/lib/amd64/server/libjvm.so
7f4570032000-7f4570231000 ---p 00c4f000 08:04 400888                     /usr/lib/jvm/java-8-openjdk-amd64/jre/lib/amd64/server/libjvm.so
7f4570231000-7f45702c4000 r--p 00c4e000 08:04 400888                     /usr/lib/jvm/java-8-openjdk-amd64/jre/lib/amd64/server/libjvm.so
7f45702c4000-7f45702ed000 rw-p 00ce1000 08:04 400888                     /usr/lib/jvm/java-8-openjdk-amd64/jre/lib/amd64/server/libjvm.so
7f45702ed000-7f457031d000 rw-p 00000000 00:00 0 
7f457031d000-7f4570335000 r-xp 00000000 08:04 706063                     /lib/x86_64-linux-gnu/libpthread-2.23.so
7f4570335000-7f4570534000 ---p 00018000 08:04 706063                     /lib/x86_64-linux-gnu/libpthread-2.23.so
7f4570534000-7f4570535000 r--p 00017000 08:04 706063                     /lib/x86_64-linux-gnu/libpthread-2.23.so
7f4570535000-7f4570536000 rw-p 00018000 08:04 706063                     /lib/x86_64-linux-gnu/libpthread-2.23.so
7f4570536000-7f457053a000 rw-p 00000000 00:00 0 
7f457053a000-7f457053d000 r-xp 00000000 08:04 706052                     /lib/x86_64-linux-gnu/libdl-2.23.so
7f457053d000-7f457073c000 ---p 00003000 08:04 706052                     /lib/x86_64-linux-gnu/libdl-2.23.so
7f457073c000-7f457073d000 r--p 00002000 08:04 706052                     /lib/x86_64-linux-gnu/libdl-2.23.so
7f457073d000-7f457073e000 rw-p 00003000 08:04 706052                     /lib/x86_64-linux-gnu/libdl-2.23.so
7f457073e000-7f4570757000 r-xp 00000000 08:04 666710                     /lib/x86_64-linux-gnu/libz.so.1.2.8
7f4570757000-7f4570956000 ---p 00019000 08:04 666710                     /lib/x86_64-linux-gnu/libz.so.1.2.8
7f4570956000-7f4570957000 r--p 00018000 08:04 666710                     /lib/x86_64-linux-gnu/libz.so.1.2.8
7f4570957000-7f4570958000 rw-p 00019000 08:04 666710                     /lib/x86_64-linux-gnu/libz.so.1.2.8
7f4570958000-7f4570b17000 r-xp 00000000 08:04 706053                     /lib/x86_64-linux-gnu/libc-2.23.so
7f4570b17000-7f4570d17000 ---p 001bf000 08:04 706053                     /lib/x86_64-linux-gnu/libc-2.23.so
7f4570d17000-7f4570d1b000 r--p 001bf000 08:04 706053                     /lib/x86_64-linux-gnu/libc-2.23.so
7f4570d1b000-7f4570d1d000 rw-p 001c3000 08:04 706053                     /lib/x86_64-linux-gnu/libc-2.23.so
7f4570d1d000-7f4570d21000 rw-p 00000000 00:00 0 
7f4570d21000-7f4570d2e000 r-xp 00000000 08:04 400848                     /usr/lib/jvm/java-8-openjdk-amd64/jre/lib/amd64/jli/libjli.so
7f4570d2e000-7f4570f2e000 ---p 0000d000 08:04 400848                     /usr/lib/jvm/java-8-openjdk-amd64/jre/lib/amd64/jli/libjli.so
7f4570f2e000-7f4570f2f000 r--p 0000d000 08:04 400848                     /usr/lib/jvm/java-8-openjdk-amd64/jre/lib/amd64/jli/libjli.so
7f4570f2f000-7f4570f30000 rw-p 0000e000 08:04 400848                     /usr/lib/jvm/java-8-openjdk-amd64/jre/lib/amd64/jli/libjli.so
7f4570f30000-7f4570f56000 r-xp 00000000 08:04 671770                     /lib/x86_64-linux-gnu/ld-2.23.so
7f4570f56000-7f4570f58000 r--s 00008000 08:04 402149                     /usr/lib/jvm/java-8-openjdk-amd64/jre/lib/ext/sunec.jar
7f4570f58000-7f4571028000 rw-p 00000000 00:00 0 
7f4571028000-7f457102b000 ---p 00000000 00:00 0 
7f457102b000-7f457112e000 rw-p 00000000 00:00 0                          [stack:4690]
7f457112e000-7f4571131000 r--s 0000f000 08:04 402161                     /usr/lib/jvm/java-8-openjdk-amd64/jre/lib/ext/icedtea-sound.jar
7f4571131000-7f4571132000 r--s 0000a000 08:04 402143                     /usr/lib/jvm/java-8-openjdk-amd64/jre/lib/ext/jaccess.jar
7f4571132000-7f4571137000 r--s 0003b000 08:04 402127                     /usr/lib/jvm/java-8-openjdk-amd64/jre/lib/ext/sunjce_provider.jar
7f4571137000-7f4571149000 rw-p 00000000 00:00 0 
7f4571149000-7f4571151000 rw-s 00000000 08:04 655422                     /tmp/hsperfdata_mark/4686
7f4571151000-7f4571152000 rw-p 00000000 00:00 0 
7f4571152000-7f4571153000 r--p 00000000 00:00 0 
7f4571153000-7f4571155000 rw-p 00000000 00:00 0 
7f4571155000-7f4571156000 r--p 00025000 08:04 671770                     /lib/x86_64-linux-gnu/ld-2.23.so
7f4571156000-7f4571157000 rw-p 00026000 08:04 671770                     /lib/x86_64-linux-gnu/ld-2.23.so
7f4571157000-7f4571158000 rw-p 00000000 00:00 0 
7fffcef31000-7fffcef52000 rw-p 00000000 00:00 0                          [stack]
7fffcef90000-7fffcef92000 r--p 00000000 00:00 0                          [vvar]
7fffcef92000-7fffcef94000 r-xp 00000000 00:00 0                          [vdso]
ffffffffff600000-ffffffffff601000 r-xp 00000000 00:00 0                  [vsyscall]

VM Arguments:
jvm_args: -Dfile.encoding=UTF-8 
java_command: robotrace.RobotRace
java_class_path (initial): /home/mark/Documents/studie/2IV60 - Computer graphics/assignments/robotrace/RobotRace/lib/jogl-all.jar:/home/mark/Documents/studie/2IV60 - Computer graphics/assignments/robotrace/RobotRace/lib/gluegen-rt.jar:/home/mark/Documents/studie/2IV60 - Computer graphics/assignments/robotrace/RobotRace/lib/RobotRaceLibrary.jar:/home/mark/Documents/studie/2IV60 - Computer graphics/assignments/robotrace/RobotRace/build/classes
Launcher Type: SUN_STANDARD

Environment Variables:
PATH=/usr/local/sbin:/usr/local/bin:/usr/sbin:/usr/bin:/sbin:/bin:/usr/games:/usr/local/games:/snap/bin
LD_LIBRARY_PATH=/usr/lib/jvm/java-8-openjdk-amd64/bin/../jre/lib/amd64:/usr/lib/jvm/java-8-openjdk-amd64/bin/../jre/lib/i386:
SHELL=/bin/bash
DISPLAY=:0.0

Signal Handlers:
SIGSEGV: [libjvm.so+0xa65880], sa_mask[0]=11111111011111111101111111111110, sa_flags=SA_RESTART|SA_SIGINFO
SIGBUS: [libjvm.so+0xa65880], sa_mask[0]=11111111011111111101111111111110, sa_flags=SA_RESTART|SA_SIGINFO
SIGFPE: [libjvm.so+0x8af1c0], sa_mask[0]=11111111011111111101111111111110, sa_flags=SA_RESTART|SA_SIGINFO
SIGPIPE: [libjvm.so+0x8af1c0], sa_mask[0]=11111111011111111101111111111110, sa_flags=SA_RESTART|SA_SIGINFO
SIGXFSZ: [libjvm.so+0x8af1c0], sa_mask[0]=11111111011111111101111111111110, sa_flags=SA_RESTART|SA_SIGINFO
SIGILL: [libjvm.so+0x8af1c0], sa_mask[0]=11111111011111111101111111111110, sa_flags=SA_RESTART|SA_SIGINFO
SIGUSR1: SIG_DFL, sa_mask[0]=00000000000000000000000000000000, sa_flags=none
SIGUSR2: [libjvm.so+0x8af070], sa_mask[0]=00100000000000000000000000000000, sa_flags=SA_RESTART|SA_SIGINFO
SIGHUP: [libjvm.so+0x8af540], sa_mask[0]=11111111011111111101111111111110, sa_flags=SA_RESTART|SA_SIGINFO
SIGINT: SIG_IGN, sa_mask[0]=00000000000000000000000000000000, sa_flags=none
SIGTERM: [libjvm.so+0x8af540], sa_mask[0]=11111111011111111101111111111110, sa_flags=SA_RESTART|SA_SIGINFO
SIGQUIT: [libjvm.so+0x8af540], sa_mask[0]=11111111011111111101111111111110, sa_flags=SA_RESTART|SA_SIGINFO


---------------  S Y S T E M  ---------------

OS:DISTRIB_ID=Ubuntu
DISTRIB_RELEASE=16.04
DISTRIB_CODENAME=xenial
DISTRIB_DESCRIPTION="Ubuntu 16.04.1 LTS"

uname:Linux 4.4.8-040408-generic #201604200335 SMP Wed Apr 20 07:37:30 UTC 2016 x86_64
libc:glibc 2.23 NPTL 2.23 
rlimit: STACK 8192k, CORE 0k, NPROC 13950, NOFILE 65536, AS infinity
load average:3,41 3,33 1,96

/proc/meminfo:
MemTotal:        3660984 kB
MemFree:          341100 kB
MemAvailable:    1287760 kB
Buffers:           97348 kB
Cached:           980528 kB
SwapCached:            0 kB
Active:          2495960 kB
Inactive:         646716 kB
Active(anon):    1992912 kB
Inactive(anon):   231232 kB
Active(file):     503048 kB
Inactive(file):   415484 kB
Unevictable:         352 kB
Mlocked:             352 kB
SwapTotal:       5858300 kB
SwapFree:        5858300 kB
Dirty:              1276 kB
Writeback:             0 kB
AnonPages:       2065220 kB
Mapped:           424980 kB
Shmem:            159132 kB
Slab:              89392 kB
SReclaimable:      56376 kB
SUnreclaim:        33016 kB
KernelStack:        8000 kB
PageTables:        34108 kB
NFS_Unstable:          0 kB
Bounce:                0 kB
WritebackTmp:          0 kB
CommitLimit:     7688792 kB
Committed_AS:    4478884 kB
VmallocTotal:   34359738367 kB
VmallocUsed:           0 kB
VmallocChunk:          0 kB
HardwareCorrupted:     0 kB
AnonHugePages:   1081344 kB
CmaTotal:              0 kB
CmaFree:               0 kB
HugePages_Total:       0
HugePages_Free:        0
HugePages_Rsvd:        0
HugePages_Surp:        0
Hugepagesize:       2048 kB
DirectMap4k:      108468 kB
DirectMap2M:     3698688 kB


CPU:total 4 (2 cores per cpu, 2 threads per core) family 6 model 58 stepping 9, cmov, cx8, fxsr, mmx, sse, sse2, sse3, ssse3, sse4.1, sse4.2, popcnt, avx, clmul, erms, ht, tsc, tscinvbit, tscinv

/proc/cpuinfo:
processor	: 0
vendor_id	: GenuineIntel
cpu family	: 6
model		: 58
model name	: Intel(R) Core(TM) i5-3317U CPU @ 1.70GHz
stepping	: 9
microcode	: 0x17
cpu MHz		: 1599.992
cache size	: 3072 KB
physical id	: 0
siblings	: 4
core id		: 0
cpu cores	: 2
apicid		: 0
initial apicid	: 0
fpu		: yes
fpu_exception	: yes
cpuid level	: 13
wp		: yes
flags		: fpu vme de pse tsc msr pae mce cx8 apic sep mtrr pge mca cmov pat pse36 clflush dts acpi mmx fxsr sse sse2 ss ht tm pbe syscall nx rdtscp lm constant_tsc arch_perfmon pebs bts rep_good nopl xtopology nonstop_tsc aperfmperf eagerfpu pni pclmulqdq dtes64 monitor ds_cpl vmx est tm2 ssse3 cx16 xtpr pdcm pcid sse4_1 sse4_2 x2apic popcnt tsc_deadline_timer xsave avx f16c rdrand lahf_lm ida arat epb pln pts dtherm tpr_shadow vnmi flexpriority ept vpid fsgsbase smep erms xsaveopt
bugs		:
bogomips	: 3392.21
clflush size	: 64
cache_alignment	: 64
address sizes	: 36 bits physical, 48 bits virtual
power management:

processor	: 1
vendor_id	: GenuineIntel
cpu family	: 6
model		: 58
model name	: Intel(R) Core(TM) i5-3317U CPU @ 1.70GHz
stepping	: 9
microcode	: 0x17
cpu MHz		: 1599.992
cache size	: 3072 KB
physical id	: 0
siblings	: 4
core id		: 0
cpu cores	: 2
apicid		: 1
initial apicid	: 1
fpu		: yes
fpu_exception	: yes
cpuid level	: 13
wp		: yes
flags		: fpu vme de pse tsc msr pae mce cx8 apic sep mtrr pge mca cmov pat pse36 clflush dts acpi mmx fxsr sse sse2 ss ht tm pbe syscall nx rdtscp lm constant_tsc arch_perfmon pebs bts rep_good nopl xtopology nonstop_tsc aperfmperf eagerfpu pni pclmulqdq dtes64 monitor ds_cpl vmx est tm2 ssse3 cx16 xtpr pdcm pcid sse4_1 sse4_2 x2apic popcnt tsc_deadline_timer xsave avx f16c rdrand lahf_lm ida arat epb pln pts dtherm tpr_shadow vnmi flexpriority ept vpid fsgsbase smep erms xsaveopt
bugs		:
bogomips	: 3392.21
clflush size	: 64
cache_alignment	: 64
address sizes	: 36 bits physical, 48 bits virtual
power management:

processor	: 2
vendor_id	: GenuineIntel
cpu family	: 6
model		: 58
model name	: Intel(R) Core(TM) i5-3317U CPU @ 1.70GHz
stepping	: 9
microcode	: 0x17
cpu MHz		: 1599.992
cache size	: 3072 KB
physical id	: 0
siblings	: 4
core id		: 1
cpu cores	: 2
apicid		: 2
initial apicid	: 2
fpu		: yes
fpu_exception	: yes
cpuid level	: 13
wp		: yes
flags		: fpu vme de pse tsc msr pae mce cx8 apic sep mtrr pge mca cmov pat pse36 clflush dts acpi mmx fxsr sse sse2 ss ht tm pbe syscall nx rdtscp lm constant_tsc arch_perfmon pebs bts rep_good nopl xtopology nonstop_tsc aperfmperf eagerfpu pni pclmulqdq dtes64 monitor ds_cpl vmx est tm2 ssse3 cx16 xtpr pdcm pcid sse4_1 sse4_2 x2apic popcnt tsc_deadline_timer xsave avx f16c rdrand lahf_lm ida arat epb pln pts dtherm tpr_shadow vnmi flexpriority ept vpid fsgsbase smep erms xsaveopt
bugs		:
bogomips	: 3392.21
clflush size	: 64
cache_alignment	: 64
address sizes	: 36 bits physical, 48 bits virtual
power management:

processor	: 3
vendor_id	: GenuineIntel
cpu family	: 6
model		: 58
model name	: Intel(R) Core(TM) i5-3317U CPU @ 1.70GHz
stepping	: 9
microcode	: 0x17
cpu MHz		: 1599.992
cache size	: 3072 KB
physical id	: 0
siblings	: 4
core id		: 1
cpu cores	: 2
apicid		: 3
initial apicid	: 3
fpu		: yes
fpu_exception	: yes
cpuid level	: 13
wp		: yes
flags		: fpu vme de pse tsc msr pae mce cx8 apic sep mtrr pge mca cmov pat pse36 clflush dts acpi mmx fxsr sse sse2 ss ht tm pbe syscall nx rdtscp lm constant_tsc arch_perfmon pebs bts rep_good nopl xtopology nonstop_tsc aperfmperf eagerfpu pni pclmulqdq dtes64 monitor ds_cpl vmx est tm2 ssse3 cx16 xtpr pdcm pcid sse4_1 sse4_2 x2apic popcnt tsc_deadline_timer xsave avx f16c rdrand lahf_lm ida arat epb pln pts dtherm tpr_shadow vnmi flexpriority ept vpid fsgsbase smep erms xsaveopt
bugs		:
bogomips	: 3392.21
clflush size	: 64
cache_alignment	: 64
address sizes	: 36 bits physical, 48 bits virtual
power management:



Memory: 4k page, physical 3660984k(341100k free), swap 5858300k(5858300k free)

vm_info: OpenJDK 64-Bit Server VM (25.111-b14) for linux-amd64 JRE (1.8.0_111-8u111-b14-2ubuntu0.16.04.2-b14), built on Oct 27 2016 18:10:19 by "buildd" with gcc 5.4.0 20160609

time: Mon Jan  9 11:16:59 2017
elapsed time: 2 seconds (0d 0h 0m 2s)

