#
# A fatal error has been detected by the Java Runtime Environment:
#
#  SIGSEGV (0xb) at pc=0x00007f047cba4cfb, pid=3618, tid=0x00007f0494519700
#
# JRE version: OpenJDK Runtime Environment (8.0_111-b14) (build 1.8.0_111-8u111-b14-2ubuntu0.16.04.2-b14)
# Java VM: OpenJDK 64-Bit Server VM (25.111-b14 mixed mode linux-amd64 compressed oops)
# Problematic frame:
# C  [i965_dri.so+0x17ccfb]
#
# Failed to write core dump. Core dumps have been disabled. To enable core dumping, try "ulimit -c unlimited" before starting Java again
#
# If you would like to submit a bug report, please visit:
#   http://bugreport.java.com/bugreport/crash.jsp
# The crash happened outside the Java Virtual Machine in native code.
# See problematic frame for where to report the bug.
#

---------------  T H R E A D  ---------------

Current thread (0x00007f04e03c0000):  JavaThread "AWT-EventQueue-0" [_thread_in_native, id=3645, stack(0x00007f0494419000,0x00007f049451a000)]

siginfo: si_signo: 11 (SIGSEGV), si_code: 1 (SEGV_MAPERR), si_addr: 0x0000000000000000

Registers:
RAX=0x00007f0485126094, RBX=0x00007f0484142388, RCX=0x0000000000000000, RDX=0x00000000000008be
RSP=0x00007f0494515b40, RBP=0x0000000000000000, RSI=0x0000000000000010, RDI=0x00007f0485124e98
R8 =0x0000000000000000, R9 =0x00007f0485126094, R10=0x00007f04d0e0e748, R11=0x00007f0484184470
R12=0x0000000000000fff, R13=0x00007f0485124520, R14=0x00007f0494515c98, R15=0x00007f04e03c0000
RIP=0x00007f047cba4cfb, EFLAGS=0x0000000000010206, CSGSFS=0x0000000000000033, ERR=0x0000000000000004
  TRAPNO=0x000000000000000e

Top of Stack: (sp=0x00007f0494515b40)
0x00007f0494515b40:   00007f0400000000 00007f0494677540
0x00007f0494515b50:   00007f0494515bb0 0000000000000000
0x00007f0494515b60:   00007f0494677540 00007f047e4b7d6c
0x00007f0494515b70:   00007f0494515cc0 00000000ce19a100
0x00007f0494515b80:   0000000000000000 0000040800001200
0x00007f0494515b90:   00007f0494515c98 00007f04e03c01e0
0x00007f0494515ba0:   00007f047f133c60 0000000000000000
0x00007f0494515bb0:   00007f0494515c40 00007f04d0e0e774
0x00007f0494515bc0:   00007f0400000000 00007f047f133c60
0x00007f0494515bd0:   00007f0494515d00 00007f04946aaa58
0x00007f0494515be0:   00007f0494515c20 00007f047e4c48c5
0x00007f0494515bf0:   00007f0494515c90 00007f047f134c60
0x00007f0494515c00:   00007f0494515c00 0000000000000000
0x00007f0494515c10:   00007f0494515c98 00007f0494012028
0x00007f0494515c20:   0000000000000000 00007f0494677540
0x00007f0494515c30:   0000000000000000 00007f0494515c60
0x00007f0494515c40:   00007f0494515ce0 00007f04d0dfeffd
0x00007f0494515c50:   0000000000000000 00007f04d0e08278
0x00007f0494515c60:   00007f047f133c60 0000000000000000
0x00007f0494515c70:   0000000000000000 0000000000000000
0x00007f0494515c80:   0000000000000000 0000000000001200
0x00007f0494515c90:   0000000000000408 00000000ee7ec648
0x00007f0494515ca0:   00007f0494515ca0 00007f0494677647
0x00007f0494515cb0:   00007f0494515d20 00007f0494012028
0x00007f0494515cc0:   0000000000000000 00007f0494677660
0x00007f0494515cd0:   00007f0494515c60 00007f0494515d00
0x00007f0494515ce0:   00007f0494515d68 00007f04d0dff042
0x00007f0494515cf0:   00007f047f133c60 0000000000000000
0x00007f0494515d00:   0000000000000000 0000000000000000
0x00007f0494515d10:   0000000000001200 0000000000000408
0x00007f0494515d20:   00000000ee7ec648 00007f0494515d28
0x00007f0494515d30:   00007f04ce1a49fd 00007f0494515d98 

Instructions: (pc=0x00007f047cba4cfb)
0x00007f047cba4cdb:   00 04 0f 85 49 03 00 00 41 81 bd 74 27 00 00 06
0x00007f047cba4ceb:   14 00 00 0f 85 38 03 00 00 49 8b 85 e0 28 00 00
0x00007f047cba4cfb:   f3 0f 10 45 00 f3 0f 11 00 f3 0f 10 45 04 f3 0f
0x00007f047cba4d0b:   11 40 04 f3 0f 10 45 08 f3 0f 11 40 08 f3 0f 10 

Register to memory mapping:

RAX=0x00007f0485126094 is an unknown value
RBX=0x00007f0484142388 is an unknown value
RCX=0x0000000000000000 is an unknown value
RDX=0x00000000000008be is an unknown value
RSP=0x00007f0494515b40 is pointing into the stack for thread: 0x00007f04e03c0000
RBP=0x0000000000000000 is an unknown value
RSI=0x0000000000000010 is an unknown value
RDI=0x00007f0485124e98 is an unknown value
R8 =0x0000000000000000 is an unknown value
R9 =0x00007f0485126094 is an unknown value
R10=0x00007f04d0e0e748 is at code_begin+808 in an Interpreter codelet
method entry point (kind = native)  [0x00007f04d0e0e420, 0x00007f04d0e0ed20]  2304 bytes
R11=0x00007f0484184470 is an unknown value
R12=0x0000000000000fff is an unknown value
R13=0x00007f0485124520 is an unknown value
R14=0x00007f0494515c98 is pointing into the stack for thread: 0x00007f04e03c0000
R15=0x00007f04e03c0000 is a thread


Stack: [0x00007f0494419000,0x00007f049451a000],  sp=0x00007f0494515b40,  free space=1010k
Native frames: (J=compiled Java code, j=interpreted, Vv=VM code, C=native code)
C  [i965_dri.so+0x17ccfb]

Java frames: (J=compiled Java code, j=interpreted, Vv=VM code)
j  jogamp.opengl.gl4.GL4bcImpl.dispatch_glMaterialfv1(IILjava/lang/Object;IZJ)V+0
j  jogamp.opengl.gl4.GL4bcImpl.glMaterialfv(II[FI)V+111
j  robotrace.Robot.draw(Ljavax/media/opengl/GL2;Ljavax/media/opengl/glu/GLU;Lcom/jogamp/opengl/util/gl2/GLUT;F)V+21
j  robotrace.RobotRace.drawScene()V+258
j  robotrace.Base$GLEventDelegate.display(Ljavax/media/opengl/GLAutoDrawable;)V+96
j  jogamp.opengl.GLDrawableHelper.displayImpl(Ljavax/media/opengl/GLAutoDrawable;)V+81
j  jogamp.opengl.GLDrawableHelper.display(Ljavax/media/opengl/GLAutoDrawable;)V+2
j  javax.media.opengl.awt.GLJPanel$Updater.display(Ljavax/media/opengl/GLAutoDrawable;)V+200
j  javax.media.opengl.awt.GLJPanel$9.run()V+11
j  jogamp.opengl.GLDrawableHelper.invokeGLImpl(Ljavax/media/opengl/GLDrawable;Ljavax/media/opengl/GLContext;Ljava/lang/Runnable;Ljava/lang/Runnable;)V+203
j  jogamp.opengl.GLDrawableHelper.invokeGL(Ljavax/media/opengl/GLDrawable;Ljavax/media/opengl/GLContext;Ljava/lang/Runnable;Ljava/lang/Runnable;)V+72
j  javax.media.opengl.awt.GLJPanel$OffscreenBackend.doPaintComponent(Ljava/awt/Graphics;)V+29
j  javax.media.opengl.awt.GLJPanel.paintComponent(Ljava/awt/Graphics;)V+215
j  javax.swing.JComponent.paint(Ljava/awt/Graphics;)V+286
j  javax.swing.JComponent.paintChildren(Ljava/awt/Graphics;)V+501
j  javax.swing.JComponent.paint(Ljava/awt/Graphics;)V+318
j  javax.swing.JComponent.paintChildren(Ljava/awt/Graphics;)V+501
j  javax.swing.JComponent.paint(Ljava/awt/Graphics;)V+318
j  javax.swing.JLayeredPane.paint(Ljava/awt/Graphics;)V+73
j  javax.swing.JComponent.paintChildren(Ljava/awt/Graphics;)V+501
j  javax.swing.JComponent.paintToOffscreen(Ljava/awt/Graphics;IIIIII)V+72
j  javax.swing.BufferStrategyPaintManager.paint(Ljavax/swing/JComponent;Ljavax/swing/JComponent;Ljava/awt/Graphics;IIII)Z+164
j  javax.swing.RepaintManager.paint(Ljavax/swing/JComponent;Ljavax/swing/JComponent;Ljava/awt/Graphics;IIII)V+51
j  javax.swing.JComponent.paint(Ljava/awt/Graphics;)V+221
j  java.awt.GraphicsCallback$PaintCallback.run(Ljava/awt/Component;Ljava/awt/Graphics;)V+2
j  sun.awt.SunGraphicsCallback.runOneComponent(Ljava/awt/Component;Ljava/awt/Rectangle;Ljava/awt/Graphics;Ljava/awt/Shape;I)V+155
j  sun.awt.SunGraphicsCallback.runComponents([Ljava/awt/Component;Ljava/awt/Graphics;I)V+194
j  java.awt.Container.paint(Ljava/awt/Graphics;)V+58
j  java.awt.Window.paint(Ljava/awt/Graphics;)V+68
j  javax.swing.RepaintManager$4.run()Ljava/lang/Void;+142
j  javax.swing.RepaintManager$4.run()Ljava/lang/Object;+1
v  ~StubRoutines::call_stub
j  java.security.AccessController.doPrivileged(Ljava/security/PrivilegedAction;Ljava/security/AccessControlContext;)Ljava/lang/Object;+0
j  java.security.ProtectionDomain$JavaSecurityAccessImpl.doIntersectionPrivilege(Ljava/security/PrivilegedAction;Ljava/security/AccessControlContext;Ljava/security/AccessControlContext;)Ljava/lang/Object;+18
j  javax.swing.RepaintManager.paintDirtyRegions(Ljava/util/Map;)V+154
j  javax.swing.RepaintManager.paintDirtyRegions()V+46
j  javax.swing.RepaintManager.prePaintDirtyRegions()V+73
j  javax.swing.RepaintManager.access$1200(Ljavax/swing/RepaintManager;)V+1
j  javax.swing.RepaintManager$ProcessingRunnable.run()V+37
j  java.awt.event.InvocationEvent.dispatch()V+47
j  java.awt.EventQueue.dispatchEventImpl(Ljava/awt/AWTEvent;Ljava/lang/Object;)V+21
j  java.awt.EventQueue.access$500(Ljava/awt/EventQueue;Ljava/awt/AWTEvent;Ljava/lang/Object;)V+3
j  java.awt.EventQueue$3.run()Ljava/lang/Void;+32
j  java.awt.EventQueue$3.run()Ljava/lang/Object;+1
v  ~StubRoutines::call_stub
j  java.security.AccessController.doPrivileged(Ljava/security/PrivilegedAction;Ljava/security/AccessControlContext;)Ljava/lang/Object;+0
j  java.security.ProtectionDomain$JavaSecurityAccessImpl.doIntersectionPrivilege(Ljava/security/PrivilegedAction;Ljava/security/AccessControlContext;Ljava/security/AccessControlContext;)Ljava/lang/Object;+18
j  java.awt.EventQueue.dispatchEvent(Ljava/awt/AWTEvent;)V+46
j  java.awt.EventDispatchThread.pumpOneEventForFilters(I)V+245
j  java.awt.EventDispatchThread.pumpEventsForFilter(ILjava/awt/Conditional;Ljava/awt/EventFilter;)V+35
j  java.awt.EventDispatchThread.pumpEventsForHierarchy(ILjava/awt/Conditional;Ljava/awt/Component;)V+11
j  java.awt.EventDispatchThread.pumpEvents(ILjava/awt/Conditional;)V+4
j  java.awt.EventDispatchThread.pumpEvents(Ljava/awt/Conditional;)V+3
j  java.awt.EventDispatchThread.run()V+9
v  ~StubRoutines::call_stub

---------------  P R O C E S S  ---------------

Java Threads: ( => current thread )
  0x00007f04e000a000 JavaThread "DestroyJavaVM" [_thread_blocked, id=3620, stack(0x00007f04e73f8000,0x00007f04e74f9000)]
  0x00007f04e0b68800 JavaThread "main-FPSAWTAnimator#00-Timer0" [_thread_blocked, id=3647, stack(0x00007f047c0e8000,0x00007f047c1e9000)]
  0x00007f04e0485800 JavaThread "main-SharedResourceRunner" daemon [_thread_blocked, id=3646, stack(0x00007f047e34f000,0x00007f047e450000)]
=>0x00007f04e03c0000 JavaThread "AWT-EventQueue-0" [_thread_in_native, id=3645, stack(0x00007f0494419000,0x00007f049451a000)]
  0x00007f04e03bf000 JavaThread "AWT-Shutdown" [_thread_blocked, id=3644, stack(0x00007f0494f4b000,0x00007f049504c000)]
  0x00007f04e0379800 JavaThread "process reaper" daemon [_thread_blocked, id=3640, stack(0x00007f049504c000,0x00007f0495085000)]
  0x00007f04e02f0800 JavaThread "AWT-XAWT" daemon [_thread_in_native, id=3637, stack(0x00007f0495285000,0x00007f0495386000)]
  0x00007f04e0207800 JavaThread "Java2D Disposer" daemon [_thread_blocked, id=3636, stack(0x00007f04960cb000,0x00007f04961cc000)]
  0x00007f04e00c2800 JavaThread "Service Thread" daemon [_thread_blocked, id=3634, stack(0x00007f04cc137000,0x00007f04cc238000)]
  0x00007f04e00b3000 JavaThread "C1 CompilerThread2" daemon [_thread_in_vm, id=3633, stack(0x00007f04cc238000,0x00007f04cc339000)]
  0x00007f04e00b1000 JavaThread "C2 CompilerThread1" daemon [_thread_blocked, id=3632, stack(0x00007f04cc339000,0x00007f04cc43a000)]
  0x00007f04e00ae000 JavaThread "C2 CompilerThread0" daemon [_thread_blocked, id=3631, stack(0x00007f04cc43a000,0x00007f04cc53b000)]
  0x00007f04e00ac000 JavaThread "Signal Dispatcher" daemon [_thread_blocked, id=3630, stack(0x00007f04cc53b000,0x00007f04cc63c000)]
  0x00007f04e0083800 JavaThread "Finalizer" daemon [_thread_blocked, id=3629, stack(0x00007f04cc915000,0x00007f04cca16000)]
  0x00007f04e007f000 JavaThread "Reference Handler" daemon [_thread_blocked, id=3628, stack(0x00007f04cca16000,0x00007f04ccb17000)]

Other Threads:
  0x00007f04e0077800 VMThread [stack: 0x00007f04ccb17000,0x00007f04ccc18000] [id=3627]
  0x00007f04e00c5000 WatcherThread [stack: 0x00007f04cc036000,0x00007f04cc137000] [id=3635]

VM state:not at safepoint (normal execution)

VM Mutex/Monitor currently owned by a thread: None

Heap:
 PSYoungGen      total 16896K, used 10984K [0x00000000ed600000, 0x00000000ef700000, 0x0000000100000000)
  eden space 14848K, 60% used [0x00000000ed600000,0x00000000edebd888,0x00000000ee480000)
  from space 2048K, 99% used [0x00000000ee680000,0x00000000ee87c820,0x00000000ee880000)
  to   space 2048K, 0% used [0x00000000ee480000,0x00000000ee480000,0x00000000ee680000)
 ParOldGen       total 38400K, used 7662K [0x00000000c8200000, 0x00000000ca780000, 0x00000000ed600000)
  object space 38400K, 19% used [0x00000000c8200000,0x00000000c897b948,0x00000000ca780000)
 Metaspace       used 20325K, capacity 20541K, committed 20864K, reserved 1067008K
  class space    used 2235K, capacity 2318K, committed 2432K, reserved 1048576K

Card table byte_map: [0x00007f04d0877000,0x00007f04d0a37000] byte_map_base: 0x00007f04d0236000

Marking Bits: (ParMarkBitMap*) 0x00007f04e66d0220
 Begin Bits: [0x00007f04ce759000, 0x00007f04cf551000)
 End Bits:   [0x00007f04cf551000, 0x00007f04d0349000)

Polling page: 0x00007f04e7522000

CodeCache: size=245760Kb used=4639Kb max_used=4639Kb free=241120Kb
 bounds [0x00007f04d0df7000, 0x00007f04d1287000, 0x00007f04dfdf7000]
 total_blobs=2148 nmethods=1144 adapters=919
 compilation: enabled

Compilation events (10 events):
Event: 2,567 Thread 0x00007f04e00b3000 nmethod 1139 0x00007f04d1277210 code [0x00007f04d12773a0, 0x00007f04d12778e8]
Event: 2,567 Thread 0x00007f04e00b3000 1138       3       jogamp.opengl.gl4.GL4bcImpl::isGL2 (8 bytes)
Event: 2,568 Thread 0x00007f04e00b3000 nmethod 1138 0x00007f04d127e090 code [0x00007f04d127e200, 0x00007f04d127e570]
Event: 2,568 Thread 0x00007f04e00b3000 1140       3       jogamp.opengl.glu.GLUquadricImpl::cos (7 bytes)
Event: 2,568 Thread 0x00007f04e00b3000 nmethod 1140 0x00007f04d127e650 code [0x00007f04d127e7c0, 0x00007f04d127ec70]
Event: 2,568 Thread 0x00007f04e00b3000 1141       3       jogamp.opengl.gl4.GL4bcImpl::glVertex3f (55 bytes)
Event: 2,571 Thread 0x00007f04e00b3000 nmethod 1141 0x00007f04d127f410 code [0x00007f04d127f660, 0x00007f04d1280528]
Event: 2,571 Thread 0x00007f04e00b3000 1143       3       jogamp.opengl.glu.GLUquadricImpl::glNormal3f (101 bytes)
Event: 2,572 Thread 0x00007f04e00b3000 nmethod 1143 0x00007f04d1280ed0 code [0x00007f04d1281080, 0x00007f04d1281568]
Event: 2,572 Thread 0x00007f04e00b3000 1144       3       jogamp.opengl.gl4.GL4bcImpl::glNormal3f (55 bytes)

GC Heap History (4 events):
Event: 1,190 GC heap before
{Heap before GC invocations=1 (full 0):
 PSYoungGen      total 16896K, used 14848K [0x00000000ed600000, 0x00000000ee880000, 0x0000000100000000)
  eden space 14848K, 100% used [0x00000000ed600000,0x00000000ee480000,0x00000000ee480000)
  from space 2048K, 0% used [0x00000000ee680000,0x00000000ee680000,0x00000000ee880000)
  to   space 2048K, 0% used [0x00000000ee480000,0x00000000ee480000,0x00000000ee680000)
 ParOldGen       total 38400K, used 0K [0x00000000c8200000, 0x00000000ca780000, 0x00000000ed600000)
  object space 38400K, 0% used [0x00000000c8200000,0x00000000c8200000,0x00000000ca780000)
 Metaspace       used 14028K, capacity 14251K, committed 14464K, reserved 1062912K
  class space    used 1544K, capacity 1633K, committed 1664K, reserved 1048576K
Event: 1,200 GC heap after
Heap after GC invocations=1 (full 0):
 PSYoungGen      total 16896K, used 2031K [0x00000000ed600000, 0x00000000ee880000, 0x0000000100000000)
  eden space 14848K, 0% used [0x00000000ed600000,0x00000000ed600000,0x00000000ee480000)
  from space 2048K, 99% used [0x00000000ee480000,0x00000000ee67bc20,0x00000000ee680000)
  to   space 2048K, 0% used [0x00000000ee680000,0x00000000ee680000,0x00000000ee880000)
 ParOldGen       total 38400K, used 1339K [0x00000000c8200000, 0x00000000ca780000, 0x00000000ed600000)
  object space 38400K, 3% used [0x00000000c8200000,0x00000000c834ee18,0x00000000ca780000)
 Metaspace       used 14028K, capacity 14251K, committed 14464K, reserved 1062912K
  class space    used 1544K, capacity 1633K, committed 1664K, reserved 1048576K
}
Event: 2,016 GC heap before
{Heap before GC invocations=2 (full 0):
 PSYoungGen      total 16896K, used 16879K [0x00000000ed600000, 0x00000000ee880000, 0x0000000100000000)
  eden space 14848K, 100% used [0x00000000ed600000,0x00000000ee480000,0x00000000ee480000)
  from space 2048K, 99% used [0x00000000ee480000,0x00000000ee67bc20,0x00000000ee680000)
  to   space 2048K, 0% used [0x00000000ee680000,0x00000000ee680000,0x00000000ee880000)
 ParOldGen       total 38400K, used 1339K [0x00000000c8200000, 0x00000000ca780000, 0x00000000ed600000)
  object space 38400K, 3% used [0x00000000c8200000,0x00000000c834ee18,0x00000000ca780000)
 Metaspace       used 19929K, capacity 20125K, committed 20480K, reserved 1067008K
  class space    used 2206K, capacity 2286K, committed 2304K, reserved 1048576K
Event: 2,046 GC heap after
Heap after GC invocations=2 (full 0):
 PSYoungGen      total 16896K, used 2034K [0x00000000ed600000, 0x00000000ef700000, 0x0000000100000000)
  eden space 14848K, 0% used [0x00000000ed600000,0x00000000ed600000,0x00000000ee480000)
  from space 2048K, 99% used [0x00000000ee680000,0x00000000ee87c820,0x00000000ee880000)
  to   space 2048K, 0% used [0x00000000ee480000,0x00000000ee480000,0x00000000ee680000)
 ParOldGen       total 38400K, used 7662K [0x00000000c8200000, 0x00000000ca780000, 0x00000000ed600000)
  object space 38400K, 19% used [0x00000000c8200000,0x00000000c897b948,0x00000000ca780000)
 Metaspace       used 19929K, capacity 20125K, committed 20480K, reserved 1067008K
  class space    used 2206K, capacity 2286K, committed 2304K, reserved 1048576K
}

Deoptimization events (10 events):
Event: 1,522 Thread 0x00007f04e000a000 Uncommon trap: reason=unstable_if action=reinterpret pc=0x00007f04d10a4650 method=java.util.HashMap.getNode(ILjava/lang/Object;)Ljava/util/HashMap$Node; @ 84
Event: 1,526 Thread 0x00007f04e000a000 Uncommon trap: reason=unstable_if action=reinterpret pc=0x00007f04d10b7df0 method=java.lang.reflect.AccessibleObject.setAccessible0(Ljava/lang/reflect/AccessibleObject;Z)V @ 4
Event: 1,603 Thread 0x00007f04e000a000 Uncommon trap: reason=unstable_if action=reinterpret pc=0x00007f04d10af128 method=java.util.HashMap.putVal(ILjava/lang/Object;Ljava/lang/Object;ZZ)Ljava/lang/Object; @ 109
Event: 1,634 Thread 0x00007f04e000a000 Uncommon trap: reason=unstable_if action=reinterpret pc=0x00007f04d10b4148 method=java.util.HashMap.putVal(ILjava/lang/Object;Ljava/lang/Object;ZZ)Ljava/lang/Object; @ 109
Event: 2,075 Thread 0x00007f04e03c0000 Uncommon trap: reason=unstable_if action=reinterpret pc=0x00007f04d11b6498 method=java.io.BufferedInputStream.read()I @ 8
Event: 2,094 Thread 0x00007f04e03c0000 Uncommon trap: reason=unstable_if action=reinterpret pc=0x00007f04d11c2e28 method=java.io.BufferedInputStream.read()I @ 8
Event: 2,376 Thread 0x00007f04e03c0000 Uncommon trap: reason=unstable_if action=reinterpret pc=0x00007f04d121f2d0 method=jogamp.opengl.util.jpeg.JPEGDecoder.getPixel(Ljogamp/opengl/util/jpeg/JPEGDecoder$ColorSink;II)V @ 465
Event: 2,412 Thread 0x00007f04e03c0000 Uncommon trap: reason=unstable_if action=reinterpret pc=0x00007f04d11e7da8 method=jogamp.opengl.util.jpeg.JPEGDecoder$Output.quantizeAndInverse([I[B[I[I)V @ 98
Event: 2,413 Thread 0x00007f04e03c0000 Uncommon trap: reason=unstable_if action=reinterpret pc=0x00007f04d11e4084 method=jogamp.opengl.util.jpeg.JPEGDecoder$Output.quantizeAndInverse([I[B[I[I)V @ 68
Event: 2,465 Thread 0x00007f04e03c0000 Uncommon trap: reason=null_assert action=make_not_entrant pc=0x00007f04d1240b94 method=jogamp.opengl.util.jpeg.JPEGDecoder.getPixel(Ljogamp/opengl/util/jpeg/JPEGDecoder$ColorSink;II)V @ 28

Internal exceptions (10 events):
Event: 0,617 Thread 0x00007f04e000a000 Exception <a 'java/lang/ClassNotFoundException': ToolTip> (0x00000000ed9f2868) thrown at [/build/openjdk-8-8jAw7G/openjdk-8-8u111-b14/src/hotspot/src/share/vm/classfile/systemDictionary.cpp, line 210]
Event: 0,619 Thread 0x00007f04e000a000 Exception <a 'java/lang/ClassNotFoundException': Tree> (0x00000000ed9f34c0) thrown at [/build/openjdk-8-8jAw7G/openjdk-8-8u111-b14/src/hotspot/src/share/vm/classfile/systemDictionary.cpp, line 210]
Event: 0,619 Thread 0x00007f04e000a000 Exception <a 'java/lang/ClassNotFoundException': Tree> (0x00000000ed9f3c00) thrown at [/build/openjdk-8-8jAw7G/openjdk-8-8u111-b14/src/hotspot/src/share/vm/classfile/systemDictionary.cpp, line 210]
Event: 0,619 Thread 0x00007f04e000a000 Exception <a 'java/lang/ClassNotFoundException': javax/swing/JTreeCell> (0x00000000ed9f3f80) thrown at [/build/openjdk-8-8jAw7G/openjdk-8-8u111-b14/src/hotspot/src/share/vm/classfile/systemDictionary.cpp, line 210]
Event: 0,619 Thread 0x00007f04e000a000 Exception <a 'java/lang/ClassNotFoundException': TreeCell> (0x00000000ed9f4408) thrown at [/build/openjdk-8-8jAw7G/openjdk-8-8u111-b14/src/hotspot/src/share/vm/classfile/systemDictionary.cpp, line 210]
Event: 0,620 Thread 0x00007f04e000a000 Exception <a 'java/lang/ClassNotFoundException': RootPane> (0x00000000ed9f4ea8) thrown at [/build/openjdk-8-8jAw7G/openjdk-8-8u111-b14/src/hotspot/src/share/vm/classfile/systemDictionary.cpp, line 210]
Event: 0,645 Thread 0x00007f04e000a000 Exception <a 'java/lang/ClassNotFoundException': sun/dc/DuctusRenderingEngine> (0x00000000eda01418) thrown at [/build/openjdk-8-8jAw7G/openjdk-8-8u111-b14/src/hotspot/src/share/vm/classfile/systemDictionary.cpp, line 210]
Event: 0,753 Thread 0x00007f04e000a000 Implicit null exception at 0x00007f04d0fa2d75 to 0x00007f04d0fa3129
Event: 0,753 Thread 0x00007f04e000a000 Implicit null exception at 0x00007f04d0f9f3b4 to 0x00007f04d0f9f7b9
Event: 1,507 Thread 0x00007f04e000a000 Exception <a 'java/lang/InterruptedException'> (0x00000000ed9c0228) thrown at [/build/openjdk-8-8jAw7G/openjdk-8-8u111-b14/src/hotspot/src/share/vm/runtime/objectMonitor.cpp, line 1684]

Events (10 events):
Event: 2,531 loading class sun/nio/ch/ChannelInputStream
Event: 2,531 loading class sun/nio/ch/ChannelInputStream done
Event: 2,531 loading class java/nio/channels/SelectableChannel
Event: 2,531 loading class java/nio/channels/SelectableChannel done
Event: 2,561 loading class com/jogamp/opengl/math/VectorUtil
Event: 2,561 loading class com/jogamp/opengl/math/VectorUtil done
Event: 2,564 loading class jogamp/opengl/glu/GLUquadricImpl
Event: 2,564 loading class jogamp/opengl/glu/GLUquadricImpl done
Event: 2,572 loading class sun/awt/X11/XCrossingEvent
Event: 2,572 loading class sun/awt/X11/XCrossingEvent done


Dynamic libraries:
00400000-00401000 r-xp 00000000 08:04 403070                             /usr/lib/jvm/java-8-openjdk-amd64/jre/bin/java
00600000-00601000 r--p 00000000 08:04 403070                             /usr/lib/jvm/java-8-openjdk-amd64/jre/bin/java
00601000-00602000 rw-p 00001000 08:04 403070                             /usr/lib/jvm/java-8-openjdk-amd64/jre/bin/java
00cb0000-00cd1000 rw-p 00000000 00:00 0                                  [heap]
c8200000-ca780000 rw-p 00000000 00:00 0 
ca780000-ed600000 ---p 00000000 00:00 0 
ed600000-ef700000 rw-p 00000000 00:00 0 
ef700000-100000000 ---p 00000000 00:00 0 
100000000-100260000 rw-p 00000000 00:00 0 
100260000-140000000 ---p 00000000 00:00 0 
7f0470000000-7f0470021000 rw-p 00000000 00:00 0 
7f0470021000-7f0474000000 ---p 00000000 00:00 0 
7f0476fc5000-7f0477185000 rw-s 10222f000 00:06 2317                      /dev/dri/card0
7f0477185000-7f04772c5000 rw-s 1020b7000 00:06 2317                      /dev/dri/card0
7f04772c5000-7f04777c5000 rw-s 101bb7000 00:06 2317                      /dev/dri/card0
7f04777c5000-7f04779c5000 rw-p 00000000 00:00 0 
7f04779c5000-7f0477bc5000 rw-p 00000000 00:00 0 
7f0477bc5000-7f0477bc7000 r-xp 00000000 08:04 926990                     /usr/lib/x86_64-linux-gnu/libXinerama.so.1.0.0
7f0477bc7000-7f0477dc6000 ---p 00002000 08:04 926990                     /usr/lib/x86_64-linux-gnu/libXinerama.so.1.0.0
7f0477dc6000-7f0477dc7000 r--p 00001000 08:04 926990                     /usr/lib/x86_64-linux-gnu/libXinerama.so.1.0.0
7f0477dc7000-7f0477dc8000 rw-p 00002000 08:04 926990                     /usr/lib/x86_64-linux-gnu/libXinerama.so.1.0.0
7f0477dc8000-7f0477dff000 r-xp 00000000 08:04 927864                     /usr/lib/x86_64-linux-gnu/libtxc_dxtn_s2tc.so.0.0.0
7f0477dff000-7f0477ffe000 ---p 00037000 08:04 927864                     /usr/lib/x86_64-linux-gnu/libtxc_dxtn_s2tc.so.0.0.0
7f0477ffe000-7f0477fff000 r--p 00036000 08:04 927864                     /usr/lib/x86_64-linux-gnu/libtxc_dxtn_s2tc.so.0.0.0
7f0477fff000-7f0478000000 rw-p 00037000 08:04 927864                     /usr/lib/x86_64-linux-gnu/libtxc_dxtn_s2tc.so.0.0.0
7f0478000000-7f047a9d1000 rw-p 00000000 00:00 0 
7f047a9d1000-7f047c000000 ---p 00000000 00:00 0 
7f047c0b0000-7f047c0e8000 rw-s 1021f7000 00:06 2317                      /dev/dri/card0
7f047c0e8000-7f047c0eb000 ---p 00000000 00:00 0 
7f047c0eb000-7f047c1e9000 rw-p 00000000 00:00 0                          [stack:3647]
7f047c1e9000-7f047c1f1000 r-xp 00000000 08:04 938008                     /usr/lib/x86_64-linux-gnu/libpciaccess.so.0.11.1
7f047c1f1000-7f047c3f1000 ---p 00008000 08:04 938008                     /usr/lib/x86_64-linux-gnu/libpciaccess.so.0.11.1
7f047c3f1000-7f047c3f2000 r--p 00008000 08:04 938008                     /usr/lib/x86_64-linux-gnu/libpciaccess.so.0.11.1
7f047c3f2000-7f047c3f3000 rw-p 00009000 08:04 938008                     /usr/lib/x86_64-linux-gnu/libpciaccess.so.0.11.1
7f047c3f3000-7f047c3fe000 r-xp 00000000 08:04 922885                     /usr/lib/x86_64-linux-gnu/libdrm_radeon.so.1.0.1
7f047c3fe000-7f047c5fd000 ---p 0000b000 08:04 922885                     /usr/lib/x86_64-linux-gnu/libdrm_radeon.so.1.0.1
7f047c5fd000-7f047c5fe000 r--p 0000a000 08:04 922885                     /usr/lib/x86_64-linux-gnu/libdrm_radeon.so.1.0.1
7f047c5fe000-7f047c5ff000 rw-p 0000b000 08:04 922885                     /usr/lib/x86_64-linux-gnu/libdrm_radeon.so.1.0.1
7f047c5ff000-7f047c606000 r-xp 00000000 08:04 922879                     /usr/lib/x86_64-linux-gnu/libdrm_nouveau.so.2.0.0
7f047c606000-7f047c805000 ---p 00007000 08:04 922879                     /usr/lib/x86_64-linux-gnu/libdrm_nouveau.so.2.0.0
7f047c805000-7f047c806000 r--p 00006000 08:04 922879                     /usr/lib/x86_64-linux-gnu/libdrm_nouveau.so.2.0.0
7f047c806000-7f047c807000 rw-p 00007000 08:04 922879                     /usr/lib/x86_64-linux-gnu/libdrm_nouveau.so.2.0.0
7f047c807000-7f047c827000 r-xp 00000000 08:04 920881                     /usr/lib/x86_64-linux-gnu/libdrm_intel.so.1.0.0
7f047c827000-7f047ca26000 ---p 00020000 08:04 920881                     /usr/lib/x86_64-linux-gnu/libdrm_intel.so.1.0.0
7f047ca26000-7f047ca27000 r--p 0001f000 08:04 920881                     /usr/lib/x86_64-linux-gnu/libdrm_intel.so.1.0.0
7f047ca27000-7f047ca28000 rw-p 00020000 08:04 920881                     /usr/lib/x86_64-linux-gnu/libdrm_intel.so.1.0.0
7f047ca28000-7f047d02d000 r-xp 00000000 08:04 1050765                    /usr/lib/x86_64-linux-gnu/dri/i965_dri.so
7f047d02d000-7f047d22d000 ---p 00605000 08:04 1050765                    /usr/lib/x86_64-linux-gnu/dri/i965_dri.so
7f047d22d000-7f047d263000 r--p 00605000 08:04 1050765                    /usr/lib/x86_64-linux-gnu/dri/i965_dri.so
7f047d263000-7f047d26a000 rw-p 0063b000 08:04 1050765                    /usr/lib/x86_64-linux-gnu/dri/i965_dri.so
7f047d26a000-7f047d272000 rw-p 00000000 00:00 0 
7f047d272000-7f047d290000 r-xp 00000000 08:04 659990                     /lib/x86_64-linux-gnu/libudev.so.1.6.4
7f047d290000-7f047d291000 r--p 0001d000 08:04 659990                     /lib/x86_64-linux-gnu/libudev.so.1.6.4
7f047d291000-7f047d292000 rw-p 0001e000 08:04 659990                     /lib/x86_64-linux-gnu/libudev.so.1.6.4
7f047d292000-7f047d298000 r-xp 00000000 08:04 1050034                    /usr/lib/x86_64-linux-gnu/mesa-egl/libGLESv2.so.2.0.0
7f047d298000-7f047d498000 ---p 00006000 08:04 1050034                    /usr/lib/x86_64-linux-gnu/mesa-egl/libGLESv2.so.2.0.0
7f047d498000-7f047d499000 r--p 00006000 08:04 1050034                    /usr/lib/x86_64-linux-gnu/mesa-egl/libGLESv2.so.2.0.0
7f047d499000-7f047d49a000 rw-p 00007000 08:04 1050034                    /usr/lib/x86_64-linux-gnu/mesa-egl/libGLESv2.so.2.0.0
7f047d49a000-7f047d4df000 r-xp 00000000 08:04 656484                     /tmp/jogamp_0000/file_cache/jln2322286126887928544/jln2146789419008827484/libjogl_mobile.so
7f047d4df000-7f047d6df000 ---p 00045000 08:04 656484                     /tmp/jogamp_0000/file_cache/jln2322286126887928544/jln2146789419008827484/libjogl_mobile.so
7f047d6df000-7f047d6e0000 rw-p 00045000 08:04 656484                     /tmp/jogamp_0000/file_cache/jln2322286126887928544/jln2146789419008827484/libjogl_mobile.so
7f047d6e0000-7f047d6e7000 r-xp 00000000 08:04 920536                     /usr/lib/x86_64-linux-gnu/libffi.so.6.0.4
7f047d6e7000-7f047d8e6000 ---p 00007000 08:04 920536                     /usr/lib/x86_64-linux-gnu/libffi.so.6.0.4
7f047d8e6000-7f047d8e7000 r--p 00006000 08:04 920536                     /usr/lib/x86_64-linux-gnu/libffi.so.6.0.4
7f047d8e7000-7f047d8e8000 rw-p 00007000 08:04 920536                     /usr/lib/x86_64-linux-gnu/libffi.so.6.0.4
7f047d8e8000-7f047d8f4000 r-xp 00000000 08:04 922893                     /usr/lib/x86_64-linux-gnu/libgbm.so.1.0.0
7f047d8f4000-7f047daf4000 ---p 0000c000 08:04 922893                     /usr/lib/x86_64-linux-gnu/libgbm.so.1.0.0
7f047daf4000-7f047daf5000 r--p 0000c000 08:04 922893                     /usr/lib/x86_64-linux-gnu/libgbm.so.1.0.0
7f047daf5000-7f047daf6000 rw-p 0000d000 08:04 922893                     /usr/lib/x86_64-linux-gnu/libgbm.so.1.0.0
7f047daf6000-7f047db05000 r-xp 00000000 08:04 926960                     /usr/lib/x86_64-linux-gnu/libwayland-server.so.0.1.0
7f047db05000-7f047dd04000 ---p 0000f000 08:04 926960                     /usr/lib/x86_64-linux-gnu/libwayland-server.so.0.1.0
7f047dd04000-7f047dd06000 r--p 0000e000 08:04 926960                     /usr/lib/x86_64-linux-gnu/libwayland-server.so.0.1.0
7f047dd06000-7f047dd07000 rw-p 00010000 08:04 926960                     /usr/lib/x86_64-linux-gnu/libwayland-server.so.0.1.0
7f047dd07000-7f047dd13000 r-xp 00000000 08:04 927222                     /usr/lib/x86_64-linux-gnu/libwayland-client.so.0.3.0
7f047dd13000-7f047df12000 ---p 0000c000 08:04 927222                     /usr/lib/x86_64-linux-gnu/libwayland-client.so.0.3.0
7f047df12000-7f047df14000 r--p 0000b000 08:04 927222                     /usr/lib/x86_64-linux-gnu/libwayland-client.so.0.3.0
7f047df14000-7f047df15000 rw-p 0000d000 08:04 927222                     /usr/lib/x86_64-linux-gnu/libwayland-client.so.0.3.0
7f047df15000-7f047df1b000 r-xp 00000000 08:04 930523                     /usr/lib/x86_64-linux-gnu/libxcb-xfixes.so.0.0.0
7f047df1b000-7f047e11b000 ---p 00006000 08:04 930523                     /usr/lib/x86_64-linux-gnu/libxcb-xfixes.so.0.0.0
7f047e11b000-7f047e11c000 r--p 00006000 08:04 930523                     /usr/lib/x86_64-linux-gnu/libxcb-xfixes.so.0.0.0
7f047e11c000-7f047e11d000 rw-p 00007000 08:04 930523                     /usr/lib/x86_64-linux-gnu/libxcb-xfixes.so.0.0.0
7f047e11d000-7f047e14d000 r-xp 00000000 08:04 1048652                    /usr/lib/x86_64-linux-gnu/mesa-egl/libEGL.so.1.0.0
7f047e14d000-7f047e34d000 ---p 00030000 08:04 1048652                    /usr/lib/x86_64-linux-gnu/mesa-egl/libEGL.so.1.0.0
7f047e34d000-7f047e34e000 r--p 00030000 08:04 1048652                    /usr/lib/x86_64-linux-gnu/mesa-egl/libEGL.so.1.0.0
7f047e34e000-7f047e34f000 rw-p 00031000 08:04 1048652                    /usr/lib/x86_64-linux-gnu/mesa-egl/libEGL.so.1.0.0
7f047e34f000-7f047e352000 ---p 00000000 00:00 0 
7f047e352000-7f047e450000 rw-p 00000000 00:00 0                          [stack:3646]
7f047e450000-7f047e4f5000 r-xp 00000000 08:04 656483                     /tmp/jogamp_0000/file_cache/jln2322286126887928544/jln2146789419008827484/libjogl_desktop.so
7f047e4f5000-7f047e6f5000 ---p 000a5000 08:04 656483                     /tmp/jogamp_0000/file_cache/jln2322286126887928544/jln2146789419008827484/libjogl_desktop.so
7f047e6f5000-7f047e6f6000 rw-p 000a5000 08:04 656483                     /tmp/jogamp_0000/file_cache/jln2322286126887928544/jln2146789419008827484/libjogl_desktop.so
7f047e6f6000-7f047e704000 r-xp 00000000 08:04 921029                     /usr/lib/x86_64-linux-gnu/libdrm.so.2.4.0
7f047e704000-7f047e903000 ---p 0000e000 08:04 921029                     /usr/lib/x86_64-linux-gnu/libdrm.so.2.4.0
7f047e903000-7f047e904000 r--p 0000d000 08:04 921029                     /usr/lib/x86_64-linux-gnu/libdrm.so.2.4.0
7f047e904000-7f047e905000 rw-p 0000e000 08:04 921029                     /usr/lib/x86_64-linux-gnu/libdrm.so.2.4.0
7f047e905000-7f047e909000 r-xp 00000000 08:04 928384                     /usr/lib/x86_64-linux-gnu/libxcb-dri2.so.0.0.0
7f047e909000-7f047eb08000 ---p 00004000 08:04 928384                     /usr/lib/x86_64-linux-gnu/libxcb-dri2.so.0.0.0
7f047eb08000-7f047eb09000 r--p 00003000 08:04 928384                     /usr/lib/x86_64-linux-gnu/libxcb-dri2.so.0.0.0
7f047eb09000-7f047eb0a000 rw-p 00004000 08:04 928384                     /usr/lib/x86_64-linux-gnu/libxcb-dri2.so.0.0.0
7f047eb0a000-7f047eb21000 r-xp 00000000 08:04 921398                     /usr/lib/x86_64-linux-gnu/libxcb-glx.so.0.0.0
7f047eb21000-7f047ed20000 ---p 00017000 08:04 921398                     /usr/lib/x86_64-linux-gnu/libxcb-glx.so.0.0.0
7f047ed20000-7f047ed22000 r--p 00016000 08:04 921398                     /usr/lib/x86_64-linux-gnu/libxcb-glx.so.0.0.0
7f047ed22000-7f047ed23000 rw-p 00018000 08:04 921398                     /usr/lib/x86_64-linux-gnu/libxcb-glx.so.0.0.0
7f047ed23000-7f047ed24000 r-xp 00000000 08:04 920982                     /usr/lib/x86_64-linux-gnu/libX11-xcb.so.1.0.0
7f047ed24000-7f047ef23000 ---p 00001000 08:04 920982                     /usr/lib/x86_64-linux-gnu/libX11-xcb.so.1.0.0
7f047ef23000-7f047ef24000 r--p 00000000 08:04 920982                     /usr/lib/x86_64-linux-gnu/libX11-xcb.so.1.0.0
7f047ef24000-7f047ef25000 rw-p 00001000 08:04 920982                     /usr/lib/x86_64-linux-gnu/libX11-xcb.so.1.0.0
7f047ef25000-7f047ef27000 r-xp 00000000 08:04 926976                     /usr/lib/x86_64-linux-gnu/libXdamage.so.1.1.0
7f047ef27000-7f047f126000 ---p 00002000 08:04 926976                     /usr/lib/x86_64-linux-gnu/libXdamage.so.1.1.0
7f047f126000-7f047f127000 r--p 00001000 08:04 926976                     /usr/lib/x86_64-linux-gnu/libXdamage.so.1.1.0
7f047f127000-7f047f128000 rw-p 00002000 08:04 926976                     /usr/lib/x86_64-linux-gnu/libXdamage.so.1.1.0
7f047f128000-7f047f151000 r-xp 00000000 08:04 921441                     /usr/lib/x86_64-linux-gnu/libglapi.so.0.0.0
7f047f151000-7f047f350000 ---p 00029000 08:04 921441                     /usr/lib/x86_64-linux-gnu/libglapi.so.0.0.0
7f047f350000-7f047f354000 r--p 00028000 08:04 921441                     /usr/lib/x86_64-linux-gnu/libglapi.so.0.0.0
7f047f354000-7f047f355000 rw-p 0002c000 08:04 921441                     /usr/lib/x86_64-linux-gnu/libglapi.so.0.0.0
7f047f355000-7f047f356000 rw-p 00000000 00:00 0 
7f047f356000-7f047f357000 r-xp 00000000 08:04 927949                     /usr/lib/x86_64-linux-gnu/libxshmfence.so.1.0.0
7f047f357000-7f047f557000 ---p 00001000 08:04 927949                     /usr/lib/x86_64-linux-gnu/libxshmfence.so.1.0.0
7f047f557000-7f047f558000 r--p 00001000 08:04 927949                     /usr/lib/x86_64-linux-gnu/libxshmfence.so.1.0.0
7f047f558000-7f047f559000 rw-p 00002000 08:04 927949                     /usr/lib/x86_64-linux-gnu/libxshmfence.so.1.0.0
7f047f559000-7f047f55e000 r-xp 00000000 08:04 921290                     /usr/lib/x86_64-linux-gnu/libxcb-sync.so.1.0.0
7f047f55e000-7f047f75e000 ---p 00005000 08:04 921290                     /usr/lib/x86_64-linux-gnu/libxcb-sync.so.1.0.0
7f047f75e000-7f047f75f000 r--p 00005000 08:04 921290                     /usr/lib/x86_64-linux-gnu/libxcb-sync.so.1.0.0
7f047f75f000-7f047f760000 rw-p 00006000 08:04 921290                     /usr/lib/x86_64-linux-gnu/libxcb-sync.so.1.0.0
7f047f760000-7f047f762000 r-xp 00000000 08:04 921415                     /usr/lib/x86_64-linux-gnu/libxcb-present.so.0.0.0
7f047f762000-7f047f961000 ---p 00002000 08:04 921415                     /usr/lib/x86_64-linux-gnu/libxcb-present.so.0.0.0
7f047f961000-7f047f962000 r--p 00001000 08:04 921415                     /usr/lib/x86_64-linux-gnu/libxcb-present.so.0.0.0
7f047f962000-7f047f963000 rw-p 00002000 08:04 921415                     /usr/lib/x86_64-linux-gnu/libxcb-present.so.0.0.0
7f047f963000-7f047f965000 r-xp 00000000 08:04 921076                     /usr/lib/x86_64-linux-gnu/libxcb-dri3.so.0.0.0
7f047f965000-7f047fb64000 ---p 00002000 08:04 921076                     /usr/lib/x86_64-linux-gnu/libxcb-dri3.so.0.0.0
7f047fb64000-7f047fb65000 r--p 00001000 08:04 921076                     /usr/lib/x86_64-linux-gnu/libxcb-dri3.so.0.0.0
7f047fb65000-7f047fb66000 rw-p 00002000 08:04 921076                     /usr/lib/x86_64-linux-gnu/libxcb-dri3.so.0.0.0
7f047fb66000-7f047fb8c000 r-xp 00000000 08:04 655697                     /lib/x86_64-linux-gnu/libexpat.so.1.6.0
7f047fb8c000-7f047fd8c000 ---p 00026000 08:04 655697                     /lib/x86_64-linux-gnu/libexpat.so.1.6.0
7f047fd8c000-7f047fd8e000 r--p 00026000 08:04 655697                     /lib/x86_64-linux-gnu/libexpat.so.1.6.0
7f047fd8e000-7f047fd8f000 rw-p 00028000 08:04 655697                     /lib/x86_64-linux-gnu/libexpat.so.1.6.0
7f047fd8f000-7f047fdfc000 r-xp 00000000 08:04 1048606                    /usr/lib/x86_64-linux-gnu/mesa/libGL.so.1.2.0
7f047fdfc000-7f047fffb000 ---p 0006d000 08:04 1048606                    /usr/lib/x86_64-linux-gnu/mesa/libGL.so.1.2.0
7f047fffb000-7f047fffe000 r--p 0006c000 08:04 1048606                    /usr/lib/x86_64-linux-gnu/mesa/libGL.so.1.2.0
7f047fffe000-7f047ffff000 rw-p 0006f000 08:04 1048606                    /usr/lib/x86_64-linux-gnu/mesa/libGL.so.1.2.0
7f047ffff000-7f0480000000 rw-p 00000000 00:00 0 
7f0480000000-7f0480021000 rw-p 00000000 00:00 0 
7f0480021000-7f0484000000 ---p 00000000 00:00 0 
7f0484000000-7f0485ebd000 rw-p 00000000 00:00 0 
7f0485ebd000-7f0488000000 ---p 00000000 00:00 0 
7f0488000000-7f0488021000 rw-p 00000000 00:00 0 
7f0488021000-7f048c000000 ---p 00000000 00:00 0 
7f048c000000-7f048c021000 rw-p 00000000 00:00 0 
7f048c021000-7f0490000000 ---p 00000000 00:00 0 
7f0490000000-7f0490021000 rw-p 00000000 00:00 0 
7f0490021000-7f0494000000 ---p 00000000 00:00 0 
7f0494002000-7f0494012000 rw-s 00000000 00:05 46151                      /drm mm object (deleted)
7f0494012000-7f0494212000 rw-p 00000000 00:00 0 
7f0494212000-7f0494219000 r-xp 00000000 08:04 656489                     /tmp/jogamp_0000/file_cache/jln2322286126887928544/jln2146789419008827484/libnativewindow_x11.so
7f0494219000-7f0494418000 ---p 00007000 08:04 656489                     /tmp/jogamp_0000/file_cache/jln2322286126887928544/jln2146789419008827484/libnativewindow_x11.so
7f0494418000-7f0494419000 rw-p 00006000 08:04 656489                     /tmp/jogamp_0000/file_cache/jln2322286126887928544/jln2146789419008827484/libnativewindow_x11.so
7f0494419000-7f049441c000 ---p 00000000 00:00 0 
7f049441c000-7f049471a000 rw-p 00000000 00:00 0                          [stack:3645]
7f049471a000-7f049471f000 r-xp 00000000 08:04 928266                     /usr/lib/x86_64-linux-gnu/libXxf86vm.so.1.0.0
7f049471f000-7f049491e000 ---p 00005000 08:04 928266                     /usr/lib/x86_64-linux-gnu/libXxf86vm.so.1.0.0
7f049491e000-7f049491f000 r--p 00004000 08:04 928266                     /usr/lib/x86_64-linux-gnu/libXxf86vm.so.1.0.0
7f049491f000-7f0494920000 rw-p 00005000 08:04 928266                     /usr/lib/x86_64-linux-gnu/libXxf86vm.so.1.0.0
7f0494925000-7f0494935000 rw-s 1023ef000 00:06 2317                      /dev/dri/card0
7f0494935000-7f049493d000 rw-s 00000000 00:05 44247                      /drm mm object (deleted)
7f049493d000-7f0494945000 rw-s 00000000 00:05 46124                      /drm mm object (deleted)
7f0494945000-7f0494947000 r-xp 00000000 08:04 656488                     /tmp/jogamp_0000/file_cache/jln2322286126887928544/jln2146789419008827484/libnativewindow_awt.so
7f0494947000-7f0494b46000 ---p 00002000 08:04 656488                     /tmp/jogamp_0000/file_cache/jln2322286126887928544/jln2146789419008827484/libnativewindow_awt.so
7f0494b46000-7f0494b47000 rw-p 00001000 08:04 656488                     /tmp/jogamp_0000/file_cache/jln2322286126887928544/jln2146789419008827484/libnativewindow_awt.so
7f0494b47000-7f0494b48000 r-xp 00000000 08:04 402107                     /usr/lib/jvm/java-8-openjdk-amd64/jre/lib/amd64/libjawt.so
7f0494b48000-7f0494d47000 ---p 00001000 08:04 402107                     /usr/lib/jvm/java-8-openjdk-amd64/jre/lib/amd64/libjawt.so
7f0494d47000-7f0494d48000 r--p 00000000 08:04 402107                     /usr/lib/jvm/java-8-openjdk-amd64/jre/lib/amd64/libjawt.so
7f0494d48000-7f0494d49000 rw-p 00001000 08:04 402107                     /usr/lib/jvm/java-8-openjdk-amd64/jre/lib/amd64/libjawt.so
7f0494d49000-7f0494d4b000 r-xp 00000000 08:04 656482                     /tmp/jogamp_0000/file_cache/jln2322286126887928544/jln2146789419008827484/libgluegen-rt.so
7f0494d4b000-7f0494f4a000 ---p 00002000 08:04 656482                     /tmp/jogamp_0000/file_cache/jln2322286126887928544/jln2146789419008827484/libgluegen-rt.so
7f0494f4a000-7f0494f4b000 rw-p 00001000 08:04 656482                     /tmp/jogamp_0000/file_cache/jln2322286126887928544/jln2146789419008827484/libgluegen-rt.so
7f0494f4b000-7f0494f4e000 ---p 00000000 00:00 0 
7f0494f4e000-7f049504c000 rw-p 00000000 00:00 0                          [stack:3644]
7f049504c000-7f049504f000 ---p 00000000 00:00 0 
7f049504f000-7f0495285000 rw-p 00000000 00:00 0                          [stack:3640]
7f0495285000-7f0495288000 ---p 00000000 00:00 0 
7f0495288000-7f0495386000 rw-p 00000000 00:00 0                          [stack:3637]
7f0495386000-7f049538b000 r-xp 00000000 08:04 926982                     /usr/lib/x86_64-linux-gnu/libXfixes.so.3.1.0
7f049538b000-7f049558a000 ---p 00005000 08:04 926982                     /usr/lib/x86_64-linux-gnu/libXfixes.so.3.1.0
7f049558a000-7f049558b000 r--p 00004000 08:04 926982                     /usr/lib/x86_64-linux-gnu/libXfixes.so.3.1.0
7f049558b000-7f049558c000 rw-p 00005000 08:04 926982                     /usr/lib/x86_64-linux-gnu/libXfixes.so.3.1.0
7f049558c000-7f0495593000 r--s 00000000 08:04 277021                     /var/cache/fontconfig/4be9850f182b35c1350b6bbf2e42601c-le64.cache-6
7f0495593000-7f0495595000 r--s 00000000 08:04 287161                     /var/cache/fontconfig/30a99c4256905863f7aa12b5e873c27c-le64.cache-6
7f0495595000-7f0495596000 r--s 00000000 08:04 264011                     /var/cache/fontconfig/087e1975ba9a574b140bb1df193bf770-le64.cache-6
7f0495596000-7f049559a000 r--s 00000000 08:04 286461                     /var/cache/fontconfig/6aa41aa22e18b8fa06a12da28ea9c28b-le64.cache-6
7f049559a000-7f04955a5000 r--s 00000000 08:04 270437                     /var/cache/fontconfig/945677eb7aeaf62f1d50efc3fb3ec7d8-le64.cache-6
7f04955a5000-7f04955a7000 r--s 00000000 08:04 285734                     /var/cache/fontconfig/99e8ed0e538f840c565b6ed5dad60d56-le64.cache-6
7f04955a7000-7f04955b0000 r--s 00000000 08:04 282994                     /var/cache/fontconfig/a6d8cf8e4ec09cdbc8633c31745a07dd-le64.cache-6
7f04955b0000-7f04955b6000 r--s 00000000 08:04 282956                     /var/cache/fontconfig/2cd17615ca594fa2959ae173292e504c-le64.cache-6
7f04955b6000-7f04955b7000 r--s 00000000 08:04 280806                     /var/cache/fontconfig/0d8c3b2ac0904cb8a57a757ad11a4a08-le64.cache-6
7f04955b7000-7f04955be000 r--s 00000000 08:04 280320                     /var/cache/fontconfig/a755afe4a08bf5b97852ceb7400b47bc-le64.cache-6
7f04955be000-7f04955d3000 r--s 00000000 08:04 280318                     /var/cache/fontconfig/04aabc0a78ac019cf9454389977116d2-le64.cache-6
7f04955d3000-7f04955d4000 r--s 00000000 08:04 280285                     /var/cache/fontconfig/1ac9eb803944fde146138c791f5cc56a-le64.cache-6
7f04955d4000-7f04955d5000 r--s 00000000 08:04 280281                     /var/cache/fontconfig/b95bc8ffbebda2bbdae4265e45b8178d-le64.cache-6
7f04955d5000-7f04955d9000 r--s 00000000 08:04 278157                     /var/cache/fontconfig/385c0604a188198f04d133e54aba7fe7-le64.cache-6
7f04955d9000-7f04955da000 r--s 00000000 08:04 278153                     /var/cache/fontconfig/9c956a7723ca69a44b382d9179c9802f-le64.cache-6
7f04955da000-7f04955db000 r--s 00000000 08:04 277155                     /var/cache/fontconfig/dc05db6664285cc2f12bf69c139ae4c3-le64.cache-6
7f04955db000-7f04955dc000 r--s 00000000 08:04 277006                     /var/cache/fontconfig/5d1cca7074f29429a8d18692746c2426-le64.cache-6
7f04955dc000-7f04955df000 r--s 00000000 08:04 277005                     /var/cache/fontconfig/767a8244fc0220cfb567a839d0392e0b-le64.cache-6
7f04955df000-7f04955e0000 r--s 00000000 08:04 276728                     /var/cache/fontconfig/4794a0821666d79190d59a36cb4f44b5-le64.cache-6
7f04955e0000-7f04955e1000 r--s 00000000 08:04 276581                     /var/cache/fontconfig/9eae20f1ff8cc0a7d125749e875856bd-le64.cache-6
7f04955e1000-7f0495608000 r--s 00000000 08:04 276440                     /var/cache/fontconfig/0bd3dc0958fa2205aaaa8ebb13e2872b-le64.cache-6
7f0495608000-7f049560b000 r--s 00000000 08:04 276362                     /var/cache/fontconfig/bf2c1853a9e9b00bb02fe2e9bcf1e201-le64.cache-6
7f049560b000-7f0495610000 r--s 00000000 08:04 276301                     /var/cache/fontconfig/8801497958630a81b71ace7c5f9b32a8-le64.cache-6
7f0495610000-7f049564b000 r--s 00000000 08:04 276290                     /var/cache/fontconfig/365b55f210c0a22e9a19e35191240f32-le64.cache-6
7f049564b000-7f049564f000 r--s 00000000 08:04 276237                     /var/cache/fontconfig/c57959a16110560c8d0fcea73374aeeb-le64.cache-6
7f049564f000-7f0495650000 r--s 00000000 08:04 276049                     /var/cache/fontconfig/bab58bb527bb656aaa9f116d68a48d89-le64.cache-6
7f0495650000-7f0495657000 r--s 00000000 08:04 275977                     /var/cache/fontconfig/3047814df9a2f067bd2d96a2b9c36e5a-le64.cache-6
7f0495657000-7f049565f000 r--s 00000000 08:04 275905                     /var/cache/fontconfig/bf3b770c553c462765856025a94f1ce6-le64.cache-6
7f049565f000-7f0495660000 r--s 00000000 08:04 275866                     /var/cache/fontconfig/56cf4f4769d0f4abc89a4895d7bd3ae1-le64.cache-6
7f0495660000-7f0495661000 r--s 00000000 08:04 275856                     /var/cache/fontconfig/b9d506c9ac06c20b433354fa67a72993-le64.cache-6
7f0495661000-7f0495667000 r--s 00000000 08:04 275803                     /var/cache/fontconfig/b47c4e1ecd0709278f4910c18777a504-le64.cache-6
7f0495667000-7f049566a000 r--s 00000000 08:04 275785                     /var/cache/fontconfig/14d493b97896515cad3840ba4896e372-le64.cache-6
7f049566a000-7f0495672000 r--s 00000000 08:04 275548                     /var/cache/fontconfig/52f7bdb7ce746bfd7eaa1985bd9cfa93-le64.cache-6
7f0495672000-7f0495675000 r--s 00000000 08:04 275540                     /var/cache/fontconfig/e49e89034d371f0f9de17aab02136486-le64.cache-6
7f0495675000-7f0495677000 r--s 00000000 08:04 275349                     /var/cache/fontconfig/4b14b093aebc79c320de5e86ae1d3314-le64.cache-6
7f0495677000-7f0495678000 r--s 00000000 08:04 275344                     /var/cache/fontconfig/8aec10f4cc8391dcef22ca549f1e4354-le64.cache-6
7f0495678000-7f049568b000 r--s 00000000 08:04 275343                     /var/cache/fontconfig/d52a8644073d54c13679302ca1180695-le64.cache-6
7f049568b000-7f049568c000 r--s 00000000 08:04 275340                     /var/cache/fontconfig/551ecf3b0e8b0bca0f25c0944f561853-le64.cache-6
7f049568c000-7f049568d000 r--s 00000000 08:04 275236                     /var/cache/fontconfig/8a687c406b77f27d99abfeeba937fcce-le64.cache-6
7f049568d000-7f0495692000 r--s 00000000 08:04 275225                     /var/cache/fontconfig/75ad6aa2358a85f0de2c8ee4837e8227-le64.cache-6
7f0495692000-7f049569c000 r--s 00000000 08:04 275203                     /var/cache/fontconfig/3f7329c5293ffd510edef78f73874cfd-le64.cache-6
7f049569c000-7f049569d000 r--s 00000000 08:04 275173                     /var/cache/fontconfig/ac2cf712d852da827a87a9baf682f5b9-le64.cache-6
7f049569d000-7f049569f000 r--s 00000000 08:04 275166                     /var/cache/fontconfig/65f976e5259cbe6dc7697b8648396239-le64.cache-6
7f049569f000-7f04956aa000 r--s 00000000 08:04 275147                     /var/cache/fontconfig/d589a48862398ed80a3d6066f4f56f4c-le64.cache-6
7f04956aa000-7f04956ae000 r--s 00000000 08:04 275114                     /var/cache/fontconfig/246184dc75a16901ca37d96895904249-le64.cache-6
7f04956ae000-7f04956af000 r--s 00000000 08:04 274977                     /var/cache/fontconfig/94f7fe9bd33aadfac165873bd010d595-le64.cache-6
7f04956af000-7f04956b1000 r--s 00000000 08:04 274974                     /var/cache/fontconfig/423767150eb258c59035de29db6fca84-le64.cache-6
7f04956b1000-7f04956b2000 r--s 00000000 08:04 274939                     /var/cache/fontconfig/845c20fd2c4814bcec78e05d37a63ccc-le64.cache-6
7f04956b2000-7f04956b3000 r--s 00000000 08:04 274927                     /var/cache/fontconfig/e7de81b01590fb7e12b38e274e17d0db-le64.cache-6
7f04956b3000-7f04956b4000 r--s 00000000 08:04 274925                     /var/cache/fontconfig/406a1d2d2bf3ed7664fbadefac0b2f66-le64.cache-6
7f04956b4000-7f04956b6000 r--s 00000000 08:04 274883                     /var/cache/fontconfig/67709b7835c0f764c1135060c9575660-le64.cache-6
7f04956b6000-7f04956b7000 r--s 00000000 08:04 274861                     /var/cache/fontconfig/30829fa25452a46451e813d634d7f916-le64.cache-6
7f04956b7000-7f04956c5000 r--s 00000000 08:04 274853                     /var/cache/fontconfig/198d8fcf01c96d0cf813f74fd759bdb7-le64.cache-6
7f04956c5000-7f04956c6000 r--s 00000000 08:04 274746                     /var/cache/fontconfig/0c9eb80ebd1c36541ebe2852d3bb0c49-le64.cache-6
7f04956c6000-7f04956c9000 r--s 00000000 08:04 274740                     /var/cache/fontconfig/75114ca45c98e8a441da0ff356701271-le64.cache-6
7f04956c9000-7f04956d4000 r--s 00000000 08:04 274739                     /var/cache/fontconfig/83bf95040141907cd45bb53cf7c1c148-le64.cache-6
7f04956d4000-7f04956e6000 r--s 00000000 08:04 274735                     /var/cache/fontconfig/9b89f8e3dae116d678bbf48e5f21f69b-le64.cache-6
7f04956e6000-7f04956e8000 r--s 00000000 08:04 274725                     /var/cache/fontconfig/6e6b34ae150a7ad95e82fb4a522f0bda-le64.cache-6
7f04956e8000-7f04956ef000 r--s 00000000 08:04 274719                     /var/cache/fontconfig/53d14c92082a93e67d5078324eb314ca-le64.cache-6
7f04956ef000-7f04956f3000 r--s 00000000 08:04 274718                     /var/cache/fontconfig/6c08beecf0dac481ec92e759e0c2e6d7-le64.cache-6
7f04956f3000-7f04956f7000 r--s 00000000 08:04 274600                     /var/cache/fontconfig/4d6aee6d44eccb37054d3216e945f618-le64.cache-6
7f04956f7000-7f04956fb000 r--s 00000000 08:04 274591                     /var/cache/fontconfig/d6c6df98c3df5faf9bd0f8ef4d91efe5-le64.cache-6
7f04956fb000-7f04956ff000 r--s 00000000 08:04 274588                     /var/cache/fontconfig/9fb319ef52839f11ee26ab8b4cffa12b-le64.cache-6
7f04956ff000-7f0495701000 r--s 00000000 08:04 274396                     /var/cache/fontconfig/43bfe21a9e1edebcf703d79ee2950b06-le64.cache-6
7f0495701000-7f0495714000 r--s 00000000 08:04 274391                     /var/cache/fontconfig/4ac51e5cfbc76fc3f983e470323a16d3-le64.cache-6
7f0495714000-7f0495717000 r--s 00000000 08:04 274116                     /var/cache/fontconfig/c19b55eb3b4c5b40ea175e31682068a5-le64.cache-6
7f0495717000-7f049571b000 r--s 00000000 08:04 274096                     /var/cache/fontconfig/3629f2adf904f9a612908891fae71ceb-le64.cache-6
7f049571b000-7f049571e000 r--s 00000000 08:04 263516                     /var/cache/fontconfig/de83a0a961185c8bd1f159015d56c039-le64.cache-6
7f049571e000-7f0495734000 r--s 00000000 08:04 273713                     /var/cache/fontconfig/e13b20fdb08344e0e664864cc2ede53d-le64.cache-6
7f0495734000-7f0495739000 r--s 00000000 08:04 274741                     /var/cache/fontconfig/7ef2298fde41cc6eeb7af42e48b7d293-le64.cache-6
7f0495739000-7f0495746000 r--s 00000000 08:04 287488                     /var/cache/fontconfig/8f02d4cb045bd6ce15663e43f347c9f8-le64.cache-6
7f049574d000-7f0495755000 rw-s 00000000 00:05 46100                      /drm mm object (deleted)
7f0495755000-7f049575d000 rw-s 00000000 00:05 46131                      /drm mm object (deleted)
7f049575d000-7f0495766000 r-xp 00000000 08:04 926974                     /usr/lib/x86_64-linux-gnu/libXcursor.so.1.0.2
7f0495766000-7f0495965000 ---p 00009000 08:04 926974                     /usr/lib/x86_64-linux-gnu/libXcursor.so.1.0.2
7f0495965000-7f0495966000 r--p 00008000 08:04 926974                     /usr/lib/x86_64-linux-gnu/libXcursor.so.1.0.2
7f0495966000-7f0495967000 rw-p 00009000 08:04 926974                     /usr/lib/x86_64-linux-gnu/libXcursor.so.1.0.2
7f0495968000-7f0495969000 rw-s 102433000 00:06 2317                      /dev/dri/card0
7f0495969000-7f049596a000 rwxp 00000000 00:00 0 
7f049596a000-7f0495972000 rw-s 00000000 00:05 43351                      /drm mm object (deleted)
7f0495972000-7f049597a000 rw-s 00000000 00:05 43331                      /drm mm object (deleted)
7f049597a000-7f049597b000 rw-s 00000000 00:05 43328                      /drm mm object (deleted)
7f049597b000-7f049597c000 rw-s 102432000 00:06 2317                      /dev/dri/card0
7f049597c000-7f0495984000 rw-s 00000000 00:05 43326                      /drm mm object (deleted)
7f0495984000-7f0495985000 r--s 0002f000 08:03 803808                     /home/mark/Documents/studie/2IV60 - Computer graphics/assignments/robotrace/RobotRace/lib/jogl-all-natives-linux-amd64.jar
7f0495985000-7f0495987000 r--s 00000000 08:03 803800                     /home/mark/Documents/studie/2IV60 - Computer graphics/assignments/robotrace/RobotRace/lib/gluegen-rt-natives-linux-amd64.jar
7f0495987000-7f0495988000 r--p 00000000 00:00 0 
7f0495988000-7f049598c000 r--s 00097000 08:04 402803                     /usr/lib/jvm/java-8-openjdk-amd64/jre/lib/jsse.jar
7f049598c000-7f049599f000 r--s 00346000 08:04 402783                     /usr/lib/jvm/java-8-openjdk-amd64/jre/lib/resources.jar
7f049599f000-7f04959b0000 r-xp 00000000 08:04 398692                     /usr/lib/jvm/java-8-openjdk-amd64/jre/lib/amd64/libnio.so
7f04959b0000-7f0495bb0000 ---p 00011000 08:04 398692                     /usr/lib/jvm/java-8-openjdk-amd64/jre/lib/amd64/libnio.so
7f0495bb0000-7f0495bb1000 r--p 00011000 08:04 398692                     /usr/lib/jvm/java-8-openjdk-amd64/jre/lib/amd64/libnio.so
7f0495bb1000-7f0495bb2000 rw-p 00012000 08:04 398692                     /usr/lib/jvm/java-8-openjdk-amd64/jre/lib/amd64/libnio.so
7f0495bb2000-7f0495eb3000 rw-p 00000000 00:00 0 
7f0495eb3000-7f0495eca000 r-xp 00000000 08:04 402099                     /usr/lib/jvm/java-8-openjdk-amd64/jre/lib/amd64/libnet.so
7f0495eca000-7f04960c9000 ---p 00017000 08:04 402099                     /usr/lib/jvm/java-8-openjdk-amd64/jre/lib/amd64/libnet.so
7f04960c9000-7f04960ca000 r--p 00016000 08:04 402099                     /usr/lib/jvm/java-8-openjdk-amd64/jre/lib/amd64/libnet.so
7f04960ca000-7f04960cb000 rw-p 00017000 08:04 402099                     /usr/lib/jvm/java-8-openjdk-amd64/jre/lib/amd64/libnet.so
7f04960cb000-7f04960ce000 ---p 00000000 00:00 0 
7f04960ce000-7f04961cc000 rw-p 00000000 00:00 0                          [stack:3636]
7f04961cc000-7f04961f0000 r-xp 00000000 08:04 664918                     /lib/x86_64-linux-gnu/libpng12.so.0.54.0
7f04961f0000-7f04963ef000 ---p 00024000 08:04 664918                     /lib/x86_64-linux-gnu/libpng12.so.0.54.0
7f04963ef000-7f04963f0000 r--p 00023000 08:04 664918                     /lib/x86_64-linux-gnu/libpng12.so.0.54.0
7f04963f0000-7f04963f1000 rw-p 00024000 08:04 664918                     /lib/x86_64-linux-gnu/libpng12.so.0.54.0
7f04963f1000-7f0496495000 r-xp 00000000 08:04 921332                     /usr/lib/x86_64-linux-gnu/libfreetype.so.6.12.1
7f0496495000-7f0496694000 ---p 000a4000 08:04 921332                     /usr/lib/x86_64-linux-gnu/libfreetype.so.6.12.1
7f0496694000-7f049669a000 r--p 000a3000 08:04 921332                     /usr/lib/x86_64-linux-gnu/libfreetype.so.6.12.1
7f049669a000-7f049669b000 rw-p 000a9000 08:04 921332                     /usr/lib/x86_64-linux-gnu/libfreetype.so.6.12.1
7f049669b000-7f04966ed000 r-xp 00000000 08:04 398616                     /usr/lib/jvm/java-8-openjdk-amd64/jre/lib/amd64/libfontmanager.so
7f04966ed000-7f04968ed000 ---p 00052000 08:04 398616                     /usr/lib/jvm/java-8-openjdk-amd64/jre/lib/amd64/libfontmanager.so
7f04968ed000-7f04968ef000 r--p 00052000 08:04 398616                     /usr/lib/jvm/java-8-openjdk-amd64/jre/lib/amd64/libfontmanager.so
7f04968ef000-7f04968f0000 rw-p 00054000 08:04 398616                     /usr/lib/jvm/java-8-openjdk-amd64/jre/lib/amd64/libfontmanager.so
7f04968f0000-7f04968f5000 r-xp 00000000 08:04 930459                     /usr/lib/x86_64-linux-gnu/libXdmcp.so.6.0.0
7f04968f5000-7f0496af4000 ---p 00005000 08:04 930459                     /usr/lib/x86_64-linux-gnu/libXdmcp.so.6.0.0
7f0496af4000-7f0496af5000 r--p 00004000 08:04 930459                     /usr/lib/x86_64-linux-gnu/libXdmcp.so.6.0.0
7f0496af5000-7f0496af6000 rw-p 00005000 08:04 930459                     /usr/lib/x86_64-linux-gnu/libXdmcp.so.6.0.0
7f0496af6000-7f0496af8000 r-xp 00000000 08:04 926967                     /usr/lib/x86_64-linux-gnu/libXau.so.6.0.0
7f0496af8000-7f0496cf8000 ---p 00002000 08:04 926967                     /usr/lib/x86_64-linux-gnu/libXau.so.6.0.0
7f0496cf8000-7f0496cf9000 r--p 00002000 08:04 926967                     /usr/lib/x86_64-linux-gnu/libXau.so.6.0.0
7f0496cf9000-7f0496cfa000 rw-p 00003000 08:04 926967                     /usr/lib/x86_64-linux-gnu/libXau.so.6.0.0
7f0496cfa000-7f0496d1b000 r-xp 00000000 08:04 928382                     /usr/lib/x86_64-linux-gnu/libxcb.so.1.1.0
7f0496d1b000-7f0496f1a000 ---p 00021000 08:04 928382                     /usr/lib/x86_64-linux-gnu/libxcb.so.1.1.0
7f0496f1a000-7f0496f1b000 r--p 00020000 08:04 928382                     /usr/lib/x86_64-linux-gnu/libxcb.so.1.1.0
7f0496f1b000-7f0496f1c000 rw-p 00021000 08:04 928382                     /usr/lib/x86_64-linux-gnu/libxcb.so.1.1.0
7f0496f1c000-7f0496f2b000 r-xp 00000000 08:04 923448                     /usr/lib/x86_64-linux-gnu/libXi.so.6.1.0
7f0496f2b000-7f049712a000 ---p 0000f000 08:04 923448                     /usr/lib/x86_64-linux-gnu/libXi.so.6.1.0
7f049712a000-7f049712b000 r--p 0000e000 08:04 923448                     /usr/lib/x86_64-linux-gnu/libXi.so.6.1.0
7f049712b000-7f049712c000 rw-p 0000f000 08:04 923448                     /usr/lib/x86_64-linux-gnu/libXi.so.6.1.0
7f049712c000-7f0497131000 r-xp 00000000 08:04 927008                     /usr/lib/x86_64-linux-gnu/libXtst.so.6.1.0
7f0497131000-7f0497330000 ---p 00005000 08:04 927008                     /usr/lib/x86_64-linux-gnu/libXtst.so.6.1.0
7f0497330000-7f0497331000 r--p 00004000 08:04 927008                     /usr/lib/x86_64-linux-gnu/libXtst.so.6.1.0
7f0497331000-7f0497332000 rw-p 00005000 08:04 927008                     /usr/lib/x86_64-linux-gnu/libXtst.so.6.1.0
7f0497332000-7f049733b000 r-xp 00000000 08:04 927957                     /usr/lib/x86_64-linux-gnu/libXrender.so.1.3.0
7f049733b000-7f049753a000 ---p 00009000 08:04 927957                     /usr/lib/x86_64-linux-gnu/libXrender.so.1.3.0
7f049753a000-7f049753b000 r--p 00008000 08:04 927957                     /usr/lib/x86_64-linux-gnu/libXrender.so.1.3.0
7f049753b000-7f049753c000 rw-p 00009000 08:04 927957                     /usr/lib/x86_64-linux-gnu/libXrender.so.1.3.0
7f049753c000-7f0497671000 r-xp 00000000 08:04 927965                     /usr/lib/x86_64-linux-gnu/libX11.so.6.3.0
7f0497671000-7f0497871000 ---p 00135000 08:04 927965                     /usr/lib/x86_64-linux-gnu/libX11.so.6.3.0
7f0497871000-7f0497872000 r--p 00135000 08:04 927965                     /usr/lib/x86_64-linux-gnu/libX11.so.6.3.0
7f0497872000-7f0497876000 rw-p 00136000 08:04 927965                     /usr/lib/x86_64-linux-gnu/libX11.so.6.3.0
7f0497876000-7f0497887000 r-xp 00000000 08:04 926980                     /usr/lib/x86_64-linux-gnu/libXext.so.6.4.0
7f0497887000-7f0497a86000 ---p 00011000 08:04 926980                     /usr/lib/x86_64-linux-gnu/libXext.so.6.4.0
7f0497a86000-7f0497a87000 r--p 00010000 08:04 926980                     /usr/lib/x86_64-linux-gnu/libXext.so.6.4.0
7f0497a87000-7f0497a88000 rw-p 00011000 08:04 926980                     /usr/lib/x86_64-linux-gnu/libXext.so.6.4.0
7f0497a88000-7f0497a89000 r--s 00000000 08:04 274724                     /var/cache/fontconfig/3334a778d104e76d188e9df399bc24d2-le64.cache-6
7f0497a89000-7f0497a8a000 r--s 00000000 08:04 274114                     /var/cache/fontconfig/c277e94e32b20404286a1ddafa5a80f0-le64.cache-6
7f0497a8a000-7f0497a8c000 r--s 00000000 08:04 287527                     /var/cache/fontconfig/16326683038b281783a0ef8c680e3a10-le64.cache-6
7f0497a8c000-7f0497aad000 r--s 00000000 08:04 286805                     /var/cache/fontconfig/467c019e582ee353435ea5c21d137ef6-le64.cache-6
7f0497aad000-7f0497b01000 r-xp 00000000 08:04 401127                     /usr/lib/jvm/java-8-openjdk-amd64/jre/lib/amd64/libawt_xawt.so
7f0497b01000-7f0497d01000 ---p 00054000 08:04 401127                     /usr/lib/jvm/java-8-openjdk-amd64/jre/lib/amd64/libawt_xawt.so
7f0497d01000-7f0497d02000 r--p 00054000 08:04 401127                     /usr/lib/jvm/java-8-openjdk-amd64/jre/lib/amd64/libawt_xawt.so
7f0497d02000-7f0497d05000 rw-p 00055000 08:04 401127                     /usr/lib/jvm/java-8-openjdk-amd64/jre/lib/amd64/libawt_xawt.so
7f0497d05000-7f0497d06000 rw-p 00000000 00:00 0 
7f0497d06000-7f0497da6000 r-xp 00000000 08:04 402103                     /usr/lib/jvm/java-8-openjdk-amd64/jre/lib/amd64/libawt.so
7f0497da6000-7f0497fa6000 ---p 000a0000 08:04 402103                     /usr/lib/jvm/java-8-openjdk-amd64/jre/lib/amd64/libawt.so
7f0497fa6000-7f0497fa7000 r--p 000a0000 08:04 402103                     /usr/lib/jvm/java-8-openjdk-amd64/jre/lib/amd64/libawt.so
7f0497fa7000-7f0497fb2000 rw-p 000a1000 08:04 402103                     /usr/lib/jvm/java-8-openjdk-amd64/jre/lib/amd64/libawt.so
7f0497fb2000-7f0497fd7000 rw-p 00000000 00:00 0 
7f0497fd7000-7f0497fdd000 r--s 00041000 08:03 803807                     /home/mark/Documents/studie/2IV60 - Computer graphics/assignments/robotrace/RobotRace/lib/gluegen-rt.jar
7f0497fdd000-7f0498000000 r--s 002ec000 08:03 803816                     /home/mark/Documents/studie/2IV60 - Computer graphics/assignments/robotrace/RobotRace/lib/jogl-all.jar
7f0498000000-7f0498021000 rw-p 00000000 00:00 0 
7f0498021000-7f049c000000 ---p 00000000 00:00 0 
7f049c000000-7f049c021000 rw-p 00000000 00:00 0 
7f049c021000-7f04a0000000 ---p 00000000 00:00 0 
7f04a0000000-7f04a018d000 rw-p 00000000 00:00 0 
7f04a018d000-7f04a4000000 ---p 00000000 00:00 0 
7f04a4000000-7f04a426b000 rw-p 00000000 00:00 0 
7f04a426b000-7f04a8000000 ---p 00000000 00:00 0 
7f04a8000000-7f04a8021000 rw-p 00000000 00:00 0 
7f04a8021000-7f04ac000000 ---p 00000000 00:00 0 
7f04ac000000-7f04ac21d000 rw-p 00000000 00:00 0 
7f04ac21d000-7f04b0000000 ---p 00000000 00:00 0 
7f04b0000000-7f04b0021000 rw-p 00000000 00:00 0 
7f04b0021000-7f04b4000000 ---p 00000000 00:00 0 
7f04b4000000-7f04b4021000 rw-p 00000000 00:00 0 
7f04b4021000-7f04b8000000 ---p 00000000 00:00 0 
7f04b8000000-7f04b8021000 rw-p 00000000 00:00 0 
7f04b8021000-7f04bc000000 ---p 00000000 00:00 0 
7f04bc000000-7f04bc021000 rw-p 00000000 00:00 0 
7f04bc021000-7f04c0000000 ---p 00000000 00:00 0 
7f04c0000000-7f04c0021000 rw-p 00000000 00:00 0 
7f04c0021000-7f04c4000000 ---p 00000000 00:00 0 
7f04c4000000-7f04c4021000 rw-p 00000000 00:00 0 
7f04c4021000-7f04c8000000 ---p 00000000 00:00 0 
7f04c8000000-7f04c8021000 rw-p 00000000 00:00 0 
7f04c8021000-7f04cc000000 ---p 00000000 00:00 0 
7f04cc000000-7f04cc01b000 r--s 00394000 08:04 402119                     /usr/lib/jvm/java-8-openjdk-amd64/jre/lib/ext/cldrdata.jar
7f04cc01b000-7f04cc036000 r--s 001d5000 08:04 402123                     /usr/lib/jvm/java-8-openjdk-amd64/jre/lib/ext/nashorn.jar
7f04cc036000-7f04cc037000 ---p 00000000 00:00 0 
7f04cc037000-7f04cc137000 rw-p 00000000 00:00 0                          [stack:3635]
7f04cc137000-7f04cc13a000 ---p 00000000 00:00 0 
7f04cc13a000-7f04cc238000 rw-p 00000000 00:00 0                          [stack:3634]
7f04cc238000-7f04cc23b000 ---p 00000000 00:00 0 
7f04cc23b000-7f04cc339000 rw-p 00000000 00:00 0                          [stack:3633]
7f04cc339000-7f04cc33c000 ---p 00000000 00:00 0 
7f04cc33c000-7f04cc43a000 rw-p 00000000 00:00 0                          [stack:3632]
7f04cc43a000-7f04cc43d000 ---p 00000000 00:00 0 
7f04cc43d000-7f04cc53b000 rw-p 00000000 00:00 0                          [stack:3631]
7f04cc53b000-7f04cc53e000 ---p 00000000 00:00 0 
7f04cc53e000-7f04cc63c000 rw-p 00000000 00:00 0                          [stack:3630]
7f04cc63c000-7f04cc915000 r--p 00000000 08:04 920483                     /usr/lib/locale/locale-archive
7f04cc915000-7f04cc918000 ---p 00000000 00:00 0 
7f04cc918000-7f04cca16000 rw-p 00000000 00:00 0                          [stack:3629]
7f04cca16000-7f04cca19000 ---p 00000000 00:00 0 
7f04cca19000-7f04ccb17000 rw-p 00000000 00:00 0                          [stack:3628]
7f04ccb17000-7f04ccb18000 ---p 00000000 00:00 0 
7f04ccb18000-7f04cdbcc000 rw-p 00000000 00:00 0                          [stack:3627]
7f04cdbcc000-7f04cdd9a000 r--s 03bf1000 08:04 402786                     /usr/lib/jvm/java-8-openjdk-amd64/jre/lib/rt.jar
7f04cdd9a000-7f04d0349000 rw-p 00000000 00:00 0 
7f04d0349000-7f04d034a000 ---p 00000000 00:00 0 
7f04d034a000-7f04d044a000 rw-p 00000000 00:00 0                          [stack:3626]
7f04d044a000-7f04d044b000 ---p 00000000 00:00 0 
7f04d044b000-7f04d054b000 rw-p 00000000 00:00 0                          [stack:3625]
7f04d054b000-7f04d054c000 ---p 00000000 00:00 0 
7f04d054c000-7f04d064c000 rw-p 00000000 00:00 0                          [stack:3624]
7f04d064c000-7f04d064d000 ---p 00000000 00:00 0 
7f04d064d000-7f04d0760000 rw-p 00000000 00:00 0                          [stack:3623]
7f04d0760000-7f04d0877000 ---p 00000000 00:00 0 
7f04d0877000-7f04d088a000 rw-p 00000000 00:00 0 
7f04d088a000-7f04d09a1000 ---p 00000000 00:00 0 
7f04d09a1000-7f04d09b2000 rw-p 00000000 00:00 0 
7f04d09b2000-7f04d0a36000 ---p 00000000 00:00 0 
7f04d0a36000-7f04d0a4a000 rw-p 00000000 00:00 0 
7f04d0a4a000-7f04d0df7000 ---p 00000000 00:00 0 
7f04d0df7000-7f04d1287000 rwxp 00000000 00:00 0 
7f04d1287000-7f04dfdf7000 ---p 00000000 00:00 0 
7f04dfdf7000-7f04dfdff000 r-xp 00000000 08:04 400882                     /usr/lib/jvm/java-8-openjdk-amd64/jre/lib/amd64/libzip.so
7f04dfdff000-7f04dfffe000 ---p 00008000 08:04 400882                     /usr/lib/jvm/java-8-openjdk-amd64/jre/lib/amd64/libzip.so
7f04dfffe000-7f04dffff000 r--p 00007000 08:04 400882                     /usr/lib/jvm/java-8-openjdk-amd64/jre/lib/amd64/libzip.so
7f04dffff000-7f04e0000000 rw-p 00008000 08:04 400882                     /usr/lib/jvm/java-8-openjdk-amd64/jre/lib/amd64/libzip.so
7f04e0000000-7f04e0bb9000 rw-p 00000000 00:00 0 
7f04e0bb9000-7f04e4000000 ---p 00000000 00:00 0 
7f04e4000000-7f04e4001000 r--s 00000000 08:04 287457                     /var/cache/fontconfig/e0aa53bcfa504e64f87823c16bc01eb6-le64.cache-6
7f04e4001000-7f04e4003000 r--s 0001a000 08:03 803799                     /home/mark/Documents/studie/2IV60 - Computer graphics/assignments/robotrace/RobotRace/lib/RobotRaceLibrary.jar
7f04e4003000-7f04e400d000 r--s 00116000 08:04 402153                     /usr/lib/jvm/java-8-openjdk-amd64/jre/lib/ext/localedata.jar
7f04e400d000-7f04e400e000 r--s 00010000 08:04 402157                     /usr/lib/jvm/java-8-openjdk-amd64/jre/lib/ext/zipfs.jar
7f04e400e000-7f04e4012000 r--s 00037000 08:04 402135                     /usr/lib/jvm/java-8-openjdk-amd64/jre/lib/ext/sunpkcs11.jar
7f04e4012000-7f04e4014000 r--s 00001000 08:04 402165                     /usr/lib/jvm/java-8-openjdk-amd64/jre/lib/ext/dnsns.jar
7f04e4014000-7f04e408a000 rw-p 00000000 00:00 0 
7f04e408a000-7f04e4095000 r-xp 00000000 08:04 706069                     /lib/x86_64-linux-gnu/libnss_files-2.23.so
7f04e4095000-7f04e4294000 ---p 0000b000 08:04 706069                     /lib/x86_64-linux-gnu/libnss_files-2.23.so
7f04e4294000-7f04e4295000 r--p 0000a000 08:04 706069                     /lib/x86_64-linux-gnu/libnss_files-2.23.so
7f04e4295000-7f04e4296000 rw-p 0000b000 08:04 706069                     /lib/x86_64-linux-gnu/libnss_files-2.23.so
7f04e4296000-7f04e429c000 rw-p 00000000 00:00 0 
7f04e429c000-7f04e42a7000 r-xp 00000000 08:04 706049                     /lib/x86_64-linux-gnu/libnss_nis-2.23.so
7f04e42a7000-7f04e44a6000 ---p 0000b000 08:04 706049                     /lib/x86_64-linux-gnu/libnss_nis-2.23.so
7f04e44a6000-7f04e44a7000 r--p 0000a000 08:04 706049                     /lib/x86_64-linux-gnu/libnss_nis-2.23.so
7f04e44a7000-7f04e44a8000 rw-p 0000b000 08:04 706049                     /lib/x86_64-linux-gnu/libnss_nis-2.23.so
7f04e44a8000-7f04e44be000 r-xp 00000000 08:04 706064                     /lib/x86_64-linux-gnu/libnsl-2.23.so
7f04e44be000-7f04e46bd000 ---p 00016000 08:04 706064                     /lib/x86_64-linux-gnu/libnsl-2.23.so
7f04e46bd000-7f04e46be000 r--p 00015000 08:04 706064                     /lib/x86_64-linux-gnu/libnsl-2.23.so
7f04e46be000-7f04e46bf000 rw-p 00016000 08:04 706064                     /lib/x86_64-linux-gnu/libnsl-2.23.so
7f04e46bf000-7f04e46c1000 rw-p 00000000 00:00 0 
7f04e46c1000-7f04e46c9000 r-xp 00000000 08:04 706065                     /lib/x86_64-linux-gnu/libnss_compat-2.23.so
7f04e46c9000-7f04e48c8000 ---p 00008000 08:04 706065                     /lib/x86_64-linux-gnu/libnss_compat-2.23.so
7f04e48c8000-7f04e48c9000 r--p 00007000 08:04 706065                     /lib/x86_64-linux-gnu/libnss_compat-2.23.so
7f04e48c9000-7f04e48ca000 rw-p 00008000 08:04 706065                     /lib/x86_64-linux-gnu/libnss_compat-2.23.so
7f04e48ca000-7f04e48f7000 r-xp 00000000 08:04 398688                     /usr/lib/jvm/java-8-openjdk-amd64/jre/lib/amd64/libjava.so
7f04e48f7000-7f04e4af6000 ---p 0002d000 08:04 398688                     /usr/lib/jvm/java-8-openjdk-amd64/jre/lib/amd64/libjava.so
7f04e4af6000-7f04e4af7000 r--p 0002c000 08:04 398688                     /usr/lib/jvm/java-8-openjdk-amd64/jre/lib/amd64/libjava.so
7f04e4af7000-7f04e4af9000 rw-p 0002d000 08:04 398688                     /usr/lib/jvm/java-8-openjdk-amd64/jre/lib/amd64/libjava.so
7f04e4af9000-7f04e4b08000 r-xp 00000000 08:04 400850                     /usr/lib/jvm/java-8-openjdk-amd64/jre/lib/amd64/libverify.so
7f04e4b08000-7f04e4d07000 ---p 0000f000 08:04 400850                     /usr/lib/jvm/java-8-openjdk-amd64/jre/lib/amd64/libverify.so
7f04e4d07000-7f04e4d09000 r--p 0000e000 08:04 400850                     /usr/lib/jvm/java-8-openjdk-amd64/jre/lib/amd64/libverify.so
7f04e4d09000-7f04e4d0a000 rw-p 00010000 08:04 400850                     /usr/lib/jvm/java-8-openjdk-amd64/jre/lib/amd64/libverify.so
7f04e4d0a000-7f04e4d11000 r-xp 00000000 08:04 706048                     /lib/x86_64-linux-gnu/librt-2.23.so
7f04e4d11000-7f04e4f10000 ---p 00007000 08:04 706048                     /lib/x86_64-linux-gnu/librt-2.23.so
7f04e4f10000-7f04e4f11000 r--p 00006000 08:04 706048                     /lib/x86_64-linux-gnu/librt-2.23.so
7f04e4f11000-7f04e4f12000 rw-p 00007000 08:04 706048                     /lib/x86_64-linux-gnu/librt-2.23.so
7f04e4f12000-7f04e4f28000 r-xp 00000000 08:04 655428                     /lib/x86_64-linux-gnu/libgcc_s.so.1
7f04e4f28000-7f04e5127000 ---p 00016000 08:04 655428                     /lib/x86_64-linux-gnu/libgcc_s.so.1
7f04e5127000-7f04e5128000 rw-p 00015000 08:04 655428                     /lib/x86_64-linux-gnu/libgcc_s.so.1
7f04e5128000-7f04e5230000 r-xp 00000000 08:04 706062                     /lib/x86_64-linux-gnu/libm-2.23.so
7f04e5230000-7f04e542f000 ---p 00108000 08:04 706062                     /lib/x86_64-linux-gnu/libm-2.23.so
7f04e542f000-7f04e5430000 r--p 00107000 08:04 706062                     /lib/x86_64-linux-gnu/libm-2.23.so
7f04e5430000-7f04e5431000 rw-p 00108000 08:04 706062                     /lib/x86_64-linux-gnu/libm-2.23.so
7f04e5431000-7f04e55a3000 r-xp 00000000 08:04 920489                     /usr/lib/x86_64-linux-gnu/libstdc++.so.6.0.21
7f04e55a3000-7f04e57a3000 ---p 00172000 08:04 920489                     /usr/lib/x86_64-linux-gnu/libstdc++.so.6.0.21
7f04e57a3000-7f04e57ad000 r--p 00172000 08:04 920489                     /usr/lib/x86_64-linux-gnu/libstdc++.so.6.0.21
7f04e57ad000-7f04e57af000 rw-p 0017c000 08:04 920489                     /usr/lib/x86_64-linux-gnu/libstdc++.so.6.0.21
7f04e57af000-7f04e57b3000 rw-p 00000000 00:00 0 
7f04e57b3000-7f04e6402000 r-xp 00000000 08:04 400888                     /usr/lib/jvm/java-8-openjdk-amd64/jre/lib/amd64/server/libjvm.so
7f04e6402000-7f04e6601000 ---p 00c4f000 08:04 400888                     /usr/lib/jvm/java-8-openjdk-amd64/jre/lib/amd64/server/libjvm.so
7f04e6601000-7f04e6694000 r--p 00c4e000 08:04 400888                     /usr/lib/jvm/java-8-openjdk-amd64/jre/lib/amd64/server/libjvm.so
7f04e6694000-7f04e66bd000 rw-p 00ce1000 08:04 400888                     /usr/lib/jvm/java-8-openjdk-amd64/jre/lib/amd64/server/libjvm.so
7f04e66bd000-7f04e66ed000 rw-p 00000000 00:00 0 
7f04e66ed000-7f04e6705000 r-xp 00000000 08:04 706063                     /lib/x86_64-linux-gnu/libpthread-2.23.so
7f04e6705000-7f04e6904000 ---p 00018000 08:04 706063                     /lib/x86_64-linux-gnu/libpthread-2.23.so
7f04e6904000-7f04e6905000 r--p 00017000 08:04 706063                     /lib/x86_64-linux-gnu/libpthread-2.23.so
7f04e6905000-7f04e6906000 rw-p 00018000 08:04 706063                     /lib/x86_64-linux-gnu/libpthread-2.23.so
7f04e6906000-7f04e690a000 rw-p 00000000 00:00 0 
7f04e690a000-7f04e690d000 r-xp 00000000 08:04 706052                     /lib/x86_64-linux-gnu/libdl-2.23.so
7f04e690d000-7f04e6b0c000 ---p 00003000 08:04 706052                     /lib/x86_64-linux-gnu/libdl-2.23.so
7f04e6b0c000-7f04e6b0d000 r--p 00002000 08:04 706052                     /lib/x86_64-linux-gnu/libdl-2.23.so
7f04e6b0d000-7f04e6b0e000 rw-p 00003000 08:04 706052                     /lib/x86_64-linux-gnu/libdl-2.23.so
7f04e6b0e000-7f04e6b27000 r-xp 00000000 08:04 666710                     /lib/x86_64-linux-gnu/libz.so.1.2.8
7f04e6b27000-7f04e6d26000 ---p 00019000 08:04 666710                     /lib/x86_64-linux-gnu/libz.so.1.2.8
7f04e6d26000-7f04e6d27000 r--p 00018000 08:04 666710                     /lib/x86_64-linux-gnu/libz.so.1.2.8
7f04e6d27000-7f04e6d28000 rw-p 00019000 08:04 666710                     /lib/x86_64-linux-gnu/libz.so.1.2.8
7f04e6d28000-7f04e6ee7000 r-xp 00000000 08:04 706053                     /lib/x86_64-linux-gnu/libc-2.23.so
7f04e6ee7000-7f04e70e7000 ---p 001bf000 08:04 706053                     /lib/x86_64-linux-gnu/libc-2.23.so
7f04e70e7000-7f04e70eb000 r--p 001bf000 08:04 706053                     /lib/x86_64-linux-gnu/libc-2.23.so
7f04e70eb000-7f04e70ed000 rw-p 001c3000 08:04 706053                     /lib/x86_64-linux-gnu/libc-2.23.so
7f04e70ed000-7f04e70f1000 rw-p 00000000 00:00 0 
7f04e70f1000-7f04e70fe000 r-xp 00000000 08:04 400848                     /usr/lib/jvm/java-8-openjdk-amd64/jre/lib/amd64/jli/libjli.so
7f04e70fe000-7f04e72fe000 ---p 0000d000 08:04 400848                     /usr/lib/jvm/java-8-openjdk-amd64/jre/lib/amd64/jli/libjli.so
7f04e72fe000-7f04e72ff000 r--p 0000d000 08:04 400848                     /usr/lib/jvm/java-8-openjdk-amd64/jre/lib/amd64/jli/libjli.so
7f04e72ff000-7f04e7300000 rw-p 0000e000 08:04 400848                     /usr/lib/jvm/java-8-openjdk-amd64/jre/lib/amd64/jli/libjli.so
7f04e7300000-7f04e7326000 r-xp 00000000 08:04 671770                     /lib/x86_64-linux-gnu/ld-2.23.so
7f04e7326000-7f04e7328000 r--s 00008000 08:04 402149                     /usr/lib/jvm/java-8-openjdk-amd64/jre/lib/ext/sunec.jar
7f04e7328000-7f04e73f8000 rw-p 00000000 00:00 0 
7f04e73f8000-7f04e73fb000 ---p 00000000 00:00 0 
7f04e73fb000-7f04e74fe000 rw-p 00000000 00:00 0                          [stack:3620]
7f04e74fe000-7f04e7501000 r--s 0000f000 08:04 402161                     /usr/lib/jvm/java-8-openjdk-amd64/jre/lib/ext/icedtea-sound.jar
7f04e7501000-7f04e7502000 r--s 0000a000 08:04 402143                     /usr/lib/jvm/java-8-openjdk-amd64/jre/lib/ext/jaccess.jar
7f04e7502000-7f04e7507000 r--s 0003b000 08:04 402127                     /usr/lib/jvm/java-8-openjdk-amd64/jre/lib/ext/sunjce_provider.jar
7f04e7507000-7f04e7519000 rw-p 00000000 00:00 0 
7f04e7519000-7f04e7521000 rw-s 00000000 08:04 656481                     /tmp/hsperfdata_mark/3618
7f04e7521000-7f04e7522000 rw-p 00000000 00:00 0 
7f04e7522000-7f04e7523000 r--p 00000000 00:00 0 
7f04e7523000-7f04e7525000 rw-p 00000000 00:00 0 
7f04e7525000-7f04e7526000 r--p 00025000 08:04 671770                     /lib/x86_64-linux-gnu/ld-2.23.so
7f04e7526000-7f04e7527000 rw-p 00026000 08:04 671770                     /lib/x86_64-linux-gnu/ld-2.23.so
7f04e7527000-7f04e7528000 rw-p 00000000 00:00 0 
7ffe1f0e6000-7ffe1f107000 rw-p 00000000 00:00 0                          [stack]
7ffe1f1a2000-7ffe1f1a4000 r--p 00000000 00:00 0                          [vvar]
7ffe1f1a4000-7ffe1f1a6000 r-xp 00000000 00:00 0                          [vdso]
ffffffffff600000-ffffffffff601000 r-xp 00000000 00:00 0                  [vsyscall]

VM Arguments:
jvm_args: -Dfile.encoding=UTF-8 
java_command: robotrace.RobotRace
java_class_path (initial): /home/mark/Documents/studie/2IV60 - Computer graphics/assignments/robotrace/RobotRace/lib/jogl-all.jar:/home/mark/Documents/studie/2IV60 - Computer graphics/assignments/robotrace/RobotRace/lib/gluegen-rt.jar:/home/mark/Documents/studie/2IV60 - Computer graphics/assignments/robotrace/RobotRace/lib/RobotRaceLibrary.jar:/home/mark/Documents/studie/2IV60 - Computer graphics/assignments/robotrace/RobotRace/build/classes
Launcher Type: SUN_STANDARD

Environment Variables:
PATH=/usr/local/sbin:/usr/local/bin:/usr/sbin:/usr/bin:/sbin:/bin:/usr/games:/usr/local/games:/snap/bin
LD_LIBRARY_PATH=/usr/lib/jvm/java-8-openjdk-amd64/bin/../jre/lib/amd64:/usr/lib/jvm/java-8-openjdk-amd64/bin/../jre/lib/i386:
SHELL=/bin/bash
DISPLAY=:0.0

Signal Handlers:
SIGSEGV: [libjvm.so+0xa65880], sa_mask[0]=11111111011111111101111111111110, sa_flags=SA_RESTART|SA_SIGINFO
SIGBUS: [libjvm.so+0xa65880], sa_mask[0]=11111111011111111101111111111110, sa_flags=SA_RESTART|SA_SIGINFO
SIGFPE: [libjvm.so+0x8af1c0], sa_mask[0]=11111111011111111101111111111110, sa_flags=SA_RESTART|SA_SIGINFO
SIGPIPE: [libjvm.so+0x8af1c0], sa_mask[0]=11111111011111111101111111111110, sa_flags=SA_RESTART|SA_SIGINFO
SIGXFSZ: [libjvm.so+0x8af1c0], sa_mask[0]=11111111011111111101111111111110, sa_flags=SA_RESTART|SA_SIGINFO
SIGILL: [libjvm.so+0x8af1c0], sa_mask[0]=11111111011111111101111111111110, sa_flags=SA_RESTART|SA_SIGINFO
SIGUSR1: SIG_DFL, sa_mask[0]=00000000000000000000000000000000, sa_flags=none
SIGUSR2: [libjvm.so+0x8af070], sa_mask[0]=00100000000000000000000000000000, sa_flags=SA_RESTART|SA_SIGINFO
SIGHUP: [libjvm.so+0x8af540], sa_mask[0]=11111111011111111101111111111110, sa_flags=SA_RESTART|SA_SIGINFO
SIGINT: SIG_IGN, sa_mask[0]=00000000000000000000000000000000, sa_flags=none
SIGTERM: [libjvm.so+0x8af540], sa_mask[0]=11111111011111111101111111111110, sa_flags=SA_RESTART|SA_SIGINFO
SIGQUIT: [libjvm.so+0x8af540], sa_mask[0]=11111111011111111101111111111110, sa_flags=SA_RESTART|SA_SIGINFO


---------------  S Y S T E M  ---------------

OS:DISTRIB_ID=Ubuntu
DISTRIB_RELEASE=16.04
DISTRIB_CODENAME=xenial
DISTRIB_DESCRIPTION="Ubuntu 16.04.1 LTS"

uname:Linux 4.4.8-040408-generic #201604200335 SMP Wed Apr 20 07:37:30 UTC 2016 x86_64
libc:glibc 2.23 NPTL 2.23 
rlimit: STACK 8192k, CORE 0k, NPROC 13950, NOFILE 65536, AS infinity
load average:1,00 0,82 0,69

/proc/meminfo:
MemTotal:        3660984 kB
MemFree:          165020 kB
MemAvailable:    1090064 kB
Buffers:           85692 kB
Cached:          1012116 kB
SwapCached:            0 kB
Active:          2598372 kB
Inactive:         726064 kB
Active(anon):    2230744 kB
Inactive(anon):   189476 kB
Active(file):     367628 kB
Inactive(file):   536588 kB
Unevictable:         352 kB
Mlocked:             352 kB
SwapTotal:       5858300 kB
SwapFree:        5858300 kB
Dirty:              1324 kB
Writeback:             0 kB
AnonPages:       2227252 kB
Mapped:           435976 kB
Shmem:            193380 kB
Slab:              81964 kB
SReclaimable:      49076 kB
SUnreclaim:        32888 kB
KernelStack:        8528 kB
PageTables:        34980 kB
NFS_Unstable:          0 kB
Bounce:                0 kB
WritebackTmp:          0 kB
CommitLimit:     7688792 kB
Committed_AS:    4674956 kB
VmallocTotal:   34359738367 kB
VmallocUsed:           0 kB
VmallocChunk:          0 kB
HardwareCorrupted:     0 kB
AnonHugePages:   1091584 kB
CmaTotal:              0 kB
CmaFree:               0 kB
HugePages_Total:       0
HugePages_Free:        0
HugePages_Rsvd:        0
HugePages_Surp:        0
Hugepagesize:       2048 kB
DirectMap4k:      108468 kB
DirectMap2M:     3698688 kB


CPU:total 4 (2 cores per cpu, 2 threads per core) family 6 model 58 stepping 9, cmov, cx8, fxsr, mmx, sse, sse2, sse3, ssse3, sse4.1, sse4.2, popcnt, avx, clmul, erms, ht, tsc, tscinvbit, tscinv

/proc/cpuinfo:
processor	: 0
vendor_id	: GenuineIntel
cpu family	: 6
model		: 58
model name	: Intel(R) Core(TM) i5-3317U CPU @ 1.70GHz
stepping	: 9
microcode	: 0x17
cpu MHz		: 1599.992
cache size	: 3072 KB
physical id	: 0
siblings	: 4
core id		: 0
cpu cores	: 2
apicid		: 0
initial apicid	: 0
fpu		: yes
fpu_exception	: yes
cpuid level	: 13
wp		: yes
flags		: fpu vme de pse tsc msr pae mce cx8 apic sep mtrr pge mca cmov pat pse36 clflush dts acpi mmx fxsr sse sse2 ss ht tm pbe syscall nx rdtscp lm constant_tsc arch_perfmon pebs bts rep_good nopl xtopology nonstop_tsc aperfmperf eagerfpu pni pclmulqdq dtes64 monitor ds_cpl vmx est tm2 ssse3 cx16 xtpr pdcm pcid sse4_1 sse4_2 x2apic popcnt tsc_deadline_timer xsave avx f16c rdrand lahf_lm ida arat epb pln pts dtherm tpr_shadow vnmi flexpriority ept vpid fsgsbase smep erms xsaveopt
bugs		:
bogomips	: 3392.21
clflush size	: 64
cache_alignment	: 64
address sizes	: 36 bits physical, 48 bits virtual
power management:

processor	: 1
vendor_id	: GenuineIntel
cpu family	: 6
model		: 58
model name	: Intel(R) Core(TM) i5-3317U CPU @ 1.70GHz
stepping	: 9
microcode	: 0x17
cpu MHz		: 1599.992
cache size	: 3072 KB
physical id	: 0
siblings	: 4
core id		: 0
cpu cores	: 2
apicid		: 1
initial apicid	: 1
fpu		: yes
fpu_exception	: yes
cpuid level	: 13
wp		: yes
flags		: fpu vme de pse tsc msr pae mce cx8 apic sep mtrr pge mca cmov pat pse36 clflush dts acpi mmx fxsr sse sse2 ss ht tm pbe syscall nx rdtscp lm constant_tsc arch_perfmon pebs bts rep_good nopl xtopology nonstop_tsc aperfmperf eagerfpu pni pclmulqdq dtes64 monitor ds_cpl vmx est tm2 ssse3 cx16 xtpr pdcm pcid sse4_1 sse4_2 x2apic popcnt tsc_deadline_timer xsave avx f16c rdrand lahf_lm ida arat epb pln pts dtherm tpr_shadow vnmi flexpriority ept vpid fsgsbase smep erms xsaveopt
bugs		:
bogomips	: 3392.21
clflush size	: 64
cache_alignment	: 64
address sizes	: 36 bits physical, 48 bits virtual
power management:

processor	: 2
vendor_id	: GenuineIntel
cpu family	: 6
model		: 58
model name	: Intel(R) Core(TM) i5-3317U CPU @ 1.70GHz
stepping	: 9
microcode	: 0x17
cpu MHz		: 1599.992
cache size	: 3072 KB
physical id	: 0
siblings	: 4
core id		: 1
cpu cores	: 2
apicid		: 2
initial apicid	: 2
fpu		: yes
fpu_exception	: yes
cpuid level	: 13
wp		: yes
flags		: fpu vme de pse tsc msr pae mce cx8 apic sep mtrr pge mca cmov pat pse36 clflush dts acpi mmx fxsr sse sse2 ss ht tm pbe syscall nx rdtscp lm constant_tsc arch_perfmon pebs bts rep_good nopl xtopology nonstop_tsc aperfmperf eagerfpu pni pclmulqdq dtes64 monitor ds_cpl vmx est tm2 ssse3 cx16 xtpr pdcm pcid sse4_1 sse4_2 x2apic popcnt tsc_deadline_timer xsave avx f16c rdrand lahf_lm ida arat epb pln pts dtherm tpr_shadow vnmi flexpriority ept vpid fsgsbase smep erms xsaveopt
bugs		:
bogomips	: 3392.21
clflush size	: 64
cache_alignment	: 64
address sizes	: 36 bits physical, 48 bits virtual
power management:

processor	: 3
vendor_id	: GenuineIntel
cpu family	: 6
model		: 58
model name	: Intel(R) Core(TM) i5-3317U CPU @ 1.70GHz
stepping	: 9
microcode	: 0x17
cpu MHz		: 1599.992
cache size	: 3072 KB
physical id	: 0
siblings	: 4
core id		: 1
cpu cores	: 2
apicid		: 3
initial apicid	: 3
fpu		: yes
fpu_exception	: yes
cpuid level	: 13
wp		: yes
flags		: fpu vme de pse tsc msr pae mce cx8 apic sep mtrr pge mca cmov pat pse36 clflush dts acpi mmx fxsr sse sse2 ss ht tm pbe syscall nx rdtscp lm constant_tsc arch_perfmon pebs bts rep_good nopl xtopology nonstop_tsc aperfmperf eagerfpu pni pclmulqdq dtes64 monitor ds_cpl vmx est tm2 ssse3 cx16 xtpr pdcm pcid sse4_1 sse4_2 x2apic popcnt tsc_deadline_timer xsave avx f16c rdrand lahf_lm ida arat epb pln pts dtherm tpr_shadow vnmi flexpriority ept vpid fsgsbase smep erms xsaveopt
bugs		:
bogomips	: 3392.21
clflush size	: 64
cache_alignment	: 64
address sizes	: 36 bits physical, 48 bits virtual
power management:



Memory: 4k page, physical 3660984k(165020k free), swap 5858300k(5858300k free)

vm_info: OpenJDK 64-Bit Server VM (25.111-b14) for linux-amd64 JRE (1.8.0_111-8u111-b14-2ubuntu0.16.04.2-b14), built on Oct 27 2016 18:10:19 by "buildd" with gcc 5.4.0 20160609

time: Mon Jan  9 11:10:57 2017
elapsed time: 2 seconds (0d 0h 0m 2s)

