#
# A fatal error has been detected by the Java Runtime Environment:
#
#  SIGSEGV (0xb) at pc=0x00007fe011362cfb, pid=4736, tid=0x00007fe028d95700
#
# JRE version: OpenJDK Runtime Environment (8.0_111-b14) (build 1.8.0_111-8u111-b14-2ubuntu0.16.04.2-b14)
# Java VM: OpenJDK 64-Bit Server VM (25.111-b14 mixed mode linux-amd64 compressed oops)
# Problematic frame:
# C  [i965_dri.so+0x17ccfb]
#
# Failed to write core dump. Core dumps have been disabled. To enable core dumping, try "ulimit -c unlimited" before starting Java again
#
# If you would like to submit a bug report, please visit:
#   http://bugreport.java.com/bugreport/crash.jsp
# The crash happened outside the Java Virtual Machine in native code.
# See problematic frame for where to report the bug.
#

---------------  T H R E A D  ---------------

Current thread (0x00007fe074396800):  JavaThread "AWT-EventQueue-0" [_thread_in_native, id=4764, stack(0x00007fe028c95000,0x00007fe028d96000)]

siginfo: si_signo: 11 (SIGSEGV), si_code: 1 (SEGV_MAPERR), si_addr: 0x0000000000000000

Registers:
RAX=0x00007fe019125e44, RBX=0x00007fe018142198, RCX=0x0000000000000000, RDX=0x0000000000000d6e
RSP=0x00007fe028d91b40, RBP=0x0000000000000000, RSI=0x0000000000000010, RDI=0x00007fe019124c48
R8 =0x0000000000000000, R9 =0x00007fe019125e44, R10=0x00007fe065017748, R11=0x00007fe018184220
R12=0x0000000000000fff, R13=0x00007fe0191242d0, R14=0x00007fe028d91c98, R15=0x00007fe074396800
RIP=0x00007fe011362cfb, EFLAGS=0x0000000000010206, CSGSFS=0xba6b000000000033, ERR=0x0000000000000004
  TRAPNO=0x000000000000000e

Top of Stack: (sp=0x00007fe028d91b40)
0x00007fe028d91b40:   00007fe074396800 00007fe028ef3540
0x00007fe028d91b50:   00007fe028d91bb0 0000000000000000
0x00007fe028d91b60:   00007fe028ef3540 00007fe012b54d6c
0x00007fe028d91b70:   00007fe028d91bb0 000000003b370000
0x00007fe028d91b80:   0000000000000000 0000040800001200
0x00007fe028d91b90:   00007fe028d91c98 00007fe0743969e0
0x00007fe028d91ba0:   00007fe0137d0c60 0000000000000000
0x00007fe028d91bb0:   00007fe028d91c40 00007fe065017774
0x00007fe028d91bc0:   00007fe000000000 00007fe0137d0c60
0x00007fe028d91bd0:   00007fe028ef3540 00007fe028d91c98
0x00007fe028d91be0:   00007fe028d91c40 00007fe0650174f9
0x00007fe028d91bf0:   fffffffe00000000 00007fe0650174c2
0x00007fe028d91c00:   00007fe028d91c00 00007fe028ef3540
0x00007fe028d91c10:   00007fe028d91c98 00007fe02888e028
0x00007fe028d91c20:   0000000000000000 00007fe028ef3540
0x00007fe028d91c30:   0000000000000000 00007fe028d91c60
0x00007fe028d91c40:   00007fe028d91ce0 00007fe065007ffd
0x00007fe028d91c50:   0000000000000000 00007fe065011278
0x00007fe028d91c60:   00007fe0137d0c60 00007fe028ef3619
0x00007fe028d91c70:   0000000000000000 0000000000000000
0x00007fe028d91c80:   0000000000000000 0000000000001200
0x00007fe028d91c90:   0000000000000408 00000000ee7771c8
0x00007fe028d91ca0:   00007fe028d91ca0 00007fe028ef3647
0x00007fe028d91cb0:   00007fe028d91d20 00007fe02888e028
0x00007fe028d91cc0:   0000000000000000 00007fe028ef3660
0x00007fe028d91cd0:   00007fe028d91c60 00007fe028d91d00
0x00007fe028d91ce0:   00007fe028d91d68 00007fe065008042
0x00007fe028d91cf0:   00007fe0137d0c60 0000000000000000
0x00007fe028d91d00:   0000000000000000 0000000000000000
0x00007fe028d91d10:   0000000000001200 0000000000000408
0x00007fe028d91d20:   00000000ee7771c8 00007fe028d91d28
0x00007fe028d91d30:   00007fe0646479fd 00007fe028d91d98 

Instructions: (pc=0x00007fe011362cfb)
0x00007fe011362cdb:   00 04 0f 85 49 03 00 00 41 81 bd 74 27 00 00 06
0x00007fe011362ceb:   14 00 00 0f 85 38 03 00 00 49 8b 85 e0 28 00 00
0x00007fe011362cfb:   f3 0f 10 45 00 f3 0f 11 00 f3 0f 10 45 04 f3 0f
0x00007fe011362d0b:   11 40 04 f3 0f 10 45 08 f3 0f 11 40 08 f3 0f 10 

Register to memory mapping:

RAX=0x00007fe019125e44 is an unknown value
RBX=0x00007fe018142198 is an unknown value
RCX=0x0000000000000000 is an unknown value
RDX=0x0000000000000d6e is an unknown value
RSP=0x00007fe028d91b40 is pointing into the stack for thread: 0x00007fe074396800
RBP=0x0000000000000000 is an unknown value
RSI=0x0000000000000010 is an unknown value
RDI=0x00007fe019124c48 is an unknown value
R8 =0x0000000000000000 is an unknown value
R9 =0x00007fe019125e44 is an unknown value
R10=0x00007fe065017748 is at code_begin+808 in an Interpreter codelet
method entry point (kind = native)  [0x00007fe065017420, 0x00007fe065017d20]  2304 bytes
R11=0x00007fe018184220 is an unknown value
R12=0x0000000000000fff is an unknown value
R13=0x00007fe0191242d0 is an unknown value
R14=0x00007fe028d91c98 is pointing into the stack for thread: 0x00007fe074396800
R15=0x00007fe074396800 is a thread


Stack: [0x00007fe028c95000,0x00007fe028d96000],  sp=0x00007fe028d91b40,  free space=1010k
Native frames: (J=compiled Java code, j=interpreted, Vv=VM code, C=native code)
C  [i965_dri.so+0x17ccfb]

Java frames: (J=compiled Java code, j=interpreted, Vv=VM code)
j  jogamp.opengl.gl4.GL4bcImpl.dispatch_glMaterialfv1(IILjava/lang/Object;IZJ)V+0
j  jogamp.opengl.gl4.GL4bcImpl.glMaterialfv(II[FI)V+111
j  robotrace.Robot.draw(Ljavax/media/opengl/GL2;Ljavax/media/opengl/glu/GLU;Lcom/jogamp/opengl/util/gl2/GLUT;F)V+21
j  robotrace.RobotRace.drawScene()V+133
j  robotrace.Base$GLEventDelegate.display(Ljavax/media/opengl/GLAutoDrawable;)V+96
j  jogamp.opengl.GLDrawableHelper.displayImpl(Ljavax/media/opengl/GLAutoDrawable;)V+81
j  jogamp.opengl.GLDrawableHelper.display(Ljavax/media/opengl/GLAutoDrawable;)V+2
j  javax.media.opengl.awt.GLJPanel$Updater.display(Ljavax/media/opengl/GLAutoDrawable;)V+200
j  javax.media.opengl.awt.GLJPanel$9.run()V+11
j  jogamp.opengl.GLDrawableHelper.invokeGLImpl(Ljavax/media/opengl/GLDrawable;Ljavax/media/opengl/GLContext;Ljava/lang/Runnable;Ljava/lang/Runnable;)V+203
j  jogamp.opengl.GLDrawableHelper.invokeGL(Ljavax/media/opengl/GLDrawable;Ljavax/media/opengl/GLContext;Ljava/lang/Runnable;Ljava/lang/Runnable;)V+72
j  javax.media.opengl.awt.GLJPanel$OffscreenBackend.doPaintComponent(Ljava/awt/Graphics;)V+29
j  javax.media.opengl.awt.GLJPanel.paintComponent(Ljava/awt/Graphics;)V+215
j  javax.swing.JComponent.paint(Ljava/awt/Graphics;)V+286
j  javax.swing.JComponent.paintChildren(Ljava/awt/Graphics;)V+501
j  javax.swing.JComponent.paint(Ljava/awt/Graphics;)V+318
j  javax.swing.JComponent.paintChildren(Ljava/awt/Graphics;)V+501
j  javax.swing.JComponent.paint(Ljava/awt/Graphics;)V+318
j  javax.swing.JLayeredPane.paint(Ljava/awt/Graphics;)V+73
j  javax.swing.JComponent.paintChildren(Ljava/awt/Graphics;)V+501
j  javax.swing.JComponent.paintToOffscreen(Ljava/awt/Graphics;IIIIII)V+72
j  javax.swing.BufferStrategyPaintManager.paint(Ljavax/swing/JComponent;Ljavax/swing/JComponent;Ljava/awt/Graphics;IIII)Z+164
j  javax.swing.RepaintManager.paint(Ljavax/swing/JComponent;Ljavax/swing/JComponent;Ljava/awt/Graphics;IIII)V+51
j  javax.swing.JComponent.paint(Ljava/awt/Graphics;)V+221
j  java.awt.GraphicsCallback$PaintCallback.run(Ljava/awt/Component;Ljava/awt/Graphics;)V+2
j  sun.awt.SunGraphicsCallback.runOneComponent(Ljava/awt/Component;Ljava/awt/Rectangle;Ljava/awt/Graphics;Ljava/awt/Shape;I)V+155
j  sun.awt.SunGraphicsCallback.runComponents([Ljava/awt/Component;Ljava/awt/Graphics;I)V+194
j  java.awt.Container.paint(Ljava/awt/Graphics;)V+58
j  java.awt.Window.paint(Ljava/awt/Graphics;)V+68
j  javax.swing.RepaintManager$4.run()Ljava/lang/Void;+142
j  javax.swing.RepaintManager$4.run()Ljava/lang/Object;+1
v  ~StubRoutines::call_stub
j  java.security.AccessController.doPrivileged(Ljava/security/PrivilegedAction;Ljava/security/AccessControlContext;)Ljava/lang/Object;+0
j  java.security.ProtectionDomain$JavaSecurityAccessImpl.doIntersectionPrivilege(Ljava/security/PrivilegedAction;Ljava/security/AccessControlContext;Ljava/security/AccessControlContext;)Ljava/lang/Object;+18
j  javax.swing.RepaintManager.paintDirtyRegions(Ljava/util/Map;)V+154
j  javax.swing.RepaintManager.paintDirtyRegions()V+46
j  javax.swing.RepaintManager.prePaintDirtyRegions()V+73
j  javax.swing.RepaintManager.access$1200(Ljavax/swing/RepaintManager;)V+1
j  javax.swing.RepaintManager$ProcessingRunnable.run()V+37
j  java.awt.event.InvocationEvent.dispatch()V+47
j  java.awt.EventQueue.dispatchEventImpl(Ljava/awt/AWTEvent;Ljava/lang/Object;)V+21
j  java.awt.EventQueue.access$500(Ljava/awt/EventQueue;Ljava/awt/AWTEvent;Ljava/lang/Object;)V+3
j  java.awt.EventQueue$3.run()Ljava/lang/Void;+32
j  java.awt.EventQueue$3.run()Ljava/lang/Object;+1
v  ~StubRoutines::call_stub
j  java.security.AccessController.doPrivileged(Ljava/security/PrivilegedAction;Ljava/security/AccessControlContext;)Ljava/lang/Object;+0
j  java.security.ProtectionDomain$JavaSecurityAccessImpl.doIntersectionPrivilege(Ljava/security/PrivilegedAction;Ljava/security/AccessControlContext;Ljava/security/AccessControlContext;)Ljava/lang/Object;+18
j  java.awt.EventQueue.dispatchEvent(Ljava/awt/AWTEvent;)V+46
j  java.awt.EventDispatchThread.pumpOneEventForFilters(I)V+245
j  java.awt.EventDispatchThread.pumpEventsForFilter(ILjava/awt/Conditional;Ljava/awt/EventFilter;)V+35
j  java.awt.EventDispatchThread.pumpEventsForHierarchy(ILjava/awt/Conditional;Ljava/awt/Component;)V+11
j  java.awt.EventDispatchThread.pumpEvents(ILjava/awt/Conditional;)V+4
j  java.awt.EventDispatchThread.pumpEvents(Ljava/awt/Conditional;)V+3
j  java.awt.EventDispatchThread.run()V+9
v  ~StubRoutines::call_stub

---------------  P R O C E S S  ---------------

Java Threads: ( => current thread )
  0x00007fe07400a000 JavaThread "DestroyJavaVM" [_thread_blocked, id=4739, stack(0x00007fe07bc74000,0x00007fe07bd75000)]
  0x00007fe0749d9000 JavaThread "main-FPSAWTAnimator#00-Timer0" [_thread_blocked, id=4766, stack(0x00007fe01006b000,0x00007fe01016c000)]
  0x00007fe07445c000 JavaThread "main-SharedResourceRunner" daemon [_thread_blocked, id=4765, stack(0x00007fe0280f0000,0x00007fe0281f1000)]
=>0x00007fe074396800 JavaThread "AWT-EventQueue-0" [_thread_in_native, id=4764, stack(0x00007fe028c95000,0x00007fe028d96000)]
  0x00007fe074395800 JavaThread "AWT-Shutdown" [_thread_blocked, id=4763, stack(0x00007fe0297c7000,0x00007fe0298c8000)]
  0x00007fe074359800 JavaThread "process reaper" daemon [_thread_blocked, id=4759, stack(0x00007fe0298c8000,0x00007fe029901000)]
  0x00007fe0742d1000 JavaThread "AWT-XAWT" daemon [_thread_in_native, id=4756, stack(0x00007fe029b01000,0x00007fe029c02000)]
  0x00007fe0741e7800 JavaThread "Java2D Disposer" daemon [_thread_blocked, id=4755, stack(0x00007fe02a855000,0x00007fe02a956000)]
  0x00007fe0740c2800 JavaThread "Service Thread" daemon [_thread_blocked, id=4753, stack(0x00007fe054953000,0x00007fe054a54000)]
  0x00007fe0740b3000 JavaThread "C1 CompilerThread2" daemon [_thread_in_native, id=4752, stack(0x00007fe054a54000,0x00007fe054b55000)]
  0x00007fe0740b1000 JavaThread "C2 CompilerThread1" daemon [_thread_blocked, id=4751, stack(0x00007fe054b55000,0x00007fe054c56000)]
  0x00007fe0740ae000 JavaThread "C2 CompilerThread0" daemon [_thread_in_native, id=4750, stack(0x00007fe054c56000,0x00007fe054d57000)]
  0x00007fe0740ac000 JavaThread "Signal Dispatcher" daemon [_thread_blocked, id=4749, stack(0x00007fe054d57000,0x00007fe054e58000)]
  0x00007fe074083800 JavaThread "Finalizer" daemon [_thread_blocked, id=4748, stack(0x00007fe055131000,0x00007fe055232000)]
  0x00007fe07407f000 JavaThread "Reference Handler" daemon [_thread_blocked, id=4747, stack(0x00007fe055232000,0x00007fe055333000)]

Other Threads:
  0x00007fe074077800 VMThread [stack: 0x00007fe055333000,0x00007fe055434000] [id=4746]
  0x00007fe0740c5000 WatcherThread [stack: 0x00007fe054852000,0x00007fe054953000] [id=4754]

VM state:not at safepoint (normal execution)

VM Mutex/Monitor currently owned by a thread: None

Heap:
 PSYoungGen      total 16896K, used 11191K [0x00000000ed600000, 0x00000000ef700000, 0x0000000100000000)
  eden space 14848K, 61% used [0x00000000ed600000,0x00000000edef1488,0x00000000ee480000)
  from space 2048K, 99% used [0x00000000ee680000,0x00000000ee87c820,0x00000000ee880000)
  to   space 2048K, 0% used [0x00000000ee480000,0x00000000ee480000,0x00000000ee680000)
 ParOldGen       total 38400K, used 7655K [0x00000000c8200000, 0x00000000ca780000, 0x00000000ed600000)
  object space 38400K, 19% used [0x00000000c8200000,0x00000000c8979c88,0x00000000ca780000)
 Metaspace       used 20272K, capacity 20465K, committed 20864K, reserved 1067008K
  class space    used 2233K, capacity 2318K, committed 2432K, reserved 1048576K

Card table byte_map: [0x00007fe07817d000,0x00007fe07833d000] byte_map_base: 0x00007fe077b3c000

Marking Bits: (ParMarkBitMap*) 0x00007fe07af4c220
 Begin Bits: [0x00007fe056410000, 0x00007fe057208000)
 End Bits:   [0x00007fe057208000, 0x00007fe058000000)

Polling page: 0x00007fe07bd9e000

CodeCache: size=245760Kb used=4406Kb max_used=4409Kb free=241353Kb
 bounds [0x00007fe065000000, 0x00007fe065460000, 0x00007fe074000000]
 total_blobs=2134 nmethods=1133 adapters=916
 compilation: enabled

Compilation events (10 events):
Event: 2,431 Thread 0x00007fe0740b3000 nmethod 1131 0x00007fe06544ded0 code [0x00007fe06544e040, 0x00007fe06544e4f0]
Event: 2,431 Thread 0x00007fe0740b3000 1132       3       jogamp.opengl.gl4.GL4bcImpl::isGL2 (8 bytes)
Event: 2,431 Thread 0x00007fe0740b3000 nmethod 1132 0x00007fe06544d910 code [0x00007fe06544da80, 0x00007fe06544ddf0]
Event: 2,431 Thread 0x00007fe0740b3000 1133       3       jogamp.opengl.gl4.GL4bcImpl::getGL2 (20 bytes)
Event: 2,432 Thread 0x00007fe0740b3000 nmethod 1133 0x00007fe06544d090 code [0x00007fe06544d220, 0x00007fe06544d768]
Event: 2,432 Thread 0x00007fe0740b3000 1134       3       jogamp.opengl.glu.GLUquadricImpl::cos (7 bytes)
Event: 2,432 Thread 0x00007fe0740b3000 nmethod 1134 0x00007fe06544c9d0 code [0x00007fe06544cb40, 0x00007fe06544cff0]
Event: 2,432 Thread 0x00007fe0740b3000 1135       3       jogamp.opengl.glu.GLUquadricImpl::glNormal3f (101 bytes)
Event: 2,433 Thread 0x00007fe0740b3000 nmethod 1135 0x00007fe06544c190 code [0x00007fe06544c340, 0x00007fe06544c828]
Event: 2,434 Thread 0x00007fe0740b3000 1136       3       jogamp.opengl.gl4.GL4bcImpl::glVertex3f (55 bytes)

GC Heap History (4 events):
Event: 1,182 GC heap before
{Heap before GC invocations=1 (full 0):
 PSYoungGen      total 16896K, used 14848K [0x00000000ed600000, 0x00000000ee880000, 0x0000000100000000)
  eden space 14848K, 100% used [0x00000000ed600000,0x00000000ee480000,0x00000000ee480000)
  from space 2048K, 0% used [0x00000000ee680000,0x00000000ee680000,0x00000000ee880000)
  to   space 2048K, 0% used [0x00000000ee480000,0x00000000ee480000,0x00000000ee680000)
 ParOldGen       total 38400K, used 0K [0x00000000c8200000, 0x00000000ca780000, 0x00000000ed600000)
  object space 38400K, 0% used [0x00000000c8200000,0x00000000c8200000,0x00000000ca780000)
 Metaspace       used 14025K, capacity 14239K, committed 14464K, reserved 1062912K
  class space    used 1545K, capacity 1633K, committed 1664K, reserved 1048576K
Event: 1,191 GC heap after
Heap after GC invocations=1 (full 0):
 PSYoungGen      total 16896K, used 2047K [0x00000000ed600000, 0x00000000ee880000, 0x0000000100000000)
  eden space 14848K, 0% used [0x00000000ed600000,0x00000000ed600000,0x00000000ee480000)
  from space 2048K, 99% used [0x00000000ee480000,0x00000000ee67fc30,0x00000000ee680000)
  to   space 2048K, 0% used [0x00000000ee680000,0x00000000ee680000,0x00000000ee880000)
 ParOldGen       total 38400K, used 1325K [0x00000000c8200000, 0x00000000ca780000, 0x00000000ed600000)
  object space 38400K, 3% used [0x00000000c8200000,0x00000000c834b600,0x00000000ca780000)
 Metaspace       used 14025K, capacity 14239K, committed 14464K, reserved 1062912K
  class space    used 1545K, capacity 1633K, committed 1664K, reserved 1048576K
}
Event: 2,005 GC heap before
{Heap before GC invocations=2 (full 0):
 PSYoungGen      total 16896K, used 16895K [0x00000000ed600000, 0x00000000ee880000, 0x0000000100000000)
  eden space 14848K, 100% used [0x00000000ed600000,0x00000000ee480000,0x00000000ee480000)
  from space 2048K, 99% used [0x00000000ee480000,0x00000000ee67fc30,0x00000000ee680000)
  to   space 2048K, 0% used [0x00000000ee680000,0x00000000ee680000,0x00000000ee880000)
 ParOldGen       total 38400K, used 1325K [0x00000000c8200000, 0x00000000ca780000, 0x00000000ed600000)
  object space 38400K, 3% used [0x00000000c8200000,0x00000000c834b600,0x00000000ca780000)
 Metaspace       used 19915K, capacity 20113K, committed 20480K, reserved 1067008K
  class space    used 2206K, capacity 2286K, committed 2304K, reserved 1048576K
Event: 2,020 GC heap after
Heap after GC invocations=2 (full 0):
 PSYoungGen      total 16896K, used 2034K [0x00000000ed600000, 0x00000000ef700000, 0x0000000100000000)
  eden space 14848K, 0% used [0x00000000ed600000,0x00000000ed600000,0x00000000ee480000)
  from space 2048K, 99% used [0x00000000ee680000,0x00000000ee87c820,0x00000000ee880000)
  to   space 2048K, 0% used [0x00000000ee480000,0x00000000ee480000,0x00000000ee680000)
 ParOldGen       total 38400K, used 7655K [0x00000000c8200000, 0x00000000ca780000, 0x00000000ed600000)
  object space 38400K, 19% used [0x00000000c8200000,0x00000000c8979c88,0x00000000ca780000)
 Metaspace       used 19915K, capacity 20113K, committed 20480K, reserved 1067008K
  class space    used 2206K, capacity 2286K, committed 2304K, reserved 1048576K
}

Deoptimization events (10 events):
Event: 0,752 Thread 0x00007fe07400a000 Uncommon trap: reason=unstable_if action=reinterpret pc=0x00007fe0651a718c method=java.lang.AbstractStringBuilder.append(Ljava/lang/String;)Ljava/lang/AbstractStringBuilder; @ 1
Event: 0,753 Thread 0x00007fe07400a000 Uncommon trap: reason=unstable_if action=reinterpret pc=0x00007fe0651a35c8 method=java.lang.AbstractStringBuilder.append(Ljava/lang/String;)Ljava/lang/AbstractStringBuilder; @ 1
Event: 1,532 Thread 0x00007fe07400a000 Uncommon trap: reason=unstable_if action=reinterpret pc=0x00007fe0652a7050 method=java.util.HashMap.getNode(ILjava/lang/Object;)Ljava/util/HashMap$Node; @ 84
Event: 1,622 Thread 0x00007fe07400a000 Uncommon trap: reason=unstable_if action=reinterpret pc=0x00007fe0652af4dc method=java.util.HashMap.putVal(ILjava/lang/Object;Ljava/lang/Object;ZZ)Ljava/lang/Object; @ 109
Event: 1,655 Thread 0x00007fe07400a000 Uncommon trap: reason=unstable_if action=reinterpret pc=0x00007fe0652b1c7c method=java.util.HashMap.putVal(ILjava/lang/Object;Ljava/lang/Object;ZZ)Ljava/lang/Object; @ 109
Event: 2,051 Thread 0x00007fe074396800 Uncommon trap: reason=unstable_if action=reinterpret pc=0x00007fe0653cfea8 method=java.io.BufferedInputStream.read()I @ 8
Event: 2,063 Thread 0x00007fe074396800 Uncommon trap: reason=unstable_if action=reinterpret pc=0x00007fe0653d2368 method=java.io.BufferedInputStream.read()I @ 8
Event: 2,073 Thread 0x00007fe074396800 Uncommon trap: reason=unstable_if action=reinterpret pc=0x00007fe0653cea70 method=java.io.BufferedInputStream.read()I @ 8
Event: 2,265 Thread 0x00007fe074396800 Uncommon trap: reason=unstable_if action=reinterpret pc=0x00007fe0653f9478 method=jogamp.opengl.util.jpeg.JPEGDecoder.getPixel(Ljogamp/opengl/util/jpeg/JPEGDecoder$ColorSink;II)V @ 465
Event: 2,331 Thread 0x00007fe074396800 Uncommon trap: reason=unstable_if action=reinterpret pc=0x00007fe0653f5568 method=jogamp.opengl.util.jpeg.JPEGDecoder$Output.quantizeAndInverse([I[B[I[I)V @ 98

Internal exceptions (10 events):
Event: 0,601 Thread 0x00007fe07400a000 Exception <a 'java/lang/ClassNotFoundException': ToolTip> (0x00000000ed9f1e88) thrown at [/build/openjdk-8-8jAw7G/openjdk-8-8u111-b14/src/hotspot/src/share/vm/classfile/systemDictionary.cpp, line 210]
Event: 0,603 Thread 0x00007fe07400a000 Exception <a 'java/lang/ClassNotFoundException': Tree> (0x00000000ed9f2ae0) thrown at [/build/openjdk-8-8jAw7G/openjdk-8-8u111-b14/src/hotspot/src/share/vm/classfile/systemDictionary.cpp, line 210]
Event: 0,603 Thread 0x00007fe07400a000 Exception <a 'java/lang/ClassNotFoundException': Tree> (0x00000000ed9f3220) thrown at [/build/openjdk-8-8jAw7G/openjdk-8-8u111-b14/src/hotspot/src/share/vm/classfile/systemDictionary.cpp, line 210]
Event: 0,603 Thread 0x00007fe07400a000 Exception <a 'java/lang/ClassNotFoundException': javax/swing/JTreeCell> (0x00000000ed9f35a0) thrown at [/build/openjdk-8-8jAw7G/openjdk-8-8u111-b14/src/hotspot/src/share/vm/classfile/systemDictionary.cpp, line 210]
Event: 0,603 Thread 0x00007fe07400a000 Exception <a 'java/lang/ClassNotFoundException': TreeCell> (0x00000000ed9f3a28) thrown at [/build/openjdk-8-8jAw7G/openjdk-8-8u111-b14/src/hotspot/src/share/vm/classfile/systemDictionary.cpp, line 210]
Event: 0,604 Thread 0x00007fe07400a000 Exception <a 'java/lang/ClassNotFoundException': RootPane> (0x00000000ed9f44c8) thrown at [/build/openjdk-8-8jAw7G/openjdk-8-8u111-b14/src/hotspot/src/share/vm/classfile/systemDictionary.cpp, line 210]
Event: 0,629 Thread 0x00007fe07400a000 Exception <a 'java/lang/ClassNotFoundException': sun/dc/DuctusRenderingEngine> (0x00000000eda00ab8) thrown at [/build/openjdk-8-8jAw7G/openjdk-8-8u111-b14/src/hotspot/src/share/vm/classfile/systemDictionary.cpp, line 210]
Event: 0,752 Thread 0x00007fe07400a000 Implicit null exception at 0x00007fe0651a6db5 to 0x00007fe0651a7179
Event: 0,753 Thread 0x00007fe07400a000 Implicit null exception at 0x00007fe0651a31f6 to 0x00007fe0651a35b1
Event: 1,506 Thread 0x00007fe07400a000 Exception <a 'java/lang/InterruptedException'> (0x00000000ed9c00d0) thrown at [/build/openjdk-8-8jAw7G/openjdk-8-8u111-b14/src/hotspot/src/share/vm/runtime/objectMonitor.cpp, line 1684]

Events (10 events):
Event: 2,377 loading class java/nio/channels/Channels
Event: 2,378 loading class java/nio/channels/Channels done
Event: 2,378 loading class sun/nio/ch/ChannelInputStream
Event: 2,378 loading class sun/nio/ch/ChannelInputStream done
Event: 2,378 loading class java/nio/channels/SelectableChannel
Event: 2,378 loading class java/nio/channels/SelectableChannel done
Event: 2,423 loading class com/jogamp/opengl/math/VectorUtil
Event: 2,423 loading class com/jogamp/opengl/math/VectorUtil done
Event: 2,426 loading class jogamp/opengl/glu/GLUquadricImpl
Event: 2,426 loading class jogamp/opengl/glu/GLUquadricImpl done


Dynamic libraries:
00400000-00401000 r-xp 00000000 08:04 403070                             /usr/lib/jvm/java-8-openjdk-amd64/jre/bin/java
00600000-00601000 r--p 00000000 08:04 403070                             /usr/lib/jvm/java-8-openjdk-amd64/jre/bin/java
00601000-00602000 rw-p 00001000 08:04 403070                             /usr/lib/jvm/java-8-openjdk-amd64/jre/bin/java
00953000-00974000 rw-p 00000000 00:00 0                                  [heap]
c8200000-ca780000 rw-p 00000000 00:00 0 
ca780000-ed600000 ---p 00000000 00:00 0 
ed600000-ef700000 rw-p 00000000 00:00 0 
ef700000-100000000 ---p 00000000 00:00 0 
100000000-100260000 rw-p 00000000 00:00 0 
100260000-140000000 ---p 00000000 00:00 0 
7fe004000000-7fe004021000 rw-p 00000000 00:00 0 
7fe004021000-7fe008000000 ---p 00000000 00:00 0 
7fe00b800000-7fe00b9c0000 rw-s 1019b5000 00:06 2317                      /dev/dri/card0
7fe00b9c0000-7fe00bb00000 rw-s 10183d000 00:06 2317                      /dev/dri/card0
7fe00bb00000-7fe00c000000 rw-s 10133d000 00:06 2317                      /dev/dri/card0
7fe00c000000-7fe00e9d1000 rw-p 00000000 00:00 0 
7fe00e9d1000-7fe010000000 ---p 00000000 00:00 0 
7fe01006b000-7fe01006e000 ---p 00000000 00:00 0 
7fe01006e000-7fe01036c000 rw-p 00000000 00:00 0                          [stack:4766]
7fe01036c000-7fe01056c000 rw-p 00000000 00:00 0 
7fe01056c000-7fe01056e000 r-xp 00000000 08:04 926990                     /usr/lib/x86_64-linux-gnu/libXinerama.so.1.0.0
7fe01056e000-7fe01076d000 ---p 00002000 08:04 926990                     /usr/lib/x86_64-linux-gnu/libXinerama.so.1.0.0
7fe01076d000-7fe01076e000 r--p 00001000 08:04 926990                     /usr/lib/x86_64-linux-gnu/libXinerama.so.1.0.0
7fe01076e000-7fe01076f000 rw-p 00002000 08:04 926990                     /usr/lib/x86_64-linux-gnu/libXinerama.so.1.0.0
7fe01076f000-7fe0107a6000 r-xp 00000000 08:04 927864                     /usr/lib/x86_64-linux-gnu/libtxc_dxtn_s2tc.so.0.0.0
7fe0107a6000-7fe0109a5000 ---p 00037000 08:04 927864                     /usr/lib/x86_64-linux-gnu/libtxc_dxtn_s2tc.so.0.0.0
7fe0109a5000-7fe0109a6000 r--p 00036000 08:04 927864                     /usr/lib/x86_64-linux-gnu/libtxc_dxtn_s2tc.so.0.0.0
7fe0109a6000-7fe0109a7000 rw-p 00037000 08:04 927864                     /usr/lib/x86_64-linux-gnu/libtxc_dxtn_s2tc.so.0.0.0
7fe0109a7000-7fe0109af000 r-xp 00000000 08:04 938008                     /usr/lib/x86_64-linux-gnu/libpciaccess.so.0.11.1
7fe0109af000-7fe010baf000 ---p 00008000 08:04 938008                     /usr/lib/x86_64-linux-gnu/libpciaccess.so.0.11.1
7fe010baf000-7fe010bb0000 r--p 00008000 08:04 938008                     /usr/lib/x86_64-linux-gnu/libpciaccess.so.0.11.1
7fe010bb0000-7fe010bb1000 rw-p 00009000 08:04 938008                     /usr/lib/x86_64-linux-gnu/libpciaccess.so.0.11.1
7fe010bb1000-7fe010bbc000 r-xp 00000000 08:04 922885                     /usr/lib/x86_64-linux-gnu/libdrm_radeon.so.1.0.1
7fe010bbc000-7fe010dbb000 ---p 0000b000 08:04 922885                     /usr/lib/x86_64-linux-gnu/libdrm_radeon.so.1.0.1
7fe010dbb000-7fe010dbc000 r--p 0000a000 08:04 922885                     /usr/lib/x86_64-linux-gnu/libdrm_radeon.so.1.0.1
7fe010dbc000-7fe010dbd000 rw-p 0000b000 08:04 922885                     /usr/lib/x86_64-linux-gnu/libdrm_radeon.so.1.0.1
7fe010dbd000-7fe010dc4000 r-xp 00000000 08:04 922879                     /usr/lib/x86_64-linux-gnu/libdrm_nouveau.so.2.0.0
7fe010dc4000-7fe010fc3000 ---p 00007000 08:04 922879                     /usr/lib/x86_64-linux-gnu/libdrm_nouveau.so.2.0.0
7fe010fc3000-7fe010fc4000 r--p 00006000 08:04 922879                     /usr/lib/x86_64-linux-gnu/libdrm_nouveau.so.2.0.0
7fe010fc4000-7fe010fc5000 rw-p 00007000 08:04 922879                     /usr/lib/x86_64-linux-gnu/libdrm_nouveau.so.2.0.0
7fe010fc5000-7fe010fe5000 r-xp 00000000 08:04 920881                     /usr/lib/x86_64-linux-gnu/libdrm_intel.so.1.0.0
7fe010fe5000-7fe0111e4000 ---p 00020000 08:04 920881                     /usr/lib/x86_64-linux-gnu/libdrm_intel.so.1.0.0
7fe0111e4000-7fe0111e5000 r--p 0001f000 08:04 920881                     /usr/lib/x86_64-linux-gnu/libdrm_intel.so.1.0.0
7fe0111e5000-7fe0111e6000 rw-p 00020000 08:04 920881                     /usr/lib/x86_64-linux-gnu/libdrm_intel.so.1.0.0
7fe0111e6000-7fe0117eb000 r-xp 00000000 08:04 1050765                    /usr/lib/x86_64-linux-gnu/dri/i965_dri.so
7fe0117eb000-7fe0119eb000 ---p 00605000 08:04 1050765                    /usr/lib/x86_64-linux-gnu/dri/i965_dri.so
7fe0119eb000-7fe011a21000 r--p 00605000 08:04 1050765                    /usr/lib/x86_64-linux-gnu/dri/i965_dri.so
7fe011a21000-7fe011a28000 rw-p 0063b000 08:04 1050765                    /usr/lib/x86_64-linux-gnu/dri/i965_dri.so
7fe011a28000-7fe011a30000 rw-p 00000000 00:00 0 
7fe011a30000-7fe011a36000 r-xp 00000000 08:04 1050034                    /usr/lib/x86_64-linux-gnu/mesa-egl/libGLESv2.so.2.0.0
7fe011a36000-7fe011c36000 ---p 00006000 08:04 1050034                    /usr/lib/x86_64-linux-gnu/mesa-egl/libGLESv2.so.2.0.0
7fe011c36000-7fe011c37000 r--p 00006000 08:04 1050034                    /usr/lib/x86_64-linux-gnu/mesa-egl/libGLESv2.so.2.0.0
7fe011c37000-7fe011c38000 rw-p 00007000 08:04 1050034                    /usr/lib/x86_64-linux-gnu/mesa-egl/libGLESv2.so.2.0.0
7fe011c38000-7fe011c7d000 r-xp 00000000 08:04 655712                     /tmp/jogamp_0000/file_cache/jln7889895291074565470/jln4092518327343335517/libjogl_mobile.so
7fe011c7d000-7fe011e7d000 ---p 00045000 08:04 655712                     /tmp/jogamp_0000/file_cache/jln7889895291074565470/jln4092518327343335517/libjogl_mobile.so
7fe011e7d000-7fe011e7e000 rw-p 00045000 08:04 655712                     /tmp/jogamp_0000/file_cache/jln7889895291074565470/jln4092518327343335517/libjogl_mobile.so
7fe011e7e000-7fe011e85000 r-xp 00000000 08:04 920536                     /usr/lib/x86_64-linux-gnu/libffi.so.6.0.4
7fe011e85000-7fe012084000 ---p 00007000 08:04 920536                     /usr/lib/x86_64-linux-gnu/libffi.so.6.0.4
7fe012084000-7fe012085000 r--p 00006000 08:04 920536                     /usr/lib/x86_64-linux-gnu/libffi.so.6.0.4
7fe012085000-7fe012086000 rw-p 00007000 08:04 920536                     /usr/lib/x86_64-linux-gnu/libffi.so.6.0.4
7fe012086000-7fe012092000 r-xp 00000000 08:04 922893                     /usr/lib/x86_64-linux-gnu/libgbm.so.1.0.0
7fe012092000-7fe012292000 ---p 0000c000 08:04 922893                     /usr/lib/x86_64-linux-gnu/libgbm.so.1.0.0
7fe012292000-7fe012293000 r--p 0000c000 08:04 922893                     /usr/lib/x86_64-linux-gnu/libgbm.so.1.0.0
7fe012293000-7fe012294000 rw-p 0000d000 08:04 922893                     /usr/lib/x86_64-linux-gnu/libgbm.so.1.0.0
7fe012294000-7fe0122a3000 r-xp 00000000 08:04 926960                     /usr/lib/x86_64-linux-gnu/libwayland-server.so.0.1.0
7fe0122a3000-7fe0124a2000 ---p 0000f000 08:04 926960                     /usr/lib/x86_64-linux-gnu/libwayland-server.so.0.1.0
7fe0124a2000-7fe0124a4000 r--p 0000e000 08:04 926960                     /usr/lib/x86_64-linux-gnu/libwayland-server.so.0.1.0
7fe0124a4000-7fe0124a5000 rw-p 00010000 08:04 926960                     /usr/lib/x86_64-linux-gnu/libwayland-server.so.0.1.0
7fe0124a5000-7fe0124b1000 r-xp 00000000 08:04 927222                     /usr/lib/x86_64-linux-gnu/libwayland-client.so.0.3.0
7fe0124b1000-7fe0126b0000 ---p 0000c000 08:04 927222                     /usr/lib/x86_64-linux-gnu/libwayland-client.so.0.3.0
7fe0126b0000-7fe0126b2000 r--p 0000b000 08:04 927222                     /usr/lib/x86_64-linux-gnu/libwayland-client.so.0.3.0
7fe0126b2000-7fe0126b3000 rw-p 0000d000 08:04 927222                     /usr/lib/x86_64-linux-gnu/libwayland-client.so.0.3.0
7fe0126b3000-7fe0126b9000 r-xp 00000000 08:04 930523                     /usr/lib/x86_64-linux-gnu/libxcb-xfixes.so.0.0.0
7fe0126b9000-7fe0128b9000 ---p 00006000 08:04 930523                     /usr/lib/x86_64-linux-gnu/libxcb-xfixes.so.0.0.0
7fe0128b9000-7fe0128ba000 r--p 00006000 08:04 930523                     /usr/lib/x86_64-linux-gnu/libxcb-xfixes.so.0.0.0
7fe0128ba000-7fe0128bb000 rw-p 00007000 08:04 930523                     /usr/lib/x86_64-linux-gnu/libxcb-xfixes.so.0.0.0
7fe0128bb000-7fe0128eb000 r-xp 00000000 08:04 1048652                    /usr/lib/x86_64-linux-gnu/mesa-egl/libEGL.so.1.0.0
7fe0128eb000-7fe012aeb000 ---p 00030000 08:04 1048652                    /usr/lib/x86_64-linux-gnu/mesa-egl/libEGL.so.1.0.0
7fe012aeb000-7fe012aec000 r--p 00030000 08:04 1048652                    /usr/lib/x86_64-linux-gnu/mesa-egl/libEGL.so.1.0.0
7fe012aec000-7fe012aed000 rw-p 00031000 08:04 1048652                    /usr/lib/x86_64-linux-gnu/mesa-egl/libEGL.so.1.0.0
7fe012aed000-7fe012b92000 r-xp 00000000 08:04 655709                     /tmp/jogamp_0000/file_cache/jln7889895291074565470/jln4092518327343335517/libjogl_desktop.so
7fe012b92000-7fe012d92000 ---p 000a5000 08:04 655709                     /tmp/jogamp_0000/file_cache/jln7889895291074565470/jln4092518327343335517/libjogl_desktop.so
7fe012d92000-7fe012d93000 rw-p 000a5000 08:04 655709                     /tmp/jogamp_0000/file_cache/jln7889895291074565470/jln4092518327343335517/libjogl_desktop.so
7fe012d93000-7fe012da1000 r-xp 00000000 08:04 921029                     /usr/lib/x86_64-linux-gnu/libdrm.so.2.4.0
7fe012da1000-7fe012fa0000 ---p 0000e000 08:04 921029                     /usr/lib/x86_64-linux-gnu/libdrm.so.2.4.0
7fe012fa0000-7fe012fa1000 r--p 0000d000 08:04 921029                     /usr/lib/x86_64-linux-gnu/libdrm.so.2.4.0
7fe012fa1000-7fe012fa2000 rw-p 0000e000 08:04 921029                     /usr/lib/x86_64-linux-gnu/libdrm.so.2.4.0
7fe012fa2000-7fe012fa6000 r-xp 00000000 08:04 928384                     /usr/lib/x86_64-linux-gnu/libxcb-dri2.so.0.0.0
7fe012fa6000-7fe0131a5000 ---p 00004000 08:04 928384                     /usr/lib/x86_64-linux-gnu/libxcb-dri2.so.0.0.0
7fe0131a5000-7fe0131a6000 r--p 00003000 08:04 928384                     /usr/lib/x86_64-linux-gnu/libxcb-dri2.so.0.0.0
7fe0131a6000-7fe0131a7000 rw-p 00004000 08:04 928384                     /usr/lib/x86_64-linux-gnu/libxcb-dri2.so.0.0.0
7fe0131a7000-7fe0131be000 r-xp 00000000 08:04 921398                     /usr/lib/x86_64-linux-gnu/libxcb-glx.so.0.0.0
7fe0131be000-7fe0133bd000 ---p 00017000 08:04 921398                     /usr/lib/x86_64-linux-gnu/libxcb-glx.so.0.0.0
7fe0133bd000-7fe0133bf000 r--p 00016000 08:04 921398                     /usr/lib/x86_64-linux-gnu/libxcb-glx.so.0.0.0
7fe0133bf000-7fe0133c0000 rw-p 00018000 08:04 921398                     /usr/lib/x86_64-linux-gnu/libxcb-glx.so.0.0.0
7fe0133c0000-7fe0133c1000 r-xp 00000000 08:04 920982                     /usr/lib/x86_64-linux-gnu/libX11-xcb.so.1.0.0
7fe0133c1000-7fe0135c0000 ---p 00001000 08:04 920982                     /usr/lib/x86_64-linux-gnu/libX11-xcb.so.1.0.0
7fe0135c0000-7fe0135c1000 r--p 00000000 08:04 920982                     /usr/lib/x86_64-linux-gnu/libX11-xcb.so.1.0.0
7fe0135c1000-7fe0135c2000 rw-p 00001000 08:04 920982                     /usr/lib/x86_64-linux-gnu/libX11-xcb.so.1.0.0
7fe0135c2000-7fe0135c4000 r-xp 00000000 08:04 926976                     /usr/lib/x86_64-linux-gnu/libXdamage.so.1.1.0
7fe0135c4000-7fe0137c3000 ---p 00002000 08:04 926976                     /usr/lib/x86_64-linux-gnu/libXdamage.so.1.1.0
7fe0137c3000-7fe0137c4000 r--p 00001000 08:04 926976                     /usr/lib/x86_64-linux-gnu/libXdamage.so.1.1.0
7fe0137c4000-7fe0137c5000 rw-p 00002000 08:04 926976                     /usr/lib/x86_64-linux-gnu/libXdamage.so.1.1.0
7fe0137c5000-7fe0137ee000 r-xp 00000000 08:04 921441                     /usr/lib/x86_64-linux-gnu/libglapi.so.0.0.0
7fe0137ee000-7fe0139ed000 ---p 00029000 08:04 921441                     /usr/lib/x86_64-linux-gnu/libglapi.so.0.0.0
7fe0139ed000-7fe0139f1000 r--p 00028000 08:04 921441                     /usr/lib/x86_64-linux-gnu/libglapi.so.0.0.0
7fe0139f1000-7fe0139f2000 rw-p 0002c000 08:04 921441                     /usr/lib/x86_64-linux-gnu/libglapi.so.0.0.0
7fe0139f2000-7fe0139f3000 rw-p 00000000 00:00 0 
7fe0139f3000-7fe0139f4000 r-xp 00000000 08:04 927949                     /usr/lib/x86_64-linux-gnu/libxshmfence.so.1.0.0
7fe0139f4000-7fe013bf4000 ---p 00001000 08:04 927949                     /usr/lib/x86_64-linux-gnu/libxshmfence.so.1.0.0
7fe013bf4000-7fe013bf5000 r--p 00001000 08:04 927949                     /usr/lib/x86_64-linux-gnu/libxshmfence.so.1.0.0
7fe013bf5000-7fe013bf6000 rw-p 00002000 08:04 927949                     /usr/lib/x86_64-linux-gnu/libxshmfence.so.1.0.0
7fe013bf6000-7fe013bfb000 r-xp 00000000 08:04 921290                     /usr/lib/x86_64-linux-gnu/libxcb-sync.so.1.0.0
7fe013bfb000-7fe013dfb000 ---p 00005000 08:04 921290                     /usr/lib/x86_64-linux-gnu/libxcb-sync.so.1.0.0
7fe013dfb000-7fe013dfc000 r--p 00005000 08:04 921290                     /usr/lib/x86_64-linux-gnu/libxcb-sync.so.1.0.0
7fe013dfc000-7fe013dfd000 rw-p 00006000 08:04 921290                     /usr/lib/x86_64-linux-gnu/libxcb-sync.so.1.0.0
7fe013dfd000-7fe013dff000 r-xp 00000000 08:04 921415                     /usr/lib/x86_64-linux-gnu/libxcb-present.so.0.0.0
7fe013dff000-7fe013ffe000 ---p 00002000 08:04 921415                     /usr/lib/x86_64-linux-gnu/libxcb-present.so.0.0.0
7fe013ffe000-7fe013fff000 r--p 00001000 08:04 921415                     /usr/lib/x86_64-linux-gnu/libxcb-present.so.0.0.0
7fe013fff000-7fe014000000 rw-p 00002000 08:04 921415                     /usr/lib/x86_64-linux-gnu/libxcb-present.so.0.0.0
7fe014000000-7fe014021000 rw-p 00000000 00:00 0 
7fe014021000-7fe018000000 ---p 00000000 00:00 0 
7fe018000000-7fe019eba000 rw-p 00000000 00:00 0 
7fe019eba000-7fe01c000000 ---p 00000000 00:00 0 
7fe01c000000-7fe01c021000 rw-p 00000000 00:00 0 
7fe01c021000-7fe020000000 ---p 00000000 00:00 0 
7fe020000000-7fe020021000 rw-p 00000000 00:00 0 
7fe020021000-7fe024000000 ---p 00000000 00:00 0 
7fe024000000-7fe024021000 rw-p 00000000 00:00 0 
7fe024021000-7fe028000000 ---p 00000000 00:00 0 
7fe028088000-7fe028098000 rw-s 00000000 00:05 93313                      /drm mm object (deleted)
7fe028098000-7fe0280d0000 rw-s 10197d000 00:06 2317                      /dev/dri/card0
7fe0280d0000-7fe0280ee000 r-xp 00000000 08:04 659990                     /lib/x86_64-linux-gnu/libudev.so.1.6.4
7fe0280ee000-7fe0280ef000 r--p 0001d000 08:04 659990                     /lib/x86_64-linux-gnu/libudev.so.1.6.4
7fe0280ef000-7fe0280f0000 rw-p 0001e000 08:04 659990                     /lib/x86_64-linux-gnu/libudev.so.1.6.4
7fe0280f0000-7fe0280f3000 ---p 00000000 00:00 0 
7fe0280f3000-7fe0281f1000 rw-p 00000000 00:00 0                          [stack:4765]
7fe0281f1000-7fe0281f3000 r-xp 00000000 08:04 921076                     /usr/lib/x86_64-linux-gnu/libxcb-dri3.so.0.0.0
7fe0281f3000-7fe0283f2000 ---p 00002000 08:04 921076                     /usr/lib/x86_64-linux-gnu/libxcb-dri3.so.0.0.0
7fe0283f2000-7fe0283f3000 r--p 00001000 08:04 921076                     /usr/lib/x86_64-linux-gnu/libxcb-dri3.so.0.0.0
7fe0283f3000-7fe0283f4000 rw-p 00002000 08:04 921076                     /usr/lib/x86_64-linux-gnu/libxcb-dri3.so.0.0.0
7fe0283f4000-7fe02841a000 r-xp 00000000 08:04 655697                     /lib/x86_64-linux-gnu/libexpat.so.1.6.0
7fe02841a000-7fe02861a000 ---p 00026000 08:04 655697                     /lib/x86_64-linux-gnu/libexpat.so.1.6.0
7fe02861a000-7fe02861c000 r--p 00026000 08:04 655697                     /lib/x86_64-linux-gnu/libexpat.so.1.6.0
7fe02861c000-7fe02861d000 rw-p 00028000 08:04 655697                     /lib/x86_64-linux-gnu/libexpat.so.1.6.0
7fe02861d000-7fe02868a000 r-xp 00000000 08:04 1048606                    /usr/lib/x86_64-linux-gnu/mesa/libGL.so.1.2.0
7fe02868a000-7fe028889000 ---p 0006d000 08:04 1048606                    /usr/lib/x86_64-linux-gnu/mesa/libGL.so.1.2.0
7fe028889000-7fe02888c000 r--p 0006c000 08:04 1048606                    /usr/lib/x86_64-linux-gnu/mesa/libGL.so.1.2.0
7fe02888c000-7fe02888d000 rw-p 0006f000 08:04 1048606                    /usr/lib/x86_64-linux-gnu/mesa/libGL.so.1.2.0
7fe02888d000-7fe028a8e000 rw-p 00000000 00:00 0 
7fe028a8e000-7fe028a95000 r-xp 00000000 08:04 656286                     /tmp/jogamp_0000/file_cache/jln7889895291074565470/jln4092518327343335517/libnativewindow_x11.so
7fe028a95000-7fe028c94000 ---p 00007000 08:04 656286                     /tmp/jogamp_0000/file_cache/jln7889895291074565470/jln4092518327343335517/libnativewindow_x11.so
7fe028c94000-7fe028c95000 rw-p 00006000 08:04 656286                     /tmp/jogamp_0000/file_cache/jln7889895291074565470/jln4092518327343335517/libnativewindow_x11.so
7fe028c95000-7fe028c98000 ---p 00000000 00:00 0 
7fe028c98000-7fe028f96000 rw-p 00000000 00:00 0                          [stack:4764]
7fe028f96000-7fe028f9b000 r-xp 00000000 08:04 928266                     /usr/lib/x86_64-linux-gnu/libXxf86vm.so.1.0.0
7fe028f9b000-7fe02919a000 ---p 00005000 08:04 928266                     /usr/lib/x86_64-linux-gnu/libXxf86vm.so.1.0.0
7fe02919a000-7fe02919b000 r--p 00004000 08:04 928266                     /usr/lib/x86_64-linux-gnu/libXxf86vm.so.1.0.0
7fe02919b000-7fe02919c000 rw-p 00005000 08:04 928266                     /usr/lib/x86_64-linux-gnu/libXxf86vm.so.1.0.0
7fe0291a1000-7fe0291b1000 rw-s 101b75000 00:06 2317                      /dev/dri/card0
7fe0291b1000-7fe0291b9000 rw-s 00000000 00:05 94283                      /drm mm object (deleted)
7fe0291b9000-7fe0291c1000 rw-s 00000000 00:05 94258                      /drm mm object (deleted)
7fe0291c1000-7fe0291c3000 r-xp 00000000 08:04 655713                     /tmp/jogamp_0000/file_cache/jln7889895291074565470/jln4092518327343335517/libnativewindow_awt.so
7fe0291c3000-7fe0293c2000 ---p 00002000 08:04 655713                     /tmp/jogamp_0000/file_cache/jln7889895291074565470/jln4092518327343335517/libnativewindow_awt.so
7fe0293c2000-7fe0293c3000 rw-p 00001000 08:04 655713                     /tmp/jogamp_0000/file_cache/jln7889895291074565470/jln4092518327343335517/libnativewindow_awt.so
7fe0293c3000-7fe0293c4000 r-xp 00000000 08:04 402107                     /usr/lib/jvm/java-8-openjdk-amd64/jre/lib/amd64/libjawt.so
7fe0293c4000-7fe0295c3000 ---p 00001000 08:04 402107                     /usr/lib/jvm/java-8-openjdk-amd64/jre/lib/amd64/libjawt.so
7fe0295c3000-7fe0295c4000 r--p 00000000 08:04 402107                     /usr/lib/jvm/java-8-openjdk-amd64/jre/lib/amd64/libjawt.so
7fe0295c4000-7fe0295c5000 rw-p 00001000 08:04 402107                     /usr/lib/jvm/java-8-openjdk-amd64/jre/lib/amd64/libjawt.so
7fe0295c5000-7fe0295c7000 r-xp 00000000 08:04 655708                     /tmp/jogamp_0000/file_cache/jln7889895291074565470/jln4092518327343335517/libgluegen-rt.so
7fe0295c7000-7fe0297c6000 ---p 00002000 08:04 655708                     /tmp/jogamp_0000/file_cache/jln7889895291074565470/jln4092518327343335517/libgluegen-rt.so
7fe0297c6000-7fe0297c7000 rw-p 00001000 08:04 655708                     /tmp/jogamp_0000/file_cache/jln7889895291074565470/jln4092518327343335517/libgluegen-rt.so
7fe0297c7000-7fe0297ca000 ---p 00000000 00:00 0 
7fe0297ca000-7fe0298c8000 rw-p 00000000 00:00 0                          [stack:4763]
7fe0298c8000-7fe0298cb000 ---p 00000000 00:00 0 
7fe0298cb000-7fe029b01000 rw-p 00000000 00:00 0                          [stack:4759]
7fe029b01000-7fe029b04000 ---p 00000000 00:00 0 
7fe029b04000-7fe029c02000 rw-p 00000000 00:00 0                          [stack:4756]
7fe029c02000-7fe029c07000 r-xp 00000000 08:04 926982                     /usr/lib/x86_64-linux-gnu/libXfixes.so.3.1.0
7fe029c07000-7fe029e06000 ---p 00005000 08:04 926982                     /usr/lib/x86_64-linux-gnu/libXfixes.so.3.1.0
7fe029e06000-7fe029e07000 r--p 00004000 08:04 926982                     /usr/lib/x86_64-linux-gnu/libXfixes.so.3.1.0
7fe029e07000-7fe029e08000 rw-p 00005000 08:04 926982                     /usr/lib/x86_64-linux-gnu/libXfixes.so.3.1.0
7fe029e08000-7fe029e0f000 r--s 00000000 08:04 277021                     /var/cache/fontconfig/4be9850f182b35c1350b6bbf2e42601c-le64.cache-6
7fe029e0f000-7fe029e11000 r--s 00000000 08:04 287161                     /var/cache/fontconfig/30a99c4256905863f7aa12b5e873c27c-le64.cache-6
7fe029e11000-7fe029e12000 r--s 00000000 08:04 264011                     /var/cache/fontconfig/087e1975ba9a574b140bb1df193bf770-le64.cache-6
7fe029e12000-7fe029e16000 r--s 00000000 08:04 286461                     /var/cache/fontconfig/6aa41aa22e18b8fa06a12da28ea9c28b-le64.cache-6
7fe029e16000-7fe029e21000 r--s 00000000 08:04 270437                     /var/cache/fontconfig/945677eb7aeaf62f1d50efc3fb3ec7d8-le64.cache-6
7fe029e21000-7fe029e23000 r--s 00000000 08:04 285734                     /var/cache/fontconfig/99e8ed0e538f840c565b6ed5dad60d56-le64.cache-6
7fe029e23000-7fe029e2c000 r--s 00000000 08:04 282994                     /var/cache/fontconfig/a6d8cf8e4ec09cdbc8633c31745a07dd-le64.cache-6
7fe029e2c000-7fe029e32000 r--s 00000000 08:04 282956                     /var/cache/fontconfig/2cd17615ca594fa2959ae173292e504c-le64.cache-6
7fe029e32000-7fe029e33000 r--s 00000000 08:04 280806                     /var/cache/fontconfig/0d8c3b2ac0904cb8a57a757ad11a4a08-le64.cache-6
7fe029e33000-7fe029e3a000 r--s 00000000 08:04 280320                     /var/cache/fontconfig/a755afe4a08bf5b97852ceb7400b47bc-le64.cache-6
7fe029e3a000-7fe029e4f000 r--s 00000000 08:04 280318                     /var/cache/fontconfig/04aabc0a78ac019cf9454389977116d2-le64.cache-6
7fe029e4f000-7fe029e50000 r--s 00000000 08:04 280285                     /var/cache/fontconfig/1ac9eb803944fde146138c791f5cc56a-le64.cache-6
7fe029e50000-7fe029e51000 r--s 00000000 08:04 280281                     /var/cache/fontconfig/b95bc8ffbebda2bbdae4265e45b8178d-le64.cache-6
7fe029e51000-7fe029e55000 r--s 00000000 08:04 278157                     /var/cache/fontconfig/385c0604a188198f04d133e54aba7fe7-le64.cache-6
7fe029e55000-7fe029e56000 r--s 00000000 08:04 278153                     /var/cache/fontconfig/9c956a7723ca69a44b382d9179c9802f-le64.cache-6
7fe029e56000-7fe029e57000 r--s 00000000 08:04 277155                     /var/cache/fontconfig/dc05db6664285cc2f12bf69c139ae4c3-le64.cache-6
7fe029e57000-7fe029e58000 r--s 00000000 08:04 277006                     /var/cache/fontconfig/5d1cca7074f29429a8d18692746c2426-le64.cache-6
7fe029e58000-7fe029e5b000 r--s 00000000 08:04 277005                     /var/cache/fontconfig/767a8244fc0220cfb567a839d0392e0b-le64.cache-6
7fe029e5b000-7fe029e82000 r--s 00000000 08:04 276440                     /var/cache/fontconfig/0bd3dc0958fa2205aaaa8ebb13e2872b-le64.cache-6
7fe029e82000-7fe029e85000 r--s 00000000 08:04 276362                     /var/cache/fontconfig/bf2c1853a9e9b00bb02fe2e9bcf1e201-le64.cache-6
7fe029e85000-7fe029e8a000 r--s 00000000 08:04 276301                     /var/cache/fontconfig/8801497958630a81b71ace7c5f9b32a8-le64.cache-6
7fe029e8a000-7fe029ec5000 r--s 00000000 08:04 276290                     /var/cache/fontconfig/365b55f210c0a22e9a19e35191240f32-le64.cache-6
7fe029ec5000-7fe029ec9000 r--s 00000000 08:04 276237                     /var/cache/fontconfig/c57959a16110560c8d0fcea73374aeeb-le64.cache-6
7fe029ec9000-7fe029ed0000 r--s 00000000 08:04 275977                     /var/cache/fontconfig/3047814df9a2f067bd2d96a2b9c36e5a-le64.cache-6
7fe029ed7000-7fe029edf000 rw-s 00000000 00:05 94234                      /drm mm object (deleted)
7fe029edf000-7fe029ee7000 rw-s 00000000 00:05 94265                      /drm mm object (deleted)
7fe029ee7000-7fe029ef0000 r-xp 00000000 08:04 926974                     /usr/lib/x86_64-linux-gnu/libXcursor.so.1.0.2
7fe029ef0000-7fe02a0ef000 ---p 00009000 08:04 926974                     /usr/lib/x86_64-linux-gnu/libXcursor.so.1.0.2
7fe02a0ef000-7fe02a0f0000 r--p 00008000 08:04 926974                     /usr/lib/x86_64-linux-gnu/libXcursor.so.1.0.2
7fe02a0f0000-7fe02a0f1000 rw-p 00009000 08:04 926974                     /usr/lib/x86_64-linux-gnu/libXcursor.so.1.0.2
7fe02a0f2000-7fe02a0f3000 rw-s 102433000 00:06 2317                      /dev/dri/card0
7fe02a0f3000-7fe02a0f4000 rwxp 00000000 00:00 0 
7fe02a0f4000-7fe02a0fc000 rw-s 00000000 00:05 92892                      /drm mm object (deleted)
7fe02a0fc000-7fe02a104000 rw-s 00000000 00:05 94220                      /drm mm object (deleted)
7fe02a104000-7fe02a105000 rw-s 00000000 00:05 94216                      /drm mm object (deleted)
7fe02a105000-7fe02a106000 rw-s 102432000 00:06 2317                      /dev/dri/card0
7fe02a106000-7fe02a10e000 rw-s 00000000 00:05 94214                      /drm mm object (deleted)
7fe02a10e000-7fe02a10f000 r--s 0002f000 08:03 803808                     /home/mark/Documents/studie/2IV60 - Computer graphics/assignments/robotrace/RobotRace/lib/jogl-all-natives-linux-amd64.jar
7fe02a10f000-7fe02a111000 r--s 00000000 08:03 803800                     /home/mark/Documents/studie/2IV60 - Computer graphics/assignments/robotrace/RobotRace/lib/gluegen-rt-natives-linux-amd64.jar
7fe02a111000-7fe02a112000 r--p 00000000 00:00 0 
7fe02a112000-7fe02a116000 r--s 00097000 08:04 402803                     /usr/lib/jvm/java-8-openjdk-amd64/jre/lib/jsse.jar
7fe02a116000-7fe02a129000 r--s 00346000 08:04 402783                     /usr/lib/jvm/java-8-openjdk-amd64/jre/lib/resources.jar
7fe02a129000-7fe02a13a000 r-xp 00000000 08:04 398692                     /usr/lib/jvm/java-8-openjdk-amd64/jre/lib/amd64/libnio.so
7fe02a13a000-7fe02a33a000 ---p 00011000 08:04 398692                     /usr/lib/jvm/java-8-openjdk-amd64/jre/lib/amd64/libnio.so
7fe02a33a000-7fe02a33b000 r--p 00011000 08:04 398692                     /usr/lib/jvm/java-8-openjdk-amd64/jre/lib/amd64/libnio.so
7fe02a33b000-7fe02a33c000 rw-p 00012000 08:04 398692                     /usr/lib/jvm/java-8-openjdk-amd64/jre/lib/amd64/libnio.so
7fe02a33c000-7fe02a63d000 rw-p 00000000 00:00 0 
7fe02a63d000-7fe02a654000 r-xp 00000000 08:04 402099                     /usr/lib/jvm/java-8-openjdk-amd64/jre/lib/amd64/libnet.so
7fe02a654000-7fe02a853000 ---p 00017000 08:04 402099                     /usr/lib/jvm/java-8-openjdk-amd64/jre/lib/amd64/libnet.so
7fe02a853000-7fe02a854000 r--p 00016000 08:04 402099                     /usr/lib/jvm/java-8-openjdk-amd64/jre/lib/amd64/libnet.so
7fe02a854000-7fe02a855000 rw-p 00017000 08:04 402099                     /usr/lib/jvm/java-8-openjdk-amd64/jre/lib/amd64/libnet.so
7fe02a855000-7fe02a858000 ---p 00000000 00:00 0 
7fe02a858000-7fe02a956000 rw-p 00000000 00:00 0                          [stack:4755]
7fe02a956000-7fe02a97a000 r-xp 00000000 08:04 664918                     /lib/x86_64-linux-gnu/libpng12.so.0.54.0
7fe02a97a000-7fe02ab79000 ---p 00024000 08:04 664918                     /lib/x86_64-linux-gnu/libpng12.so.0.54.0
7fe02ab79000-7fe02ab7a000 r--p 00023000 08:04 664918                     /lib/x86_64-linux-gnu/libpng12.so.0.54.0
7fe02ab7a000-7fe02ab7b000 rw-p 00024000 08:04 664918                     /lib/x86_64-linux-gnu/libpng12.so.0.54.0
7fe02ab7b000-7fe02ac1f000 r-xp 00000000 08:04 921332                     /usr/lib/x86_64-linux-gnu/libfreetype.so.6.12.1
7fe02ac1f000-7fe02ae1e000 ---p 000a4000 08:04 921332                     /usr/lib/x86_64-linux-gnu/libfreetype.so.6.12.1
7fe02ae1e000-7fe02ae24000 r--p 000a3000 08:04 921332                     /usr/lib/x86_64-linux-gnu/libfreetype.so.6.12.1
7fe02ae24000-7fe02ae25000 rw-p 000a9000 08:04 921332                     /usr/lib/x86_64-linux-gnu/libfreetype.so.6.12.1
7fe02ae25000-7fe02ae77000 r-xp 00000000 08:04 398616                     /usr/lib/jvm/java-8-openjdk-amd64/jre/lib/amd64/libfontmanager.so
7fe02ae77000-7fe02b077000 ---p 00052000 08:04 398616                     /usr/lib/jvm/java-8-openjdk-amd64/jre/lib/amd64/libfontmanager.so
7fe02b077000-7fe02b079000 r--p 00052000 08:04 398616                     /usr/lib/jvm/java-8-openjdk-amd64/jre/lib/amd64/libfontmanager.so
7fe02b079000-7fe02b07a000 rw-p 00054000 08:04 398616                     /usr/lib/jvm/java-8-openjdk-amd64/jre/lib/amd64/libfontmanager.so
7fe02b07a000-7fe02b07f000 r-xp 00000000 08:04 930459                     /usr/lib/x86_64-linux-gnu/libXdmcp.so.6.0.0
7fe02b07f000-7fe02b27e000 ---p 00005000 08:04 930459                     /usr/lib/x86_64-linux-gnu/libXdmcp.so.6.0.0
7fe02b27e000-7fe02b27f000 r--p 00004000 08:04 930459                     /usr/lib/x86_64-linux-gnu/libXdmcp.so.6.0.0
7fe02b27f000-7fe02b280000 rw-p 00005000 08:04 930459                     /usr/lib/x86_64-linux-gnu/libXdmcp.so.6.0.0
7fe02b280000-7fe02b282000 r-xp 00000000 08:04 926967                     /usr/lib/x86_64-linux-gnu/libXau.so.6.0.0
7fe02b282000-7fe02b482000 ---p 00002000 08:04 926967                     /usr/lib/x86_64-linux-gnu/libXau.so.6.0.0
7fe02b482000-7fe02b483000 r--p 00002000 08:04 926967                     /usr/lib/x86_64-linux-gnu/libXau.so.6.0.0
7fe02b483000-7fe02b484000 rw-p 00003000 08:04 926967                     /usr/lib/x86_64-linux-gnu/libXau.so.6.0.0
7fe02b484000-7fe02b4a5000 r-xp 00000000 08:04 928382                     /usr/lib/x86_64-linux-gnu/libxcb.so.1.1.0
7fe02b4a5000-7fe02b6a4000 ---p 00021000 08:04 928382                     /usr/lib/x86_64-linux-gnu/libxcb.so.1.1.0
7fe02b6a4000-7fe02b6a5000 r--p 00020000 08:04 928382                     /usr/lib/x86_64-linux-gnu/libxcb.so.1.1.0
7fe02b6a5000-7fe02b6a6000 rw-p 00021000 08:04 928382                     /usr/lib/x86_64-linux-gnu/libxcb.so.1.1.0
7fe02b6a6000-7fe02b6b5000 r-xp 00000000 08:04 923448                     /usr/lib/x86_64-linux-gnu/libXi.so.6.1.0
7fe02b6b5000-7fe02b8b4000 ---p 0000f000 08:04 923448                     /usr/lib/x86_64-linux-gnu/libXi.so.6.1.0
7fe02b8b4000-7fe02b8b5000 r--p 0000e000 08:04 923448                     /usr/lib/x86_64-linux-gnu/libXi.so.6.1.0
7fe02b8b5000-7fe02b8b6000 rw-p 0000f000 08:04 923448                     /usr/lib/x86_64-linux-gnu/libXi.so.6.1.0
7fe02b8b6000-7fe02b8bb000 r-xp 00000000 08:04 927008                     /usr/lib/x86_64-linux-gnu/libXtst.so.6.1.0
7fe02b8bb000-7fe02baba000 ---p 00005000 08:04 927008                     /usr/lib/x86_64-linux-gnu/libXtst.so.6.1.0
7fe02baba000-7fe02babb000 r--p 00004000 08:04 927008                     /usr/lib/x86_64-linux-gnu/libXtst.so.6.1.0
7fe02babb000-7fe02babc000 rw-p 00005000 08:04 927008                     /usr/lib/x86_64-linux-gnu/libXtst.so.6.1.0
7fe02babc000-7fe02bac5000 r-xp 00000000 08:04 927957                     /usr/lib/x86_64-linux-gnu/libXrender.so.1.3.0
7fe02bac5000-7fe02bcc4000 ---p 00009000 08:04 927957                     /usr/lib/x86_64-linux-gnu/libXrender.so.1.3.0
7fe02bcc4000-7fe02bcc5000 r--p 00008000 08:04 927957                     /usr/lib/x86_64-linux-gnu/libXrender.so.1.3.0
7fe02bcc5000-7fe02bcc6000 rw-p 00009000 08:04 927957                     /usr/lib/x86_64-linux-gnu/libXrender.so.1.3.0
7fe02bcc6000-7fe02bdfb000 r-xp 00000000 08:04 927965                     /usr/lib/x86_64-linux-gnu/libX11.so.6.3.0
7fe02bdfb000-7fe02bffb000 ---p 00135000 08:04 927965                     /usr/lib/x86_64-linux-gnu/libX11.so.6.3.0
7fe02bffb000-7fe02bffc000 r--p 00135000 08:04 927965                     /usr/lib/x86_64-linux-gnu/libX11.so.6.3.0
7fe02bffc000-7fe02c000000 rw-p 00136000 08:04 927965                     /usr/lib/x86_64-linux-gnu/libX11.so.6.3.0
7fe02c000000-7fe02c021000 rw-p 00000000 00:00 0 
7fe02c021000-7fe030000000 ---p 00000000 00:00 0 
7fe030000000-7fe030021000 rw-p 00000000 00:00 0 
7fe030021000-7fe034000000 ---p 00000000 00:00 0 
7fe034000000-7fe03424e000 rw-p 00000000 00:00 0 
7fe03424e000-7fe038000000 ---p 00000000 00:00 0 
7fe038000000-7fe038210000 rw-p 00000000 00:00 0 
7fe038210000-7fe03c000000 ---p 00000000 00:00 0 
7fe03c000000-7fe03c021000 rw-p 00000000 00:00 0 
7fe03c021000-7fe040000000 ---p 00000000 00:00 0 
7fe040000000-7fe04023a000 rw-p 00000000 00:00 0 
7fe04023a000-7fe044000000 ---p 00000000 00:00 0 
7fe044000000-7fe044021000 rw-p 00000000 00:00 0 
7fe044021000-7fe048000000 ---p 00000000 00:00 0 
7fe048000000-7fe048021000 rw-p 00000000 00:00 0 
7fe048021000-7fe04c000000 ---p 00000000 00:00 0 
7fe04c000000-7fe04c021000 rw-p 00000000 00:00 0 
7fe04c021000-7fe050000000 ---p 00000000 00:00 0 
7fe050000000-7fe050021000 rw-p 00000000 00:00 0 
7fe050021000-7fe054000000 ---p 00000000 00:00 0 
7fe054000000-7fe054001000 r--s 00000000 08:04 276728                     /var/cache/fontconfig/4794a0821666d79190d59a36cb4f44b5-le64.cache-6
7fe054001000-7fe054002000 r--s 00000000 08:04 276581                     /var/cache/fontconfig/9eae20f1ff8cc0a7d125749e875856bd-le64.cache-6
7fe054002000-7fe054003000 r--s 00000000 08:04 276049                     /var/cache/fontconfig/bab58bb527bb656aaa9f116d68a48d89-le64.cache-6
7fe054003000-7fe05400b000 r--s 00000000 08:04 275905                     /var/cache/fontconfig/bf3b770c553c462765856025a94f1ce6-le64.cache-6
7fe05400b000-7fe05400c000 r--s 00000000 08:04 275866                     /var/cache/fontconfig/56cf4f4769d0f4abc89a4895d7bd3ae1-le64.cache-6
7fe05400c000-7fe05400d000 r--s 00000000 08:04 275856                     /var/cache/fontconfig/b9d506c9ac06c20b433354fa67a72993-le64.cache-6
7fe05400d000-7fe054013000 r--s 00000000 08:04 275803                     /var/cache/fontconfig/b47c4e1ecd0709278f4910c18777a504-le64.cache-6
7fe054013000-7fe054016000 r--s 00000000 08:04 275785                     /var/cache/fontconfig/14d493b97896515cad3840ba4896e372-le64.cache-6
7fe054016000-7fe05401e000 r--s 00000000 08:04 275548                     /var/cache/fontconfig/52f7bdb7ce746bfd7eaa1985bd9cfa93-le64.cache-6
7fe05401e000-7fe054021000 r--s 00000000 08:04 275540                     /var/cache/fontconfig/e49e89034d371f0f9de17aab02136486-le64.cache-6
7fe054021000-7fe054023000 r--s 00000000 08:04 275349                     /var/cache/fontconfig/4b14b093aebc79c320de5e86ae1d3314-le64.cache-6
7fe054023000-7fe054024000 r--s 00000000 08:04 275344                     /var/cache/fontconfig/8aec10f4cc8391dcef22ca549f1e4354-le64.cache-6
7fe054024000-7fe054037000 r--s 00000000 08:04 275343                     /var/cache/fontconfig/d52a8644073d54c13679302ca1180695-le64.cache-6
7fe054037000-7fe054038000 r--s 00000000 08:04 275340                     /var/cache/fontconfig/551ecf3b0e8b0bca0f25c0944f561853-le64.cache-6
7fe054038000-7fe054039000 r--s 00000000 08:04 275236                     /var/cache/fontconfig/8a687c406b77f27d99abfeeba937fcce-le64.cache-6
7fe054039000-7fe05403e000 r--s 00000000 08:04 275225                     /var/cache/fontconfig/75ad6aa2358a85f0de2c8ee4837e8227-le64.cache-6
7fe05403e000-7fe054048000 r--s 00000000 08:04 275203                     /var/cache/fontconfig/3f7329c5293ffd510edef78f73874cfd-le64.cache-6
7fe054048000-7fe054049000 r--s 00000000 08:04 275173                     /var/cache/fontconfig/ac2cf712d852da827a87a9baf682f5b9-le64.cache-6
7fe054049000-7fe05404b000 r--s 00000000 08:04 275166                     /var/cache/fontconfig/65f976e5259cbe6dc7697b8648396239-le64.cache-6
7fe05404b000-7fe054056000 r--s 00000000 08:04 275147                     /var/cache/fontconfig/d589a48862398ed80a3d6066f4f56f4c-le64.cache-6
7fe054056000-7fe05405a000 r--s 00000000 08:04 275114                     /var/cache/fontconfig/246184dc75a16901ca37d96895904249-le64.cache-6
7fe05405a000-7fe05405b000 r--s 00000000 08:04 274977                     /var/cache/fontconfig/94f7fe9bd33aadfac165873bd010d595-le64.cache-6
7fe05405b000-7fe05405d000 r--s 00000000 08:04 274974                     /var/cache/fontconfig/423767150eb258c59035de29db6fca84-le64.cache-6
7fe05405d000-7fe05405e000 r--s 00000000 08:04 274939                     /var/cache/fontconfig/845c20fd2c4814bcec78e05d37a63ccc-le64.cache-6
7fe05405e000-7fe05405f000 r--s 00000000 08:04 274927                     /var/cache/fontconfig/e7de81b01590fb7e12b38e274e17d0db-le64.cache-6
7fe05405f000-7fe054060000 r--s 00000000 08:04 274925                     /var/cache/fontconfig/406a1d2d2bf3ed7664fbadefac0b2f66-le64.cache-6
7fe054060000-7fe054062000 r--s 00000000 08:04 274883                     /var/cache/fontconfig/67709b7835c0f764c1135060c9575660-le64.cache-6
7fe054062000-7fe054063000 r--s 00000000 08:04 274861                     /var/cache/fontconfig/30829fa25452a46451e813d634d7f916-le64.cache-6
7fe054063000-7fe054071000 r--s 00000000 08:04 274853                     /var/cache/fontconfig/198d8fcf01c96d0cf813f74fd759bdb7-le64.cache-6
7fe054071000-7fe054072000 r--s 00000000 08:04 274746                     /var/cache/fontconfig/0c9eb80ebd1c36541ebe2852d3bb0c49-le64.cache-6
7fe054072000-7fe054075000 r--s 00000000 08:04 274740                     /var/cache/fontconfig/75114ca45c98e8a441da0ff356701271-le64.cache-6
7fe054075000-7fe054080000 r--s 00000000 08:04 274739                     /var/cache/fontconfig/83bf95040141907cd45bb53cf7c1c148-le64.cache-6
7fe054080000-7fe054092000 r--s 00000000 08:04 274735                     /var/cache/fontconfig/9b89f8e3dae116d678bbf48e5f21f69b-le64.cache-6
7fe054092000-7fe054094000 r--s 00000000 08:04 274725                     /var/cache/fontconfig/6e6b34ae150a7ad95e82fb4a522f0bda-le64.cache-6
7fe054094000-7fe054095000 r--s 00000000 08:04 274724                     /var/cache/fontconfig/3334a778d104e76d188e9df399bc24d2-le64.cache-6
7fe054095000-7fe05409c000 r--s 00000000 08:04 274719                     /var/cache/fontconfig/53d14c92082a93e67d5078324eb314ca-le64.cache-6
7fe05409c000-7fe0540a0000 r--s 00000000 08:04 274718                     /var/cache/fontconfig/6c08beecf0dac481ec92e759e0c2e6d7-le64.cache-6
7fe0540a0000-7fe0540a4000 r--s 00000000 08:04 274600                     /var/cache/fontconfig/4d6aee6d44eccb37054d3216e945f618-le64.cache-6
7fe0540a4000-7fe0540a8000 r--s 00000000 08:04 274591                     /var/cache/fontconfig/d6c6df98c3df5faf9bd0f8ef4d91efe5-le64.cache-6
7fe0540a8000-7fe0540ac000 r--s 00000000 08:04 274588                     /var/cache/fontconfig/9fb319ef52839f11ee26ab8b4cffa12b-le64.cache-6
7fe0540ac000-7fe0540bf000 r--s 00000000 08:04 274391                     /var/cache/fontconfig/4ac51e5cfbc76fc3f983e470323a16d3-le64.cache-6
7fe0540bf000-7fe0540c2000 r--s 00000000 08:04 274116                     /var/cache/fontconfig/c19b55eb3b4c5b40ea175e31682068a5-le64.cache-6
7fe0540c2000-7fe0540c6000 r--s 00000000 08:04 274096                     /var/cache/fontconfig/3629f2adf904f9a612908891fae71ceb-le64.cache-6
7fe0540c6000-7fe0540c9000 r--s 00000000 08:04 263516                     /var/cache/fontconfig/de83a0a961185c8bd1f159015d56c039-le64.cache-6
7fe0540c9000-7fe0540df000 r--s 00000000 08:04 273713                     /var/cache/fontconfig/e13b20fdb08344e0e664864cc2ede53d-le64.cache-6
7fe0540df000-7fe0540e4000 r--s 00000000 08:04 274741                     /var/cache/fontconfig/7ef2298fde41cc6eeb7af42e48b7d293-le64.cache-6
7fe0540e4000-7fe0540f1000 r--s 00000000 08:04 287488                     /var/cache/fontconfig/8f02d4cb045bd6ce15663e43f347c9f8-le64.cache-6
7fe0540f1000-7fe054102000 r-xp 00000000 08:04 926980                     /usr/lib/x86_64-linux-gnu/libXext.so.6.4.0
7fe054102000-7fe054301000 ---p 00011000 08:04 926980                     /usr/lib/x86_64-linux-gnu/libXext.so.6.4.0
7fe054301000-7fe054302000 r--p 00010000 08:04 926980                     /usr/lib/x86_64-linux-gnu/libXext.so.6.4.0
7fe054302000-7fe054303000 rw-p 00011000 08:04 926980                     /usr/lib/x86_64-linux-gnu/libXext.so.6.4.0
7fe054303000-7fe054305000 r--s 00000000 08:04 274396                     /var/cache/fontconfig/43bfe21a9e1edebcf703d79ee2950b06-le64.cache-6
7fe054305000-7fe054307000 r--s 00000000 08:04 287527                     /var/cache/fontconfig/16326683038b281783a0ef8c680e3a10-le64.cache-6
7fe054307000-7fe054328000 r--s 00000000 08:04 286805                     /var/cache/fontconfig/467c019e582ee353435ea5c21d137ef6-le64.cache-6
7fe054328000-7fe05437c000 r-xp 00000000 08:04 401127                     /usr/lib/jvm/java-8-openjdk-amd64/jre/lib/amd64/libawt_xawt.so
7fe05437c000-7fe05457c000 ---p 00054000 08:04 401127                     /usr/lib/jvm/java-8-openjdk-amd64/jre/lib/amd64/libawt_xawt.so
7fe05457c000-7fe05457d000 r--p 00054000 08:04 401127                     /usr/lib/jvm/java-8-openjdk-amd64/jre/lib/amd64/libawt_xawt.so
7fe05457d000-7fe054580000 rw-p 00055000 08:04 401127                     /usr/lib/jvm/java-8-openjdk-amd64/jre/lib/amd64/libawt_xawt.so
7fe054580000-7fe054581000 rw-p 00000000 00:00 0 
7fe054581000-7fe054621000 r-xp 00000000 08:04 402103                     /usr/lib/jvm/java-8-openjdk-amd64/jre/lib/amd64/libawt.so
7fe054621000-7fe054821000 ---p 000a0000 08:04 402103                     /usr/lib/jvm/java-8-openjdk-amd64/jre/lib/amd64/libawt.so
7fe054821000-7fe054822000 r--p 000a0000 08:04 402103                     /usr/lib/jvm/java-8-openjdk-amd64/jre/lib/amd64/libawt.so
7fe054822000-7fe05482d000 rw-p 000a1000 08:04 402103                     /usr/lib/jvm/java-8-openjdk-amd64/jre/lib/amd64/libawt.so
7fe05482d000-7fe054852000 rw-p 00000000 00:00 0 
7fe054852000-7fe054853000 ---p 00000000 00:00 0 
7fe054853000-7fe054953000 rw-p 00000000 00:00 0                          [stack:4754]
7fe054953000-7fe054956000 ---p 00000000 00:00 0 
7fe054956000-7fe054a54000 rw-p 00000000 00:00 0                          [stack:4753]
7fe054a54000-7fe054a57000 ---p 00000000 00:00 0 
7fe054a57000-7fe054b55000 rw-p 00000000 00:00 0                          [stack:4752]
7fe054b55000-7fe054b58000 ---p 00000000 00:00 0 
7fe054b58000-7fe054c56000 rw-p 00000000 00:00 0                          [stack:4751]
7fe054c56000-7fe054c59000 ---p 00000000 00:00 0 
7fe054c59000-7fe054d57000 rw-p 00000000 00:00 0                          [stack:4750]
7fe054d57000-7fe054d5a000 ---p 00000000 00:00 0 
7fe054d5a000-7fe054e58000 rw-p 00000000 00:00 0                          [stack:4749]
7fe054e58000-7fe055131000 r--p 00000000 08:04 920483                     /usr/lib/locale/locale-archive
7fe055131000-7fe055134000 ---p 00000000 00:00 0 
7fe055134000-7fe055232000 rw-p 00000000 00:00 0                          [stack:4748]
7fe055232000-7fe055235000 ---p 00000000 00:00 0 
7fe055235000-7fe055333000 rw-p 00000000 00:00 0                          [stack:4747]
7fe055333000-7fe055334000 ---p 00000000 00:00 0 
7fe055334000-7fe056242000 rw-p 00000000 00:00 0                          [stack:4746]
7fe056242000-7fe056410000 r--s 03bf1000 08:04 402786                     /usr/lib/jvm/java-8-openjdk-amd64/jre/lib/rt.jar
7fe056410000-7fe058000000 rw-p 00000000 00:00 0 
7fe058000000-7fe058021000 rw-p 00000000 00:00 0 
7fe058021000-7fe05c000000 ---p 00000000 00:00 0 
7fe05c000000-7fe05c021000 rw-p 00000000 00:00 0 
7fe05c021000-7fe060000000 ---p 00000000 00:00 0 
7fe060000000-7fe060021000 rw-p 00000000 00:00 0 
7fe060021000-7fe064000000 ---p 00000000 00:00 0 
7fe064000000-7fe064001000 r--s 00000000 08:04 274114                     /var/cache/fontconfig/c277e94e32b20404286a1ddafa5a80f0-le64.cache-6
7fe064001000-7fe064002000 r--s 00000000 08:04 287457                     /var/cache/fontconfig/e0aa53bcfa504e64f87823c16bc01eb6-le64.cache-6
7fe064002000-7fe064004000 r--s 0001a000 08:03 803799                     /home/mark/Documents/studie/2IV60 - Computer graphics/assignments/robotrace/RobotRace/lib/RobotRaceLibrary.jar
7fe064004000-7fe06400a000 r--s 00041000 08:03 803807                     /home/mark/Documents/studie/2IV60 - Computer graphics/assignments/robotrace/RobotRace/lib/gluegen-rt.jar
7fe06400a000-7fe06402d000 r--s 002ec000 08:03 803816                     /home/mark/Documents/studie/2IV60 - Computer graphics/assignments/robotrace/RobotRace/lib/jogl-all.jar
7fe06402d000-7fe064048000 r--s 00394000 08:04 402119                     /usr/lib/jvm/java-8-openjdk-amd64/jre/lib/ext/cldrdata.jar
7fe064048000-7fe064063000 r--s 001d5000 08:04 402123                     /usr/lib/jvm/java-8-openjdk-amd64/jre/lib/ext/nashorn.jar
7fe064063000-7fe064bfc000 rw-p 00000000 00:00 0 
7fe064bfc000-7fe064bfd000 ---p 00000000 00:00 0 
7fe064bfd000-7fe064cfd000 rw-p 00000000 00:00 0                          [stack:4745]
7fe064cfd000-7fe064cfe000 ---p 00000000 00:00 0 
7fe064cfe000-7fe064dfe000 rw-p 00000000 00:00 0                          [stack:4744]
7fe064dfe000-7fe064dff000 ---p 00000000 00:00 0 
7fe064dff000-7fe064eff000 rw-p 00000000 00:00 0                          [stack:4743]
7fe064eff000-7fe064f00000 ---p 00000000 00:00 0 
7fe064f00000-7fe065000000 rw-p 00000000 00:00 0                          [stack:4742]
7fe065000000-7fe065460000 rwxp 00000000 00:00 0 
7fe065460000-7fe074000000 ---p 00000000 00:00 0 
7fe074000000-7fe074b88000 rw-p 00000000 00:00 0 
7fe074b88000-7fe078000000 ---p 00000000 00:00 0 
7fe078000000-7fe07800a000 r--s 00116000 08:04 402153                     /usr/lib/jvm/java-8-openjdk-amd64/jre/lib/ext/localedata.jar
7fe07800a000-7fe07800b000 r--s 00010000 08:04 402157                     /usr/lib/jvm/java-8-openjdk-amd64/jre/lib/ext/zipfs.jar
7fe07800b000-7fe07800f000 r--s 00037000 08:04 402135                     /usr/lib/jvm/java-8-openjdk-amd64/jre/lib/ext/sunpkcs11.jar
7fe07800f000-7fe078011000 r--s 00001000 08:04 402165                     /usr/lib/jvm/java-8-openjdk-amd64/jre/lib/ext/dnsns.jar
7fe078011000-7fe078066000 rw-p 00000000 00:00 0 
7fe078066000-7fe07817d000 ---p 00000000 00:00 0 
7fe07817d000-7fe078190000 rw-p 00000000 00:00 0 
7fe078190000-7fe0782a7000 ---p 00000000 00:00 0 
7fe0782a7000-7fe0782b8000 rw-p 00000000 00:00 0 
7fe0782b8000-7fe07833c000 ---p 00000000 00:00 0 
7fe07833c000-7fe07834f000 rw-p 00000000 00:00 0 
7fe07834f000-7fe0786fd000 ---p 00000000 00:00 0 
7fe0786fd000-7fe078705000 r-xp 00000000 08:04 400882                     /usr/lib/jvm/java-8-openjdk-amd64/jre/lib/amd64/libzip.so
7fe078705000-7fe078904000 ---p 00008000 08:04 400882                     /usr/lib/jvm/java-8-openjdk-amd64/jre/lib/amd64/libzip.so
7fe078904000-7fe078905000 r--p 00007000 08:04 400882                     /usr/lib/jvm/java-8-openjdk-amd64/jre/lib/amd64/libzip.so
7fe078905000-7fe078906000 rw-p 00008000 08:04 400882                     /usr/lib/jvm/java-8-openjdk-amd64/jre/lib/amd64/libzip.so
7fe078906000-7fe078911000 r-xp 00000000 08:04 706069                     /lib/x86_64-linux-gnu/libnss_files-2.23.so
7fe078911000-7fe078b10000 ---p 0000b000 08:04 706069                     /lib/x86_64-linux-gnu/libnss_files-2.23.so
7fe078b10000-7fe078b11000 r--p 0000a000 08:04 706069                     /lib/x86_64-linux-gnu/libnss_files-2.23.so
7fe078b11000-7fe078b12000 rw-p 0000b000 08:04 706069                     /lib/x86_64-linux-gnu/libnss_files-2.23.so
7fe078b12000-7fe078b18000 rw-p 00000000 00:00 0 
7fe078b18000-7fe078b23000 r-xp 00000000 08:04 706049                     /lib/x86_64-linux-gnu/libnss_nis-2.23.so
7fe078b23000-7fe078d22000 ---p 0000b000 08:04 706049                     /lib/x86_64-linux-gnu/libnss_nis-2.23.so
7fe078d22000-7fe078d23000 r--p 0000a000 08:04 706049                     /lib/x86_64-linux-gnu/libnss_nis-2.23.so
7fe078d23000-7fe078d24000 rw-p 0000b000 08:04 706049                     /lib/x86_64-linux-gnu/libnss_nis-2.23.so
7fe078d24000-7fe078d3a000 r-xp 00000000 08:04 706064                     /lib/x86_64-linux-gnu/libnsl-2.23.so
7fe078d3a000-7fe078f39000 ---p 00016000 08:04 706064                     /lib/x86_64-linux-gnu/libnsl-2.23.so
7fe078f39000-7fe078f3a000 r--p 00015000 08:04 706064                     /lib/x86_64-linux-gnu/libnsl-2.23.so
7fe078f3a000-7fe078f3b000 rw-p 00016000 08:04 706064                     /lib/x86_64-linux-gnu/libnsl-2.23.so
7fe078f3b000-7fe078f3d000 rw-p 00000000 00:00 0 
7fe078f3d000-7fe078f45000 r-xp 00000000 08:04 706065                     /lib/x86_64-linux-gnu/libnss_compat-2.23.so
7fe078f45000-7fe079144000 ---p 00008000 08:04 706065                     /lib/x86_64-linux-gnu/libnss_compat-2.23.so
7fe079144000-7fe079145000 r--p 00007000 08:04 706065                     /lib/x86_64-linux-gnu/libnss_compat-2.23.so
7fe079145000-7fe079146000 rw-p 00008000 08:04 706065                     /lib/x86_64-linux-gnu/libnss_compat-2.23.so
7fe079146000-7fe079173000 r-xp 00000000 08:04 398688                     /usr/lib/jvm/java-8-openjdk-amd64/jre/lib/amd64/libjava.so
7fe079173000-7fe079372000 ---p 0002d000 08:04 398688                     /usr/lib/jvm/java-8-openjdk-amd64/jre/lib/amd64/libjava.so
7fe079372000-7fe079373000 r--p 0002c000 08:04 398688                     /usr/lib/jvm/java-8-openjdk-amd64/jre/lib/amd64/libjava.so
7fe079373000-7fe079375000 rw-p 0002d000 08:04 398688                     /usr/lib/jvm/java-8-openjdk-amd64/jre/lib/amd64/libjava.so
7fe079375000-7fe079384000 r-xp 00000000 08:04 400850                     /usr/lib/jvm/java-8-openjdk-amd64/jre/lib/amd64/libverify.so
7fe079384000-7fe079583000 ---p 0000f000 08:04 400850                     /usr/lib/jvm/java-8-openjdk-amd64/jre/lib/amd64/libverify.so
7fe079583000-7fe079585000 r--p 0000e000 08:04 400850                     /usr/lib/jvm/java-8-openjdk-amd64/jre/lib/amd64/libverify.so
7fe079585000-7fe079586000 rw-p 00010000 08:04 400850                     /usr/lib/jvm/java-8-openjdk-amd64/jre/lib/amd64/libverify.so
7fe079586000-7fe07958d000 r-xp 00000000 08:04 706048                     /lib/x86_64-linux-gnu/librt-2.23.so
7fe07958d000-7fe07978c000 ---p 00007000 08:04 706048                     /lib/x86_64-linux-gnu/librt-2.23.so
7fe07978c000-7fe07978d000 r--p 00006000 08:04 706048                     /lib/x86_64-linux-gnu/librt-2.23.so
7fe07978d000-7fe07978e000 rw-p 00007000 08:04 706048                     /lib/x86_64-linux-gnu/librt-2.23.so
7fe07978e000-7fe0797a4000 r-xp 00000000 08:04 655428                     /lib/x86_64-linux-gnu/libgcc_s.so.1
7fe0797a4000-7fe0799a3000 ---p 00016000 08:04 655428                     /lib/x86_64-linux-gnu/libgcc_s.so.1
7fe0799a3000-7fe0799a4000 rw-p 00015000 08:04 655428                     /lib/x86_64-linux-gnu/libgcc_s.so.1
7fe0799a4000-7fe079aac000 r-xp 00000000 08:04 706062                     /lib/x86_64-linux-gnu/libm-2.23.so
7fe079aac000-7fe079cab000 ---p 00108000 08:04 706062                     /lib/x86_64-linux-gnu/libm-2.23.so
7fe079cab000-7fe079cac000 r--p 00107000 08:04 706062                     /lib/x86_64-linux-gnu/libm-2.23.so
7fe079cac000-7fe079cad000 rw-p 00108000 08:04 706062                     /lib/x86_64-linux-gnu/libm-2.23.so
7fe079cad000-7fe079e1f000 r-xp 00000000 08:04 920489                     /usr/lib/x86_64-linux-gnu/libstdc++.so.6.0.21
7fe079e1f000-7fe07a01f000 ---p 00172000 08:04 920489                     /usr/lib/x86_64-linux-gnu/libstdc++.so.6.0.21
7fe07a01f000-7fe07a029000 r--p 00172000 08:04 920489                     /usr/lib/x86_64-linux-gnu/libstdc++.so.6.0.21
7fe07a029000-7fe07a02b000 rw-p 0017c000 08:04 920489                     /usr/lib/x86_64-linux-gnu/libstdc++.so.6.0.21
7fe07a02b000-7fe07a02f000 rw-p 00000000 00:00 0 
7fe07a02f000-7fe07ac7e000 r-xp 00000000 08:04 400888                     /usr/lib/jvm/java-8-openjdk-amd64/jre/lib/amd64/server/libjvm.so
7fe07ac7e000-7fe07ae7d000 ---p 00c4f000 08:04 400888                     /usr/lib/jvm/java-8-openjdk-amd64/jre/lib/amd64/server/libjvm.so
7fe07ae7d000-7fe07af10000 r--p 00c4e000 08:04 400888                     /usr/lib/jvm/java-8-openjdk-amd64/jre/lib/amd64/server/libjvm.so
7fe07af10000-7fe07af39000 rw-p 00ce1000 08:04 400888                     /usr/lib/jvm/java-8-openjdk-amd64/jre/lib/amd64/server/libjvm.so
7fe07af39000-7fe07af69000 rw-p 00000000 00:00 0 
7fe07af69000-7fe07af81000 r-xp 00000000 08:04 706063                     /lib/x86_64-linux-gnu/libpthread-2.23.so
7fe07af81000-7fe07b180000 ---p 00018000 08:04 706063                     /lib/x86_64-linux-gnu/libpthread-2.23.so
7fe07b180000-7fe07b181000 r--p 00017000 08:04 706063                     /lib/x86_64-linux-gnu/libpthread-2.23.so
7fe07b181000-7fe07b182000 rw-p 00018000 08:04 706063                     /lib/x86_64-linux-gnu/libpthread-2.23.so
7fe07b182000-7fe07b186000 rw-p 00000000 00:00 0 
7fe07b186000-7fe07b189000 r-xp 00000000 08:04 706052                     /lib/x86_64-linux-gnu/libdl-2.23.so
7fe07b189000-7fe07b388000 ---p 00003000 08:04 706052                     /lib/x86_64-linux-gnu/libdl-2.23.so
7fe07b388000-7fe07b389000 r--p 00002000 08:04 706052                     /lib/x86_64-linux-gnu/libdl-2.23.so
7fe07b389000-7fe07b38a000 rw-p 00003000 08:04 706052                     /lib/x86_64-linux-gnu/libdl-2.23.so
7fe07b38a000-7fe07b3a3000 r-xp 00000000 08:04 666710                     /lib/x86_64-linux-gnu/libz.so.1.2.8
7fe07b3a3000-7fe07b5a2000 ---p 00019000 08:04 666710                     /lib/x86_64-linux-gnu/libz.so.1.2.8
7fe07b5a2000-7fe07b5a3000 r--p 00018000 08:04 666710                     /lib/x86_64-linux-gnu/libz.so.1.2.8
7fe07b5a3000-7fe07b5a4000 rw-p 00019000 08:04 666710                     /lib/x86_64-linux-gnu/libz.so.1.2.8
7fe07b5a4000-7fe07b763000 r-xp 00000000 08:04 706053                     /lib/x86_64-linux-gnu/libc-2.23.so
7fe07b763000-7fe07b963000 ---p 001bf000 08:04 706053                     /lib/x86_64-linux-gnu/libc-2.23.so
7fe07b963000-7fe07b967000 r--p 001bf000 08:04 706053                     /lib/x86_64-linux-gnu/libc-2.23.so
7fe07b967000-7fe07b969000 rw-p 001c3000 08:04 706053                     /lib/x86_64-linux-gnu/libc-2.23.so
7fe07b969000-7fe07b96d000 rw-p 00000000 00:00 0 
7fe07b96d000-7fe07b97a000 r-xp 00000000 08:04 400848                     /usr/lib/jvm/java-8-openjdk-amd64/jre/lib/amd64/jli/libjli.so
7fe07b97a000-7fe07bb7a000 ---p 0000d000 08:04 400848                     /usr/lib/jvm/java-8-openjdk-amd64/jre/lib/amd64/jli/libjli.so
7fe07bb7a000-7fe07bb7b000 r--p 0000d000 08:04 400848                     /usr/lib/jvm/java-8-openjdk-amd64/jre/lib/amd64/jli/libjli.so
7fe07bb7b000-7fe07bb7c000 rw-p 0000e000 08:04 400848                     /usr/lib/jvm/java-8-openjdk-amd64/jre/lib/amd64/jli/libjli.so
7fe07bb7c000-7fe07bba2000 r-xp 00000000 08:04 671770                     /lib/x86_64-linux-gnu/ld-2.23.so
7fe07bba2000-7fe07bba4000 r--s 00008000 08:04 402149                     /usr/lib/jvm/java-8-openjdk-amd64/jre/lib/ext/sunec.jar
7fe07bba4000-7fe07bc74000 rw-p 00000000 00:00 0 
7fe07bc74000-7fe07bc77000 ---p 00000000 00:00 0 
7fe07bc77000-7fe07bd7a000 rw-p 00000000 00:00 0                          [stack:4739]
7fe07bd7a000-7fe07bd7d000 r--s 0000f000 08:04 402161                     /usr/lib/jvm/java-8-openjdk-amd64/jre/lib/ext/icedtea-sound.jar
7fe07bd7d000-7fe07bd7e000 r--s 0000a000 08:04 402143                     /usr/lib/jvm/java-8-openjdk-amd64/jre/lib/ext/jaccess.jar
7fe07bd7e000-7fe07bd83000 r--s 0003b000 08:04 402127                     /usr/lib/jvm/java-8-openjdk-amd64/jre/lib/ext/sunjce_provider.jar
7fe07bd83000-7fe07bd95000 rw-p 00000000 00:00 0 
7fe07bd95000-7fe07bd9d000 rw-s 00000000 08:04 655422                     /tmp/hsperfdata_mark/4736
7fe07bd9d000-7fe07bd9e000 rw-p 00000000 00:00 0 
7fe07bd9e000-7fe07bd9f000 r--p 00000000 00:00 0 
7fe07bd9f000-7fe07bda1000 rw-p 00000000 00:00 0 
7fe07bda1000-7fe07bda2000 r--p 00025000 08:04 671770                     /lib/x86_64-linux-gnu/ld-2.23.so
7fe07bda2000-7fe07bda3000 rw-p 00026000 08:04 671770                     /lib/x86_64-linux-gnu/ld-2.23.so
7fe07bda3000-7fe07bda4000 rw-p 00000000 00:00 0 
7ffea39a1000-7ffea39c2000 rw-p 00000000 00:00 0                          [stack]
7ffea39e8000-7ffea39ea000 r--p 00000000 00:00 0                          [vvar]
7ffea39ea000-7ffea39ec000 r-xp 00000000 00:00 0                          [vdso]
ffffffffff600000-ffffffffff601000 r-xp 00000000 00:00 0                  [vsyscall]

VM Arguments:
jvm_args: -Dfile.encoding=UTF-8 
java_command: robotrace.RobotRace
java_class_path (initial): /home/mark/Documents/studie/2IV60 - Computer graphics/assignments/robotrace/RobotRace/lib/jogl-all.jar:/home/mark/Documents/studie/2IV60 - Computer graphics/assignments/robotrace/RobotRace/lib/gluegen-rt.jar:/home/mark/Documents/studie/2IV60 - Computer graphics/assignments/robotrace/RobotRace/lib/RobotRaceLibrary.jar:/home/mark/Documents/studie/2IV60 - Computer graphics/assignments/robotrace/RobotRace/build/classes
Launcher Type: SUN_STANDARD

Environment Variables:
PATH=/usr/local/sbin:/usr/local/bin:/usr/sbin:/usr/bin:/sbin:/bin:/usr/games:/usr/local/games:/snap/bin
LD_LIBRARY_PATH=/usr/lib/jvm/java-8-openjdk-amd64/bin/../jre/lib/amd64:/usr/lib/jvm/java-8-openjdk-amd64/bin/../jre/lib/i386:
SHELL=/bin/bash
DISPLAY=:0.0

Signal Handlers:
SIGSEGV: [libjvm.so+0xa65880], sa_mask[0]=11111111011111111101111111111110, sa_flags=SA_RESTART|SA_SIGINFO
SIGBUS: [libjvm.so+0xa65880], sa_mask[0]=11111111011111111101111111111110, sa_flags=SA_RESTART|SA_SIGINFO
SIGFPE: [libjvm.so+0x8af1c0], sa_mask[0]=11111111011111111101111111111110, sa_flags=SA_RESTART|SA_SIGINFO
SIGPIPE: [libjvm.so+0x8af1c0], sa_mask[0]=11111111011111111101111111111110, sa_flags=SA_RESTART|SA_SIGINFO
SIGXFSZ: [libjvm.so+0x8af1c0], sa_mask[0]=11111111011111111101111111111110, sa_flags=SA_RESTART|SA_SIGINFO
SIGILL: [libjvm.so+0x8af1c0], sa_mask[0]=11111111011111111101111111111110, sa_flags=SA_RESTART|SA_SIGINFO
SIGUSR1: SIG_DFL, sa_mask[0]=00000000000000000000000000000000, sa_flags=none
SIGUSR2: [libjvm.so+0x8af070], sa_mask[0]=00100000000000000000000000000000, sa_flags=SA_RESTART|SA_SIGINFO
SIGHUP: [libjvm.so+0x8af540], sa_mask[0]=11111111011111111101111111111110, sa_flags=SA_RESTART|SA_SIGINFO
SIGINT: SIG_IGN, sa_mask[0]=00000000000000000000000000000000, sa_flags=none
SIGTERM: [libjvm.so+0x8af540], sa_mask[0]=11111111011111111101111111111110, sa_flags=SA_RESTART|SA_SIGINFO
SIGQUIT: [libjvm.so+0x8af540], sa_mask[0]=11111111011111111101111111111110, sa_flags=SA_RESTART|SA_SIGINFO


---------------  S Y S T E M  ---------------

OS:DISTRIB_ID=Ubuntu
DISTRIB_RELEASE=16.04
DISTRIB_CODENAME=xenial
DISTRIB_DESCRIPTION="Ubuntu 16.04.1 LTS"

uname:Linux 4.4.8-040408-generic #201604200335 SMP Wed Apr 20 07:37:30 UTC 2016 x86_64
libc:glibc 2.23 NPTL 2.23 
rlimit: STACK 8192k, CORE 0k, NPROC 13950, NOFILE 65536, AS infinity
load average:1,48 2,74 1,86

/proc/meminfo:
MemTotal:        3660984 kB
MemFree:          292952 kB
MemAvailable:    1240416 kB
Buffers:           97952 kB
Cached:           980884 kB
SwapCached:            0 kB
Active:          2544708 kB
Inactive:         646712 kB
Active(anon):    2040912 kB
Inactive(anon):   231188 kB
Active(file):     503796 kB
Inactive(file):   415524 kB
Unevictable:         352 kB
Mlocked:             352 kB
SwapTotal:       5858300 kB
SwapFree:        5858300 kB
Dirty:              1228 kB
Writeback:             0 kB
AnonPages:       2113308 kB
Mapped:           424768 kB
Shmem:            159524 kB
Slab:              89348 kB
SReclaimable:      56392 kB
SUnreclaim:        32956 kB
KernelStack:        8016 kB
PageTables:        34188 kB
NFS_Unstable:          0 kB
Bounce:                0 kB
WritebackTmp:          0 kB
CommitLimit:     7688792 kB
Committed_AS:    4483472 kB
VmallocTotal:   34359738367 kB
VmallocUsed:           0 kB
VmallocChunk:          0 kB
HardwareCorrupted:     0 kB
AnonHugePages:   1081344 kB
CmaTotal:              0 kB
CmaFree:               0 kB
HugePages_Total:       0
HugePages_Free:        0
HugePages_Rsvd:        0
HugePages_Surp:        0
Hugepagesize:       2048 kB
DirectMap4k:      108468 kB
DirectMap2M:     3698688 kB


CPU:total 4 (2 cores per cpu, 2 threads per core) family 6 model 58 stepping 9, cmov, cx8, fxsr, mmx, sse, sse2, sse3, ssse3, sse4.1, sse4.2, popcnt, avx, clmul, erms, ht, tsc, tscinvbit, tscinv

/proc/cpuinfo:
processor	: 0
vendor_id	: GenuineIntel
cpu family	: 6
model		: 58
model name	: Intel(R) Core(TM) i5-3317U CPU @ 1.70GHz
stepping	: 9
microcode	: 0x17
cpu MHz		: 1599.992
cache size	: 3072 KB
physical id	: 0
siblings	: 4
core id		: 0
cpu cores	: 2
apicid		: 0
initial apicid	: 0
fpu		: yes
fpu_exception	: yes
cpuid level	: 13
wp		: yes
flags		: fpu vme de pse tsc msr pae mce cx8 apic sep mtrr pge mca cmov pat pse36 clflush dts acpi mmx fxsr sse sse2 ss ht tm pbe syscall nx rdtscp lm constant_tsc arch_perfmon pebs bts rep_good nopl xtopology nonstop_tsc aperfmperf eagerfpu pni pclmulqdq dtes64 monitor ds_cpl vmx est tm2 ssse3 cx16 xtpr pdcm pcid sse4_1 sse4_2 x2apic popcnt tsc_deadline_timer xsave avx f16c rdrand lahf_lm ida arat epb pln pts dtherm tpr_shadow vnmi flexpriority ept vpid fsgsbase smep erms xsaveopt
bugs		:
bogomips	: 3392.21
clflush size	: 64
cache_alignment	: 64
address sizes	: 36 bits physical, 48 bits virtual
power management:

processor	: 1
vendor_id	: GenuineIntel
cpu family	: 6
model		: 58
model name	: Intel(R) Core(TM) i5-3317U CPU @ 1.70GHz
stepping	: 9
microcode	: 0x17
cpu MHz		: 1599.992
cache size	: 3072 KB
physical id	: 0
siblings	: 4
core id		: 0
cpu cores	: 2
apicid		: 1
initial apicid	: 1
fpu		: yes
fpu_exception	: yes
cpuid level	: 13
wp		: yes
flags		: fpu vme de pse tsc msr pae mce cx8 apic sep mtrr pge mca cmov pat pse36 clflush dts acpi mmx fxsr sse sse2 ss ht tm pbe syscall nx rdtscp lm constant_tsc arch_perfmon pebs bts rep_good nopl xtopology nonstop_tsc aperfmperf eagerfpu pni pclmulqdq dtes64 monitor ds_cpl vmx est tm2 ssse3 cx16 xtpr pdcm pcid sse4_1 sse4_2 x2apic popcnt tsc_deadline_timer xsave avx f16c rdrand lahf_lm ida arat epb pln pts dtherm tpr_shadow vnmi flexpriority ept vpid fsgsbase smep erms xsaveopt
bugs		:
bogomips	: 3392.21
clflush size	: 64
cache_alignment	: 64
address sizes	: 36 bits physical, 48 bits virtual
power management:

processor	: 2
vendor_id	: GenuineIntel
cpu family	: 6
model		: 58
model name	: Intel(R) Core(TM) i5-3317U CPU @ 1.70GHz
stepping	: 9
microcode	: 0x17
cpu MHz		: 1599.992
cache size	: 3072 KB
physical id	: 0
siblings	: 4
core id		: 1
cpu cores	: 2
apicid		: 2
initial apicid	: 2
fpu		: yes
fpu_exception	: yes
cpuid level	: 13
wp		: yes
flags		: fpu vme de pse tsc msr pae mce cx8 apic sep mtrr pge mca cmov pat pse36 clflush dts acpi mmx fxsr sse sse2 ss ht tm pbe syscall nx rdtscp lm constant_tsc arch_perfmon pebs bts rep_good nopl xtopology nonstop_tsc aperfmperf eagerfpu pni pclmulqdq dtes64 monitor ds_cpl vmx est tm2 ssse3 cx16 xtpr pdcm pcid sse4_1 sse4_2 x2apic popcnt tsc_deadline_timer xsave avx f16c rdrand lahf_lm ida arat epb pln pts dtherm tpr_shadow vnmi flexpriority ept vpid fsgsbase smep erms xsaveopt
bugs		:
bogomips	: 3392.21
clflush size	: 64
cache_alignment	: 64
address sizes	: 36 bits physical, 48 bits virtual
power management:

processor	: 3
vendor_id	: GenuineIntel
cpu family	: 6
model		: 58
model name	: Intel(R) Core(TM) i5-3317U CPU @ 1.70GHz
stepping	: 9
microcode	: 0x17
cpu MHz		: 1599.992
cache size	: 3072 KB
physical id	: 0
siblings	: 4
core id		: 1
cpu cores	: 2
apicid		: 3
initial apicid	: 3
fpu		: yes
fpu_exception	: yes
cpuid level	: 13
wp		: yes
flags		: fpu vme de pse tsc msr pae mce cx8 apic sep mtrr pge mca cmov pat pse36 clflush dts acpi mmx fxsr sse sse2 ss ht tm pbe syscall nx rdtscp lm constant_tsc arch_perfmon pebs bts rep_good nopl xtopology nonstop_tsc aperfmperf eagerfpu pni pclmulqdq dtes64 monitor ds_cpl vmx est tm2 ssse3 cx16 xtpr pdcm pcid sse4_1 sse4_2 x2apic popcnt tsc_deadline_timer xsave avx f16c rdrand lahf_lm ida arat epb pln pts dtherm tpr_shadow vnmi flexpriority ept vpid fsgsbase smep erms xsaveopt
bugs		:
bogomips	: 3392.21
clflush size	: 64
cache_alignment	: 64
address sizes	: 36 bits physical, 48 bits virtual
power management:



Memory: 4k page, physical 3660984k(292952k free), swap 5858300k(5858300k free)

vm_info: OpenJDK 64-Bit Server VM (25.111-b14) for linux-amd64 JRE (1.8.0_111-8u111-b14-2ubuntu0.16.04.2-b14), built on Oct 27 2016 18:10:19 by "buildd" with gcc 5.4.0 20160609

time: Mon Jan  9 11:18:07 2017
elapsed time: 2 seconds (0d 0h 0m 2s)

