#
# A fatal error has been detected by the Java Runtime Environment:
#
#  SIGSEGV (0xb) at pc=0x00007fc198e35cfb, pid=4192, tid=0x00007fc1b07fd700
#
# JRE version: OpenJDK Runtime Environment (8.0_111-b14) (build 1.8.0_111-8u111-b14-2ubuntu0.16.04.2-b14)
# Java VM: OpenJDK 64-Bit Server VM (25.111-b14 mixed mode linux-amd64 compressed oops)
# Problematic frame:
# C  [i965_dri.so+0x17ccfb]
#
# Failed to write core dump. Core dumps have been disabled. To enable core dumping, try "ulimit -c unlimited" before starting Java again
#
# If you would like to submit a bug report, please visit:
#   http://bugreport.java.com/bugreport/crash.jsp
# The crash happened outside the Java Virtual Machine in native code.
# See problematic frame for where to report the bug.
#

---------------  T H R E A D  ---------------

Current thread (0x00007fc1fc3a7000):  JavaThread "AWT-EventQueue-0" [_thread_in_native, id=4219, stack(0x00007fc1b06fd000,0x00007fc1b07fe000)]

siginfo: si_signo: 11 (SIGSEGV), si_code: 1 (SEGV_MAPERR), si_addr: 0x0000000000000000

Registers:
RAX=0x00007fc1a1126054, RBX=0x00007fc1a0142348, RCX=0x0000000000000000, RDX=0x000000000000040e
RSP=0x00007fc1b07f9b40, RBP=0x0000000000000000, RSI=0x0000000000000010, RDI=0x00007fc1a1124e58
R8 =0x0000000000000000, R9 =0x00007fc1a1126054, R10=0x00007fc1ed017748, R11=0x00007fc1a0184430
R12=0x0000000000000fff, R13=0x00007fc1a11244e0, R14=0x00007fc1b07f9c98, R15=0x00007fc1fc3a7000
RIP=0x00007fc198e35cfb, EFLAGS=0x0000000000010206, CSGSFS=0x0000000000000033, ERR=0x0000000000000004
  TRAPNO=0x000000000000000e

Top of Stack: (sp=0x00007fc1b07f9b40)
0x00007fc1b07f9b40:   00007fc1b07f9b90 00007fc1b095cdc0
0x00007fc1b07f9b50:   00007fc1b07f9bb0 0000000000000000
0x00007fc1b07f9b60:   00007fc1b095cdc0 00007fc19a728d6c
0x00007fc1b07f9b70:   0000000000000000 00000000e7450100
0x00007fc1b07f9b80:   0000000000000000 0000040800001200
0x00007fc1b07f9b90:   00007fc1b07f9c98 00007fc1fc3a71e0
0x00007fc1b07f9ba0:   00007fc19b3a4c60 0000000000000000
0x00007fc1b07f9bb0:   00007fc1b07f9c40 00007fc1ed017774
0x00007fc1b07f9bc0:   00007fc100000000 00007fc19b3a4c60
0x00007fc1b07f9bd0:   00007fc1ea1bf118 00007fc1b0990268
0x00007fc1b07f9be0:   00007fc1b07f9c20 00007fc19a7358c5
0x00007fc1b07f9bf0:   00007fc1ed005310 00007fc19b3a5c60
0x00007fc1b07f9c00:   00007fc1b07f9c00 0000000000000000
0x00007fc1b07f9c10:   00007fc1b07f9c98 00007fc1b02f6028
0x00007fc1b07f9c20:   0000000000000000 00007fc1b095cdc0
0x00007fc1b07f9c30:   0000000000000000 00007fc1b07f9c60
0x00007fc1b07f9c40:   00007fc1b07f9ce0 00007fc1ed007ffd
0x00007fc1b07f9c50:   0000000000000000 00007fc1ed011278
0x00007fc1b07f9c60:   00007fc19b3a4c60 0000000000000000
0x00007fc1b07f9c70:   0000000000000000 0000000000000000
0x00007fc1b07f9c80:   0000000000000000 0000000000001200
0x00007fc1b07f9c90:   0000000000000408 00000000ee7f42e0
0x00007fc1b07f9ca0:   00007fc1b07f9ca0 00007fc1b095cec7
0x00007fc1b07f9cb0:   00007fc1b07f9d20 00007fc1b02f6028
0x00007fc1b07f9cc0:   0000000000000000 00007fc1b095cee0
0x00007fc1b07f9cd0:   00007fc1b07f9c60 00007fc1b07f9d00
0x00007fc1b07f9ce0:   00007fc1b07f9d68 00007fc1ed008042
0x00007fc1b07f9cf0:   00007fc19b3a4c60 0000000000000000
0x00007fc1b07f9d00:   0000000000000000 0000000000000000
0x00007fc1b07f9d10:   0000000000001200 0000000000000408
0x00007fc1b07f9d20:   00000000ee7f42e0 00007fc1b07f9d28
0x00007fc1b07f9d30:   00007fc1ea4d79fd 00007fc1b07f9d98 

Instructions: (pc=0x00007fc198e35cfb)
0x00007fc198e35cdb:   00 04 0f 85 49 03 00 00 41 81 bd 74 27 00 00 06
0x00007fc198e35ceb:   14 00 00 0f 85 38 03 00 00 49 8b 85 e0 28 00 00
0x00007fc198e35cfb:   f3 0f 10 45 00 f3 0f 11 00 f3 0f 10 45 04 f3 0f
0x00007fc198e35d0b:   11 40 04 f3 0f 10 45 08 f3 0f 11 40 08 f3 0f 10 

Register to memory mapping:

RAX=0x00007fc1a1126054 is an unknown value
RBX=0x00007fc1a0142348 is an unknown value
RCX=0x0000000000000000 is an unknown value
RDX=0x000000000000040e is an unknown value
RSP=0x00007fc1b07f9b40 is pointing into the stack for thread: 0x00007fc1fc3a7000
RBP=0x0000000000000000 is an unknown value
RSI=0x0000000000000010 is an unknown value
RDI=0x00007fc1a1124e58 is an unknown value
R8 =0x0000000000000000 is an unknown value
R9 =0x00007fc1a1126054 is an unknown value
R10=0x00007fc1ed017748 is at code_begin+808 in an Interpreter codelet
method entry point (kind = native)  [0x00007fc1ed017420, 0x00007fc1ed017d20]  2304 bytes
R11=0x00007fc1a0184430 is an unknown value
R12=0x0000000000000fff is an unknown value
R13=0x00007fc1a11244e0 is an unknown value
R14=0x00007fc1b07f9c98 is pointing into the stack for thread: 0x00007fc1fc3a7000
R15=0x00007fc1fc3a7000 is a thread


Stack: [0x00007fc1b06fd000,0x00007fc1b07fe000],  sp=0x00007fc1b07f9b40,  free space=1010k
Native frames: (J=compiled Java code, j=interpreted, Vv=VM code, C=native code)
C  [i965_dri.so+0x17ccfb]

Java frames: (J=compiled Java code, j=interpreted, Vv=VM code)
j  jogamp.opengl.gl4.GL4bcImpl.dispatch_glMaterialfv1(IILjava/lang/Object;IZJ)V+0
j  jogamp.opengl.gl4.GL4bcImpl.glMaterialfv(II[FI)V+111
j  robotrace.Robot.draw(Ljavax/media/opengl/GL2;Ljavax/media/opengl/glu/GLU;Lcom/jogamp/opengl/util/gl2/GLUT;F)V+21
j  robotrace.RobotRace.drawScene()V+416
j  robotrace.Base$GLEventDelegate.display(Ljavax/media/opengl/GLAutoDrawable;)V+96
j  jogamp.opengl.GLDrawableHelper.displayImpl(Ljavax/media/opengl/GLAutoDrawable;)V+81
j  jogamp.opengl.GLDrawableHelper.display(Ljavax/media/opengl/GLAutoDrawable;)V+2
j  javax.media.opengl.awt.GLJPanel$Updater.display(Ljavax/media/opengl/GLAutoDrawable;)V+200
j  javax.media.opengl.awt.GLJPanel$9.run()V+11
j  jogamp.opengl.GLDrawableHelper.invokeGLImpl(Ljavax/media/opengl/GLDrawable;Ljavax/media/opengl/GLContext;Ljava/lang/Runnable;Ljava/lang/Runnable;)V+203
j  jogamp.opengl.GLDrawableHelper.invokeGL(Ljavax/media/opengl/GLDrawable;Ljavax/media/opengl/GLContext;Ljava/lang/Runnable;Ljava/lang/Runnable;)V+72
j  javax.media.opengl.awt.GLJPanel$OffscreenBackend.doPaintComponent(Ljava/awt/Graphics;)V+29
j  javax.media.opengl.awt.GLJPanel.paintComponent(Ljava/awt/Graphics;)V+215
j  javax.swing.JComponent.paint(Ljava/awt/Graphics;)V+286
j  javax.swing.JComponent.paintChildren(Ljava/awt/Graphics;)V+501
j  javax.swing.JComponent.paint(Ljava/awt/Graphics;)V+318
j  javax.swing.JComponent.paintChildren(Ljava/awt/Graphics;)V+501
j  javax.swing.JComponent.paint(Ljava/awt/Graphics;)V+318
j  javax.swing.JLayeredPane.paint(Ljava/awt/Graphics;)V+73
j  javax.swing.JComponent.paintChildren(Ljava/awt/Graphics;)V+501
j  javax.swing.JComponent.paintToOffscreen(Ljava/awt/Graphics;IIIIII)V+72
j  javax.swing.BufferStrategyPaintManager.paint(Ljavax/swing/JComponent;Ljavax/swing/JComponent;Ljava/awt/Graphics;IIII)Z+164
j  javax.swing.RepaintManager.paint(Ljavax/swing/JComponent;Ljavax/swing/JComponent;Ljava/awt/Graphics;IIII)V+51
j  javax.swing.JComponent.paint(Ljava/awt/Graphics;)V+221
j  java.awt.GraphicsCallback$PaintCallback.run(Ljava/awt/Component;Ljava/awt/Graphics;)V+2
j  sun.awt.SunGraphicsCallback.runOneComponent(Ljava/awt/Component;Ljava/awt/Rectangle;Ljava/awt/Graphics;Ljava/awt/Shape;I)V+155
j  sun.awt.SunGraphicsCallback.runComponents([Ljava/awt/Component;Ljava/awt/Graphics;I)V+194
j  java.awt.Container.paint(Ljava/awt/Graphics;)V+58
j  java.awt.Window.paint(Ljava/awt/Graphics;)V+68
j  javax.swing.RepaintManager$4.run()Ljava/lang/Void;+142
j  javax.swing.RepaintManager$4.run()Ljava/lang/Object;+1
v  ~StubRoutines::call_stub
j  java.security.AccessController.doPrivileged(Ljava/security/PrivilegedAction;Ljava/security/AccessControlContext;)Ljava/lang/Object;+0
j  java.security.ProtectionDomain$JavaSecurityAccessImpl.doIntersectionPrivilege(Ljava/security/PrivilegedAction;Ljava/security/AccessControlContext;Ljava/security/AccessControlContext;)Ljava/lang/Object;+18
j  javax.swing.RepaintManager.paintDirtyRegions(Ljava/util/Map;)V+154
j  javax.swing.RepaintManager.paintDirtyRegions()V+46
j  javax.swing.RepaintManager.prePaintDirtyRegions()V+73
j  javax.swing.RepaintManager.access$1200(Ljavax/swing/RepaintManager;)V+1
j  javax.swing.RepaintManager$ProcessingRunnable.run()V+37
j  java.awt.event.InvocationEvent.dispatch()V+47
j  java.awt.EventQueue.dispatchEventImpl(Ljava/awt/AWTEvent;Ljava/lang/Object;)V+21
j  java.awt.EventQueue.access$500(Ljava/awt/EventQueue;Ljava/awt/AWTEvent;Ljava/lang/Object;)V+3
j  java.awt.EventQueue$3.run()Ljava/lang/Void;+32
j  java.awt.EventQueue$3.run()Ljava/lang/Object;+1
v  ~StubRoutines::call_stub
j  java.security.AccessController.doPrivileged(Ljava/security/PrivilegedAction;Ljava/security/AccessControlContext;)Ljava/lang/Object;+0
j  java.security.ProtectionDomain$JavaSecurityAccessImpl.doIntersectionPrivilege(Ljava/security/PrivilegedAction;Ljava/security/AccessControlContext;Ljava/security/AccessControlContext;)Ljava/lang/Object;+18
j  java.awt.EventQueue.dispatchEvent(Ljava/awt/AWTEvent;)V+46
j  java.awt.EventDispatchThread.pumpOneEventForFilters(I)V+245
j  java.awt.EventDispatchThread.pumpEventsForFilter(ILjava/awt/Conditional;Ljava/awt/EventFilter;)V+35
j  java.awt.EventDispatchThread.pumpEventsForHierarchy(ILjava/awt/Conditional;Ljava/awt/Component;)V+11
j  java.awt.EventDispatchThread.pumpEvents(ILjava/awt/Conditional;)V+4
j  java.awt.EventDispatchThread.pumpEvents(Ljava/awt/Conditional;)V+3
j  java.awt.EventDispatchThread.run()V+9
v  ~StubRoutines::call_stub

---------------  P R O C E S S  ---------------

Java Threads: ( => current thread )
  0x00007fc1fc00a000 JavaThread "DestroyJavaVM" [_thread_blocked, id=4194, stack(0x00007fc2036dc000,0x00007fc2037dd000)]
  0x00007fc1fcac7000 JavaThread "main-FPSAWTAnimator#00-Timer0" [_thread_blocked, id=4221, stack(0x00007fc193aff000,0x00007fc193c00000)]
  0x00007fc1fc462800 JavaThread "main-SharedResourceRunner" daemon [_thread_blocked, id=4220, stack(0x00007fc19a5c0000,0x00007fc19a6c1000)]
=>0x00007fc1fc3a7000 JavaThread "AWT-EventQueue-0" [_thread_in_native, id=4219, stack(0x00007fc1b06fd000,0x00007fc1b07fe000)]
  0x00007fc1fc3a6000 JavaThread "AWT-Shutdown" [_thread_blocked, id=4218, stack(0x00007fc1b122f000,0x00007fc1b1330000)]
  0x00007fc1fc36a000 JavaThread "process reaper" daemon [_thread_blocked, id=4214, stack(0x00007fc1b1330000,0x00007fc1b1369000)]
  0x00007fc1fc2e1000 JavaThread "AWT-XAWT" daemon [_thread_in_native, id=4211, stack(0x00007fc1b1569000,0x00007fc1b166a000)]
  0x00007fc1fc1f8000 JavaThread "Java2D Disposer" daemon [_thread_blocked, id=4210, stack(0x00007fc1b2372000,0x00007fc1b2473000)]
  0x00007fc1fc0c2800 JavaThread "Service Thread" daemon [_thread_blocked, id=4208, stack(0x00007fc1e8415000,0x00007fc1e8516000)]
  0x00007fc1fc0b3000 JavaThread "C1 CompilerThread2" daemon [_thread_blocked, id=4207, stack(0x00007fc1e8516000,0x00007fc1e8617000)]
  0x00007fc1fc0b1000 JavaThread "C2 CompilerThread1" daemon [_thread_blocked, id=4206, stack(0x00007fc1e8617000,0x00007fc1e8718000)]
  0x00007fc1fc0ae000 JavaThread "C2 CompilerThread0" daemon [_thread_blocked, id=4205, stack(0x00007fc1e8718000,0x00007fc1e8819000)]
  0x00007fc1fc0ac000 JavaThread "Signal Dispatcher" daemon [_thread_blocked, id=4204, stack(0x00007fc1e8819000,0x00007fc1e891a000)]
  0x00007fc1fc083800 JavaThread "Finalizer" daemon [_thread_blocked, id=4203, stack(0x00007fc1e8bf3000,0x00007fc1e8cf4000)]
  0x00007fc1fc07f000 JavaThread "Reference Handler" daemon [_thread_blocked, id=4202, stack(0x00007fc1e8cf4000,0x00007fc1e8df5000)]

Other Threads:
  0x00007fc1fc077800 VMThread [stack: 0x00007fc1e8df5000,0x00007fc1e8ef6000] [id=4201]
  0x00007fc1fc0c5000 WatcherThread [stack: 0x00007fc1e8314000,0x00007fc1e8415000] [id=4209]

VM state:not at safepoint (normal execution)

VM Mutex/Monitor currently owned by a thread: None

Heap:
 PSYoungGen      total 16896K, used 11209K [0x00000000ed600000, 0x00000000ef700000, 0x0000000100000000)
  eden space 14848K, 61% used [0x00000000ed600000,0x00000000edef2530,0x00000000ee480000)
  from space 2048K, 100% used [0x00000000ee680000,0x00000000ee880000,0x00000000ee880000)
  to   space 2048K, 0% used [0x00000000ee480000,0x00000000ee480000,0x00000000ee680000)
 ParOldGen       total 38400K, used 7657K [0x00000000c8200000, 0x00000000ca780000, 0x00000000ed600000)
  object space 38400K, 19% used [0x00000000c8200000,0x00000000c897a478,0x00000000ca780000)
 Metaspace       used 20265K, capacity 20461K, committed 20864K, reserved 1067008K
  class space    used 2233K, capacity 2318K, committed 2432K, reserved 1048576K

Card table byte_map: [0x00007fc1eca80000,0x00007fc1ecc40000] byte_map_base: 0x00007fc1ec43f000

Marking Bits: (ParMarkBitMap*) 0x00007fc2029b4220
 Begin Bits: [0x00007fc1eaa8c000, 0x00007fc1eb884000)
 End Bits:   [0x00007fc1eb884000, 0x00007fc1ec67c000)

Polling page: 0x00007fc203806000

CodeCache: size=245760Kb used=4602Kb max_used=4602Kb free=241157Kb
 bounds [0x00007fc1ed000000, 0x00007fc1ed490000, 0x00007fc1fc000000]
 total_blobs=2144 nmethods=1141 adapters=917
 compilation: enabled

Compilation events (10 events):
Event: 2,242 Thread 0x00007fc1fc0b3000 nmethod 1134 0x00007fc1ed47b110 code [0x00007fc1ed47b2c0, 0x00007fc1ed47b768]
Event: 2,242 Thread 0x00007fc1fc0b3000 1135       3       jogamp.opengl.gl4.GL4bcImpl::glVertex3f (55 bytes)
Event: 2,243 Thread 0x00007fc1fc0b3000 nmethod 1135 0x00007fc1ed47c050 code [0x00007fc1ed47c2a0, 0x00007fc1ed47d168]
Event: 2,243 Thread 0x00007fc1fc0b3000 1137       3       jogamp.opengl.glu.GLUquadricImpl::glNormal3f (101 bytes)
Event: 2,244 Thread 0x00007fc1fc0b3000 nmethod 1137 0x00007fc1ed47db10 code [0x00007fc1ed47dcc0, 0x00007fc1ed47e1a8]
Event: 2,244 Thread 0x00007fc1fc0b3000 1138       3       jogamp.opengl.gl4.GL4bcImpl::glNormal3f (55 bytes)
Event: 2,245 Thread 0x00007fc1fc0b3000 nmethod 1138 0x00007fc1ed47e350 code [0x00007fc1ed47e5a0, 0x00007fc1ed47f468]
Event: 2,245 Thread 0x00007fc1fc0b3000 1140       3       jogamp.opengl.glu.GLUquadricImpl::glVertex3f (37 bytes)
Event: 2,245 Thread 0x00007fc1fc0b3000 nmethod 1140 0x00007fc1ed47fe10 code [0x00007fc1ed47ffa0, 0x00007fc1ed4803a8]
Event: 2,245 Thread 0x00007fc1fc0b3000 1141       3       jogamp.opengl.glu.GLUquadricImpl::normal3f (55 bytes)

GC Heap History (4 events):
Event: 1,057 GC heap before
{Heap before GC invocations=1 (full 0):
 PSYoungGen      total 16896K, used 14848K [0x00000000ed600000, 0x00000000ee880000, 0x0000000100000000)
  eden space 14848K, 100% used [0x00000000ed600000,0x00000000ee480000,0x00000000ee480000)
  from space 2048K, 0% used [0x00000000ee680000,0x00000000ee680000,0x00000000ee880000)
  to   space 2048K, 0% used [0x00000000ee480000,0x00000000ee480000,0x00000000ee680000)
 ParOldGen       total 38400K, used 0K [0x00000000c8200000, 0x00000000ca780000, 0x00000000ed600000)
  object space 38400K, 0% used [0x00000000c8200000,0x00000000c8200000,0x00000000ca780000)
 Metaspace       used 14019K, capacity 14235K, committed 14464K, reserved 1062912K
  class space    used 1544K, capacity 1633K, committed 1664K, reserved 1048576K
Event: 1,064 GC heap after
Heap after GC invocations=1 (full 0):
 PSYoungGen      total 16896K, used 2031K [0x00000000ed600000, 0x00000000ee880000, 0x0000000100000000)
  eden space 14848K, 0% used [0x00000000ed600000,0x00000000ed600000,0x00000000ee480000)
  from space 2048K, 99% used [0x00000000ee480000,0x00000000ee67bc20,0x00000000ee680000)
  to   space 2048K, 0% used [0x00000000ee680000,0x00000000ee680000,0x00000000ee880000)
 ParOldGen       total 38400K, used 1339K [0x00000000c8200000, 0x00000000ca780000, 0x00000000ed600000)
  object space 38400K, 3% used [0x00000000c8200000,0x00000000c834ecb0,0x00000000ca780000)
 Metaspace       used 14019K, capacity 14235K, committed 14464K, reserved 1062912K
  class space    used 1544K, capacity 1633K, committed 1664K, reserved 1048576K
}
Event: 1,729 GC heap before
{Heap before GC invocations=2 (full 0):
 PSYoungGen      total 16896K, used 16879K [0x00000000ed600000, 0x00000000ee880000, 0x0000000100000000)
  eden space 14848K, 100% used [0x00000000ed600000,0x00000000ee480000,0x00000000ee480000)
  from space 2048K, 99% used [0x00000000ee480000,0x00000000ee67bc20,0x00000000ee680000)
  to   space 2048K, 0% used [0x00000000ee680000,0x00000000ee680000,0x00000000ee880000)
 ParOldGen       total 38400K, used 1339K [0x00000000c8200000, 0x00000000ca780000, 0x00000000ed600000)
  object space 38400K, 3% used [0x00000000c8200000,0x00000000c834ecb0,0x00000000ca780000)
 Metaspace       used 19906K, capacity 20109K, committed 20480K, reserved 1067008K
  class space    used 2206K, capacity 2286K, committed 2304K, reserved 1048576K
Event: 1,741 GC heap after
Heap after GC invocations=2 (full 0):
 PSYoungGen      total 16896K, used 2048K [0x00000000ed600000, 0x00000000ef700000, 0x0000000100000000)
  eden space 14848K, 0% used [0x00000000ed600000,0x00000000ed600000,0x00000000ee480000)
  from space 2048K, 100% used [0x00000000ee680000,0x00000000ee880000,0x00000000ee880000)
  to   space 2048K, 0% used [0x00000000ee480000,0x00000000ee480000,0x00000000ee680000)
 ParOldGen       total 38400K, used 7657K [0x00000000c8200000, 0x00000000ca780000, 0x00000000ed600000)
  object space 38400K, 19% used [0x00000000c8200000,0x00000000c897a478,0x00000000ca780000)
 Metaspace       used 19906K, capacity 20109K, committed 20480K, reserved 1067008K
  class space    used 2206K, capacity 2286K, committed 2304K, reserved 1048576K
}

Deoptimization events (10 events):
Event: 1,335 Thread 0x00007fc1fc00a000 Uncommon trap: reason=unstable_if action=reinterpret pc=0x00007fc1ed2ac3d0 method=java.util.HashMap.getNode(ILjava/lang/Object;)Ljava/util/HashMap$Node; @ 84
Event: 1,340 Thread 0x00007fc1fc00a000 Uncommon trap: reason=unstable_if action=reinterpret pc=0x00007fc1ed2b2e30 method=java.lang.reflect.AccessibleObject.setAccessible0(Ljava/lang/reflect/AccessibleObject;Z)V @ 4
Event: 1,411 Thread 0x00007fc1fc00a000 Uncommon trap: reason=unstable_if action=reinterpret pc=0x00007fc1ed2ba3e4 method=java.util.HashMap.putVal(ILjava/lang/Object;Ljava/lang/Object;ZZ)Ljava/lang/Object; @ 109
Event: 1,440 Thread 0x00007fc1fc00a000 Uncommon trap: reason=unstable_if action=reinterpret pc=0x00007fc1ed2b5b08 method=java.util.HashMap.putVal(ILjava/lang/Object;Ljava/lang/Object;ZZ)Ljava/lang/Object; @ 109
Event: 1,771 Thread 0x00007fc1fc3a7000 Uncommon trap: reason=unstable_if action=reinterpret pc=0x00007fc1ed3ae7a4 method=java.io.BufferedInputStream.read()I @ 8
Event: 2,032 Thread 0x00007fc1fc3a7000 Uncommon trap: reason=unstable_if action=reinterpret pc=0x00007fc1ed3ded1c method=jogamp.opengl.util.jpeg.JPEGDecoder$Output.buildComponentData(Ljogamp/opengl/util/jpeg/JPEGDecoder$Frame;Ljogamp/opengl/util/jpeg/JPEGDecoder$ComponentIn;)Ljava/util/ArrayLi
Event: 2,048 Thread 0x00007fc1fc3a7000 Uncommon trap: reason=unstable_if action=reinterpret pc=0x00007fc1ed412544 method=jogamp.opengl.util.jpeg.JPEGDecoder.getPixel(Ljogamp/opengl/util/jpeg/JPEGDecoder$ColorSink;II)V @ 465
Event: 2,087 Thread 0x00007fc1fc3a7000 Uncommon trap: reason=unstable_if action=reinterpret pc=0x00007fc1ed41cf28 method=jogamp.opengl.util.jpeg.JPEGDecoder$Output.quantizeAndInverse([I[B[I[I)V @ 98
Event: 2,090 Thread 0x00007fc1fc3a7000 Uncommon trap: reason=unstable_if action=reinterpret pc=0x00007fc1ed3d88ac method=jogamp.opengl.util.jpeg.JPEGDecoder$Output.quantizeAndInverse([I[B[I[I)V @ 88
Event: 2,132 Thread 0x00007fc1fc3a7000 Uncommon trap: reason=null_assert action=make_not_entrant pc=0x00007fc1ed43b820 method=jogamp.opengl.util.jpeg.JPEGDecoder.getPixel(Ljogamp/opengl/util/jpeg/JPEGDecoder$ColorSink;II)V @ 28

Internal exceptions (10 events):
Event: 0,560 Thread 0x00007fc1fc00a000 Exception <a 'java/lang/ClassNotFoundException': ToolTip> (0x00000000ed9f31b0) thrown at [/build/openjdk-8-8jAw7G/openjdk-8-8u111-b14/src/hotspot/src/share/vm/classfile/systemDictionary.cpp, line 210]
Event: 0,562 Thread 0x00007fc1fc00a000 Exception <a 'java/lang/ClassNotFoundException': Tree> (0x00000000ed9f3e08) thrown at [/build/openjdk-8-8jAw7G/openjdk-8-8u111-b14/src/hotspot/src/share/vm/classfile/systemDictionary.cpp, line 210]
Event: 0,562 Thread 0x00007fc1fc00a000 Exception <a 'java/lang/ClassNotFoundException': Tree> (0x00000000ed9f4548) thrown at [/build/openjdk-8-8jAw7G/openjdk-8-8u111-b14/src/hotspot/src/share/vm/classfile/systemDictionary.cpp, line 210]
Event: 0,562 Thread 0x00007fc1fc00a000 Exception <a 'java/lang/ClassNotFoundException': javax/swing/JTreeCell> (0x00000000ed9f48c8) thrown at [/build/openjdk-8-8jAw7G/openjdk-8-8u111-b14/src/hotspot/src/share/vm/classfile/systemDictionary.cpp, line 210]
Event: 0,562 Thread 0x00007fc1fc00a000 Exception <a 'java/lang/ClassNotFoundException': TreeCell> (0x00000000ed9f4d50) thrown at [/build/openjdk-8-8jAw7G/openjdk-8-8u111-b14/src/hotspot/src/share/vm/classfile/systemDictionary.cpp, line 210]
Event: 0,562 Thread 0x00007fc1fc00a000 Exception <a 'java/lang/ClassNotFoundException': RootPane> (0x00000000ed9f57f0) thrown at [/build/openjdk-8-8jAw7G/openjdk-8-8u111-b14/src/hotspot/src/share/vm/classfile/systemDictionary.cpp, line 210]
Event: 0,584 Thread 0x00007fc1fc00a000 Exception <a 'java/lang/ClassNotFoundException': sun/dc/DuctusRenderingEngine> (0x00000000eda01de0) thrown at [/build/openjdk-8-8jAw7G/openjdk-8-8u111-b14/src/hotspot/src/share/vm/classfile/systemDictionary.cpp, line 210]
Event: 0,676 Thread 0x00007fc1fc00a000 Implicit null exception at 0x00007fc1ed1a6e35 to 0x00007fc1ed1a71e9
Event: 0,677 Thread 0x00007fc1fc00a000 Implicit null exception at 0x00007fc1ed1a2e76 to 0x00007fc1ed1a3231
Event: 1,318 Thread 0x00007fc1fc00a000 Exception <a 'java/lang/InterruptedException'> (0x00000000ed9c01b8) thrown at [/build/openjdk-8-8jAw7G/openjdk-8-8u111-b14/src/hotspot/src/share/vm/runtime/objectMonitor.cpp, line 1684]

Events (10 events):
Event: 2,199 loading class java/nio/channels/Channels
Event: 2,199 loading class java/nio/channels/Channels done
Event: 2,199 loading class sun/nio/ch/ChannelInputStream
Event: 2,199 loading class sun/nio/ch/ChannelInputStream done
Event: 2,199 loading class java/nio/channels/SelectableChannel
Event: 2,199 loading class java/nio/channels/SelectableChannel done
Event: 2,235 loading class com/jogamp/opengl/math/VectorUtil
Event: 2,235 loading class com/jogamp/opengl/math/VectorUtil done
Event: 2,237 loading class jogamp/opengl/glu/GLUquadricImpl
Event: 2,237 loading class jogamp/opengl/glu/GLUquadricImpl done


Dynamic libraries:
00400000-00401000 r-xp 00000000 08:04 403070                             /usr/lib/jvm/java-8-openjdk-amd64/jre/bin/java
00600000-00601000 r--p 00000000 08:04 403070                             /usr/lib/jvm/java-8-openjdk-amd64/jre/bin/java
00601000-00602000 rw-p 00001000 08:04 403070                             /usr/lib/jvm/java-8-openjdk-amd64/jre/bin/java
00be5000-00c06000 rw-p 00000000 00:00 0                                  [heap]
c8200000-ca780000 rw-p 00000000 00:00 0 
ca780000-ed600000 ---p 00000000 00:00 0 
ed600000-ef700000 rw-p 00000000 00:00 0 
ef700000-100000000 ---p 00000000 00:00 0 
100000000-100260000 rw-p 00000000 00:00 0 
100260000-140000000 ---p 00000000 00:00 0 
7fc18c000000-7fc18c021000 rw-p 00000000 00:00 0 
7fc18c021000-7fc190000000 ---p 00000000 00:00 0 
7fc1932ff000-7fc1934bf000 rw-s 1019b5000 00:06 2317                      /dev/dri/card0
7fc1934bf000-7fc1935ff000 rw-s 10183d000 00:06 2317                      /dev/dri/card0
7fc1935ff000-7fc193aff000 rw-s 10133d000 00:06 2317                      /dev/dri/card0
7fc193aff000-7fc193b02000 ---p 00000000 00:00 0 
7fc193b02000-7fc193e00000 rw-p 00000000 00:00 0                          [stack:4221]
7fc193e00000-7fc194000000 rw-p 00000000 00:00 0 
7fc194000000-7fc1969d1000 rw-p 00000000 00:00 0 
7fc1969d1000-7fc198000000 ---p 00000000 00:00 0 
7fc19803f000-7fc198041000 r-xp 00000000 08:04 926990                     /usr/lib/x86_64-linux-gnu/libXinerama.so.1.0.0
7fc198041000-7fc198240000 ---p 00002000 08:04 926990                     /usr/lib/x86_64-linux-gnu/libXinerama.so.1.0.0
7fc198240000-7fc198241000 r--p 00001000 08:04 926990                     /usr/lib/x86_64-linux-gnu/libXinerama.so.1.0.0
7fc198241000-7fc198242000 rw-p 00002000 08:04 926990                     /usr/lib/x86_64-linux-gnu/libXinerama.so.1.0.0
7fc198242000-7fc198279000 r-xp 00000000 08:04 927864                     /usr/lib/x86_64-linux-gnu/libtxc_dxtn_s2tc.so.0.0.0
7fc198279000-7fc198478000 ---p 00037000 08:04 927864                     /usr/lib/x86_64-linux-gnu/libtxc_dxtn_s2tc.so.0.0.0
7fc198478000-7fc198479000 r--p 00036000 08:04 927864                     /usr/lib/x86_64-linux-gnu/libtxc_dxtn_s2tc.so.0.0.0
7fc198479000-7fc19847a000 rw-p 00037000 08:04 927864                     /usr/lib/x86_64-linux-gnu/libtxc_dxtn_s2tc.so.0.0.0
7fc19847a000-7fc198482000 r-xp 00000000 08:04 938008                     /usr/lib/x86_64-linux-gnu/libpciaccess.so.0.11.1
7fc198482000-7fc198682000 ---p 00008000 08:04 938008                     /usr/lib/x86_64-linux-gnu/libpciaccess.so.0.11.1
7fc198682000-7fc198683000 r--p 00008000 08:04 938008                     /usr/lib/x86_64-linux-gnu/libpciaccess.so.0.11.1
7fc198683000-7fc198684000 rw-p 00009000 08:04 938008                     /usr/lib/x86_64-linux-gnu/libpciaccess.so.0.11.1
7fc198684000-7fc19868f000 r-xp 00000000 08:04 922885                     /usr/lib/x86_64-linux-gnu/libdrm_radeon.so.1.0.1
7fc19868f000-7fc19888e000 ---p 0000b000 08:04 922885                     /usr/lib/x86_64-linux-gnu/libdrm_radeon.so.1.0.1
7fc19888e000-7fc19888f000 r--p 0000a000 08:04 922885                     /usr/lib/x86_64-linux-gnu/libdrm_radeon.so.1.0.1
7fc19888f000-7fc198890000 rw-p 0000b000 08:04 922885                     /usr/lib/x86_64-linux-gnu/libdrm_radeon.so.1.0.1
7fc198890000-7fc198897000 r-xp 00000000 08:04 922879                     /usr/lib/x86_64-linux-gnu/libdrm_nouveau.so.2.0.0
7fc198897000-7fc198a96000 ---p 00007000 08:04 922879                     /usr/lib/x86_64-linux-gnu/libdrm_nouveau.so.2.0.0
7fc198a96000-7fc198a97000 r--p 00006000 08:04 922879                     /usr/lib/x86_64-linux-gnu/libdrm_nouveau.so.2.0.0
7fc198a97000-7fc198a98000 rw-p 00007000 08:04 922879                     /usr/lib/x86_64-linux-gnu/libdrm_nouveau.so.2.0.0
7fc198a98000-7fc198ab8000 r-xp 00000000 08:04 920881                     /usr/lib/x86_64-linux-gnu/libdrm_intel.so.1.0.0
7fc198ab8000-7fc198cb7000 ---p 00020000 08:04 920881                     /usr/lib/x86_64-linux-gnu/libdrm_intel.so.1.0.0
7fc198cb7000-7fc198cb8000 r--p 0001f000 08:04 920881                     /usr/lib/x86_64-linux-gnu/libdrm_intel.so.1.0.0
7fc198cb8000-7fc198cb9000 rw-p 00020000 08:04 920881                     /usr/lib/x86_64-linux-gnu/libdrm_intel.so.1.0.0
7fc198cb9000-7fc1992be000 r-xp 00000000 08:04 1050765                    /usr/lib/x86_64-linux-gnu/dri/i965_dri.so
7fc1992be000-7fc1994be000 ---p 00605000 08:04 1050765                    /usr/lib/x86_64-linux-gnu/dri/i965_dri.so
7fc1994be000-7fc1994f4000 r--p 00605000 08:04 1050765                    /usr/lib/x86_64-linux-gnu/dri/i965_dri.so
7fc1994f4000-7fc1994fb000 rw-p 0063b000 08:04 1050765                    /usr/lib/x86_64-linux-gnu/dri/i965_dri.so
7fc1994fb000-7fc199503000 rw-p 00000000 00:00 0 
7fc199503000-7fc199509000 r-xp 00000000 08:04 1050034                    /usr/lib/x86_64-linux-gnu/mesa-egl/libGLESv2.so.2.0.0
7fc199509000-7fc199709000 ---p 00006000 08:04 1050034                    /usr/lib/x86_64-linux-gnu/mesa-egl/libGLESv2.so.2.0.0
7fc199709000-7fc19970a000 r--p 00006000 08:04 1050034                    /usr/lib/x86_64-linux-gnu/mesa-egl/libGLESv2.so.2.0.0
7fc19970a000-7fc19970b000 rw-p 00007000 08:04 1050034                    /usr/lib/x86_64-linux-gnu/mesa-egl/libGLESv2.so.2.0.0
7fc19970b000-7fc199750000 r-xp 00000000 08:04 655712                     /tmp/jogamp_0000/file_cache/jln612770321688090460/jln8206049705302545335/libjogl_mobile.so
7fc199750000-7fc199950000 ---p 00045000 08:04 655712                     /tmp/jogamp_0000/file_cache/jln612770321688090460/jln8206049705302545335/libjogl_mobile.so
7fc199950000-7fc199951000 rw-p 00045000 08:04 655712                     /tmp/jogamp_0000/file_cache/jln612770321688090460/jln8206049705302545335/libjogl_mobile.so
7fc199951000-7fc199958000 r-xp 00000000 08:04 920536                     /usr/lib/x86_64-linux-gnu/libffi.so.6.0.4
7fc199958000-7fc199b57000 ---p 00007000 08:04 920536                     /usr/lib/x86_64-linux-gnu/libffi.so.6.0.4
7fc199b57000-7fc199b58000 r--p 00006000 08:04 920536                     /usr/lib/x86_64-linux-gnu/libffi.so.6.0.4
7fc199b58000-7fc199b59000 rw-p 00007000 08:04 920536                     /usr/lib/x86_64-linux-gnu/libffi.so.6.0.4
7fc199b59000-7fc199b65000 r-xp 00000000 08:04 922893                     /usr/lib/x86_64-linux-gnu/libgbm.so.1.0.0
7fc199b65000-7fc199d65000 ---p 0000c000 08:04 922893                     /usr/lib/x86_64-linux-gnu/libgbm.so.1.0.0
7fc199d65000-7fc199d66000 r--p 0000c000 08:04 922893                     /usr/lib/x86_64-linux-gnu/libgbm.so.1.0.0
7fc199d66000-7fc199d67000 rw-p 0000d000 08:04 922893                     /usr/lib/x86_64-linux-gnu/libgbm.so.1.0.0
7fc199d67000-7fc199d76000 r-xp 00000000 08:04 926960                     /usr/lib/x86_64-linux-gnu/libwayland-server.so.0.1.0
7fc199d76000-7fc199f75000 ---p 0000f000 08:04 926960                     /usr/lib/x86_64-linux-gnu/libwayland-server.so.0.1.0
7fc199f75000-7fc199f77000 r--p 0000e000 08:04 926960                     /usr/lib/x86_64-linux-gnu/libwayland-server.so.0.1.0
7fc199f77000-7fc199f78000 rw-p 00010000 08:04 926960                     /usr/lib/x86_64-linux-gnu/libwayland-server.so.0.1.0
7fc199f78000-7fc199f84000 r-xp 00000000 08:04 927222                     /usr/lib/x86_64-linux-gnu/libwayland-client.so.0.3.0
7fc199f84000-7fc19a183000 ---p 0000c000 08:04 927222                     /usr/lib/x86_64-linux-gnu/libwayland-client.so.0.3.0
7fc19a183000-7fc19a185000 r--p 0000b000 08:04 927222                     /usr/lib/x86_64-linux-gnu/libwayland-client.so.0.3.0
7fc19a185000-7fc19a186000 rw-p 0000d000 08:04 927222                     /usr/lib/x86_64-linux-gnu/libwayland-client.so.0.3.0
7fc19a186000-7fc19a18c000 r-xp 00000000 08:04 930523                     /usr/lib/x86_64-linux-gnu/libxcb-xfixes.so.0.0.0
7fc19a18c000-7fc19a38c000 ---p 00006000 08:04 930523                     /usr/lib/x86_64-linux-gnu/libxcb-xfixes.so.0.0.0
7fc19a38c000-7fc19a38d000 r--p 00006000 08:04 930523                     /usr/lib/x86_64-linux-gnu/libxcb-xfixes.so.0.0.0
7fc19a38d000-7fc19a38e000 rw-p 00007000 08:04 930523                     /usr/lib/x86_64-linux-gnu/libxcb-xfixes.so.0.0.0
7fc19a38e000-7fc19a3be000 r-xp 00000000 08:04 1048652                    /usr/lib/x86_64-linux-gnu/mesa-egl/libEGL.so.1.0.0
7fc19a3be000-7fc19a5be000 ---p 00030000 08:04 1048652                    /usr/lib/x86_64-linux-gnu/mesa-egl/libEGL.so.1.0.0
7fc19a5be000-7fc19a5bf000 r--p 00030000 08:04 1048652                    /usr/lib/x86_64-linux-gnu/mesa-egl/libEGL.so.1.0.0
7fc19a5bf000-7fc19a5c0000 rw-p 00031000 08:04 1048652                    /usr/lib/x86_64-linux-gnu/mesa-egl/libEGL.so.1.0.0
7fc19a5c0000-7fc19a5c3000 ---p 00000000 00:00 0 
7fc19a5c3000-7fc19a6c1000 rw-p 00000000 00:00 0                          [stack:4220]
7fc19a6c1000-7fc19a766000 r-xp 00000000 08:04 655709                     /tmp/jogamp_0000/file_cache/jln612770321688090460/jln8206049705302545335/libjogl_desktop.so
7fc19a766000-7fc19a966000 ---p 000a5000 08:04 655709                     /tmp/jogamp_0000/file_cache/jln612770321688090460/jln8206049705302545335/libjogl_desktop.so
7fc19a966000-7fc19a967000 rw-p 000a5000 08:04 655709                     /tmp/jogamp_0000/file_cache/jln612770321688090460/jln8206049705302545335/libjogl_desktop.so
7fc19a967000-7fc19a975000 r-xp 00000000 08:04 921029                     /usr/lib/x86_64-linux-gnu/libdrm.so.2.4.0
7fc19a975000-7fc19ab74000 ---p 0000e000 08:04 921029                     /usr/lib/x86_64-linux-gnu/libdrm.so.2.4.0
7fc19ab74000-7fc19ab75000 r--p 0000d000 08:04 921029                     /usr/lib/x86_64-linux-gnu/libdrm.so.2.4.0
7fc19ab75000-7fc19ab76000 rw-p 0000e000 08:04 921029                     /usr/lib/x86_64-linux-gnu/libdrm.so.2.4.0
7fc19ab76000-7fc19ab7a000 r-xp 00000000 08:04 928384                     /usr/lib/x86_64-linux-gnu/libxcb-dri2.so.0.0.0
7fc19ab7a000-7fc19ad79000 ---p 00004000 08:04 928384                     /usr/lib/x86_64-linux-gnu/libxcb-dri2.so.0.0.0
7fc19ad79000-7fc19ad7a000 r--p 00003000 08:04 928384                     /usr/lib/x86_64-linux-gnu/libxcb-dri2.so.0.0.0
7fc19ad7a000-7fc19ad7b000 rw-p 00004000 08:04 928384                     /usr/lib/x86_64-linux-gnu/libxcb-dri2.so.0.0.0
7fc19ad7b000-7fc19ad92000 r-xp 00000000 08:04 921398                     /usr/lib/x86_64-linux-gnu/libxcb-glx.so.0.0.0
7fc19ad92000-7fc19af91000 ---p 00017000 08:04 921398                     /usr/lib/x86_64-linux-gnu/libxcb-glx.so.0.0.0
7fc19af91000-7fc19af93000 r--p 00016000 08:04 921398                     /usr/lib/x86_64-linux-gnu/libxcb-glx.so.0.0.0
7fc19af93000-7fc19af94000 rw-p 00018000 08:04 921398                     /usr/lib/x86_64-linux-gnu/libxcb-glx.so.0.0.0
7fc19af94000-7fc19af95000 r-xp 00000000 08:04 920982                     /usr/lib/x86_64-linux-gnu/libX11-xcb.so.1.0.0
7fc19af95000-7fc19b194000 ---p 00001000 08:04 920982                     /usr/lib/x86_64-linux-gnu/libX11-xcb.so.1.0.0
7fc19b194000-7fc19b195000 r--p 00000000 08:04 920982                     /usr/lib/x86_64-linux-gnu/libX11-xcb.so.1.0.0
7fc19b195000-7fc19b196000 rw-p 00001000 08:04 920982                     /usr/lib/x86_64-linux-gnu/libX11-xcb.so.1.0.0
7fc19b196000-7fc19b198000 r-xp 00000000 08:04 926976                     /usr/lib/x86_64-linux-gnu/libXdamage.so.1.1.0
7fc19b198000-7fc19b397000 ---p 00002000 08:04 926976                     /usr/lib/x86_64-linux-gnu/libXdamage.so.1.1.0
7fc19b397000-7fc19b398000 r--p 00001000 08:04 926976                     /usr/lib/x86_64-linux-gnu/libXdamage.so.1.1.0
7fc19b398000-7fc19b399000 rw-p 00002000 08:04 926976                     /usr/lib/x86_64-linux-gnu/libXdamage.so.1.1.0
7fc19b399000-7fc19b3c2000 r-xp 00000000 08:04 921441                     /usr/lib/x86_64-linux-gnu/libglapi.so.0.0.0
7fc19b3c2000-7fc19b5c1000 ---p 00029000 08:04 921441                     /usr/lib/x86_64-linux-gnu/libglapi.so.0.0.0
7fc19b5c1000-7fc19b5c5000 r--p 00028000 08:04 921441                     /usr/lib/x86_64-linux-gnu/libglapi.so.0.0.0
7fc19b5c5000-7fc19b5c6000 rw-p 0002c000 08:04 921441                     /usr/lib/x86_64-linux-gnu/libglapi.so.0.0.0
7fc19b5c6000-7fc19b5c7000 rw-p 00000000 00:00 0 
7fc19b5c7000-7fc19b5c8000 r-xp 00000000 08:04 927949                     /usr/lib/x86_64-linux-gnu/libxshmfence.so.1.0.0
7fc19b5c8000-7fc19b7c8000 ---p 00001000 08:04 927949                     /usr/lib/x86_64-linux-gnu/libxshmfence.so.1.0.0
7fc19b7c8000-7fc19b7c9000 r--p 00001000 08:04 927949                     /usr/lib/x86_64-linux-gnu/libxshmfence.so.1.0.0
7fc19b7c9000-7fc19b7ca000 rw-p 00002000 08:04 927949                     /usr/lib/x86_64-linux-gnu/libxshmfence.so.1.0.0
7fc19b7ca000-7fc19b7cf000 r-xp 00000000 08:04 921290                     /usr/lib/x86_64-linux-gnu/libxcb-sync.so.1.0.0
7fc19b7cf000-7fc19b9cf000 ---p 00005000 08:04 921290                     /usr/lib/x86_64-linux-gnu/libxcb-sync.so.1.0.0
7fc19b9cf000-7fc19b9d0000 r--p 00005000 08:04 921290                     /usr/lib/x86_64-linux-gnu/libxcb-sync.so.1.0.0
7fc19b9d0000-7fc19b9d1000 rw-p 00006000 08:04 921290                     /usr/lib/x86_64-linux-gnu/libxcb-sync.so.1.0.0
7fc19b9d1000-7fc19b9d3000 r-xp 00000000 08:04 921415                     /usr/lib/x86_64-linux-gnu/libxcb-present.so.0.0.0
7fc19b9d3000-7fc19bbd2000 ---p 00002000 08:04 921415                     /usr/lib/x86_64-linux-gnu/libxcb-present.so.0.0.0
7fc19bbd2000-7fc19bbd3000 r--p 00001000 08:04 921415                     /usr/lib/x86_64-linux-gnu/libxcb-present.so.0.0.0
7fc19bbd3000-7fc19bbd4000 rw-p 00002000 08:04 921415                     /usr/lib/x86_64-linux-gnu/libxcb-present.so.0.0.0
7fc19bbd4000-7fc19bbd6000 r-xp 00000000 08:04 921076                     /usr/lib/x86_64-linux-gnu/libxcb-dri3.so.0.0.0
7fc19bbd6000-7fc19bdd5000 ---p 00002000 08:04 921076                     /usr/lib/x86_64-linux-gnu/libxcb-dri3.so.0.0.0
7fc19bdd5000-7fc19bdd6000 r--p 00001000 08:04 921076                     /usr/lib/x86_64-linux-gnu/libxcb-dri3.so.0.0.0
7fc19bdd6000-7fc19bdd7000 rw-p 00002000 08:04 921076                     /usr/lib/x86_64-linux-gnu/libxcb-dri3.so.0.0.0
7fc19bdd7000-7fc19bdfd000 r-xp 00000000 08:04 655697                     /lib/x86_64-linux-gnu/libexpat.so.1.6.0
7fc19bdfd000-7fc19bffd000 ---p 00026000 08:04 655697                     /lib/x86_64-linux-gnu/libexpat.so.1.6.0
7fc19bffd000-7fc19bfff000 r--p 00026000 08:04 655697                     /lib/x86_64-linux-gnu/libexpat.so.1.6.0
7fc19bfff000-7fc19c000000 rw-p 00028000 08:04 655697                     /lib/x86_64-linux-gnu/libexpat.so.1.6.0
7fc19c000000-7fc19c021000 rw-p 00000000 00:00 0 
7fc19c021000-7fc1a0000000 ---p 00000000 00:00 0 
7fc1a0000000-7fc1a1ebc000 rw-p 00000000 00:00 0 
7fc1a1ebc000-7fc1a4000000 ---p 00000000 00:00 0 
7fc1a4000000-7fc1a4021000 rw-p 00000000 00:00 0 
7fc1a4021000-7fc1a8000000 ---p 00000000 00:00 0 
7fc1a8000000-7fc1a8021000 rw-p 00000000 00:00 0 
7fc1a8021000-7fc1ac000000 ---p 00000000 00:00 0 
7fc1ac000000-7fc1ac021000 rw-p 00000000 00:00 0 
7fc1ac021000-7fc1b0000000 ---p 00000000 00:00 0 
7fc1b001d000-7fc1b002d000 rw-s 00000000 00:05 69684                      /drm mm object (deleted)
7fc1b002d000-7fc1b0065000 rw-s 10197d000 00:06 2317                      /dev/dri/card0
7fc1b0065000-7fc1b0083000 r-xp 00000000 08:04 659990                     /lib/x86_64-linux-gnu/libudev.so.1.6.4
7fc1b0083000-7fc1b0084000 r--p 0001d000 08:04 659990                     /lib/x86_64-linux-gnu/libudev.so.1.6.4
7fc1b0084000-7fc1b0085000 rw-p 0001e000 08:04 659990                     /lib/x86_64-linux-gnu/libudev.so.1.6.4
7fc1b0085000-7fc1b00f2000 r-xp 00000000 08:04 1048606                    /usr/lib/x86_64-linux-gnu/mesa/libGL.so.1.2.0
7fc1b00f2000-7fc1b02f1000 ---p 0006d000 08:04 1048606                    /usr/lib/x86_64-linux-gnu/mesa/libGL.so.1.2.0
7fc1b02f1000-7fc1b02f4000 r--p 0006c000 08:04 1048606                    /usr/lib/x86_64-linux-gnu/mesa/libGL.so.1.2.0
7fc1b02f4000-7fc1b02f5000 rw-p 0006f000 08:04 1048606                    /usr/lib/x86_64-linux-gnu/mesa/libGL.so.1.2.0
7fc1b02f5000-7fc1b04f6000 rw-p 00000000 00:00 0 
7fc1b04f6000-7fc1b04fd000 r-xp 00000000 08:04 656286                     /tmp/jogamp_0000/file_cache/jln612770321688090460/jln8206049705302545335/libnativewindow_x11.so
7fc1b04fd000-7fc1b06fc000 ---p 00007000 08:04 656286                     /tmp/jogamp_0000/file_cache/jln612770321688090460/jln8206049705302545335/libnativewindow_x11.so
7fc1b06fc000-7fc1b06fd000 rw-p 00006000 08:04 656286                     /tmp/jogamp_0000/file_cache/jln612770321688090460/jln8206049705302545335/libnativewindow_x11.so
7fc1b06fd000-7fc1b0700000 ---p 00000000 00:00 0 
7fc1b0700000-7fc1b09fe000 rw-p 00000000 00:00 0                          [stack:4219]
7fc1b09fe000-7fc1b0a03000 r-xp 00000000 08:04 928266                     /usr/lib/x86_64-linux-gnu/libXxf86vm.so.1.0.0
7fc1b0a03000-7fc1b0c02000 ---p 00005000 08:04 928266                     /usr/lib/x86_64-linux-gnu/libXxf86vm.so.1.0.0
7fc1b0c02000-7fc1b0c03000 r--p 00004000 08:04 928266                     /usr/lib/x86_64-linux-gnu/libXxf86vm.so.1.0.0
7fc1b0c03000-7fc1b0c04000 rw-p 00005000 08:04 928266                     /usr/lib/x86_64-linux-gnu/libXxf86vm.so.1.0.0
7fc1b0c09000-7fc1b0c19000 rw-s 101b75000 00:06 2317                      /dev/dri/card0
7fc1b0c19000-7fc1b0c21000 rw-s 00000000 00:05 68872                      /drm mm object (deleted)
7fc1b0c21000-7fc1b0c29000 rw-s 00000000 00:05 65317                      /drm mm object (deleted)
7fc1b0c29000-7fc1b0c2b000 r-xp 00000000 08:04 655713                     /tmp/jogamp_0000/file_cache/jln612770321688090460/jln8206049705302545335/libnativewindow_awt.so
7fc1b0c2b000-7fc1b0e2a000 ---p 00002000 08:04 655713                     /tmp/jogamp_0000/file_cache/jln612770321688090460/jln8206049705302545335/libnativewindow_awt.so
7fc1b0e2a000-7fc1b0e2b000 rw-p 00001000 08:04 655713                     /tmp/jogamp_0000/file_cache/jln612770321688090460/jln8206049705302545335/libnativewindow_awt.so
7fc1b0e2b000-7fc1b0e2c000 r-xp 00000000 08:04 402107                     /usr/lib/jvm/java-8-openjdk-amd64/jre/lib/amd64/libjawt.so
7fc1b0e2c000-7fc1b102b000 ---p 00001000 08:04 402107                     /usr/lib/jvm/java-8-openjdk-amd64/jre/lib/amd64/libjawt.so
7fc1b102b000-7fc1b102c000 r--p 00000000 08:04 402107                     /usr/lib/jvm/java-8-openjdk-amd64/jre/lib/amd64/libjawt.so
7fc1b102c000-7fc1b102d000 rw-p 00001000 08:04 402107                     /usr/lib/jvm/java-8-openjdk-amd64/jre/lib/amd64/libjawt.so
7fc1b102d000-7fc1b102f000 r-xp 00000000 08:04 655708                     /tmp/jogamp_0000/file_cache/jln612770321688090460/jln8206049705302545335/libgluegen-rt.so
7fc1b102f000-7fc1b122e000 ---p 00002000 08:04 655708                     /tmp/jogamp_0000/file_cache/jln612770321688090460/jln8206049705302545335/libgluegen-rt.so
7fc1b122e000-7fc1b122f000 rw-p 00001000 08:04 655708                     /tmp/jogamp_0000/file_cache/jln612770321688090460/jln8206049705302545335/libgluegen-rt.so
7fc1b122f000-7fc1b1232000 ---p 00000000 00:00 0 
7fc1b1232000-7fc1b1330000 rw-p 00000000 00:00 0                          [stack:4218]
7fc1b1330000-7fc1b1333000 ---p 00000000 00:00 0 
7fc1b1333000-7fc1b1569000 rw-p 00000000 00:00 0                          [stack:4214]
7fc1b1569000-7fc1b156c000 ---p 00000000 00:00 0 
7fc1b156c000-7fc1b166a000 rw-p 00000000 00:00 0                          [stack:4211]
7fc1b166a000-7fc1b166f000 r-xp 00000000 08:04 926982                     /usr/lib/x86_64-linux-gnu/libXfixes.so.3.1.0
7fc1b166f000-7fc1b186e000 ---p 00005000 08:04 926982                     /usr/lib/x86_64-linux-gnu/libXfixes.so.3.1.0
7fc1b186e000-7fc1b186f000 r--p 00004000 08:04 926982                     /usr/lib/x86_64-linux-gnu/libXfixes.so.3.1.0
7fc1b186f000-7fc1b1870000 rw-p 00005000 08:04 926982                     /usr/lib/x86_64-linux-gnu/libXfixes.so.3.1.0
7fc1b1870000-7fc1b1877000 r--s 00000000 08:04 277021                     /var/cache/fontconfig/4be9850f182b35c1350b6bbf2e42601c-le64.cache-6
7fc1b1877000-7fc1b1879000 r--s 00000000 08:04 287161                     /var/cache/fontconfig/30a99c4256905863f7aa12b5e873c27c-le64.cache-6
7fc1b1879000-7fc1b187a000 r--s 00000000 08:04 264011                     /var/cache/fontconfig/087e1975ba9a574b140bb1df193bf770-le64.cache-6
7fc1b187a000-7fc1b187e000 r--s 00000000 08:04 286461                     /var/cache/fontconfig/6aa41aa22e18b8fa06a12da28ea9c28b-le64.cache-6
7fc1b187e000-7fc1b1889000 r--s 00000000 08:04 270437                     /var/cache/fontconfig/945677eb7aeaf62f1d50efc3fb3ec7d8-le64.cache-6
7fc1b1889000-7fc1b188b000 r--s 00000000 08:04 285734                     /var/cache/fontconfig/99e8ed0e538f840c565b6ed5dad60d56-le64.cache-6
7fc1b188b000-7fc1b1894000 r--s 00000000 08:04 282994                     /var/cache/fontconfig/a6d8cf8e4ec09cdbc8633c31745a07dd-le64.cache-6
7fc1b1894000-7fc1b189a000 r--s 00000000 08:04 282956                     /var/cache/fontconfig/2cd17615ca594fa2959ae173292e504c-le64.cache-6
7fc1b189a000-7fc1b189b000 r--s 00000000 08:04 280806                     /var/cache/fontconfig/0d8c3b2ac0904cb8a57a757ad11a4a08-le64.cache-6
7fc1b189b000-7fc1b18a2000 r--s 00000000 08:04 280320                     /var/cache/fontconfig/a755afe4a08bf5b97852ceb7400b47bc-le64.cache-6
7fc1b18a2000-7fc1b18b7000 r--s 00000000 08:04 280318                     /var/cache/fontconfig/04aabc0a78ac019cf9454389977116d2-le64.cache-6
7fc1b18b7000-7fc1b18b8000 r--s 00000000 08:04 280285                     /var/cache/fontconfig/1ac9eb803944fde146138c791f5cc56a-le64.cache-6
7fc1b18b8000-7fc1b18b9000 r--s 00000000 08:04 280281                     /var/cache/fontconfig/b95bc8ffbebda2bbdae4265e45b8178d-le64.cache-6
7fc1b18b9000-7fc1b18bd000 r--s 00000000 08:04 278157                     /var/cache/fontconfig/385c0604a188198f04d133e54aba7fe7-le64.cache-6
7fc1b18bd000-7fc1b18be000 r--s 00000000 08:04 278153                     /var/cache/fontconfig/9c956a7723ca69a44b382d9179c9802f-le64.cache-6
7fc1b18be000-7fc1b18bf000 r--s 00000000 08:04 277155                     /var/cache/fontconfig/dc05db6664285cc2f12bf69c139ae4c3-le64.cache-6
7fc1b18bf000-7fc1b18c0000 r--s 00000000 08:04 277006                     /var/cache/fontconfig/5d1cca7074f29429a8d18692746c2426-le64.cache-6
7fc1b18c0000-7fc1b18c3000 r--s 00000000 08:04 277005                     /var/cache/fontconfig/767a8244fc0220cfb567a839d0392e0b-le64.cache-6
7fc1b18c3000-7fc1b18c4000 r--s 00000000 08:04 276728                     /var/cache/fontconfig/4794a0821666d79190d59a36cb4f44b5-le64.cache-6
7fc1b18c4000-7fc1b18c5000 r--s 00000000 08:04 276581                     /var/cache/fontconfig/9eae20f1ff8cc0a7d125749e875856bd-le64.cache-6
7fc1b18c5000-7fc1b18ec000 r--s 00000000 08:04 276440                     /var/cache/fontconfig/0bd3dc0958fa2205aaaa8ebb13e2872b-le64.cache-6
7fc1b18ec000-7fc1b18ef000 r--s 00000000 08:04 276362                     /var/cache/fontconfig/bf2c1853a9e9b00bb02fe2e9bcf1e201-le64.cache-6
7fc1b18ef000-7fc1b18f4000 r--s 00000000 08:04 276301                     /var/cache/fontconfig/8801497958630a81b71ace7c5f9b32a8-le64.cache-6
7fc1b18f4000-7fc1b192f000 r--s 00000000 08:04 276290                     /var/cache/fontconfig/365b55f210c0a22e9a19e35191240f32-le64.cache-6
7fc1b192f000-7fc1b1933000 r--s 00000000 08:04 276237                     /var/cache/fontconfig/c57959a16110560c8d0fcea73374aeeb-le64.cache-6
7fc1b1933000-7fc1b1934000 r--s 00000000 08:04 276049                     /var/cache/fontconfig/bab58bb527bb656aaa9f116d68a48d89-le64.cache-6
7fc1b1934000-7fc1b193b000 r--s 00000000 08:04 275977                     /var/cache/fontconfig/3047814df9a2f067bd2d96a2b9c36e5a-le64.cache-6
7fc1b193b000-7fc1b1943000 r--s 00000000 08:04 275905                     /var/cache/fontconfig/bf3b770c553c462765856025a94f1ce6-le64.cache-6
7fc1b1943000-7fc1b1944000 r--s 00000000 08:04 275866                     /var/cache/fontconfig/56cf4f4769d0f4abc89a4895d7bd3ae1-le64.cache-6
7fc1b1944000-7fc1b1945000 r--s 00000000 08:04 275856                     /var/cache/fontconfig/b9d506c9ac06c20b433354fa67a72993-le64.cache-6
7fc1b1945000-7fc1b194b000 r--s 00000000 08:04 275803                     /var/cache/fontconfig/b47c4e1ecd0709278f4910c18777a504-le64.cache-6
7fc1b194b000-7fc1b194e000 r--s 00000000 08:04 275785                     /var/cache/fontconfig/14d493b97896515cad3840ba4896e372-le64.cache-6
7fc1b194e000-7fc1b1956000 r--s 00000000 08:04 275548                     /var/cache/fontconfig/52f7bdb7ce746bfd7eaa1985bd9cfa93-le64.cache-6
7fc1b1956000-7fc1b1959000 r--s 00000000 08:04 275540                     /var/cache/fontconfig/e49e89034d371f0f9de17aab02136486-le64.cache-6
7fc1b1959000-7fc1b195b000 r--s 00000000 08:04 275349                     /var/cache/fontconfig/4b14b093aebc79c320de5e86ae1d3314-le64.cache-6
7fc1b195b000-7fc1b195c000 r--s 00000000 08:04 275344                     /var/cache/fontconfig/8aec10f4cc8391dcef22ca549f1e4354-le64.cache-6
7fc1b195c000-7fc1b196f000 r--s 00000000 08:04 275343                     /var/cache/fontconfig/d52a8644073d54c13679302ca1180695-le64.cache-6
7fc1b196f000-7fc1b1970000 r--s 00000000 08:04 275340                     /var/cache/fontconfig/551ecf3b0e8b0bca0f25c0944f561853-le64.cache-6
7fc1b1970000-7fc1b1971000 r--s 00000000 08:04 275236                     /var/cache/fontconfig/8a687c406b77f27d99abfeeba937fcce-le64.cache-6
7fc1b1971000-7fc1b1976000 r--s 00000000 08:04 275225                     /var/cache/fontconfig/75ad6aa2358a85f0de2c8ee4837e8227-le64.cache-6
7fc1b1976000-7fc1b1980000 r--s 00000000 08:04 275203                     /var/cache/fontconfig/3f7329c5293ffd510edef78f73874cfd-le64.cache-6
7fc1b1980000-7fc1b1981000 r--s 00000000 08:04 275173                     /var/cache/fontconfig/ac2cf712d852da827a87a9baf682f5b9-le64.cache-6
7fc1b1981000-7fc1b1983000 r--s 00000000 08:04 275166                     /var/cache/fontconfig/65f976e5259cbe6dc7697b8648396239-le64.cache-6
7fc1b1983000-7fc1b198e000 r--s 00000000 08:04 275147                     /var/cache/fontconfig/d589a48862398ed80a3d6066f4f56f4c-le64.cache-6
7fc1b198e000-7fc1b1992000 r--s 00000000 08:04 275114                     /var/cache/fontconfig/246184dc75a16901ca37d96895904249-le64.cache-6
7fc1b1992000-7fc1b1993000 r--s 00000000 08:04 274977                     /var/cache/fontconfig/94f7fe9bd33aadfac165873bd010d595-le64.cache-6
7fc1b1993000-7fc1b1995000 r--s 00000000 08:04 274974                     /var/cache/fontconfig/423767150eb258c59035de29db6fca84-le64.cache-6
7fc1b1995000-7fc1b1996000 r--s 00000000 08:04 274939                     /var/cache/fontconfig/845c20fd2c4814bcec78e05d37a63ccc-le64.cache-6
7fc1b1996000-7fc1b1997000 r--s 00000000 08:04 274927                     /var/cache/fontconfig/e7de81b01590fb7e12b38e274e17d0db-le64.cache-6
7fc1b1997000-7fc1b1998000 r--s 00000000 08:04 274925                     /var/cache/fontconfig/406a1d2d2bf3ed7664fbadefac0b2f66-le64.cache-6
7fc1b1998000-7fc1b199a000 r--s 00000000 08:04 274883                     /var/cache/fontconfig/67709b7835c0f764c1135060c9575660-le64.cache-6
7fc1b199a000-7fc1b199b000 r--s 00000000 08:04 274861                     /var/cache/fontconfig/30829fa25452a46451e813d634d7f916-le64.cache-6
7fc1b199b000-7fc1b19a9000 r--s 00000000 08:04 274853                     /var/cache/fontconfig/198d8fcf01c96d0cf813f74fd759bdb7-le64.cache-6
7fc1b19a9000-7fc1b19ac000 r--s 00000000 08:04 274740                     /var/cache/fontconfig/75114ca45c98e8a441da0ff356701271-le64.cache-6
7fc1b19ac000-7fc1b19b7000 r--s 00000000 08:04 274739                     /var/cache/fontconfig/83bf95040141907cd45bb53cf7c1c148-le64.cache-6
7fc1b19b7000-7fc1b19c9000 r--s 00000000 08:04 274735                     /var/cache/fontconfig/9b89f8e3dae116d678bbf48e5f21f69b-le64.cache-6
7fc1b19c9000-7fc1b19cb000 r--s 00000000 08:04 274725                     /var/cache/fontconfig/6e6b34ae150a7ad95e82fb4a522f0bda-le64.cache-6
7fc1b19cb000-7fc1b19d2000 r--s 00000000 08:04 274719                     /var/cache/fontconfig/53d14c92082a93e67d5078324eb314ca-le64.cache-6
7fc1b19d2000-7fc1b19d6000 r--s 00000000 08:04 274718                     /var/cache/fontconfig/6c08beecf0dac481ec92e759e0c2e6d7-le64.cache-6
7fc1b19d6000-7fc1b19da000 r--s 00000000 08:04 274600                     /var/cache/fontconfig/4d6aee6d44eccb37054d3216e945f618-le64.cache-6
7fc1b19da000-7fc1b19ed000 r--s 00000000 08:04 274391                     /var/cache/fontconfig/4ac51e5cfbc76fc3f983e470323a16d3-le64.cache-6
7fc1b19f4000-7fc1b19fc000 rw-s 00000000 00:05 65293                      /drm mm object (deleted)
7fc1b19fc000-7fc1b1a04000 rw-s 00000000 00:05 68853                      /drm mm object (deleted)
7fc1b1a04000-7fc1b1a0d000 r-xp 00000000 08:04 926974                     /usr/lib/x86_64-linux-gnu/libXcursor.so.1.0.2
7fc1b1a0d000-7fc1b1c0c000 ---p 00009000 08:04 926974                     /usr/lib/x86_64-linux-gnu/libXcursor.so.1.0.2
7fc1b1c0c000-7fc1b1c0d000 r--p 00008000 08:04 926974                     /usr/lib/x86_64-linux-gnu/libXcursor.so.1.0.2
7fc1b1c0d000-7fc1b1c0e000 rw-p 00009000 08:04 926974                     /usr/lib/x86_64-linux-gnu/libXcursor.so.1.0.2
7fc1b1c0f000-7fc1b1c10000 rw-s 102433000 00:06 2317                      /dev/dri/card0
7fc1b1c10000-7fc1b1c11000 rwxp 00000000 00:00 0 
7fc1b1c11000-7fc1b1c19000 rw-s 00000000 00:05 65281                      /drm mm object (deleted)
7fc1b1c19000-7fc1b1c21000 rw-s 00000000 00:05 69660                      /drm mm object (deleted)
7fc1b1c21000-7fc1b1c22000 rw-s 00000000 00:05 69656                      /drm mm object (deleted)
7fc1b1c22000-7fc1b1c23000 rw-s 102432000 00:06 2317                      /dev/dri/card0
7fc1b1c23000-7fc1b1c2b000 rw-s 00000000 00:05 69654                      /drm mm object (deleted)
7fc1b1c2b000-7fc1b1c2c000 r--s 0002f000 08:03 803808                     /home/mark/Documents/studie/2IV60 - Computer graphics/assignments/robotrace/RobotRace/lib/jogl-all-natives-linux-amd64.jar
7fc1b1c2c000-7fc1b1c2e000 r--s 00000000 08:03 803800                     /home/mark/Documents/studie/2IV60 - Computer graphics/assignments/robotrace/RobotRace/lib/gluegen-rt-natives-linux-amd64.jar
7fc1b1c2e000-7fc1b1c2f000 r--p 00000000 00:00 0 
7fc1b1c2f000-7fc1b1c33000 r--s 00097000 08:04 402803                     /usr/lib/jvm/java-8-openjdk-amd64/jre/lib/jsse.jar
7fc1b1c33000-7fc1b1c46000 r--s 00346000 08:04 402783                     /usr/lib/jvm/java-8-openjdk-amd64/jre/lib/resources.jar
7fc1b1c46000-7fc1b1c57000 r-xp 00000000 08:04 398692                     /usr/lib/jvm/java-8-openjdk-amd64/jre/lib/amd64/libnio.so
7fc1b1c57000-7fc1b1e57000 ---p 00011000 08:04 398692                     /usr/lib/jvm/java-8-openjdk-amd64/jre/lib/amd64/libnio.so
7fc1b1e57000-7fc1b1e58000 r--p 00011000 08:04 398692                     /usr/lib/jvm/java-8-openjdk-amd64/jre/lib/amd64/libnio.so
7fc1b1e58000-7fc1b1e59000 rw-p 00012000 08:04 398692                     /usr/lib/jvm/java-8-openjdk-amd64/jre/lib/amd64/libnio.so
7fc1b1e59000-7fc1b215a000 rw-p 00000000 00:00 0 
7fc1b215a000-7fc1b2171000 r-xp 00000000 08:04 402099                     /usr/lib/jvm/java-8-openjdk-amd64/jre/lib/amd64/libnet.so
7fc1b2171000-7fc1b2370000 ---p 00017000 08:04 402099                     /usr/lib/jvm/java-8-openjdk-amd64/jre/lib/amd64/libnet.so
7fc1b2370000-7fc1b2371000 r--p 00016000 08:04 402099                     /usr/lib/jvm/java-8-openjdk-amd64/jre/lib/amd64/libnet.so
7fc1b2371000-7fc1b2372000 rw-p 00017000 08:04 402099                     /usr/lib/jvm/java-8-openjdk-amd64/jre/lib/amd64/libnet.so
7fc1b2372000-7fc1b2375000 ---p 00000000 00:00 0 
7fc1b2375000-7fc1b2473000 rw-p 00000000 00:00 0                          [stack:4210]
7fc1b2473000-7fc1b2497000 r-xp 00000000 08:04 664918                     /lib/x86_64-linux-gnu/libpng12.so.0.54.0
7fc1b2497000-7fc1b2696000 ---p 00024000 08:04 664918                     /lib/x86_64-linux-gnu/libpng12.so.0.54.0
7fc1b2696000-7fc1b2697000 r--p 00023000 08:04 664918                     /lib/x86_64-linux-gnu/libpng12.so.0.54.0
7fc1b2697000-7fc1b2698000 rw-p 00024000 08:04 664918                     /lib/x86_64-linux-gnu/libpng12.so.0.54.0
7fc1b2698000-7fc1b273c000 r-xp 00000000 08:04 921332                     /usr/lib/x86_64-linux-gnu/libfreetype.so.6.12.1
7fc1b273c000-7fc1b293b000 ---p 000a4000 08:04 921332                     /usr/lib/x86_64-linux-gnu/libfreetype.so.6.12.1
7fc1b293b000-7fc1b2941000 r--p 000a3000 08:04 921332                     /usr/lib/x86_64-linux-gnu/libfreetype.so.6.12.1
7fc1b2941000-7fc1b2942000 rw-p 000a9000 08:04 921332                     /usr/lib/x86_64-linux-gnu/libfreetype.so.6.12.1
7fc1b2942000-7fc1b2994000 r-xp 00000000 08:04 398616                     /usr/lib/jvm/java-8-openjdk-amd64/jre/lib/amd64/libfontmanager.so
7fc1b2994000-7fc1b2b94000 ---p 00052000 08:04 398616                     /usr/lib/jvm/java-8-openjdk-amd64/jre/lib/amd64/libfontmanager.so
7fc1b2b94000-7fc1b2b96000 r--p 00052000 08:04 398616                     /usr/lib/jvm/java-8-openjdk-amd64/jre/lib/amd64/libfontmanager.so
7fc1b2b96000-7fc1b2b97000 rw-p 00054000 08:04 398616                     /usr/lib/jvm/java-8-openjdk-amd64/jre/lib/amd64/libfontmanager.so
7fc1b2b97000-7fc1b2b9c000 r-xp 00000000 08:04 930459                     /usr/lib/x86_64-linux-gnu/libXdmcp.so.6.0.0
7fc1b2b9c000-7fc1b2d9b000 ---p 00005000 08:04 930459                     /usr/lib/x86_64-linux-gnu/libXdmcp.so.6.0.0
7fc1b2d9b000-7fc1b2d9c000 r--p 00004000 08:04 930459                     /usr/lib/x86_64-linux-gnu/libXdmcp.so.6.0.0
7fc1b2d9c000-7fc1b2d9d000 rw-p 00005000 08:04 930459                     /usr/lib/x86_64-linux-gnu/libXdmcp.so.6.0.0
7fc1b2d9d000-7fc1b2d9f000 r-xp 00000000 08:04 926967                     /usr/lib/x86_64-linux-gnu/libXau.so.6.0.0
7fc1b2d9f000-7fc1b2f9f000 ---p 00002000 08:04 926967                     /usr/lib/x86_64-linux-gnu/libXau.so.6.0.0
7fc1b2f9f000-7fc1b2fa0000 r--p 00002000 08:04 926967                     /usr/lib/x86_64-linux-gnu/libXau.so.6.0.0
7fc1b2fa0000-7fc1b2fa1000 rw-p 00003000 08:04 926967                     /usr/lib/x86_64-linux-gnu/libXau.so.6.0.0
7fc1b2fa1000-7fc1b2fc2000 r-xp 00000000 08:04 928382                     /usr/lib/x86_64-linux-gnu/libxcb.so.1.1.0
7fc1b2fc2000-7fc1b31c1000 ---p 00021000 08:04 928382                     /usr/lib/x86_64-linux-gnu/libxcb.so.1.1.0
7fc1b31c1000-7fc1b31c2000 r--p 00020000 08:04 928382                     /usr/lib/x86_64-linux-gnu/libxcb.so.1.1.0
7fc1b31c2000-7fc1b31c3000 rw-p 00021000 08:04 928382                     /usr/lib/x86_64-linux-gnu/libxcb.so.1.1.0
7fc1b31c3000-7fc1b31d2000 r-xp 00000000 08:04 923448                     /usr/lib/x86_64-linux-gnu/libXi.so.6.1.0
7fc1b31d2000-7fc1b33d1000 ---p 0000f000 08:04 923448                     /usr/lib/x86_64-linux-gnu/libXi.so.6.1.0
7fc1b33d1000-7fc1b33d2000 r--p 0000e000 08:04 923448                     /usr/lib/x86_64-linux-gnu/libXi.so.6.1.0
7fc1b33d2000-7fc1b33d3000 rw-p 0000f000 08:04 923448                     /usr/lib/x86_64-linux-gnu/libXi.so.6.1.0
7fc1b33d3000-7fc1b33d8000 r-xp 00000000 08:04 927008                     /usr/lib/x86_64-linux-gnu/libXtst.so.6.1.0
7fc1b33d8000-7fc1b35d7000 ---p 00005000 08:04 927008                     /usr/lib/x86_64-linux-gnu/libXtst.so.6.1.0
7fc1b35d7000-7fc1b35d8000 r--p 00004000 08:04 927008                     /usr/lib/x86_64-linux-gnu/libXtst.so.6.1.0
7fc1b35d8000-7fc1b35d9000 rw-p 00005000 08:04 927008                     /usr/lib/x86_64-linux-gnu/libXtst.so.6.1.0
7fc1b35d9000-7fc1b35e2000 r-xp 00000000 08:04 927957                     /usr/lib/x86_64-linux-gnu/libXrender.so.1.3.0
7fc1b35e2000-7fc1b37e1000 ---p 00009000 08:04 927957                     /usr/lib/x86_64-linux-gnu/libXrender.so.1.3.0
7fc1b37e1000-7fc1b37e2000 r--p 00008000 08:04 927957                     /usr/lib/x86_64-linux-gnu/libXrender.so.1.3.0
7fc1b37e2000-7fc1b37e3000 rw-p 00009000 08:04 927957                     /usr/lib/x86_64-linux-gnu/libXrender.so.1.3.0
7fc1b37e3000-7fc1b3918000 r-xp 00000000 08:04 927965                     /usr/lib/x86_64-linux-gnu/libX11.so.6.3.0
7fc1b3918000-7fc1b3b18000 ---p 00135000 08:04 927965                     /usr/lib/x86_64-linux-gnu/libX11.so.6.3.0
7fc1b3b18000-7fc1b3b19000 r--p 00135000 08:04 927965                     /usr/lib/x86_64-linux-gnu/libX11.so.6.3.0
7fc1b3b19000-7fc1b3b1d000 rw-p 00136000 08:04 927965                     /usr/lib/x86_64-linux-gnu/libX11.so.6.3.0
7fc1b3b1d000-7fc1b3b2e000 r-xp 00000000 08:04 926980                     /usr/lib/x86_64-linux-gnu/libXext.so.6.4.0
7fc1b3b2e000-7fc1b3d2d000 ---p 00011000 08:04 926980                     /usr/lib/x86_64-linux-gnu/libXext.so.6.4.0
7fc1b3d2d000-7fc1b3d2e000 r--p 00010000 08:04 926980                     /usr/lib/x86_64-linux-gnu/libXext.so.6.4.0
7fc1b3d2e000-7fc1b3d2f000 rw-p 00011000 08:04 926980                     /usr/lib/x86_64-linux-gnu/libXext.so.6.4.0
7fc1b3d2f000-7fc1b3dcf000 r-xp 00000000 08:04 402103                     /usr/lib/jvm/java-8-openjdk-amd64/jre/lib/amd64/libawt.so
7fc1b3dcf000-7fc1b3fcf000 ---p 000a0000 08:04 402103                     /usr/lib/jvm/java-8-openjdk-amd64/jre/lib/amd64/libawt.so
7fc1b3fcf000-7fc1b3fd0000 r--p 000a0000 08:04 402103                     /usr/lib/jvm/java-8-openjdk-amd64/jre/lib/amd64/libawt.so
7fc1b3fd0000-7fc1b3fdb000 rw-p 000a1000 08:04 402103                     /usr/lib/jvm/java-8-openjdk-amd64/jre/lib/amd64/libawt.so
7fc1b3fdb000-7fc1b4000000 rw-p 00000000 00:00 0 
7fc1b4000000-7fc1b4021000 rw-p 00000000 00:00 0 
7fc1b4021000-7fc1b8000000 ---p 00000000 00:00 0 
7fc1b8000000-7fc1b8021000 rw-p 00000000 00:00 0 
7fc1b8021000-7fc1bc000000 ---p 00000000 00:00 0 
7fc1bc000000-7fc1bc209000 rw-p 00000000 00:00 0 
7fc1bc209000-7fc1c0000000 ---p 00000000 00:00 0 
7fc1c0000000-7fc1c01f9000 rw-p 00000000 00:00 0 
7fc1c01f9000-7fc1c4000000 ---p 00000000 00:00 0 
7fc1c4000000-7fc1c4021000 rw-p 00000000 00:00 0 
7fc1c4021000-7fc1c8000000 ---p 00000000 00:00 0 
7fc1c8000000-7fc1c82c5000 rw-p 00000000 00:00 0 
7fc1c82c5000-7fc1cc000000 ---p 00000000 00:00 0 
7fc1cc000000-7fc1cc021000 rw-p 00000000 00:00 0 
7fc1cc021000-7fc1d0000000 ---p 00000000 00:00 0 
7fc1d0000000-7fc1d0021000 rw-p 00000000 00:00 0 
7fc1d0021000-7fc1d4000000 ---p 00000000 00:00 0 
7fc1d4000000-7fc1d4021000 rw-p 00000000 00:00 0 
7fc1d4021000-7fc1d8000000 ---p 00000000 00:00 0 
7fc1d8000000-7fc1d8021000 rw-p 00000000 00:00 0 
7fc1d8021000-7fc1dc000000 ---p 00000000 00:00 0 
7fc1dc000000-7fc1dc021000 rw-p 00000000 00:00 0 
7fc1dc021000-7fc1e0000000 ---p 00000000 00:00 0 
7fc1e0000000-7fc1e0021000 rw-p 00000000 00:00 0 
7fc1e0021000-7fc1e4000000 ---p 00000000 00:00 0 
7fc1e4000000-7fc1e4021000 rw-p 00000000 00:00 0 
7fc1e4021000-7fc1e8000000 ---p 00000000 00:00 0 
7fc1e8000000-7fc1e8001000 r--s 00000000 08:04 274746                     /var/cache/fontconfig/0c9eb80ebd1c36541ebe2852d3bb0c49-le64.cache-6
7fc1e8001000-7fc1e8002000 r--s 00000000 08:04 274724                     /var/cache/fontconfig/3334a778d104e76d188e9df399bc24d2-le64.cache-6
7fc1e8002000-7fc1e8006000 r--s 00000000 08:04 274591                     /var/cache/fontconfig/d6c6df98c3df5faf9bd0f8ef4d91efe5-le64.cache-6
7fc1e8006000-7fc1e800a000 r--s 00000000 08:04 274588                     /var/cache/fontconfig/9fb319ef52839f11ee26ab8b4cffa12b-le64.cache-6
7fc1e800a000-7fc1e800c000 r--s 00000000 08:04 274396                     /var/cache/fontconfig/43bfe21a9e1edebcf703d79ee2950b06-le64.cache-6
7fc1e800c000-7fc1e800f000 r--s 00000000 08:04 274116                     /var/cache/fontconfig/c19b55eb3b4c5b40ea175e31682068a5-le64.cache-6
7fc1e800f000-7fc1e8010000 r--s 00000000 08:04 274114                     /var/cache/fontconfig/c277e94e32b20404286a1ddafa5a80f0-le64.cache-6
7fc1e8010000-7fc1e8014000 r--s 00000000 08:04 274096                     /var/cache/fontconfig/3629f2adf904f9a612908891fae71ceb-le64.cache-6
7fc1e8014000-7fc1e8017000 r--s 00000000 08:04 263516                     /var/cache/fontconfig/de83a0a961185c8bd1f159015d56c039-le64.cache-6
7fc1e8017000-7fc1e802d000 r--s 00000000 08:04 273713                     /var/cache/fontconfig/e13b20fdb08344e0e664864cc2ede53d-le64.cache-6
7fc1e802d000-7fc1e8032000 r--s 00000000 08:04 274741                     /var/cache/fontconfig/7ef2298fde41cc6eeb7af42e48b7d293-le64.cache-6
7fc1e8032000-7fc1e8034000 r--s 00000000 08:04 287527                     /var/cache/fontconfig/16326683038b281783a0ef8c680e3a10-le64.cache-6
7fc1e8034000-7fc1e8041000 r--s 00000000 08:04 287488                     /var/cache/fontconfig/8f02d4cb045bd6ce15663e43f347c9f8-le64.cache-6
7fc1e8041000-7fc1e8062000 r--s 00000000 08:04 286805                     /var/cache/fontconfig/467c019e582ee353435ea5c21d137ef6-le64.cache-6
7fc1e8062000-7fc1e80b6000 r-xp 00000000 08:04 401127                     /usr/lib/jvm/java-8-openjdk-amd64/jre/lib/amd64/libawt_xawt.so
7fc1e80b6000-7fc1e82b6000 ---p 00054000 08:04 401127                     /usr/lib/jvm/java-8-openjdk-amd64/jre/lib/amd64/libawt_xawt.so
7fc1e82b6000-7fc1e82b7000 r--p 00054000 08:04 401127                     /usr/lib/jvm/java-8-openjdk-amd64/jre/lib/amd64/libawt_xawt.so
7fc1e82b7000-7fc1e82ba000 rw-p 00055000 08:04 401127                     /usr/lib/jvm/java-8-openjdk-amd64/jre/lib/amd64/libawt_xawt.so
7fc1e82ba000-7fc1e82bb000 rw-p 00000000 00:00 0 
7fc1e82bb000-7fc1e82de000 r--s 002ec000 08:03 803816                     /home/mark/Documents/studie/2IV60 - Computer graphics/assignments/robotrace/RobotRace/lib/jogl-all.jar
7fc1e82de000-7fc1e82f9000 r--s 00394000 08:04 402119                     /usr/lib/jvm/java-8-openjdk-amd64/jre/lib/ext/cldrdata.jar
7fc1e82f9000-7fc1e8314000 r--s 001d5000 08:04 402123                     /usr/lib/jvm/java-8-openjdk-amd64/jre/lib/ext/nashorn.jar
7fc1e8314000-7fc1e8315000 ---p 00000000 00:00 0 
7fc1e8315000-7fc1e8415000 rw-p 00000000 00:00 0                          [stack:4209]
7fc1e8415000-7fc1e8418000 ---p 00000000 00:00 0 
7fc1e8418000-7fc1e8516000 rw-p 00000000 00:00 0                          [stack:4208]
7fc1e8516000-7fc1e8519000 ---p 00000000 00:00 0 
7fc1e8519000-7fc1e8617000 rw-p 00000000 00:00 0                          [stack:4207]
7fc1e8617000-7fc1e861a000 ---p 00000000 00:00 0 
7fc1e861a000-7fc1e8718000 rw-p 00000000 00:00 0                          [stack:4206]
7fc1e8718000-7fc1e871b000 ---p 00000000 00:00 0 
7fc1e871b000-7fc1e8819000 rw-p 00000000 00:00 0                          [stack:4205]
7fc1e8819000-7fc1e881c000 ---p 00000000 00:00 0 
7fc1e881c000-7fc1e891a000 rw-p 00000000 00:00 0                          [stack:4204]
7fc1e891a000-7fc1e8bf3000 r--p 00000000 08:04 920483                     /usr/lib/locale/locale-archive
7fc1e8bf3000-7fc1e8bf6000 ---p 00000000 00:00 0 
7fc1e8bf6000-7fc1e8cf4000 rw-p 00000000 00:00 0                          [stack:4203]
7fc1e8cf4000-7fc1e8cf7000 ---p 00000000 00:00 0 
7fc1e8cf7000-7fc1e8df5000 rw-p 00000000 00:00 0                          [stack:4202]
7fc1e8df5000-7fc1e8df6000 ---p 00000000 00:00 0 
7fc1e8df6000-7fc1e9e89000 rw-p 00000000 00:00 0                          [stack:4201]
7fc1e9e89000-7fc1ea057000 r--s 03bf1000 08:04 402786                     /usr/lib/jvm/java-8-openjdk-amd64/jre/lib/rt.jar
7fc1ea057000-7fc1ec67c000 rw-p 00000000 00:00 0 
7fc1ec67c000-7fc1ec67d000 ---p 00000000 00:00 0 
7fc1ec67d000-7fc1ec77d000 rw-p 00000000 00:00 0                          [stack:4200]
7fc1ec77d000-7fc1ec77e000 ---p 00000000 00:00 0 
7fc1ec77e000-7fc1ec87e000 rw-p 00000000 00:00 0                          [stack:4199]
7fc1ec87e000-7fc1ec87f000 ---p 00000000 00:00 0 
7fc1ec87f000-7fc1ec97f000 rw-p 00000000 00:00 0                          [stack:4198]
7fc1ec97f000-7fc1ec980000 ---p 00000000 00:00 0 
7fc1ec980000-7fc1eca93000 rw-p 00000000 00:00 0                          [stack:4197]
7fc1eca93000-7fc1ecbaa000 ---p 00000000 00:00 0 
7fc1ecbaa000-7fc1ecbbb000 rw-p 00000000 00:00 0 
7fc1ecbbb000-7fc1ecc3f000 ---p 00000000 00:00 0 
7fc1ecc3f000-7fc1ecc53000 rw-p 00000000 00:00 0 
7fc1ecc53000-7fc1ed000000 ---p 00000000 00:00 0 
7fc1ed000000-7fc1ed490000 rwxp 00000000 00:00 0 
7fc1ed490000-7fc1fc000000 ---p 00000000 00:00 0 
7fc1fc000000-7fc1fcb18000 rw-p 00000000 00:00 0 
7fc1fcb18000-7fc200000000 ---p 00000000 00:00 0 
7fc200000000-7fc200001000 r--s 00000000 08:04 287457                     /var/cache/fontconfig/e0aa53bcfa504e64f87823c16bc01eb6-le64.cache-6
7fc200001000-7fc200003000 r--s 0001a000 08:03 803799                     /home/mark/Documents/studie/2IV60 - Computer graphics/assignments/robotrace/RobotRace/lib/RobotRaceLibrary.jar
7fc200003000-7fc200009000 r--s 00041000 08:03 803807                     /home/mark/Documents/studie/2IV60 - Computer graphics/assignments/robotrace/RobotRace/lib/gluegen-rt.jar
7fc200009000-7fc200013000 r--s 00116000 08:04 402153                     /usr/lib/jvm/java-8-openjdk-amd64/jre/lib/ext/localedata.jar
7fc200013000-7fc200014000 r--s 00010000 08:04 402157                     /usr/lib/jvm/java-8-openjdk-amd64/jre/lib/ext/zipfs.jar
7fc200014000-7fc200018000 r--s 00037000 08:04 402135                     /usr/lib/jvm/java-8-openjdk-amd64/jre/lib/ext/sunpkcs11.jar
7fc200018000-7fc20001a000 r--s 00001000 08:04 402165                     /usr/lib/jvm/java-8-openjdk-amd64/jre/lib/ext/dnsns.jar
7fc20001a000-7fc20004e000 rw-p 00000000 00:00 0 
7fc20004e000-7fc200165000 ---p 00000000 00:00 0 
7fc200165000-7fc20016d000 r-xp 00000000 08:04 400882                     /usr/lib/jvm/java-8-openjdk-amd64/jre/lib/amd64/libzip.so
7fc20016d000-7fc20036c000 ---p 00008000 08:04 400882                     /usr/lib/jvm/java-8-openjdk-amd64/jre/lib/amd64/libzip.so
7fc20036c000-7fc20036d000 r--p 00007000 08:04 400882                     /usr/lib/jvm/java-8-openjdk-amd64/jre/lib/amd64/libzip.so
7fc20036d000-7fc20036e000 rw-p 00008000 08:04 400882                     /usr/lib/jvm/java-8-openjdk-amd64/jre/lib/amd64/libzip.so
7fc20036e000-7fc200379000 r-xp 00000000 08:04 706069                     /lib/x86_64-linux-gnu/libnss_files-2.23.so
7fc200379000-7fc200578000 ---p 0000b000 08:04 706069                     /lib/x86_64-linux-gnu/libnss_files-2.23.so
7fc200578000-7fc200579000 r--p 0000a000 08:04 706069                     /lib/x86_64-linux-gnu/libnss_files-2.23.so
7fc200579000-7fc20057a000 rw-p 0000b000 08:04 706069                     /lib/x86_64-linux-gnu/libnss_files-2.23.so
7fc20057a000-7fc200580000 rw-p 00000000 00:00 0 
7fc200580000-7fc20058b000 r-xp 00000000 08:04 706049                     /lib/x86_64-linux-gnu/libnss_nis-2.23.so
7fc20058b000-7fc20078a000 ---p 0000b000 08:04 706049                     /lib/x86_64-linux-gnu/libnss_nis-2.23.so
7fc20078a000-7fc20078b000 r--p 0000a000 08:04 706049                     /lib/x86_64-linux-gnu/libnss_nis-2.23.so
7fc20078b000-7fc20078c000 rw-p 0000b000 08:04 706049                     /lib/x86_64-linux-gnu/libnss_nis-2.23.so
7fc20078c000-7fc2007a2000 r-xp 00000000 08:04 706064                     /lib/x86_64-linux-gnu/libnsl-2.23.so
7fc2007a2000-7fc2009a1000 ---p 00016000 08:04 706064                     /lib/x86_64-linux-gnu/libnsl-2.23.so
7fc2009a1000-7fc2009a2000 r--p 00015000 08:04 706064                     /lib/x86_64-linux-gnu/libnsl-2.23.so
7fc2009a2000-7fc2009a3000 rw-p 00016000 08:04 706064                     /lib/x86_64-linux-gnu/libnsl-2.23.so
7fc2009a3000-7fc2009a5000 rw-p 00000000 00:00 0 
7fc2009a5000-7fc2009ad000 r-xp 00000000 08:04 706065                     /lib/x86_64-linux-gnu/libnss_compat-2.23.so
7fc2009ad000-7fc200bac000 ---p 00008000 08:04 706065                     /lib/x86_64-linux-gnu/libnss_compat-2.23.so
7fc200bac000-7fc200bad000 r--p 00007000 08:04 706065                     /lib/x86_64-linux-gnu/libnss_compat-2.23.so
7fc200bad000-7fc200bae000 rw-p 00008000 08:04 706065                     /lib/x86_64-linux-gnu/libnss_compat-2.23.so
7fc200bae000-7fc200bdb000 r-xp 00000000 08:04 398688                     /usr/lib/jvm/java-8-openjdk-amd64/jre/lib/amd64/libjava.so
7fc200bdb000-7fc200dda000 ---p 0002d000 08:04 398688                     /usr/lib/jvm/java-8-openjdk-amd64/jre/lib/amd64/libjava.so
7fc200dda000-7fc200ddb000 r--p 0002c000 08:04 398688                     /usr/lib/jvm/java-8-openjdk-amd64/jre/lib/amd64/libjava.so
7fc200ddb000-7fc200ddd000 rw-p 0002d000 08:04 398688                     /usr/lib/jvm/java-8-openjdk-amd64/jre/lib/amd64/libjava.so
7fc200ddd000-7fc200dec000 r-xp 00000000 08:04 400850                     /usr/lib/jvm/java-8-openjdk-amd64/jre/lib/amd64/libverify.so
7fc200dec000-7fc200feb000 ---p 0000f000 08:04 400850                     /usr/lib/jvm/java-8-openjdk-amd64/jre/lib/amd64/libverify.so
7fc200feb000-7fc200fed000 r--p 0000e000 08:04 400850                     /usr/lib/jvm/java-8-openjdk-amd64/jre/lib/amd64/libverify.so
7fc200fed000-7fc200fee000 rw-p 00010000 08:04 400850                     /usr/lib/jvm/java-8-openjdk-amd64/jre/lib/amd64/libverify.so
7fc200fee000-7fc200ff5000 r-xp 00000000 08:04 706048                     /lib/x86_64-linux-gnu/librt-2.23.so
7fc200ff5000-7fc2011f4000 ---p 00007000 08:04 706048                     /lib/x86_64-linux-gnu/librt-2.23.so
7fc2011f4000-7fc2011f5000 r--p 00006000 08:04 706048                     /lib/x86_64-linux-gnu/librt-2.23.so
7fc2011f5000-7fc2011f6000 rw-p 00007000 08:04 706048                     /lib/x86_64-linux-gnu/librt-2.23.so
7fc2011f6000-7fc20120c000 r-xp 00000000 08:04 655428                     /lib/x86_64-linux-gnu/libgcc_s.so.1
7fc20120c000-7fc20140b000 ---p 00016000 08:04 655428                     /lib/x86_64-linux-gnu/libgcc_s.so.1
7fc20140b000-7fc20140c000 rw-p 00015000 08:04 655428                     /lib/x86_64-linux-gnu/libgcc_s.so.1
7fc20140c000-7fc201514000 r-xp 00000000 08:04 706062                     /lib/x86_64-linux-gnu/libm-2.23.so
7fc201514000-7fc201713000 ---p 00108000 08:04 706062                     /lib/x86_64-linux-gnu/libm-2.23.so
7fc201713000-7fc201714000 r--p 00107000 08:04 706062                     /lib/x86_64-linux-gnu/libm-2.23.so
7fc201714000-7fc201715000 rw-p 00108000 08:04 706062                     /lib/x86_64-linux-gnu/libm-2.23.so
7fc201715000-7fc201887000 r-xp 00000000 08:04 920489                     /usr/lib/x86_64-linux-gnu/libstdc++.so.6.0.21
7fc201887000-7fc201a87000 ---p 00172000 08:04 920489                     /usr/lib/x86_64-linux-gnu/libstdc++.so.6.0.21
7fc201a87000-7fc201a91000 r--p 00172000 08:04 920489                     /usr/lib/x86_64-linux-gnu/libstdc++.so.6.0.21
7fc201a91000-7fc201a93000 rw-p 0017c000 08:04 920489                     /usr/lib/x86_64-linux-gnu/libstdc++.so.6.0.21
7fc201a93000-7fc201a97000 rw-p 00000000 00:00 0 
7fc201a97000-7fc2026e6000 r-xp 00000000 08:04 400888                     /usr/lib/jvm/java-8-openjdk-amd64/jre/lib/amd64/server/libjvm.so
7fc2026e6000-7fc2028e5000 ---p 00c4f000 08:04 400888                     /usr/lib/jvm/java-8-openjdk-amd64/jre/lib/amd64/server/libjvm.so
7fc2028e5000-7fc202978000 r--p 00c4e000 08:04 400888                     /usr/lib/jvm/java-8-openjdk-amd64/jre/lib/amd64/server/libjvm.so
7fc202978000-7fc2029a1000 rw-p 00ce1000 08:04 400888                     /usr/lib/jvm/java-8-openjdk-amd64/jre/lib/amd64/server/libjvm.so
7fc2029a1000-7fc2029d1000 rw-p 00000000 00:00 0 
7fc2029d1000-7fc2029e9000 r-xp 00000000 08:04 706063                     /lib/x86_64-linux-gnu/libpthread-2.23.so
7fc2029e9000-7fc202be8000 ---p 00018000 08:04 706063                     /lib/x86_64-linux-gnu/libpthread-2.23.so
7fc202be8000-7fc202be9000 r--p 00017000 08:04 706063                     /lib/x86_64-linux-gnu/libpthread-2.23.so
7fc202be9000-7fc202bea000 rw-p 00018000 08:04 706063                     /lib/x86_64-linux-gnu/libpthread-2.23.so
7fc202bea000-7fc202bee000 rw-p 00000000 00:00 0 
7fc202bee000-7fc202bf1000 r-xp 00000000 08:04 706052                     /lib/x86_64-linux-gnu/libdl-2.23.so
7fc202bf1000-7fc202df0000 ---p 00003000 08:04 706052                     /lib/x86_64-linux-gnu/libdl-2.23.so
7fc202df0000-7fc202df1000 r--p 00002000 08:04 706052                     /lib/x86_64-linux-gnu/libdl-2.23.so
7fc202df1000-7fc202df2000 rw-p 00003000 08:04 706052                     /lib/x86_64-linux-gnu/libdl-2.23.so
7fc202df2000-7fc202e0b000 r-xp 00000000 08:04 666710                     /lib/x86_64-linux-gnu/libz.so.1.2.8
7fc202e0b000-7fc20300a000 ---p 00019000 08:04 666710                     /lib/x86_64-linux-gnu/libz.so.1.2.8
7fc20300a000-7fc20300b000 r--p 00018000 08:04 666710                     /lib/x86_64-linux-gnu/libz.so.1.2.8
7fc20300b000-7fc20300c000 rw-p 00019000 08:04 666710                     /lib/x86_64-linux-gnu/libz.so.1.2.8
7fc20300c000-7fc2031cb000 r-xp 00000000 08:04 706053                     /lib/x86_64-linux-gnu/libc-2.23.so
7fc2031cb000-7fc2033cb000 ---p 001bf000 08:04 706053                     /lib/x86_64-linux-gnu/libc-2.23.so
7fc2033cb000-7fc2033cf000 r--p 001bf000 08:04 706053                     /lib/x86_64-linux-gnu/libc-2.23.so
7fc2033cf000-7fc2033d1000 rw-p 001c3000 08:04 706053                     /lib/x86_64-linux-gnu/libc-2.23.so
7fc2033d1000-7fc2033d5000 rw-p 00000000 00:00 0 
7fc2033d5000-7fc2033e2000 r-xp 00000000 08:04 400848                     /usr/lib/jvm/java-8-openjdk-amd64/jre/lib/amd64/jli/libjli.so
7fc2033e2000-7fc2035e2000 ---p 0000d000 08:04 400848                     /usr/lib/jvm/java-8-openjdk-amd64/jre/lib/amd64/jli/libjli.so
7fc2035e2000-7fc2035e3000 r--p 0000d000 08:04 400848                     /usr/lib/jvm/java-8-openjdk-amd64/jre/lib/amd64/jli/libjli.so
7fc2035e3000-7fc2035e4000 rw-p 0000e000 08:04 400848                     /usr/lib/jvm/java-8-openjdk-amd64/jre/lib/amd64/jli/libjli.so
7fc2035e4000-7fc20360a000 r-xp 00000000 08:04 671770                     /lib/x86_64-linux-gnu/ld-2.23.so
7fc20360a000-7fc20360c000 r--s 00008000 08:04 402149                     /usr/lib/jvm/java-8-openjdk-amd64/jre/lib/ext/sunec.jar
7fc20360c000-7fc2036dc000 rw-p 00000000 00:00 0 
7fc2036dc000-7fc2036df000 ---p 00000000 00:00 0 
7fc2036df000-7fc2037e2000 rw-p 00000000 00:00 0                          [stack:4194]
7fc2037e2000-7fc2037e5000 r--s 0000f000 08:04 402161                     /usr/lib/jvm/java-8-openjdk-amd64/jre/lib/ext/icedtea-sound.jar
7fc2037e5000-7fc2037e6000 r--s 0000a000 08:04 402143                     /usr/lib/jvm/java-8-openjdk-amd64/jre/lib/ext/jaccess.jar
7fc2037e6000-7fc2037eb000 r--s 0003b000 08:04 402127                     /usr/lib/jvm/java-8-openjdk-amd64/jre/lib/ext/sunjce_provider.jar
7fc2037eb000-7fc2037fd000 rw-p 00000000 00:00 0 
7fc2037fd000-7fc203805000 rw-s 00000000 08:04 655422                     /tmp/hsperfdata_mark/4192
7fc203805000-7fc203806000 rw-p 00000000 00:00 0 
7fc203806000-7fc203807000 r--p 00000000 00:00 0 
7fc203807000-7fc203809000 rw-p 00000000 00:00 0 
7fc203809000-7fc20380a000 r--p 00025000 08:04 671770                     /lib/x86_64-linux-gnu/ld-2.23.so
7fc20380a000-7fc20380b000 rw-p 00026000 08:04 671770                     /lib/x86_64-linux-gnu/ld-2.23.so
7fc20380b000-7fc20380c000 rw-p 00000000 00:00 0 
7ffc1dc2c000-7ffc1dc4d000 rw-p 00000000 00:00 0                          [stack]
7ffc1dd25000-7ffc1dd27000 r--p 00000000 00:00 0                          [vvar]
7ffc1dd27000-7ffc1dd29000 r-xp 00000000 00:00 0                          [vdso]
ffffffffff600000-ffffffffff601000 r-xp 00000000 00:00 0                  [vsyscall]

VM Arguments:
jvm_args: -Dfile.encoding=UTF-8 
java_command: robotrace.RobotRace
java_class_path (initial): /home/mark/Documents/studie/2IV60 - Computer graphics/assignments/robotrace/RobotRace/lib/jogl-all.jar:/home/mark/Documents/studie/2IV60 - Computer graphics/assignments/robotrace/RobotRace/lib/gluegen-rt.jar:/home/mark/Documents/studie/2IV60 - Computer graphics/assignments/robotrace/RobotRace/lib/RobotRaceLibrary.jar:/home/mark/Documents/studie/2IV60 - Computer graphics/assignments/robotrace/RobotRace/build/classes
Launcher Type: SUN_STANDARD

Environment Variables:
PATH=/usr/local/sbin:/usr/local/bin:/usr/sbin:/usr/bin:/sbin:/bin:/usr/games:/usr/local/games:/snap/bin
LD_LIBRARY_PATH=/usr/lib/jvm/java-8-openjdk-amd64/bin/../jre/lib/amd64:/usr/lib/jvm/java-8-openjdk-amd64/bin/../jre/lib/i386:
SHELL=/bin/bash
DISPLAY=:0.0

Signal Handlers:
SIGSEGV: [libjvm.so+0xa65880], sa_mask[0]=11111111011111111101111111111110, sa_flags=SA_RESTART|SA_SIGINFO
SIGBUS: [libjvm.so+0xa65880], sa_mask[0]=11111111011111111101111111111110, sa_flags=SA_RESTART|SA_SIGINFO
SIGFPE: [libjvm.so+0x8af1c0], sa_mask[0]=11111111011111111101111111111110, sa_flags=SA_RESTART|SA_SIGINFO
SIGPIPE: [libjvm.so+0x8af1c0], sa_mask[0]=11111111011111111101111111111110, sa_flags=SA_RESTART|SA_SIGINFO
SIGXFSZ: [libjvm.so+0x8af1c0], sa_mask[0]=11111111011111111101111111111110, sa_flags=SA_RESTART|SA_SIGINFO
SIGILL: [libjvm.so+0x8af1c0], sa_mask[0]=11111111011111111101111111111110, sa_flags=SA_RESTART|SA_SIGINFO
SIGUSR1: SIG_DFL, sa_mask[0]=00000000000000000000000000000000, sa_flags=none
SIGUSR2: [libjvm.so+0x8af070], sa_mask[0]=00100000000000000000000000000000, sa_flags=SA_RESTART|SA_SIGINFO
SIGHUP: [libjvm.so+0x8af540], sa_mask[0]=11111111011111111101111111111110, sa_flags=SA_RESTART|SA_SIGINFO
SIGINT: SIG_IGN, sa_mask[0]=00000000000000000000000000000000, sa_flags=none
SIGTERM: [libjvm.so+0x8af540], sa_mask[0]=11111111011111111101111111111110, sa_flags=SA_RESTART|SA_SIGINFO
SIGQUIT: [libjvm.so+0x8af540], sa_mask[0]=11111111011111111101111111111110, sa_flags=SA_RESTART|SA_SIGINFO


---------------  S Y S T E M  ---------------

OS:DISTRIB_ID=Ubuntu
DISTRIB_RELEASE=16.04
DISTRIB_CODENAME=xenial
DISTRIB_DESCRIPTION="Ubuntu 16.04.1 LTS"

uname:Linux 4.4.8-040408-generic #201604200335 SMP Wed Apr 20 07:37:30 UTC 2016 x86_64
libc:glibc 2.23 NPTL 2.23 
rlimit: STACK 8192k, CORE 0k, NPROC 13950, NOFILE 65536, AS infinity
load average:0,77 1,84 1,30

/proc/meminfo:
MemTotal:        3660984 kB
MemFree:          374648 kB
MemAvailable:    1317392 kB
Buffers:           95828 kB
Cached:           978684 kB
SwapCached:            0 kB
Active:          2443076 kB
Inactive:         667344 kB
Active(anon):    1962580 kB
Inactive(anon):   233004 kB
Active(file):     480496 kB
Inactive(file):   434340 kB
Unevictable:         352 kB
Mlocked:             352 kB
SwapTotal:       5858300 kB
SwapFree:        5858300 kB
Dirty:              1364 kB
Writeback:             0 kB
AnonPages:       2036436 kB
Mapped:           425004 kB
Shmem:            159684 kB
Slab:              88852 kB
SReclaimable:      56156 kB
SUnreclaim:        32696 kB
KernelStack:        8016 kB
PageTables:        34064 kB
NFS_Unstable:          0 kB
Bounce:                0 kB
WritebackTmp:          0 kB
CommitLimit:     7688792 kB
Committed_AS:    4451132 kB
VmallocTotal:   34359738367 kB
VmallocUsed:           0 kB
VmallocChunk:          0 kB
HardwareCorrupted:     0 kB
AnonHugePages:   1062912 kB
CmaTotal:              0 kB
CmaFree:               0 kB
HugePages_Total:       0
HugePages_Free:        0
HugePages_Rsvd:        0
HugePages_Surp:        0
Hugepagesize:       2048 kB
DirectMap4k:      108468 kB
DirectMap2M:     3698688 kB


CPU:total 4 (2 cores per cpu, 2 threads per core) family 6 model 58 stepping 9, cmov, cx8, fxsr, mmx, sse, sse2, sse3, ssse3, sse4.1, sse4.2, popcnt, avx, clmul, erms, ht, tsc, tscinvbit, tscinv

/proc/cpuinfo:
processor	: 0
vendor_id	: GenuineIntel
cpu family	: 6
model		: 58
model name	: Intel(R) Core(TM) i5-3317U CPU @ 1.70GHz
stepping	: 9
microcode	: 0x17
cpu MHz		: 1599.992
cache size	: 3072 KB
physical id	: 0
siblings	: 4
core id		: 0
cpu cores	: 2
apicid		: 0
initial apicid	: 0
fpu		: yes
fpu_exception	: yes
cpuid level	: 13
wp		: yes
flags		: fpu vme de pse tsc msr pae mce cx8 apic sep mtrr pge mca cmov pat pse36 clflush dts acpi mmx fxsr sse sse2 ss ht tm pbe syscall nx rdtscp lm constant_tsc arch_perfmon pebs bts rep_good nopl xtopology nonstop_tsc aperfmperf eagerfpu pni pclmulqdq dtes64 monitor ds_cpl vmx est tm2 ssse3 cx16 xtpr pdcm pcid sse4_1 sse4_2 x2apic popcnt tsc_deadline_timer xsave avx f16c rdrand lahf_lm ida arat epb pln pts dtherm tpr_shadow vnmi flexpriority ept vpid fsgsbase smep erms xsaveopt
bugs		:
bogomips	: 3392.21
clflush size	: 64
cache_alignment	: 64
address sizes	: 36 bits physical, 48 bits virtual
power management:

processor	: 1
vendor_id	: GenuineIntel
cpu family	: 6
model		: 58
model name	: Intel(R) Core(TM) i5-3317U CPU @ 1.70GHz
stepping	: 9
microcode	: 0x17
cpu MHz		: 1599.992
cache size	: 3072 KB
physical id	: 0
siblings	: 4
core id		: 0
cpu cores	: 2
apicid		: 1
initial apicid	: 1
fpu		: yes
fpu_exception	: yes
cpuid level	: 13
wp		: yes
flags		: fpu vme de pse tsc msr pae mce cx8 apic sep mtrr pge mca cmov pat pse36 clflush dts acpi mmx fxsr sse sse2 ss ht tm pbe syscall nx rdtscp lm constant_tsc arch_perfmon pebs bts rep_good nopl xtopology nonstop_tsc aperfmperf eagerfpu pni pclmulqdq dtes64 monitor ds_cpl vmx est tm2 ssse3 cx16 xtpr pdcm pcid sse4_1 sse4_2 x2apic popcnt tsc_deadline_timer xsave avx f16c rdrand lahf_lm ida arat epb pln pts dtherm tpr_shadow vnmi flexpriority ept vpid fsgsbase smep erms xsaveopt
bugs		:
bogomips	: 3392.21
clflush size	: 64
cache_alignment	: 64
address sizes	: 36 bits physical, 48 bits virtual
power management:

processor	: 2
vendor_id	: GenuineIntel
cpu family	: 6
model		: 58
model name	: Intel(R) Core(TM) i5-3317U CPU @ 1.70GHz
stepping	: 9
microcode	: 0x17
cpu MHz		: 1599.992
cache size	: 3072 KB
physical id	: 0
siblings	: 4
core id		: 1
cpu cores	: 2
apicid		: 2
initial apicid	: 2
fpu		: yes
fpu_exception	: yes
cpuid level	: 13
wp		: yes
flags		: fpu vme de pse tsc msr pae mce cx8 apic sep mtrr pge mca cmov pat pse36 clflush dts acpi mmx fxsr sse sse2 ss ht tm pbe syscall nx rdtscp lm constant_tsc arch_perfmon pebs bts rep_good nopl xtopology nonstop_tsc aperfmperf eagerfpu pni pclmulqdq dtes64 monitor ds_cpl vmx est tm2 ssse3 cx16 xtpr pdcm pcid sse4_1 sse4_2 x2apic popcnt tsc_deadline_timer xsave avx f16c rdrand lahf_lm ida arat epb pln pts dtherm tpr_shadow vnmi flexpriority ept vpid fsgsbase smep erms xsaveopt
bugs		:
bogomips	: 3392.21
clflush size	: 64
cache_alignment	: 64
address sizes	: 36 bits physical, 48 bits virtual
power management:

processor	: 3
vendor_id	: GenuineIntel
cpu family	: 6
model		: 58
model name	: Intel(R) Core(TM) i5-3317U CPU @ 1.70GHz
stepping	: 9
microcode	: 0x17
cpu MHz		: 1599.992
cache size	: 3072 KB
physical id	: 0
siblings	: 4
core id		: 1
cpu cores	: 2
apicid		: 3
initial apicid	: 3
fpu		: yes
fpu_exception	: yes
cpuid level	: 13
wp		: yes
flags		: fpu vme de pse tsc msr pae mce cx8 apic sep mtrr pge mca cmov pat pse36 clflush dts acpi mmx fxsr sse sse2 ss ht tm pbe syscall nx rdtscp lm constant_tsc arch_perfmon pebs bts rep_good nopl xtopology nonstop_tsc aperfmperf eagerfpu pni pclmulqdq dtes64 monitor ds_cpl vmx est tm2 ssse3 cx16 xtpr pdcm pcid sse4_1 sse4_2 x2apic popcnt tsc_deadline_timer xsave avx f16c rdrand lahf_lm ida arat epb pln pts dtherm tpr_shadow vnmi flexpriority ept vpid fsgsbase smep erms xsaveopt
bugs		:
bogomips	: 3392.21
clflush size	: 64
cache_alignment	: 64
address sizes	: 36 bits physical, 48 bits virtual
power management:



Memory: 4k page, physical 3660984k(374648k free), swap 5858300k(5858300k free)

vm_info: OpenJDK 64-Bit Server VM (25.111-b14) for linux-amd64 JRE (1.8.0_111-8u111-b14-2ubuntu0.16.04.2-b14), built on Oct 27 2016 18:10:19 by "buildd" with gcc 5.4.0 20160609

time: Mon Jan  9 11:15:08 2017
elapsed time: 2 seconds (0d 0h 0m 2s)

